[1.313s] Invoking command in '/home/rajneesh/droplet_runner_ws/build/droplet_state': CONDA_PROMPT_MODIFIER=(base) PYTHONPATH=/home/rajneesh/droplet_runner_ws/build/droplet_state/prefix_override:/usr/lib/python3/dist-packages/colcon_core/task/python/colcon_distutils_commands:/home/rajneesh/droplet_runner_ws/install/droplet_state/lib/python3.10/site-packages:${PYTHONPATH} /usr/bin/python3 -W ignore:setup.py install is deprecated -W ignore:easy_install command is deprecated setup.py develop --editable --build-directory /home/rajneesh/droplet_runner_ws/build/droplet_state/build --no-deps symlink_data
[1.810s] running develop
[2.151s] running egg_info
[2.151s] writing droplet_state.egg-info/PKG-INFO
[2.151s] writing dependency_links to droplet_state.egg-info/dependency_links.txt
[2.152s] writing entry points to droplet_state.egg-info/entry_points.txt
[2.152s] writing requirements to droplet_state.egg-info/requires.txt
[2.152s] writing top-level names to droplet_state.egg-info/top_level.txt
[2.158s] reading manifest file 'droplet_state.egg-info/SOURCES.txt'
[2.159s] writing manifest file 'droplet_state.egg-info/SOURCES.txt'
[2.161s] running build_ext
[2.162s] Creating /home/rajneesh/droplet_runner_ws/install/droplet_state/lib/python3.10/site-packages/droplet-state.egg-link (link to .)
[2.163s] Installing data_collector script to /home/rajneesh/droplet_runner_ws/install/droplet_state/lib/droplet_state
[2.163s] Installing estimator script to /home/rajneesh/droplet_runner_ws/install/droplet_state/lib/droplet_state
[2.164s] Installing policy_runner script to /home/rajneesh/droplet_runner_ws/install/droplet_state/lib/droplet_state
[2.164s] 
[2.164s] Installed /home/rajneesh/droplet_runner_ws/build/droplet_state
[2.164s] running symlink_data
[2.164s] error: can't copy '/home/rajneesh/droplet_runner_ws/build/droplet_state/config/path_waypoints_Ishape.json': doesn't exist or not a regular file
[2.211s] Invoked command in '/home/rajneesh/droplet_runner_ws/build/droplet_state' returned '1': CONDA_PROMPT_MODIFIER=(base) PYTHONPATH=/home/rajneesh/droplet_runner_ws/build/droplet_state/prefix_override:/usr/lib/python3/dist-packages/colcon_core/task/python/colcon_distutils_commands:/home/rajneesh/droplet_runner_ws/install/droplet_state/lib/python3.10/site-packages:${PYTHONPATH} /usr/bin/python3 -W ignore:setup.py install is deprecated -W ignore:easy_install command is deprecated setup.py develop --editable --build-directory /home/rajneesh/droplet_runner_ws/build/droplet_state/build --no-deps symlink_data
