running develop
running egg_info
creating droplet_motor.egg-info
writing droplet_motor.egg-info/PKG-INFO
writing dependency_links to droplet_motor.egg-info/dependency_links.txt
writing entry points to droplet_motor.egg-info/entry_points.txt
writing requirements to droplet_motor.egg-info/requires.txt
writing top-level names to droplet_motor.egg-info/top_level.txt
writing manifest file 'droplet_motor.egg-info/SOURCES.txt'
reading manifest file 'droplet_motor.egg-info/SOURCES.txt'
writing manifest file 'droplet_motor.egg-info/SOURCES.txt'
running build_ext
Creating /home/rajneesh/droplet_runner_ws/install/droplet_motor/lib/python3.10/site-packages/droplet-motor.egg-link (link to .)
Installing motor_driver script to /home/rajneesh/droplet_runner_ws/install/droplet_motor/lib/droplet_motor

Installed /home/rajneesh/droplet_runner_ws/build/droplet_motor
running symlink_data
creating /home/rajneesh/droplet_runner_ws/install/droplet_motor/share/ament_index
creating /home/rajneesh/droplet_runner_ws/install/droplet_motor/share/ament_index/resource_index
creating /home/rajneesh/droplet_runner_ws/install/droplet_motor/share/ament_index/resource_index/packages
symbolically linking /home/rajneesh/droplet_runner_ws/build/droplet_motor/resource/droplet_motor -> /home/rajneesh/droplet_runner_ws/install/droplet_motor/share/ament_index/resource_index/packages
symbolically linking /home/rajneesh/droplet_runner_ws/build/droplet_motor/package.xml -> /home/rajneesh/droplet_runner_ws/install/droplet_motor/share/droplet_motor
