[2.635s] Invoking command in '/home/rajneesh/droplet_runner_ws/build/droplet_camera': CONDA_PROMPT_MODIFIER=(base) PYTHONPATH=/home/rajneesh/droplet_runner_ws/build/droplet_camera/prefix_override:/usr/lib/python3/dist-packages/colcon_core/task/python/colcon_distutils_commands:/home/rajneesh/droplet_runner_ws/install/droplet_camera/lib/python3.10/site-packages:${PYTHONPATH} /usr/bin/python3 -W ignore:setup.py install is deprecated -W ignore:easy_install command is deprecated setup.py develop --editable --build-directory /home/rajneesh/droplet_runner_ws/build/droplet_camera/build --no-deps symlink_data
[3.555s] running develop
[4.046s] running egg_info
[4.047s] creating droplet_camera.egg-info
[4.047s] writing droplet_camera.egg-info/PKG-INFO
[4.050s] writing dependency_links to droplet_camera.egg-info/dependency_links.txt
[4.051s] writing entry points to droplet_camera.egg-info/entry_points.txt
[4.051s] writing requirements to droplet_camera.egg-info/requires.txt
[4.052s] writing top-level names to droplet_camera.egg-info/top_level.txt
[4.052s] writing manifest file 'droplet_camera.egg-info/SOURCES.txt'
[4.055s] reading manifest file 'droplet_camera.egg-info/SOURCES.txt'
[4.058s] writing manifest file 'droplet_camera.egg-info/SOURCES.txt'
[4.061s] running build_ext
[4.062s] Creating /home/rajneesh/droplet_runner_ws/install/droplet_camera/lib/python3.10/site-packages/droplet-camera.egg-link (link to .)
[4.067s] Installing cam_publisher script to /home/rajneesh/droplet_runner_ws/install/droplet_camera/lib/droplet_camera
[4.068s] 
[4.068s] Installed /home/rajneesh/droplet_runner_ws/build/droplet_camera
[4.068s] running symlink_data
[4.069s] creating /home/rajneesh/droplet_runner_ws/install/droplet_camera/share/ament_index
[4.069s] creating /home/rajneesh/droplet_runner_ws/install/droplet_camera/share/ament_index/resource_index
[4.069s] creating /home/rajneesh/droplet_runner_ws/install/droplet_camera/share/ament_index/resource_index/packages
[4.069s] symbolically linking /home/rajneesh/droplet_runner_ws/build/droplet_camera/resource/droplet_camera -> /home/rajneesh/droplet_runner_ws/install/droplet_camera/share/ament_index/resource_index/packages
[4.069s] symbolically linking /home/rajneesh/droplet_runner_ws/build/droplet_camera/package.xml -> /home/rajneesh/droplet_runner_ws/install/droplet_camera/share/droplet_camera
[4.153s] Invoked command in '/home/rajneesh/droplet_runner_ws/build/droplet_camera' returned '0': CONDA_PROMPT_MODIFIER=(base) PYTHONPATH=/home/rajneesh/droplet_runner_ws/build/droplet_camera/prefix_override:/usr/lib/python3/dist-packages/colcon_core/task/python/colcon_distutils_commands:/home/rajneesh/droplet_runner_ws/install/droplet_camera/lib/python3.10/site-packages:${PYTHONPATH} /usr/bin/python3 -W ignore:setup.py install is deprecated -W ignore:easy_install command is deprecated setup.py develop --editable --build-directory /home/rajneesh/droplet_runner_ws/build/droplet_camera/build --no-deps symlink_data
