[0.746s] DEBUG:colcon:Command line arguments: ['/usr/bin/colcon', 'build', '--symlink-install']
[0.746s] DEBUG:colcon:Parsed command line arguments: Namespace(log_base=None, log_level=None, verb_name='build', build_base='build', install_base='install', merge_install=False, symlink_install=True, test_result_base=None, continue_on_error=False, executor='parallel', parallel_workers=8, event_handlers=None, ignore_user_meta=False, metas=['./colcon.meta'], base_paths=['.'], packages_ignore=None, packages_ignore_regex=None, paths=None, packages_up_to=None, packages_up_to_regex=None, packages_above=None, packages_above_and_dependencies=None, packages_above_depth=None, packages_select_by_dep=None, packages_skip_by_dep=None, packages_skip_up_to=None, packages_select_build_failed=False, packages_skip_build_finished=False, packages_select_test_failures=False, packages_skip_test_passed=False, packages_select=None, packages_skip=None, packages_select_regex=None, packages_skip_regex=None, packages_start=None, packages_end=None, allow_overriding=[], cmake_args=None, cmake_target=None, cmake_target_skip_unavailable=False, cmake_clean_cache=False, cmake_clean_first=False, cmake_force_configure=False, ament_cmake_args=None, catkin_cmake_args=None, catkin_skip_building_tests=False, mixin_files=None, mixin=None, verb_parser=<colcon_mixin.mixin.mixin_argument.MixinArgumentDecorator object at 0x752286e57280>, verb_extension=<colcon_core.verb.build.BuildVerb object at 0x752286fa4100>, main=<bound method BuildVerb.main of <colcon_core.verb.build.BuildVerb object at 0x752286fa4100>>, mixin_verb=('build',))
[1.309s] Level 1:colcon.colcon_core.package_discovery:discover_packages(colcon_meta) check parameters
[1.309s] Level 1:colcon.colcon_core.package_discovery:discover_packages(recursive) check parameters
[1.309s] Level 1:colcon.colcon_core.package_discovery:discover_packages(ignore) check parameters
[1.309s] Level 1:colcon.colcon_core.package_discovery:discover_packages(path) check parameters
[1.309s] Level 1:colcon.colcon_core.package_discovery:discover_packages(colcon_meta) discover
[1.310s] Level 1:colcon.colcon_core.package_discovery:discover_packages(recursive) discover
[1.310s] INFO:colcon.colcon_core.package_discovery:Crawling recursively for packages in '/home/rajneesh/droplet_runner_ws'
[1.310s] Level 1:colcon.colcon_core.package_identification:_identify(.) by extensions ['ignore', 'ignore_ament_install']
[1.311s] Level 1:colcon.colcon_core.package_identification:_identify(.) by extension 'ignore'
[1.314s] Level 1:colcon.colcon_core.package_identification:_identify(.) by extension 'ignore_ament_install'
[1.314s] Level 1:colcon.colcon_core.package_identification:_identify(.) by extensions ['colcon_pkg']
[1.314s] Level 1:colcon.colcon_core.package_identification:_identify(.) by extension 'colcon_pkg'
[1.315s] Level 1:colcon.colcon_core.package_identification:_identify(.) by extensions ['colcon_meta']
[1.315s] Level 1:colcon.colcon_core.package_identification:_identify(.) by extension 'colcon_meta'
[1.315s] Level 1:colcon.colcon_core.package_identification:_identify(.) by extensions ['ros']
[1.315s] Level 1:colcon.colcon_core.package_identification:_identify(.) by extension 'ros'
[1.517s] Level 1:colcon.colcon_core.package_identification:_identify(.) by extensions ['cmake', 'python']
[1.518s] Level 1:colcon.colcon_core.package_identification:_identify(.) by extension 'cmake'
[1.518s] Level 1:colcon.colcon_core.package_identification:_identify(.) by extension 'python'
[1.519s] Level 1:colcon.colcon_core.package_identification:_identify(.) by extensions ['python_setup_py']
[1.519s] Level 1:colcon.colcon_core.package_identification:_identify(.) by extension 'python_setup_py'
[1.520s] Level 1:colcon.colcon_core.package_identification:_identify(build) by extensions ['ignore', 'ignore_ament_install']
[1.521s] Level 1:colcon.colcon_core.package_identification:_identify(build) by extension 'ignore'
[1.521s] Level 1:colcon.colcon_core.package_identification:_identify(build) ignored
[1.523s] Level 1:colcon.colcon_core.package_identification:_identify(episodes) by extensions ['ignore', 'ignore_ament_install']
[1.525s] Level 1:colcon.colcon_core.package_identification:_identify(episodes) by extension 'ignore'
[1.528s] Level 1:colcon.colcon_core.package_identification:_identify(episodes) by extension 'ignore_ament_install'
[1.529s] Level 1:colcon.colcon_core.package_identification:_identify(episodes) by extensions ['colcon_pkg']
[1.529s] Level 1:colcon.colcon_core.package_identification:_identify(episodes) by extension 'colcon_pkg'
[1.530s] Level 1:colcon.colcon_core.package_identification:_identify(episodes) by extensions ['colcon_meta']
[1.530s] Level 1:colcon.colcon_core.package_identification:_identify(episodes) by extension 'colcon_meta'
[1.530s] Level 1:colcon.colcon_core.package_identification:_identify(episodes) by extensions ['ros']
[1.531s] Level 1:colcon.colcon_core.package_identification:_identify(episodes) by extension 'ros'
[1.533s] Level 1:colcon.colcon_core.package_identification:_identify(episodes) by extensions ['cmake', 'python']
[1.533s] Level 1:colcon.colcon_core.package_identification:_identify(episodes) by extension 'cmake'
[1.534s] Level 1:colcon.colcon_core.package_identification:_identify(episodes) by extension 'python'
[1.534s] Level 1:colcon.colcon_core.package_identification:_identify(episodes) by extensions ['python_setup_py']
[1.535s] Level 1:colcon.colcon_core.package_identification:_identify(episodes) by extension 'python_setup_py'
[1.536s] Level 1:colcon.colcon_core.package_identification:_identify(install) by extensions ['ignore', 'ignore_ament_install']
[1.537s] Level 1:colcon.colcon_core.package_identification:_identify(install) by extension 'ignore'
[1.537s] Level 1:colcon.colcon_core.package_identification:_identify(install) ignored
[1.538s] Level 1:colcon.colcon_core.package_identification:_identify(log) by extensions ['ignore', 'ignore_ament_install']
[1.538s] Level 1:colcon.colcon_core.package_identification:_identify(log) by extension 'ignore'
[1.539s] Level 1:colcon.colcon_core.package_identification:_identify(log) ignored
[1.585s] Level 1:colcon.colcon_core.package_identification:_identify(policy) by extensions ['ignore', 'ignore_ament_install']
[1.586s] Level 1:colcon.colcon_core.package_identification:_identify(policy) by extension 'ignore'
[1.586s] Level 1:colcon.colcon_core.package_identification:_identify(policy) by extension 'ignore_ament_install'
[1.586s] Level 1:colcon.colcon_core.package_identification:_identify(policy) by extensions ['colcon_pkg']
[1.586s] Level 1:colcon.colcon_core.package_identification:_identify(policy) by extension 'colcon_pkg'
[1.586s] Level 1:colcon.colcon_core.package_identification:_identify(policy) by extensions ['colcon_meta']
[1.586s] Level 1:colcon.colcon_core.package_identification:_identify(policy) by extension 'colcon_meta'
[1.586s] Level 1:colcon.colcon_core.package_identification:_identify(policy) by extensions ['ros']
[1.586s] Level 1:colcon.colcon_core.package_identification:_identify(policy) by extension 'ros'
[1.586s] Level 1:colcon.colcon_core.package_identification:_identify(policy) by extensions ['cmake', 'python']
[1.586s] Level 1:colcon.colcon_core.package_identification:_identify(policy) by extension 'cmake'
[1.586s] Level 1:colcon.colcon_core.package_identification:_identify(policy) by extension 'python'
[1.587s] Level 1:colcon.colcon_core.package_identification:_identify(policy) by extensions ['python_setup_py']
[1.587s] Level 1:colcon.colcon_core.package_identification:_identify(policy) by extension 'python_setup_py'
[1.587s] Level 1:colcon.colcon_core.package_identification:_identify(policy/replay) by extensions ['ignore', 'ignore_ament_install']
[1.587s] Level 1:colcon.colcon_core.package_identification:_identify(policy/replay) by extension 'ignore'
[1.587s] Level 1:colcon.colcon_core.package_identification:_identify(policy/replay) by extension 'ignore_ament_install'
[1.587s] Level 1:colcon.colcon_core.package_identification:_identify(policy/replay) by extensions ['colcon_pkg']
[1.587s] Level 1:colcon.colcon_core.package_identification:_identify(policy/replay) by extension 'colcon_pkg'
[1.587s] Level 1:colcon.colcon_core.package_identification:_identify(policy/replay) by extensions ['colcon_meta']
[1.587s] Level 1:colcon.colcon_core.package_identification:_identify(policy/replay) by extension 'colcon_meta'
[1.588s] Level 1:colcon.colcon_core.package_identification:_identify(policy/replay) by extensions ['ros']
[1.588s] Level 1:colcon.colcon_core.package_identification:_identify(policy/replay) by extension 'ros'
[1.588s] Level 1:colcon.colcon_core.package_identification:_identify(policy/replay) by extensions ['cmake', 'python']
[1.588s] Level 1:colcon.colcon_core.package_identification:_identify(policy/replay) by extension 'cmake'
[1.588s] Level 1:colcon.colcon_core.package_identification:_identify(policy/replay) by extension 'python'
[1.588s] Level 1:colcon.colcon_core.package_identification:_identify(policy/replay) by extensions ['python_setup_py']
[1.588s] Level 1:colcon.colcon_core.package_identification:_identify(policy/replay) by extension 'python_setup_py'
[1.588s] Level 1:colcon.colcon_core.package_identification:_identify(src) by extensions ['ignore', 'ignore_ament_install']
[1.588s] Level 1:colcon.colcon_core.package_identification:_identify(src) by extension 'ignore'
[1.589s] Level 1:colcon.colcon_core.package_identification:_identify(src) by extension 'ignore_ament_install'
[1.589s] Level 1:colcon.colcon_core.package_identification:_identify(src) by extensions ['colcon_pkg']
[1.589s] Level 1:colcon.colcon_core.package_identification:_identify(src) by extension 'colcon_pkg'
[1.589s] Level 1:colcon.colcon_core.package_identification:_identify(src) by extensions ['colcon_meta']
[1.589s] Level 1:colcon.colcon_core.package_identification:_identify(src) by extension 'colcon_meta'
[1.589s] Level 1:colcon.colcon_core.package_identification:_identify(src) by extensions ['ros']
[1.589s] Level 1:colcon.colcon_core.package_identification:_identify(src) by extension 'ros'
[1.589s] Level 1:colcon.colcon_core.package_identification:_identify(src) by extensions ['cmake', 'python']
[1.589s] Level 1:colcon.colcon_core.package_identification:_identify(src) by extension 'cmake'
[1.589s] Level 1:colcon.colcon_core.package_identification:_identify(src) by extension 'python'
[1.589s] Level 1:colcon.colcon_core.package_identification:_identify(src) by extensions ['python_setup_py']
[1.589s] Level 1:colcon.colcon_core.package_identification:_identify(src) by extension 'python_setup_py'
[1.590s] Level 1:colcon.colcon_core.package_identification:_identify(src/droplet_camera) by extensions ['ignore', 'ignore_ament_install']
[1.590s] Level 1:colcon.colcon_core.package_identification:_identify(src/droplet_camera) by extension 'ignore'
[1.590s] Level 1:colcon.colcon_core.package_identification:_identify(src/droplet_camera) by extension 'ignore_ament_install'
[1.590s] Level 1:colcon.colcon_core.package_identification:_identify(src/droplet_camera) by extensions ['colcon_pkg']
[1.590s] Level 1:colcon.colcon_core.package_identification:_identify(src/droplet_camera) by extension 'colcon_pkg'
[1.590s] Level 1:colcon.colcon_core.package_identification:_identify(src/droplet_camera) by extensions ['colcon_meta']
[1.590s] Level 1:colcon.colcon_core.package_identification:_identify(src/droplet_camera) by extension 'colcon_meta'
[1.590s] Level 1:colcon.colcon_core.package_identification:_identify(src/droplet_camera) by extensions ['ros']
[1.590s] Level 1:colcon.colcon_core.package_identification:_identify(src/droplet_camera) by extension 'ros'
[1.632s] DEBUG:colcon.colcon_core.package_identification:Package 'src/droplet_camera' with type 'ros.ament_python' and name 'droplet_camera'
[1.633s] Level 1:colcon.colcon_core.package_identification:_identify(src/droplet_motor) by extensions ['ignore', 'ignore_ament_install']
[1.633s] Level 1:colcon.colcon_core.package_identification:_identify(src/droplet_motor) by extension 'ignore'
[1.633s] Level 1:colcon.colcon_core.package_identification:_identify(src/droplet_motor) by extension 'ignore_ament_install'
[1.633s] Level 1:colcon.colcon_core.package_identification:_identify(src/droplet_motor) by extensions ['colcon_pkg']
[1.633s] Level 1:colcon.colcon_core.package_identification:_identify(src/droplet_motor) by extension 'colcon_pkg'
[1.634s] Level 1:colcon.colcon_core.package_identification:_identify(src/droplet_motor) by extensions ['colcon_meta']
[1.634s] Level 1:colcon.colcon_core.package_identification:_identify(src/droplet_motor) by extension 'colcon_meta'
[1.634s] Level 1:colcon.colcon_core.package_identification:_identify(src/droplet_motor) by extensions ['ros']
[1.634s] Level 1:colcon.colcon_core.package_identification:_identify(src/droplet_motor) by extension 'ros'
[1.650s] DEBUG:colcon.colcon_core.package_identification:Package 'src/droplet_motor' with type 'ros.ament_python' and name 'droplet_motor'
[1.651s] Level 1:colcon.colcon_core.package_identification:_identify(src/droplet_state) by extensions ['ignore', 'ignore_ament_install']
[1.651s] Level 1:colcon.colcon_core.package_identification:_identify(src/droplet_state) by extension 'ignore'
[1.651s] Level 1:colcon.colcon_core.package_identification:_identify(src/droplet_state) by extension 'ignore_ament_install'
[1.651s] Level 1:colcon.colcon_core.package_identification:_identify(src/droplet_state) by extensions ['colcon_pkg']
[1.651s] Level 1:colcon.colcon_core.package_identification:_identify(src/droplet_state) by extension 'colcon_pkg'
[1.651s] Level 1:colcon.colcon_core.package_identification:_identify(src/droplet_state) by extensions ['colcon_meta']
[1.651s] Level 1:colcon.colcon_core.package_identification:_identify(src/droplet_state) by extension 'colcon_meta'
[1.652s] Level 1:colcon.colcon_core.package_identification:_identify(src/droplet_state) by extensions ['ros']
[1.652s] Level 1:colcon.colcon_core.package_identification:_identify(src/droplet_state) by extension 'ros'
[1.658s] DEBUG:colcon.colcon_core.package_identification:Package 'src/droplet_state' with type 'ros.ament_python' and name 'droplet_state'
[1.658s] Level 1:colcon.colcon_core.package_discovery:discover_packages(recursive) using defaults
[1.658s] Level 1:colcon.colcon_core.package_discovery:discover_packages(ignore) discover
[1.658s] Level 1:colcon.colcon_core.package_discovery:discover_packages(ignore) using defaults
[1.659s] Level 1:colcon.colcon_core.package_discovery:discover_packages(path) discover
[1.659s] Level 1:colcon.colcon_core.package_discovery:discover_packages(path) using defaults
[1.786s] Level 1:colcon.colcon_core.package_discovery:discover_packages(prefix_path) check parameters
[1.786s] Level 1:colcon.colcon_core.package_discovery:discover_packages(prefix_path) discover
[1.834s] DEBUG:colcon.colcon_installed_package_information.package_discovery:Found 3 installed packages in /home/rajneesh/droplet_runner_ws/install
[1.838s] DEBUG:colcon.colcon_installed_package_information.package_discovery:Found 284 installed packages in /opt/ros/humble
[1.840s] Level 1:colcon.colcon_core.package_discovery:discover_packages(prefix_path) using defaults
[6.854s] Level 5:colcon.colcon_core.verb:set package 'droplet_camera' build argument 'cmake_args' from command line to 'None'
[6.855s] Level 5:colcon.colcon_core.verb:set package 'droplet_camera' build argument 'cmake_target' from command line to 'None'
[6.855s] Level 5:colcon.colcon_core.verb:set package 'droplet_camera' build argument 'cmake_target_skip_unavailable' from command line to 'False'
[6.855s] Level 5:colcon.colcon_core.verb:set package 'droplet_camera' build argument 'cmake_clean_cache' from command line to 'False'
[6.855s] Level 5:colcon.colcon_core.verb:set package 'droplet_camera' build argument 'cmake_clean_first' from command line to 'False'
[6.856s] Level 5:colcon.colcon_core.verb:set package 'droplet_camera' build argument 'cmake_force_configure' from command line to 'False'
[6.856s] Level 5:colcon.colcon_core.verb:set package 'droplet_camera' build argument 'ament_cmake_args' from command line to 'None'
[6.856s] Level 5:colcon.colcon_core.verb:set package 'droplet_camera' build argument 'catkin_cmake_args' from command line to 'None'
[6.856s] Level 5:colcon.colcon_core.verb:set package 'droplet_camera' build argument 'catkin_skip_building_tests' from command line to 'False'
[6.856s] DEBUG:colcon.colcon_core.verb:Building package 'droplet_camera' with the following arguments: {'ament_cmake_args': None, 'build_base': '/home/rajneesh/droplet_runner_ws/build/droplet_camera', 'catkin_cmake_args': None, 'catkin_skip_building_tests': False, 'cmake_args': None, 'cmake_clean_cache': False, 'cmake_clean_first': False, 'cmake_force_configure': False, 'cmake_target': None, 'cmake_target_skip_unavailable': False, 'install_base': '/home/rajneesh/droplet_runner_ws/install/droplet_camera', 'merge_install': False, 'path': '/home/rajneesh/droplet_runner_ws/src/droplet_camera', 'symlink_install': True, 'test_result_base': None}
[6.858s] Level 5:colcon.colcon_core.verb:set package 'droplet_motor' build argument 'cmake_args' from command line to 'None'
[6.858s] Level 5:colcon.colcon_core.verb:set package 'droplet_motor' build argument 'cmake_target' from command line to 'None'
[6.858s] Level 5:colcon.colcon_core.verb:set package 'droplet_motor' build argument 'cmake_target_skip_unavailable' from command line to 'False'
[6.858s] Level 5:colcon.colcon_core.verb:set package 'droplet_motor' build argument 'cmake_clean_cache' from command line to 'False'
[6.858s] Level 5:colcon.colcon_core.verb:set package 'droplet_motor' build argument 'cmake_clean_first' from command line to 'False'
[6.858s] Level 5:colcon.colcon_core.verb:set package 'droplet_motor' build argument 'cmake_force_configure' from command line to 'False'
[6.859s] Level 5:colcon.colcon_core.verb:set package 'droplet_motor' build argument 'ament_cmake_args' from command line to 'None'
[6.859s] Level 5:colcon.colcon_core.verb:set package 'droplet_motor' build argument 'catkin_cmake_args' from command line to 'None'
[6.859s] Level 5:colcon.colcon_core.verb:set package 'droplet_motor' build argument 'catkin_skip_building_tests' from command line to 'False'
[6.859s] DEBUG:colcon.colcon_core.verb:Building package 'droplet_motor' with the following arguments: {'ament_cmake_args': None, 'build_base': '/home/rajneesh/droplet_runner_ws/build/droplet_motor', 'catkin_cmake_args': None, 'catkin_skip_building_tests': False, 'cmake_args': None, 'cmake_clean_cache': False, 'cmake_clean_first': False, 'cmake_force_configure': False, 'cmake_target': None, 'cmake_target_skip_unavailable': False, 'install_base': '/home/rajneesh/droplet_runner_ws/install/droplet_motor', 'merge_install': False, 'path': '/home/rajneesh/droplet_runner_ws/src/droplet_motor', 'symlink_install': True, 'test_result_base': None}
[6.860s] Level 5:colcon.colcon_core.verb:set package 'droplet_state' build argument 'cmake_args' from command line to 'None'
[6.860s] Level 5:colcon.colcon_core.verb:set package 'droplet_state' build argument 'cmake_target' from command line to 'None'
[6.860s] Level 5:colcon.colcon_core.verb:set package 'droplet_state' build argument 'cmake_target_skip_unavailable' from command line to 'False'
[6.860s] Level 5:colcon.colcon_core.verb:set package 'droplet_state' build argument 'cmake_clean_cache' from command line to 'False'
[6.860s] Level 5:colcon.colcon_core.verb:set package 'droplet_state' build argument 'cmake_clean_first' from command line to 'False'
[6.860s] Level 5:colcon.colcon_core.verb:set package 'droplet_state' build argument 'cmake_force_configure' from command line to 'False'
[6.860s] Level 5:colcon.colcon_core.verb:set package 'droplet_state' build argument 'ament_cmake_args' from command line to 'None'
[6.860s] Level 5:colcon.colcon_core.verb:set package 'droplet_state' build argument 'catkin_cmake_args' from command line to 'None'
[6.860s] Level 5:colcon.colcon_core.verb:set package 'droplet_state' build argument 'catkin_skip_building_tests' from command line to 'False'
[6.861s] DEBUG:colcon.colcon_core.verb:Building package 'droplet_state' with the following arguments: {'ament_cmake_args': None, 'build_base': '/home/rajneesh/droplet_runner_ws/build/droplet_state', 'catkin_cmake_args': None, 'catkin_skip_building_tests': False, 'cmake_args': None, 'cmake_clean_cache': False, 'cmake_clean_first': False, 'cmake_force_configure': False, 'cmake_target': None, 'cmake_target_skip_unavailable': False, 'install_base': '/home/rajneesh/droplet_runner_ws/install/droplet_state', 'merge_install': False, 'path': '/home/rajneesh/droplet_runner_ws/src/droplet_state', 'symlink_install': True, 'test_result_base': None}
[6.861s] INFO:colcon.colcon_core.executor:Executing jobs using 'parallel' executor
[6.864s] DEBUG:colcon.colcon_parallel_executor.executor.parallel:run_until_complete
[6.865s] INFO:colcon.colcon_ros.task.ament_python.build:Building ROS package in '/home/rajneesh/droplet_runner_ws/src/droplet_camera' with build type 'ament_python'
[6.866s] Level 1:colcon.colcon_core.shell:create_environment_hook('droplet_camera', 'ament_prefix_path')
[7.009s] INFO:colcon.colcon_core.plugin_system:Skipping extension 'colcon_core.shell.bat': Not used on non-Windows systems
[7.009s] INFO:colcon.colcon_core.shell:Creating environment hook '/home/rajneesh/droplet_runner_ws/install/droplet_camera/share/droplet_camera/hook/ament_prefix_path.ps1'
[7.012s] INFO:colcon.colcon_core.shell:Creating environment descriptor '/home/rajneesh/droplet_runner_ws/install/droplet_camera/share/droplet_camera/hook/ament_prefix_path.dsv'
[7.013s] INFO:colcon.colcon_core.shell:Creating environment hook '/home/rajneesh/droplet_runner_ws/install/droplet_camera/share/droplet_camera/hook/ament_prefix_path.sh'
[7.031s] INFO:colcon.colcon_core.shell:Skip shell extension 'powershell' for command environment: Not usable outside of PowerShell
[7.032s] DEBUG:colcon.colcon_core.shell:Skip shell extension 'dsv' for command environment
[7.044s] INFO:colcon.colcon_ros.task.ament_python.build:Building ROS package in '/home/rajneesh/droplet_runner_ws/src/droplet_motor' with build type 'ament_python'
[7.044s] Level 1:colcon.colcon_core.shell:create_environment_hook('droplet_motor', 'ament_prefix_path')
[7.046s] INFO:colcon.colcon_core.shell:Creating environment hook '/home/rajneesh/droplet_runner_ws/install/droplet_motor/share/droplet_motor/hook/ament_prefix_path.ps1'
[7.047s] INFO:colcon.colcon_core.shell:Creating environment descriptor '/home/rajneesh/droplet_runner_ws/install/droplet_motor/share/droplet_motor/hook/ament_prefix_path.dsv'
[7.048s] INFO:colcon.colcon_core.shell:Creating environment hook '/home/rajneesh/droplet_runner_ws/install/droplet_motor/share/droplet_motor/hook/ament_prefix_path.sh'
[7.050s] INFO:colcon.colcon_core.shell:Skip shell extension 'powershell' for command environment: Not usable outside of PowerShell
[7.050s] DEBUG:colcon.colcon_core.shell:Skip shell extension 'dsv' for command environment
[7.064s] INFO:colcon.colcon_ros.task.ament_python.build:Building ROS package in '/home/rajneesh/droplet_runner_ws/src/droplet_state' with build type 'ament_python'
[7.065s] Level 1:colcon.colcon_core.shell:create_environment_hook('droplet_state', 'ament_prefix_path')
[7.066s] INFO:colcon.colcon_core.shell:Creating environment hook '/home/rajneesh/droplet_runner_ws/install/droplet_state/share/droplet_state/hook/ament_prefix_path.ps1'
[7.070s] INFO:colcon.colcon_core.shell:Creating environment descriptor '/home/rajneesh/droplet_runner_ws/install/droplet_state/share/droplet_state/hook/ament_prefix_path.dsv'
[7.074s] INFO:colcon.colcon_core.shell:Creating environment hook '/home/rajneesh/droplet_runner_ws/install/droplet_state/share/droplet_state/hook/ament_prefix_path.sh'
[7.082s] INFO:colcon.colcon_core.shell:Skip shell extension 'powershell' for command environment: Not usable outside of PowerShell
[7.082s] DEBUG:colcon.colcon_core.shell:Skip shell extension 'dsv' for command environment
[7.959s] INFO:colcon.colcon_core.task.python.build:Building Python package in '/home/rajneesh/droplet_runner_ws/src/droplet_camera'
[7.961s] INFO:colcon.colcon_core.shell:Skip shell extension 'powershell' for command environment: Not usable outside of PowerShell
[7.961s] DEBUG:colcon.colcon_core.shell:Skip shell extension 'dsv' for command environment
[8.843s] INFO:colcon.colcon_core.task.python.build:Building Python package in '/home/rajneesh/droplet_runner_ws/src/droplet_motor'
[8.844s] INFO:colcon.colcon_core.shell:Skip shell extension 'powershell' for command environment: Not usable outside of PowerShell
[8.844s] DEBUG:colcon.colcon_core.shell:Skip shell extension 'dsv' for command environment
[9.520s] INFO:colcon.colcon_core.task.python.build:Building Python package in '/home/rajneesh/droplet_runner_ws/src/droplet_state'
[9.521s] INFO:colcon.colcon_core.shell:Skip shell extension 'powershell' for command environment: Not usable outside of PowerShell
[9.521s] DEBUG:colcon.colcon_core.shell:Skip shell extension 'dsv' for command environment
[11.639s] DEBUG:colcon.colcon_core.event_handler.log_command:Invoking command in '/home/rajneesh/droplet_runner_ws/build/droplet_motor': CONDA_PROMPT_MODIFIER=(base) PYTHONPATH=/home/rajneesh/droplet_runner_ws/build/droplet_motor/prefix_override:/usr/lib/python3/dist-packages/colcon_core/task/python/colcon_distutils_commands:/home/rajneesh/droplet_runner_ws/install/droplet_motor/lib/python3.10/site-packages:${PYTHONPATH} /usr/bin/python3 -W ignore:setup.py install is deprecated -W ignore:easy_install command is deprecated setup.py develop --editable --build-directory /home/rajneesh/droplet_runner_ws/build/droplet_motor/build --no-deps symlink_data
[11.640s] DEBUG:colcon.colcon_core.event_handler.log_command:Invoking command in '/home/rajneesh/droplet_runner_ws/build/droplet_camera': CONDA_PROMPT_MODIFIER=(base) PYTHONPATH=/home/rajneesh/droplet_runner_ws/build/droplet_camera/prefix_override:/usr/lib/python3/dist-packages/colcon_core/task/python/colcon_distutils_commands:/home/rajneesh/droplet_runner_ws/install/droplet_camera/lib/python3.10/site-packages:${PYTHONPATH} /usr/bin/python3 -W ignore:setup.py install is deprecated -W ignore:easy_install command is deprecated setup.py develop --editable --build-directory /home/rajneesh/droplet_runner_ws/build/droplet_camera/build --no-deps symlink_data
[11.699s] DEBUG:colcon.colcon_core.task.python.build:While undoing a previous installation files outside the Python library path are being ignored: /home/rajneesh/droplet_runner_ws/install/droplet_state/share/ament_index/resource_index/packages/droplet_state
[11.699s] DEBUG:colcon.colcon_core.task.python.build:While undoing a previous installation files outside the Python library path are being ignored: /home/rajneesh/droplet_runner_ws/install/droplet_state/share/droplet_state/package.xml
[11.699s] DEBUG:colcon.colcon_core.task.python.build:While undoing a previous installation files outside the Python library path are being ignored: /home/rajneesh/droplet_runner_ws/install/droplet_state/share/droplet_state/config/path_waypoints.json
[11.700s] DEBUG:colcon.colcon_core.task.python.build:While undoing a previous installation files outside the Python library path are being ignored: /home/rajneesh/droplet_runner_ws/install/droplet_state/share/droplet_state/config/path_waypoints_mm.json
[11.700s] DEBUG:colcon.colcon_core.task.python.build:While undoing a previous installation files outside the Python library path are being ignored: /home/rajneesh/droplet_runner_ws/install/droplet_state/share/droplet_state/config/corner_markers.json
[11.700s] DEBUG:colcon.colcon_core.task.python.build:While undoing a previous installation files outside the Python library path are being ignored: /home/rajneesh/droplet_runner_ws/install/droplet_state/share/droplet_state/calib/calib_results.txt
[11.700s] DEBUG:colcon.colcon_core.task.python.build:While undoing a previous installation files outside the Python library path are being ignored: /home/rajneesh/droplet_runner_ws/install/droplet_state/lib/droplet_state/data_collector
[11.700s] DEBUG:colcon.colcon_core.task.python.build:While undoing a previous installation files outside the Python library path are being ignored: /home/rajneesh/droplet_runner_ws/install/droplet_state/lib/droplet_state/estimator
[11.700s] DEBUG:colcon.colcon_core.task.python.build:While undoing a previous installation files outside the Python library path are being ignored: /home/rajneesh/droplet_runner_ws/install/droplet_state/lib/droplet_state/policy_runner
[11.958s] DEBUG:colcon.colcon_core.event_handler.log_command:Invoking command in '/home/rajneesh/droplet_runner_ws/build/droplet_state': CONDA_PROMPT_MODIFIER=(base) PYTHONPATH=/home/rajneesh/droplet_runner_ws/build/droplet_state/prefix_override:/usr/lib/python3/dist-packages/colcon_core/task/python/colcon_distutils_commands:/home/rajneesh/droplet_runner_ws/install/droplet_state/lib/python3.10/site-packages:${PYTHONPATH} /usr/bin/python3 -W ignore:setup.py install is deprecated -W ignore:easy_install command is deprecated setup.py develop --editable --build-directory /home/rajneesh/droplet_runner_ws/build/droplet_state/build --no-deps symlink_data --force
[13.058s] Level 1:colcon.colcon_core.shell:create_environment_hook('droplet_motor', 'pythonpath_develop')
[13.060s] INFO:colcon.colcon_core.shell:Creating environment hook '/home/rajneesh/droplet_runner_ws/build/droplet_motor/share/droplet_motor/hook/pythonpath_develop.ps1'
[13.062s] DEBUG:colcon.colcon_core.event_handler.log_command:Invoked command in '/home/rajneesh/droplet_runner_ws/build/droplet_motor' returned '0': CONDA_PROMPT_MODIFIER=(base) PYTHONPATH=/home/rajneesh/droplet_runner_ws/build/droplet_motor/prefix_override:/usr/lib/python3/dist-packages/colcon_core/task/python/colcon_distutils_commands:/home/rajneesh/droplet_runner_ws/install/droplet_motor/lib/python3.10/site-packages:${PYTHONPATH} /usr/bin/python3 -W ignore:setup.py install is deprecated -W ignore:easy_install command is deprecated setup.py develop --editable --build-directory /home/rajneesh/droplet_runner_ws/build/droplet_motor/build --no-deps symlink_data
[13.063s] INFO:colcon.colcon_core.shell:Creating environment descriptor '/home/rajneesh/droplet_runner_ws/build/droplet_motor/share/droplet_motor/hook/pythonpath_develop.dsv'
[13.064s] INFO:colcon.colcon_core.shell:Creating environment hook '/home/rajneesh/droplet_runner_ws/build/droplet_motor/share/droplet_motor/hook/pythonpath_develop.sh'
[13.344s] Level 1:colcon.colcon_core.environment:checking '/home/rajneesh/droplet_runner_ws/install/droplet_motor' for CMake module files
[13.347s] Level 1:colcon.colcon_core.environment:checking '/home/rajneesh/droplet_runner_ws/install/droplet_motor' for CMake config files
[13.350s] Level 1:colcon.colcon_core.environment:checking '/home/rajneesh/droplet_runner_ws/install/droplet_motor/lib'
[13.351s] Level 1:colcon.colcon_core.environment:checking '/home/rajneesh/droplet_runner_ws/install/droplet_motor/bin'
[13.351s] Level 1:colcon.colcon_core.environment:checking '/home/rajneesh/droplet_runner_ws/install/droplet_motor/lib/pkgconfig/droplet_motor.pc'
[13.352s] Level 1:colcon.colcon_core.environment:checking '/home/rajneesh/droplet_runner_ws/install/droplet_motor/lib/python3.10/site-packages'
[13.352s] Level 1:colcon.colcon_core.shell:create_environment_hook('droplet_motor', 'pythonpath')
[13.352s] INFO:colcon.colcon_core.shell:Creating environment hook '/home/rajneesh/droplet_runner_ws/install/droplet_motor/share/droplet_motor/hook/pythonpath.ps1'
[13.357s] INFO:colcon.colcon_core.shell:Creating environment descriptor '/home/rajneesh/droplet_runner_ws/install/droplet_motor/share/droplet_motor/hook/pythonpath.dsv'
[13.358s] INFO:colcon.colcon_core.shell:Creating environment hook '/home/rajneesh/droplet_runner_ws/install/droplet_motor/share/droplet_motor/hook/pythonpath.sh'
[13.363s] Level 1:colcon.colcon_core.environment:checking '/home/rajneesh/droplet_runner_ws/install/droplet_motor/bin'
[13.366s] Level 1:colcon.colcon_core.environment:create_environment_scripts_only(droplet_motor)
[13.370s] INFO:colcon.colcon_core.shell:Creating package script '/home/rajneesh/droplet_runner_ws/install/droplet_motor/share/droplet_motor/package.ps1'
[13.381s] INFO:colcon.colcon_core.shell:Creating package descriptor '/home/rajneesh/droplet_runner_ws/install/droplet_motor/share/droplet_motor/package.dsv'
[13.388s] INFO:colcon.colcon_core.shell:Creating package script '/home/rajneesh/droplet_runner_ws/install/droplet_motor/share/droplet_motor/package.sh'
[13.391s] INFO:colcon.colcon_core.shell:Creating package script '/home/rajneesh/droplet_runner_ws/install/droplet_motor/share/droplet_motor/package.bash'
[13.395s] INFO:colcon.colcon_core.shell:Creating package script '/home/rajneesh/droplet_runner_ws/install/droplet_motor/share/droplet_motor/package.zsh'
[13.400s] Level 1:colcon.colcon_core.environment:create_file_with_runtime_dependencies(/home/rajneesh/droplet_runner_ws/install/droplet_motor/share/colcon-core/packages/droplet_motor)
[13.406s] Level 1:colcon.colcon_core.shell:create_environment_hook('droplet_camera', 'pythonpath_develop')
[13.410s] INFO:colcon.colcon_core.shell:Creating environment hook '/home/rajneesh/droplet_runner_ws/build/droplet_camera/share/droplet_camera/hook/pythonpath_develop.ps1'
[13.417s] INFO:colcon.colcon_core.shell:Creating environment descriptor '/home/rajneesh/droplet_runner_ws/build/droplet_camera/share/droplet_camera/hook/pythonpath_develop.dsv'
[13.418s] INFO:colcon.colcon_core.shell:Creating environment hook '/home/rajneesh/droplet_runner_ws/build/droplet_camera/share/droplet_camera/hook/pythonpath_develop.sh'
[13.423s] Level 1:colcon.colcon_core.environment:checking '/home/rajneesh/droplet_runner_ws/install/droplet_camera' for CMake module files
[13.425s] Level 1:colcon.colcon_core.environment:checking '/home/rajneesh/droplet_runner_ws/install/droplet_camera' for CMake config files
[13.436s] Level 1:colcon.colcon_core.environment:checking '/home/rajneesh/droplet_runner_ws/install/droplet_camera/lib'
[13.436s] Level 1:colcon.colcon_core.environment:checking '/home/rajneesh/droplet_runner_ws/install/droplet_camera/bin'
[13.437s] Level 1:colcon.colcon_core.environment:checking '/home/rajneesh/droplet_runner_ws/install/droplet_camera/lib/pkgconfig/droplet_camera.pc'
[13.439s] Level 1:colcon.colcon_core.environment:checking '/home/rajneesh/droplet_runner_ws/install/droplet_camera/lib/python3.10/site-packages'
[13.439s] Level 1:colcon.colcon_core.shell:create_environment_hook('droplet_camera', 'pythonpath')
[13.440s] INFO:colcon.colcon_core.shell:Creating environment hook '/home/rajneesh/droplet_runner_ws/install/droplet_camera/share/droplet_camera/hook/pythonpath.ps1'
[13.442s] INFO:colcon.colcon_core.shell:Creating environment descriptor '/home/rajneesh/droplet_runner_ws/install/droplet_camera/share/droplet_camera/hook/pythonpath.dsv'
[13.443s] INFO:colcon.colcon_core.shell:Creating environment hook '/home/rajneesh/droplet_runner_ws/install/droplet_camera/share/droplet_camera/hook/pythonpath.sh'
[13.445s] Level 1:colcon.colcon_core.environment:checking '/home/rajneesh/droplet_runner_ws/install/droplet_camera/bin'
[13.445s] Level 1:colcon.colcon_core.environment:create_environment_scripts_only(droplet_camera)
[13.446s] INFO:colcon.colcon_core.shell:Creating package script '/home/rajneesh/droplet_runner_ws/install/droplet_camera/share/droplet_camera/package.ps1'
[13.448s] INFO:colcon.colcon_core.shell:Creating package descriptor '/home/rajneesh/droplet_runner_ws/install/droplet_camera/share/droplet_camera/package.dsv'
[13.449s] INFO:colcon.colcon_core.shell:Creating package script '/home/rajneesh/droplet_runner_ws/install/droplet_camera/share/droplet_camera/package.sh'
[13.450s] INFO:colcon.colcon_core.shell:Creating package script '/home/rajneesh/droplet_runner_ws/install/droplet_camera/share/droplet_camera/package.bash'
[13.451s] INFO:colcon.colcon_core.shell:Creating package script '/home/rajneesh/droplet_runner_ws/install/droplet_camera/share/droplet_camera/package.zsh'
[13.452s] Level 1:colcon.colcon_core.environment:create_file_with_runtime_dependencies(/home/rajneesh/droplet_runner_ws/install/droplet_camera/share/colcon-core/packages/droplet_camera)
[13.481s] DEBUG:colcon.colcon_core.event_handler.log_command:Invoked command in '/home/rajneesh/droplet_runner_ws/build/droplet_camera' returned '0': CONDA_PROMPT_MODIFIER=(base) PYTHONPATH=/home/rajneesh/droplet_runner_ws/build/droplet_camera/prefix_override:/usr/lib/python3/dist-packages/colcon_core/task/python/colcon_distutils_commands:/home/rajneesh/droplet_runner_ws/install/droplet_camera/lib/python3.10/site-packages:${PYTHONPATH} /usr/bin/python3 -W ignore:setup.py install is deprecated -W ignore:easy_install command is deprecated setup.py develop --editable --build-directory /home/rajneesh/droplet_runner_ws/build/droplet_camera/build --no-deps symlink_data
[13.489s] Level 1:colcon.colcon_core.shell:create_environment_hook('droplet_state', 'pythonpath_develop')
[13.490s] INFO:colcon.colcon_core.shell:Creating environment hook '/home/rajneesh/droplet_runner_ws/build/droplet_state/share/droplet_state/hook/pythonpath_develop.ps1'
[13.491s] DEBUG:colcon.colcon_core.event_handler.log_command:Invoked command in '/home/rajneesh/droplet_runner_ws/build/droplet_state' returned '0': CONDA_PROMPT_MODIFIER=(base) PYTHONPATH=/home/rajneesh/droplet_runner_ws/build/droplet_state/prefix_override:/usr/lib/python3/dist-packages/colcon_core/task/python/colcon_distutils_commands:/home/rajneesh/droplet_runner_ws/install/droplet_state/lib/python3.10/site-packages:${PYTHONPATH} /usr/bin/python3 -W ignore:setup.py install is deprecated -W ignore:easy_install command is deprecated setup.py develop --editable --build-directory /home/rajneesh/droplet_runner_ws/build/droplet_state/build --no-deps symlink_data --force
[13.493s] INFO:colcon.colcon_core.shell:Creating environment descriptor '/home/rajneesh/droplet_runner_ws/build/droplet_state/share/droplet_state/hook/pythonpath_develop.dsv'
[13.494s] INFO:colcon.colcon_core.shell:Creating environment hook '/home/rajneesh/droplet_runner_ws/build/droplet_state/share/droplet_state/hook/pythonpath_develop.sh'
[13.496s] Level 1:colcon.colcon_core.environment:checking '/home/rajneesh/droplet_runner_ws/install/droplet_state' for CMake module files
[13.497s] Level 1:colcon.colcon_core.environment:checking '/home/rajneesh/droplet_runner_ws/install/droplet_state' for CMake config files
[13.500s] Level 1:colcon.colcon_core.environment:checking '/home/rajneesh/droplet_runner_ws/install/droplet_state/lib'
[13.501s] Level 1:colcon.colcon_core.environment:checking '/home/rajneesh/droplet_runner_ws/install/droplet_state/bin'
[13.501s] Level 1:colcon.colcon_core.environment:checking '/home/rajneesh/droplet_runner_ws/install/droplet_state/lib/pkgconfig/droplet_state.pc'
[13.502s] Level 1:colcon.colcon_core.environment:checking '/home/rajneesh/droplet_runner_ws/install/droplet_state/lib/python3.10/site-packages'
[13.502s] Level 1:colcon.colcon_core.shell:create_environment_hook('droplet_state', 'pythonpath')
[13.503s] INFO:colcon.colcon_core.shell:Creating environment hook '/home/rajneesh/droplet_runner_ws/install/droplet_state/share/droplet_state/hook/pythonpath.ps1'
[13.503s] INFO:colcon.colcon_core.shell:Creating environment descriptor '/home/rajneesh/droplet_runner_ws/install/droplet_state/share/droplet_state/hook/pythonpath.dsv'
[13.504s] INFO:colcon.colcon_core.shell:Creating environment hook '/home/rajneesh/droplet_runner_ws/install/droplet_state/share/droplet_state/hook/pythonpath.sh'
[13.506s] Level 1:colcon.colcon_core.environment:checking '/home/rajneesh/droplet_runner_ws/install/droplet_state/bin'
[13.506s] Level 1:colcon.colcon_core.environment:create_environment_scripts_only(droplet_state)
[13.509s] INFO:colcon.colcon_core.shell:Creating package script '/home/rajneesh/droplet_runner_ws/install/droplet_state/share/droplet_state/package.ps1'
[13.513s] INFO:colcon.colcon_core.shell:Creating package descriptor '/home/rajneesh/droplet_runner_ws/install/droplet_state/share/droplet_state/package.dsv'
[13.515s] INFO:colcon.colcon_core.shell:Creating package script '/home/rajneesh/droplet_runner_ws/install/droplet_state/share/droplet_state/package.sh'
[13.517s] INFO:colcon.colcon_core.shell:Creating package script '/home/rajneesh/droplet_runner_ws/install/droplet_state/share/droplet_state/package.bash'
[13.518s] INFO:colcon.colcon_core.shell:Creating package script '/home/rajneesh/droplet_runner_ws/install/droplet_state/share/droplet_state/package.zsh'
[13.518s] Level 1:colcon.colcon_core.environment:create_file_with_runtime_dependencies(/home/rajneesh/droplet_runner_ws/install/droplet_state/share/colcon-core/packages/droplet_state)
[13.519s] DEBUG:colcon.colcon_parallel_executor.executor.parallel:closing loop
[13.520s] DEBUG:colcon.colcon_parallel_executor.executor.parallel:loop closed
[13.520s] DEBUG:colcon.colcon_parallel_executor.executor.parallel:run_until_complete finished with '0'
[13.520s] DEBUG:colcon.colcon_core.event_reactor:joining thread
[13.784s] INFO:colcon.colcon_core.plugin_system:Skipping extension 'colcon_notification.desktop_notification.terminal_notifier': Not used on non-Darwin systems
[13.785s] INFO:colcon.colcon_core.plugin_system:Skipping extension 'colcon_notification.desktop_notification.win32': Not used on non-Windows systems
[13.785s] INFO:colcon.colcon_notification.desktop_notification:Sending desktop notification using 'notify2'
[13.812s] DEBUG:colcon.colcon_core.event_reactor:joined thread
[13.813s] INFO:colcon.colcon_core.shell:Creating prefix script '/home/rajneesh/droplet_runner_ws/install/local_setup.ps1'
[13.815s] INFO:colcon.colcon_core.shell:Creating prefix util module '/home/rajneesh/droplet_runner_ws/install/_local_setup_util_ps1.py'
[13.833s] INFO:colcon.colcon_core.shell:Creating prefix chain script '/home/rajneesh/droplet_runner_ws/install/setup.ps1'
[13.963s] INFO:colcon.colcon_core.shell:Creating prefix script '/home/rajneesh/droplet_runner_ws/install/local_setup.sh'
[13.965s] INFO:colcon.colcon_core.shell:Creating prefix util module '/home/rajneesh/droplet_runner_ws/install/_local_setup_util_sh.py'
[13.967s] INFO:colcon.colcon_core.shell:Creating prefix chain script '/home/rajneesh/droplet_runner_ws/install/setup.sh'
[13.969s] INFO:colcon.colcon_core.shell:Creating prefix script '/home/rajneesh/droplet_runner_ws/install/local_setup.bash'
[13.970s] INFO:colcon.colcon_core.shell:Creating prefix chain script '/home/rajneesh/droplet_runner_ws/install/setup.bash'
[14.077s] INFO:colcon.colcon_core.shell:Creating prefix script '/home/rajneesh/droplet_runner_ws/install/local_setup.zsh'
[14.079s] INFO:colcon.colcon_core.shell:Creating prefix chain script '/home/rajneesh/droplet_runner_ws/install/setup.zsh'
