[0.306s] DEBUG:colcon:Command line arguments: ['/usr/bin/colcon', 'build', '--packages-select', 'droplet_state']
[0.307s] DEBUG:colcon:Parsed command line arguments: Namespace(log_base=None, log_level=None, verb_name='build', build_base='build', install_base='install', merge_install=False, symlink_install=False, test_result_base=None, continue_on_error=False, executor='parallel', parallel_workers=8, event_handlers=None, ignore_user_meta=False, metas=['./colcon.meta'], base_paths=['.'], packages_ignore=None, packages_ignore_regex=None, paths=None, packages_up_to=None, packages_up_to_regex=None, packages_above=None, packages_above_and_dependencies=None, packages_above_depth=None, packages_select_by_dep=None, packages_skip_by_dep=None, packages_skip_up_to=None, packages_select_build_failed=False, packages_skip_build_finished=False, packages_select_test_failures=False, packages_skip_test_passed=False, packages_select=['droplet_state'], packages_skip=None, packages_select_regex=None, packages_skip_regex=None, packages_start=None, packages_end=None, allow_overriding=[], cmake_args=None, cmake_target=None, cmake_target_skip_unavailable=False, cmake_clean_cache=False, cmake_clean_first=False, cmake_force_configure=False, ament_cmake_args=None, catkin_cmake_args=None, catkin_skip_building_tests=False, mixin_files=None, mixin=None, verb_parser=<colcon_mixin.mixin.mixin_argument.MixinArgumentDecorator object at 0x7826bc95ef50>, verb_extension=<colcon_core.verb.build.BuildVerb object at 0x7826bca5beb0>, main=<bound method BuildVerb.main of <colcon_core.verb.build.BuildVerb object at 0x7826bca5beb0>>, mixin_verb=('build',))
[0.833s] Level 1:colcon.colcon_core.package_discovery:discover_packages(colcon_meta) check parameters
[0.833s] Level 1:colcon.colcon_core.package_discovery:discover_packages(recursive) check parameters
[0.833s] Level 1:colcon.colcon_core.package_discovery:discover_packages(ignore) check parameters
[0.833s] Level 1:colcon.colcon_core.package_discovery:discover_packages(path) check parameters
[0.833s] Level 1:colcon.colcon_core.package_discovery:discover_packages(colcon_meta) discover
[0.833s] Level 1:colcon.colcon_core.package_discovery:discover_packages(recursive) discover
[0.833s] INFO:colcon.colcon_core.package_discovery:Crawling recursively for packages in '/home/rajneesh/droplet_runner_ws'
[0.834s] Level 1:colcon.colcon_core.package_identification:_identify(.) by extensions ['ignore', 'ignore_ament_install']
[0.834s] Level 1:colcon.colcon_core.package_identification:_identify(.) by extension 'ignore'
[0.834s] Level 1:colcon.colcon_core.package_identification:_identify(.) by extension 'ignore_ament_install'
[0.834s] Level 1:colcon.colcon_core.package_identification:_identify(.) by extensions ['colcon_pkg']
[0.834s] Level 1:colcon.colcon_core.package_identification:_identify(.) by extension 'colcon_pkg'
[0.834s] Level 1:colcon.colcon_core.package_identification:_identify(.) by extensions ['colcon_meta']
[0.834s] Level 1:colcon.colcon_core.package_identification:_identify(.) by extension 'colcon_meta'
[0.834s] Level 1:colcon.colcon_core.package_identification:_identify(.) by extensions ['ros']
[0.834s] Level 1:colcon.colcon_core.package_identification:_identify(.) by extension 'ros'
[0.866s] Level 1:colcon.colcon_core.package_identification:_identify(.) by extensions ['cmake', 'python']
[0.867s] Level 1:colcon.colcon_core.package_identification:_identify(.) by extension 'cmake'
[0.867s] Level 1:colcon.colcon_core.package_identification:_identify(.) by extension 'python'
[0.867s] Level 1:colcon.colcon_core.package_identification:_identify(.) by extensions ['python_setup_py']
[0.867s] Level 1:colcon.colcon_core.package_identification:_identify(.) by extension 'python_setup_py'
[0.867s] Level 1:colcon.colcon_core.package_identification:_identify(build) by extensions ['ignore', 'ignore_ament_install']
[0.867s] Level 1:colcon.colcon_core.package_identification:_identify(build) by extension 'ignore'
[0.867s] Level 1:colcon.colcon_core.package_identification:_identify(build) ignored
[0.868s] Level 1:colcon.colcon_core.package_identification:_identify(episodes) by extensions ['ignore', 'ignore_ament_install']
[0.868s] Level 1:colcon.colcon_core.package_identification:_identify(episodes) by extension 'ignore'
[0.869s] Level 1:colcon.colcon_core.package_identification:_identify(episodes) by extension 'ignore_ament_install'
[0.869s] Level 1:colcon.colcon_core.package_identification:_identify(episodes) by extensions ['colcon_pkg']
[0.869s] Level 1:colcon.colcon_core.package_identification:_identify(episodes) by extension 'colcon_pkg'
[0.869s] Level 1:colcon.colcon_core.package_identification:_identify(episodes) by extensions ['colcon_meta']
[0.869s] Level 1:colcon.colcon_core.package_identification:_identify(episodes) by extension 'colcon_meta'
[0.870s] Level 1:colcon.colcon_core.package_identification:_identify(episodes) by extensions ['ros']
[0.870s] Level 1:colcon.colcon_core.package_identification:_identify(episodes) by extension 'ros'
[0.870s] Level 1:colcon.colcon_core.package_identification:_identify(episodes) by extensions ['cmake', 'python']
[0.870s] Level 1:colcon.colcon_core.package_identification:_identify(episodes) by extension 'cmake'
[0.870s] Level 1:colcon.colcon_core.package_identification:_identify(episodes) by extension 'python'
[0.871s] Level 1:colcon.colcon_core.package_identification:_identify(episodes) by extensions ['python_setup_py']
[0.871s] Level 1:colcon.colcon_core.package_identification:_identify(episodes) by extension 'python_setup_py'
[0.871s] Level 1:colcon.colcon_core.package_identification:_identify(install) by extensions ['ignore', 'ignore_ament_install']
[0.872s] Level 1:colcon.colcon_core.package_identification:_identify(install) by extension 'ignore'
[0.872s] Level 1:colcon.colcon_core.package_identification:_identify(install) ignored
[0.873s] Level 1:colcon.colcon_core.package_identification:_identify(log) by extensions ['ignore', 'ignore_ament_install']
[0.873s] Level 1:colcon.colcon_core.package_identification:_identify(log) by extension 'ignore'
[0.873s] Level 1:colcon.colcon_core.package_identification:_identify(log) ignored
[0.874s] Level 1:colcon.colcon_core.package_identification:_identify(src) by extensions ['ignore', 'ignore_ament_install']
[0.874s] Level 1:colcon.colcon_core.package_identification:_identify(src) by extension 'ignore'
[0.874s] Level 1:colcon.colcon_core.package_identification:_identify(src) by extension 'ignore_ament_install'
[0.874s] Level 1:colcon.colcon_core.package_identification:_identify(src) by extensions ['colcon_pkg']
[0.874s] Level 1:colcon.colcon_core.package_identification:_identify(src) by extension 'colcon_pkg'
[0.874s] Level 1:colcon.colcon_core.package_identification:_identify(src) by extensions ['colcon_meta']
[0.874s] Level 1:colcon.colcon_core.package_identification:_identify(src) by extension 'colcon_meta'
[0.874s] Level 1:colcon.colcon_core.package_identification:_identify(src) by extensions ['ros']
[0.874s] Level 1:colcon.colcon_core.package_identification:_identify(src) by extension 'ros'
[0.875s] Level 1:colcon.colcon_core.package_identification:_identify(src) by extensions ['cmake', 'python']
[0.875s] Level 1:colcon.colcon_core.package_identification:_identify(src) by extension 'cmake'
[0.875s] Level 1:colcon.colcon_core.package_identification:_identify(src) by extension 'python'
[0.875s] Level 1:colcon.colcon_core.package_identification:_identify(src) by extensions ['python_setup_py']
[0.875s] Level 1:colcon.colcon_core.package_identification:_identify(src) by extension 'python_setup_py'
[0.875s] Level 1:colcon.colcon_core.package_identification:_identify(src/droplet_camera) by extensions ['ignore', 'ignore_ament_install']
[0.876s] Level 1:colcon.colcon_core.package_identification:_identify(src/droplet_camera) by extension 'ignore'
[0.876s] Level 1:colcon.colcon_core.package_identification:_identify(src/droplet_camera) by extension 'ignore_ament_install'
[0.876s] Level 1:colcon.colcon_core.package_identification:_identify(src/droplet_camera) by extensions ['colcon_pkg']
[0.876s] Level 1:colcon.colcon_core.package_identification:_identify(src/droplet_camera) by extension 'colcon_pkg'
[0.876s] Level 1:colcon.colcon_core.package_identification:_identify(src/droplet_camera) by extensions ['colcon_meta']
[0.876s] Level 1:colcon.colcon_core.package_identification:_identify(src/droplet_camera) by extension 'colcon_meta'
[0.876s] Level 1:colcon.colcon_core.package_identification:_identify(src/droplet_camera) by extensions ['ros']
[0.876s] Level 1:colcon.colcon_core.package_identification:_identify(src/droplet_camera) by extension 'ros'
[0.881s] DEBUG:colcon.colcon_core.package_identification:Package 'src/droplet_camera' with type 'ros.ament_python' and name 'droplet_camera'
[0.882s] Level 1:colcon.colcon_core.package_identification:_identify(src/droplet_motor) by extensions ['ignore', 'ignore_ament_install']
[0.882s] Level 1:colcon.colcon_core.package_identification:_identify(src/droplet_motor) by extension 'ignore'
[0.882s] Level 1:colcon.colcon_core.package_identification:_identify(src/droplet_motor) by extension 'ignore_ament_install'
[0.882s] Level 1:colcon.colcon_core.package_identification:_identify(src/droplet_motor) by extensions ['colcon_pkg']
[0.883s] Level 1:colcon.colcon_core.package_identification:_identify(src/droplet_motor) by extension 'colcon_pkg'
[0.883s] Level 1:colcon.colcon_core.package_identification:_identify(src/droplet_motor) by extensions ['colcon_meta']
[0.883s] Level 1:colcon.colcon_core.package_identification:_identify(src/droplet_motor) by extension 'colcon_meta'
[0.883s] Level 1:colcon.colcon_core.package_identification:_identify(src/droplet_motor) by extensions ['ros']
[0.883s] Level 1:colcon.colcon_core.package_identification:_identify(src/droplet_motor) by extension 'ros'
[0.887s] DEBUG:colcon.colcon_core.package_identification:Package 'src/droplet_motor' with type 'ros.ament_python' and name 'droplet_motor'
[0.887s] Level 1:colcon.colcon_core.package_identification:_identify(src/droplet_state) by extensions ['ignore', 'ignore_ament_install']
[0.888s] Level 1:colcon.colcon_core.package_identification:_identify(src/droplet_state) by extension 'ignore'
[0.888s] Level 1:colcon.colcon_core.package_identification:_identify(src/droplet_state) by extension 'ignore_ament_install'
[0.888s] Level 1:colcon.colcon_core.package_identification:_identify(src/droplet_state) by extensions ['colcon_pkg']
[0.888s] Level 1:colcon.colcon_core.package_identification:_identify(src/droplet_state) by extension 'colcon_pkg'
[0.889s] Level 1:colcon.colcon_core.package_identification:_identify(src/droplet_state) by extensions ['colcon_meta']
[0.889s] Level 1:colcon.colcon_core.package_identification:_identify(src/droplet_state) by extension 'colcon_meta'
[0.889s] Level 1:colcon.colcon_core.package_identification:_identify(src/droplet_state) by extensions ['ros']
[0.889s] Level 1:colcon.colcon_core.package_identification:_identify(src/droplet_state) by extension 'ros'
[0.893s] DEBUG:colcon.colcon_core.package_identification:Package 'src/droplet_state' with type 'ros.ament_python' and name 'droplet_state'
[0.893s] Level 1:colcon.colcon_core.package_discovery:discover_packages(recursive) using defaults
[0.894s] Level 1:colcon.colcon_core.package_discovery:discover_packages(ignore) discover
[0.894s] Level 1:colcon.colcon_core.package_discovery:discover_packages(ignore) using defaults
[0.894s] Level 1:colcon.colcon_core.package_discovery:discover_packages(path) discover
[0.894s] Level 1:colcon.colcon_core.package_discovery:discover_packages(path) using defaults
[1.016s] INFO:colcon.colcon_core.package_selection:Skipping not selected package 'droplet_camera' in 'src/droplet_camera'
[1.017s] INFO:colcon.colcon_core.package_selection:Skipping not selected package 'droplet_motor' in 'src/droplet_motor'
[1.018s] Level 1:colcon.colcon_core.package_discovery:discover_packages(prefix_path) check parameters
[1.018s] Level 1:colcon.colcon_core.package_discovery:discover_packages(prefix_path) discover
[1.024s] DEBUG:colcon.colcon_installed_package_information.package_discovery:Found 3 installed packages in /home/rajneesh/droplet_runner_ws/install
[1.029s] DEBUG:colcon.colcon_installed_package_information.package_discovery:Found 284 installed packages in /opt/ros/humble
[1.034s] Level 1:colcon.colcon_core.package_discovery:discover_packages(prefix_path) using defaults
[1.172s] Level 5:colcon.colcon_core.verb:set package 'droplet_state' build argument 'cmake_args' from command line to 'None'
[1.172s] Level 5:colcon.colcon_core.verb:set package 'droplet_state' build argument 'cmake_target' from command line to 'None'
[1.173s] Level 5:colcon.colcon_core.verb:set package 'droplet_state' build argument 'cmake_target_skip_unavailable' from command line to 'False'
[1.173s] Level 5:colcon.colcon_core.verb:set package 'droplet_state' build argument 'cmake_clean_cache' from command line to 'False'
[1.173s] Level 5:colcon.colcon_core.verb:set package 'droplet_state' build argument 'cmake_clean_first' from command line to 'False'
[1.173s] Level 5:colcon.colcon_core.verb:set package 'droplet_state' build argument 'cmake_force_configure' from command line to 'False'
[1.173s] Level 5:colcon.colcon_core.verb:set package 'droplet_state' build argument 'ament_cmake_args' from command line to 'None'
[1.173s] Level 5:colcon.colcon_core.verb:set package 'droplet_state' build argument 'catkin_cmake_args' from command line to 'None'
[1.173s] Level 5:colcon.colcon_core.verb:set package 'droplet_state' build argument 'catkin_skip_building_tests' from command line to 'False'
[1.173s] DEBUG:colcon.colcon_core.verb:Building package 'droplet_state' with the following arguments: {'ament_cmake_args': None, 'build_base': '/home/rajneesh/droplet_runner_ws/build/droplet_state', 'catkin_cmake_args': None, 'catkin_skip_building_tests': False, 'cmake_args': None, 'cmake_clean_cache': False, 'cmake_clean_first': False, 'cmake_force_configure': False, 'cmake_target': None, 'cmake_target_skip_unavailable': False, 'install_base': '/home/rajneesh/droplet_runner_ws/install/droplet_state', 'merge_install': False, 'path': '/home/rajneesh/droplet_runner_ws/src/droplet_state', 'symlink_install': False, 'test_result_base': None}
[1.174s] INFO:colcon.colcon_core.executor:Executing jobs using 'parallel' executor
[1.178s] DEBUG:colcon.colcon_parallel_executor.executor.parallel:run_until_complete
[1.186s] INFO:colcon.colcon_ros.task.ament_python.build:Building ROS package in '/home/rajneesh/droplet_runner_ws/src/droplet_state' with build type 'ament_python'
[1.186s] Level 1:colcon.colcon_core.shell:create_environment_hook('droplet_state', 'ament_prefix_path')
[1.197s] INFO:colcon.colcon_core.plugin_system:Skipping extension 'colcon_core.shell.bat': Not used on non-Windows systems
[1.198s] INFO:colcon.colcon_core.shell:Creating environment hook '/home/rajneesh/droplet_runner_ws/install/droplet_state/share/droplet_state/hook/ament_prefix_path.ps1'
[1.200s] INFO:colcon.colcon_core.shell:Creating environment descriptor '/home/rajneesh/droplet_runner_ws/install/droplet_state/share/droplet_state/hook/ament_prefix_path.dsv'
[1.202s] INFO:colcon.colcon_core.shell:Creating environment hook '/home/rajneesh/droplet_runner_ws/install/droplet_state/share/droplet_state/hook/ament_prefix_path.sh'
[1.205s] INFO:colcon.colcon_core.shell:Skip shell extension 'powershell' for command environment: Not usable outside of PowerShell
[1.205s] DEBUG:colcon.colcon_core.shell:Skip shell extension 'dsv' for command environment
[2.035s] INFO:colcon.colcon_core.task.python.build:Building Python package in '/home/rajneesh/droplet_runner_ws/src/droplet_state'
[2.037s] INFO:colcon.colcon_core.shell:Skip shell extension 'powershell' for command environment: Not usable outside of PowerShell
[2.040s] DEBUG:colcon.colcon_core.shell:Skip shell extension 'dsv' for command environment
[2.977s] DEBUG:colcon.colcon_core.event_handler.log_command:Invoking command in '/home/rajneesh/droplet_runner_ws/build/droplet_state': CONDA_PROMPT_MODIFIER=(base) PYTHONPATH=/home/rajneesh/droplet_runner_ws/build/droplet_state/prefix_override:/usr/lib/python3/dist-packages/colcon_core/task/python/colcon_distutils_commands:/home/rajneesh/droplet_runner_ws/install/droplet_state/lib/python3.10/site-packages:${PYTHONPATH} /usr/bin/python3 -W ignore:setup.py install is deprecated -W ignore:easy_install command is deprecated setup.py develop --uninstall --editable --build-directory /home/rajneesh/droplet_runner_ws/build/droplet_state/build
[4.109s] DEBUG:colcon.colcon_core.event_handler.log_command:Invoked command in '/home/rajneesh/droplet_runner_ws/build/droplet_state' returned '0': CONDA_PROMPT_MODIFIER=(base) PYTHONPATH=/home/rajneesh/droplet_runner_ws/build/droplet_state/prefix_override:/usr/lib/python3/dist-packages/colcon_core/task/python/colcon_distutils_commands:/home/rajneesh/droplet_runner_ws/install/droplet_state/lib/python3.10/site-packages:${PYTHONPATH} /usr/bin/python3 -W ignore:setup.py install is deprecated -W ignore:easy_install command is deprecated setup.py develop --uninstall --editable --build-directory /home/rajneesh/droplet_runner_ws/build/droplet_state/build
[4.112s] DEBUG:colcon.colcon_core.event_handler.log_command:Invoking command in '/home/rajneesh/droplet_runner_ws/src/droplet_state': CONDA_PROMPT_MODIFIER=(base) PYTHONPATH=/home/rajneesh/droplet_runner_ws/build/droplet_state/prefix_override:/usr/lib/python3/dist-packages/colcon_core/task/python/colcon_distutils_commands:/home/rajneesh/droplet_runner_ws/install/droplet_state/lib/python3.10/site-packages:${PYTHONPATH} /usr/bin/python3 -W ignore:setup.py install is deprecated -W ignore:easy_install command is deprecated setup.py egg_info --egg-base ../../build/droplet_state build --build-base /home/rajneesh/droplet_runner_ws/build/droplet_state/build install --record /home/rajneesh/droplet_runner_ws/build/droplet_state/install.log --single-version-externally-managed install_data --force
[4.907s] DEBUG:colcon.colcon_core.event_handler.log_command:Invoked command in '/home/rajneesh/droplet_runner_ws/src/droplet_state' returned '0': CONDA_PROMPT_MODIFIER=(base) PYTHONPATH=/home/rajneesh/droplet_runner_ws/build/droplet_state/prefix_override:/usr/lib/python3/dist-packages/colcon_core/task/python/colcon_distutils_commands:/home/rajneesh/droplet_runner_ws/install/droplet_state/lib/python3.10/site-packages:${PYTHONPATH} /usr/bin/python3 -W ignore:setup.py install is deprecated -W ignore:easy_install command is deprecated setup.py egg_info --egg-base ../../build/droplet_state build --build-base /home/rajneesh/droplet_runner_ws/build/droplet_state/build install --record /home/rajneesh/droplet_runner_ws/build/droplet_state/install.log --single-version-externally-managed install_data --force
[4.911s] Level 1:colcon.colcon_core.environment:checking '/home/rajneesh/droplet_runner_ws/install/droplet_state' for CMake module files
[4.912s] Level 1:colcon.colcon_core.environment:checking '/home/rajneesh/droplet_runner_ws/install/droplet_state' for CMake config files
[4.913s] Level 1:colcon.colcon_core.environment:checking '/home/rajneesh/droplet_runner_ws/install/droplet_state/lib'
[4.914s] Level 1:colcon.colcon_core.environment:checking '/home/rajneesh/droplet_runner_ws/install/droplet_state/bin'
[4.914s] Level 1:colcon.colcon_core.environment:checking '/home/rajneesh/droplet_runner_ws/install/droplet_state/lib/pkgconfig/droplet_state.pc'
[4.915s] Level 1:colcon.colcon_core.environment:checking '/home/rajneesh/droplet_runner_ws/install/droplet_state/lib/python3.10/site-packages'
[4.915s] Level 1:colcon.colcon_core.shell:create_environment_hook('droplet_state', 'pythonpath')
[4.915s] INFO:colcon.colcon_core.shell:Creating environment hook '/home/rajneesh/droplet_runner_ws/install/droplet_state/share/droplet_state/hook/pythonpath.ps1'
[4.916s] INFO:colcon.colcon_core.shell:Creating environment descriptor '/home/rajneesh/droplet_runner_ws/install/droplet_state/share/droplet_state/hook/pythonpath.dsv'
[4.917s] INFO:colcon.colcon_core.shell:Creating environment hook '/home/rajneesh/droplet_runner_ws/install/droplet_state/share/droplet_state/hook/pythonpath.sh'
[4.918s] Level 1:colcon.colcon_core.environment:checking '/home/rajneesh/droplet_runner_ws/install/droplet_state/bin'
[4.918s] Level 1:colcon.colcon_core.environment:create_environment_scripts_only(droplet_state)
[4.918s] INFO:colcon.colcon_core.shell:Creating package script '/home/rajneesh/droplet_runner_ws/install/droplet_state/share/droplet_state/package.ps1'
[4.919s] INFO:colcon.colcon_core.shell:Creating package descriptor '/home/rajneesh/droplet_runner_ws/install/droplet_state/share/droplet_state/package.dsv'
[4.920s] INFO:colcon.colcon_core.shell:Creating package script '/home/rajneesh/droplet_runner_ws/install/droplet_state/share/droplet_state/package.sh'
[4.921s] INFO:colcon.colcon_core.shell:Creating package script '/home/rajneesh/droplet_runner_ws/install/droplet_state/share/droplet_state/package.bash'
[4.922s] INFO:colcon.colcon_core.shell:Creating package script '/home/rajneesh/droplet_runner_ws/install/droplet_state/share/droplet_state/package.zsh'
[4.923s] Level 1:colcon.colcon_core.environment:create_file_with_runtime_dependencies(/home/rajneesh/droplet_runner_ws/install/droplet_state/share/colcon-core/packages/droplet_state)
[4.924s] DEBUG:colcon.colcon_parallel_executor.executor.parallel:closing loop
[4.924s] DEBUG:colcon.colcon_parallel_executor.executor.parallel:loop closed
[4.924s] DEBUG:colcon.colcon_parallel_executor.executor.parallel:run_until_complete finished with '0'
[4.924s] DEBUG:colcon.colcon_core.event_reactor:joining thread
[4.933s] INFO:colcon.colcon_core.plugin_system:Skipping extension 'colcon_notification.desktop_notification.terminal_notifier': Not used on non-Darwin systems
[4.933s] INFO:colcon.colcon_core.plugin_system:Skipping extension 'colcon_notification.desktop_notification.win32': Not used on non-Windows systems
[4.934s] INFO:colcon.colcon_notification.desktop_notification:Sending desktop notification using 'notify2'
[4.953s] DEBUG:colcon.colcon_core.event_reactor:joined thread
[4.953s] INFO:colcon.colcon_core.shell:Creating prefix script '/home/rajneesh/droplet_runner_ws/install/local_setup.ps1'
[4.955s] INFO:colcon.colcon_core.shell:Creating prefix util module '/home/rajneesh/droplet_runner_ws/install/_local_setup_util_ps1.py'
[4.960s] INFO:colcon.colcon_core.shell:Creating prefix chain script '/home/rajneesh/droplet_runner_ws/install/setup.ps1'
[4.962s] INFO:colcon.colcon_core.shell:Creating prefix script '/home/rajneesh/droplet_runner_ws/install/local_setup.sh'
[4.963s] INFO:colcon.colcon_core.shell:Creating prefix util module '/home/rajneesh/droplet_runner_ws/install/_local_setup_util_sh.py'
[4.964s] INFO:colcon.colcon_core.shell:Creating prefix chain script '/home/rajneesh/droplet_runner_ws/install/setup.sh'
[4.965s] INFO:colcon.colcon_core.shell:Creating prefix script '/home/rajneesh/droplet_runner_ws/install/local_setup.bash'
[4.966s] INFO:colcon.colcon_core.shell:Creating prefix chain script '/home/rajneesh/droplet_runner_ws/install/setup.bash'
[4.968s] INFO:colcon.colcon_core.shell:Creating prefix script '/home/rajneesh/droplet_runner_ws/install/local_setup.zsh'
[4.968s] INFO:colcon.colcon_core.shell:Creating prefix chain script '/home/rajneesh/droplet_runner_ws/install/setup.zsh'
