[0.902s] DEBUG:colcon:Command line arguments: ['/usr/bin/colcon', 'build']
[0.902s] DEBUG:colcon:Parsed command line arguments: Namespace(log_base=None, log_level=None, verb_name='build', build_base='build', install_base='install', merge_install=False, symlink_install=False, test_result_base=None, continue_on_error=False, executor='parallel', parallel_workers=8, event_handlers=None, ignore_user_meta=False, metas=['./colcon.meta'], base_paths=['.'], packages_ignore=None, packages_ignore_regex=None, paths=None, packages_up_to=None, packages_up_to_regex=None, packages_above=None, packages_above_and_dependencies=None, packages_above_depth=None, packages_select_by_dep=None, packages_skip_by_dep=None, packages_skip_up_to=None, packages_select_build_failed=False, packages_skip_build_finished=False, packages_select_test_failures=False, packages_skip_test_passed=False, packages_select=None, packages_skip=None, packages_select_regex=None, packages_skip_regex=None, packages_start=None, packages_end=None, allow_overriding=[], cmake_args=None, cmake_target=None, cmake_target_skip_unavailable=False, cmake_clean_cache=False, cmake_clean_first=False, cmake_force_configure=False, ament_cmake_args=None, catkin_cmake_args=None, catkin_skip_building_tests=False, mixin_files=None, mixin=None, verb_parser=<colcon_mixin.mixin.mixin_argument.MixinArgumentDecorator object at 0x7368cb45ab90>, verb_extension=<colcon_core.verb.build.BuildVerb object at 0x7368cb557b80>, main=<bound method BuildVerb.main of <colcon_core.verb.build.BuildVerb object at 0x7368cb557b80>>, mixin_verb=('build',))
[4.313s] Level 1:colcon.colcon_core.package_discovery:discover_packages(colcon_meta) check parameters
[4.313s] Level 1:colcon.colcon_core.package_discovery:discover_packages(recursive) check parameters
[4.313s] Level 1:colcon.colcon_core.package_discovery:discover_packages(ignore) check parameters
[4.313s] Level 1:colcon.colcon_core.package_discovery:discover_packages(path) check parameters
[4.313s] Level 1:colcon.colcon_core.package_discovery:discover_packages(colcon_meta) discover
[4.313s] Level 1:colcon.colcon_core.package_discovery:discover_packages(recursive) discover
[4.314s] INFO:colcon.colcon_core.package_discovery:Crawling recursively for packages in '/home/rajneesh/droplet_runner_ws'
[4.314s] Level 1:colcon.colcon_core.package_identification:_identify(.) by extensions ['ignore', 'ignore_ament_install']
[4.314s] Level 1:colcon.colcon_core.package_identification:_identify(.) by extension 'ignore'
[4.314s] Level 1:colcon.colcon_core.package_identification:_identify(.) by extension 'ignore_ament_install'
[4.314s] Level 1:colcon.colcon_core.package_identification:_identify(.) by extensions ['colcon_pkg']
[4.314s] Level 1:colcon.colcon_core.package_identification:_identify(.) by extension 'colcon_pkg'
[4.314s] Level 1:colcon.colcon_core.package_identification:_identify(.) by extensions ['colcon_meta']
[4.314s] Level 1:colcon.colcon_core.package_identification:_identify(.) by extension 'colcon_meta'
[4.315s] Level 1:colcon.colcon_core.package_identification:_identify(.) by extensions ['ros']
[4.315s] Level 1:colcon.colcon_core.package_identification:_identify(.) by extension 'ros'
[4.349s] Level 1:colcon.colcon_core.package_identification:_identify(.) by extensions ['cmake', 'python']
[4.349s] Level 1:colcon.colcon_core.package_identification:_identify(.) by extension 'cmake'
[4.349s] Level 1:colcon.colcon_core.package_identification:_identify(.) by extension 'python'
[4.349s] Level 1:colcon.colcon_core.package_identification:_identify(.) by extensions ['python_setup_py']
[4.349s] Level 1:colcon.colcon_core.package_identification:_identify(.) by extension 'python_setup_py'
[4.349s] Level 1:colcon.colcon_core.package_identification:_identify(action_logs) by extensions ['ignore', 'ignore_ament_install']
[4.349s] Level 1:colcon.colcon_core.package_identification:_identify(action_logs) by extension 'ignore'
[4.350s] Level 1:colcon.colcon_core.package_identification:_identify(action_logs) by extension 'ignore_ament_install'
[4.350s] Level 1:colcon.colcon_core.package_identification:_identify(action_logs) by extensions ['colcon_pkg']
[4.350s] Level 1:colcon.colcon_core.package_identification:_identify(action_logs) by extension 'colcon_pkg'
[4.350s] Level 1:colcon.colcon_core.package_identification:_identify(action_logs) by extensions ['colcon_meta']
[4.350s] Level 1:colcon.colcon_core.package_identification:_identify(action_logs) by extension 'colcon_meta'
[4.350s] Level 1:colcon.colcon_core.package_identification:_identify(action_logs) by extensions ['ros']
[4.350s] Level 1:colcon.colcon_core.package_identification:_identify(action_logs) by extension 'ros'
[4.350s] Level 1:colcon.colcon_core.package_identification:_identify(action_logs) by extensions ['cmake', 'python']
[4.350s] Level 1:colcon.colcon_core.package_identification:_identify(action_logs) by extension 'cmake'
[4.350s] Level 1:colcon.colcon_core.package_identification:_identify(action_logs) by extension 'python'
[4.350s] Level 1:colcon.colcon_core.package_identification:_identify(action_logs) by extensions ['python_setup_py']
[4.350s] Level 1:colcon.colcon_core.package_identification:_identify(action_logs) by extension 'python_setup_py'
[4.351s] Level 1:colcon.colcon_core.package_identification:_identify(action_logs/old videos) by extensions ['ignore', 'ignore_ament_install']
[4.351s] Level 1:colcon.colcon_core.package_identification:_identify(action_logs/old videos) by extension 'ignore'
[4.351s] Level 1:colcon.colcon_core.package_identification:_identify(action_logs/old videos) by extension 'ignore_ament_install'
[4.351s] Level 1:colcon.colcon_core.package_identification:_identify(action_logs/old videos) by extensions ['colcon_pkg']
[4.351s] Level 1:colcon.colcon_core.package_identification:_identify(action_logs/old videos) by extension 'colcon_pkg'
[4.351s] Level 1:colcon.colcon_core.package_identification:_identify(action_logs/old videos) by extensions ['colcon_meta']
[4.351s] Level 1:colcon.colcon_core.package_identification:_identify(action_logs/old videos) by extension 'colcon_meta'
[4.351s] Level 1:colcon.colcon_core.package_identification:_identify(action_logs/old videos) by extensions ['ros']
[4.351s] Level 1:colcon.colcon_core.package_identification:_identify(action_logs/old videos) by extension 'ros'
[4.351s] Level 1:colcon.colcon_core.package_identification:_identify(action_logs/old videos) by extensions ['cmake', 'python']
[4.351s] Level 1:colcon.colcon_core.package_identification:_identify(action_logs/old videos) by extension 'cmake'
[4.351s] Level 1:colcon.colcon_core.package_identification:_identify(action_logs/old videos) by extension 'python'
[4.351s] Level 1:colcon.colcon_core.package_identification:_identify(action_logs/old videos) by extensions ['python_setup_py']
[4.351s] Level 1:colcon.colcon_core.package_identification:_identify(action_logs/old videos) by extension 'python_setup_py'
[4.352s] Level 1:colcon.colcon_core.package_identification:_identify(build) by extensions ['ignore', 'ignore_ament_install']
[4.352s] Level 1:colcon.colcon_core.package_identification:_identify(build) by extension 'ignore'
[4.352s] Level 1:colcon.colcon_core.package_identification:_identify(build) ignored
[4.352s] Level 1:colcon.colcon_core.package_identification:_identify(episode for outL) by extensions ['ignore', 'ignore_ament_install']
[4.352s] Level 1:colcon.colcon_core.package_identification:_identify(episode for outL) by extension 'ignore'
[4.352s] Level 1:colcon.colcon_core.package_identification:_identify(episode for outL) by extension 'ignore_ament_install'
[4.352s] Level 1:colcon.colcon_core.package_identification:_identify(episode for outL) by extensions ['colcon_pkg']
[4.352s] Level 1:colcon.colcon_core.package_identification:_identify(episode for outL) by extension 'colcon_pkg'
[4.352s] Level 1:colcon.colcon_core.package_identification:_identify(episode for outL) by extensions ['colcon_meta']
[4.352s] Level 1:colcon.colcon_core.package_identification:_identify(episode for outL) by extension 'colcon_meta'
[4.352s] Level 1:colcon.colcon_core.package_identification:_identify(episode for outL) by extensions ['ros']
[4.352s] Level 1:colcon.colcon_core.package_identification:_identify(episode for outL) by extension 'ros'
[4.352s] Level 1:colcon.colcon_core.package_identification:_identify(episode for outL) by extensions ['cmake', 'python']
[4.352s] Level 1:colcon.colcon_core.package_identification:_identify(episode for outL) by extension 'cmake'
[4.353s] Level 1:colcon.colcon_core.package_identification:_identify(episode for outL) by extension 'python'
[4.353s] Level 1:colcon.colcon_core.package_identification:_identify(episode for outL) by extensions ['python_setup_py']
[4.353s] Level 1:colcon.colcon_core.package_identification:_identify(episode for outL) by extension 'python_setup_py'
[4.353s] Level 1:colcon.colcon_core.package_identification:_identify(episode for outL/episodes after 100) by extensions ['ignore', 'ignore_ament_install']
[4.353s] Level 1:colcon.colcon_core.package_identification:_identify(episode for outL/episodes after 100) by extension 'ignore'
[4.353s] Level 1:colcon.colcon_core.package_identification:_identify(episode for outL/episodes after 100) by extension 'ignore_ament_install'
[4.353s] Level 1:colcon.colcon_core.package_identification:_identify(episode for outL/episodes after 100) by extensions ['colcon_pkg']
[4.353s] Level 1:colcon.colcon_core.package_identification:_identify(episode for outL/episodes after 100) by extension 'colcon_pkg'
[4.353s] Level 1:colcon.colcon_core.package_identification:_identify(episode for outL/episodes after 100) by extensions ['colcon_meta']
[4.353s] Level 1:colcon.colcon_core.package_identification:_identify(episode for outL/episodes after 100) by extension 'colcon_meta'
[4.353s] Level 1:colcon.colcon_core.package_identification:_identify(episode for outL/episodes after 100) by extensions ['ros']
[4.353s] Level 1:colcon.colcon_core.package_identification:_identify(episode for outL/episodes after 100) by extension 'ros'
[4.353s] Level 1:colcon.colcon_core.package_identification:_identify(episode for outL/episodes after 100) by extensions ['cmake', 'python']
[4.353s] Level 1:colcon.colcon_core.package_identification:_identify(episode for outL/episodes after 100) by extension 'cmake'
[4.353s] Level 1:colcon.colcon_core.package_identification:_identify(episode for outL/episodes after 100) by extension 'python'
[4.354s] Level 1:colcon.colcon_core.package_identification:_identify(episode for outL/episodes after 100) by extensions ['python_setup_py']
[4.354s] Level 1:colcon.colcon_core.package_identification:_identify(episode for outL/episodes after 100) by extension 'python_setup_py'
[4.354s] Level 1:colcon.colcon_core.package_identification:_identify(episode for outL/episodes after 50) by extensions ['ignore', 'ignore_ament_install']
[4.354s] Level 1:colcon.colcon_core.package_identification:_identify(episode for outL/episodes after 50) by extension 'ignore'
[4.354s] Level 1:colcon.colcon_core.package_identification:_identify(episode for outL/episodes after 50) by extension 'ignore_ament_install'
[4.354s] Level 1:colcon.colcon_core.package_identification:_identify(episode for outL/episodes after 50) by extensions ['colcon_pkg']
[4.354s] Level 1:colcon.colcon_core.package_identification:_identify(episode for outL/episodes after 50) by extension 'colcon_pkg'
[4.354s] Level 1:colcon.colcon_core.package_identification:_identify(episode for outL/episodes after 50) by extensions ['colcon_meta']
[4.354s] Level 1:colcon.colcon_core.package_identification:_identify(episode for outL/episodes after 50) by extension 'colcon_meta'
[4.354s] Level 1:colcon.colcon_core.package_identification:_identify(episode for outL/episodes after 50) by extensions ['ros']
[4.354s] Level 1:colcon.colcon_core.package_identification:_identify(episode for outL/episodes after 50) by extension 'ros'
[4.354s] Level 1:colcon.colcon_core.package_identification:_identify(episode for outL/episodes after 50) by extensions ['cmake', 'python']
[4.354s] Level 1:colcon.colcon_core.package_identification:_identify(episode for outL/episodes after 50) by extension 'cmake'
[4.354s] Level 1:colcon.colcon_core.package_identification:_identify(episode for outL/episodes after 50) by extension 'python'
[4.354s] Level 1:colcon.colcon_core.package_identification:_identify(episode for outL/episodes after 50) by extensions ['python_setup_py']
[4.354s] Level 1:colcon.colcon_core.package_identification:_identify(episode for outL/episodes after 50) by extension 'python_setup_py'
[4.355s] Level 1:colcon.colcon_core.package_identification:_identify(episodes) by extensions ['ignore', 'ignore_ament_install']
[4.355s] Level 1:colcon.colcon_core.package_identification:_identify(episodes) by extension 'ignore'
[4.355s] Level 1:colcon.colcon_core.package_identification:_identify(episodes) by extension 'ignore_ament_install'
[4.355s] Level 1:colcon.colcon_core.package_identification:_identify(episodes) by extensions ['colcon_pkg']
[4.355s] Level 1:colcon.colcon_core.package_identification:_identify(episodes) by extension 'colcon_pkg'
[4.355s] Level 1:colcon.colcon_core.package_identification:_identify(episodes) by extensions ['colcon_meta']
[4.355s] Level 1:colcon.colcon_core.package_identification:_identify(episodes) by extension 'colcon_meta'
[4.355s] Level 1:colcon.colcon_core.package_identification:_identify(episodes) by extensions ['ros']
[4.355s] Level 1:colcon.colcon_core.package_identification:_identify(episodes) by extension 'ros'
[4.355s] Level 1:colcon.colcon_core.package_identification:_identify(episodes) by extensions ['cmake', 'python']
[4.355s] Level 1:colcon.colcon_core.package_identification:_identify(episodes) by extension 'cmake'
[4.355s] Level 1:colcon.colcon_core.package_identification:_identify(episodes) by extension 'python'
[4.355s] Level 1:colcon.colcon_core.package_identification:_identify(episodes) by extensions ['python_setup_py']
[4.355s] Level 1:colcon.colcon_core.package_identification:_identify(episodes) by extension 'python_setup_py'
[4.355s] Level 1:colcon.colcon_core.package_identification:_identify(episodes_Ishape) by extensions ['ignore', 'ignore_ament_install']
[4.356s] Level 1:colcon.colcon_core.package_identification:_identify(episodes_Ishape) by extension 'ignore'
[4.356s] Level 1:colcon.colcon_core.package_identification:_identify(episodes_Ishape) by extension 'ignore_ament_install'
[4.356s] Level 1:colcon.colcon_core.package_identification:_identify(episodes_Ishape) by extensions ['colcon_pkg']
[4.356s] Level 1:colcon.colcon_core.package_identification:_identify(episodes_Ishape) by extension 'colcon_pkg'
[4.356s] Level 1:colcon.colcon_core.package_identification:_identify(episodes_Ishape) by extensions ['colcon_meta']
[4.356s] Level 1:colcon.colcon_core.package_identification:_identify(episodes_Ishape) by extension 'colcon_meta'
[4.356s] Level 1:colcon.colcon_core.package_identification:_identify(episodes_Ishape) by extensions ['ros']
[4.356s] Level 1:colcon.colcon_core.package_identification:_identify(episodes_Ishape) by extension 'ros'
[4.356s] Level 1:colcon.colcon_core.package_identification:_identify(episodes_Ishape) by extensions ['cmake', 'python']
[4.356s] Level 1:colcon.colcon_core.package_identification:_identify(episodes_Ishape) by extension 'cmake'
[4.356s] Level 1:colcon.colcon_core.package_identification:_identify(episodes_Ishape) by extension 'python'
[4.356s] Level 1:colcon.colcon_core.package_identification:_identify(episodes_Ishape) by extensions ['python_setup_py']
[4.356s] Level 1:colcon.colcon_core.package_identification:_identify(episodes_Ishape) by extension 'python_setup_py'
[4.356s] Level 1:colcon.colcon_core.package_identification:_identify(episodes_Lshape) by extensions ['ignore', 'ignore_ament_install']
[4.357s] Level 1:colcon.colcon_core.package_identification:_identify(episodes_Lshape) by extension 'ignore'
[4.357s] Level 1:colcon.colcon_core.package_identification:_identify(episodes_Lshape) by extension 'ignore_ament_install'
[4.357s] Level 1:colcon.colcon_core.package_identification:_identify(episodes_Lshape) by extensions ['colcon_pkg']
[4.357s] Level 1:colcon.colcon_core.package_identification:_identify(episodes_Lshape) by extension 'colcon_pkg'
[4.357s] Level 1:colcon.colcon_core.package_identification:_identify(episodes_Lshape) by extensions ['colcon_meta']
[4.357s] Level 1:colcon.colcon_core.package_identification:_identify(episodes_Lshape) by extension 'colcon_meta'
[4.357s] Level 1:colcon.colcon_core.package_identification:_identify(episodes_Lshape) by extensions ['ros']
[4.357s] Level 1:colcon.colcon_core.package_identification:_identify(episodes_Lshape) by extension 'ros'
[4.357s] Level 1:colcon.colcon_core.package_identification:_identify(episodes_Lshape) by extensions ['cmake', 'python']
[4.357s] Level 1:colcon.colcon_core.package_identification:_identify(episodes_Lshape) by extension 'cmake'
[4.357s] Level 1:colcon.colcon_core.package_identification:_identify(episodes_Lshape) by extension 'python'
[4.357s] Level 1:colcon.colcon_core.package_identification:_identify(episodes_Lshape) by extensions ['python_setup_py']
[4.357s] Level 1:colcon.colcon_core.package_identification:_identify(episodes_Lshape) by extension 'python_setup_py'
[4.357s] Level 1:colcon.colcon_core.package_identification:_identify(install) by extensions ['ignore', 'ignore_ament_install']
[4.357s] Level 1:colcon.colcon_core.package_identification:_identify(install) by extension 'ignore'
[4.357s] Level 1:colcon.colcon_core.package_identification:_identify(install) ignored
[4.358s] Level 1:colcon.colcon_core.package_identification:_identify(log) by extensions ['ignore', 'ignore_ament_install']
[4.358s] Level 1:colcon.colcon_core.package_identification:_identify(log) by extension 'ignore'
[4.358s] Level 1:colcon.colcon_core.package_identification:_identify(log) ignored
[4.358s] Level 1:colcon.colcon_core.package_identification:_identify(mbrl_lshape_data) by extensions ['ignore', 'ignore_ament_install']
[4.358s] Level 1:colcon.colcon_core.package_identification:_identify(mbrl_lshape_data) by extension 'ignore'
[4.358s] Level 1:colcon.colcon_core.package_identification:_identify(mbrl_lshape_data) by extension 'ignore_ament_install'
[4.358s] Level 1:colcon.colcon_core.package_identification:_identify(mbrl_lshape_data) by extensions ['colcon_pkg']
[4.358s] Level 1:colcon.colcon_core.package_identification:_identify(mbrl_lshape_data) by extension 'colcon_pkg'
[4.358s] Level 1:colcon.colcon_core.package_identification:_identify(mbrl_lshape_data) by extensions ['colcon_meta']
[4.358s] Level 1:colcon.colcon_core.package_identification:_identify(mbrl_lshape_data) by extension 'colcon_meta'
[4.358s] Level 1:colcon.colcon_core.package_identification:_identify(mbrl_lshape_data) by extensions ['ros']
[4.358s] Level 1:colcon.colcon_core.package_identification:_identify(mbrl_lshape_data) by extension 'ros'
[4.358s] Level 1:colcon.colcon_core.package_identification:_identify(mbrl_lshape_data) by extensions ['cmake', 'python']
[4.358s] Level 1:colcon.colcon_core.package_identification:_identify(mbrl_lshape_data) by extension 'cmake'
[4.358s] Level 1:colcon.colcon_core.package_identification:_identify(mbrl_lshape_data) by extension 'python'
[4.358s] Level 1:colcon.colcon_core.package_identification:_identify(mbrl_lshape_data) by extensions ['python_setup_py']
[4.358s] Level 1:colcon.colcon_core.package_identification:_identify(mbrl_lshape_data) by extension 'python_setup_py'
[4.359s] Level 1:colcon.colcon_core.package_identification:_identify(pid_logs) by extensions ['ignore', 'ignore_ament_install']
[4.359s] Level 1:colcon.colcon_core.package_identification:_identify(pid_logs) by extension 'ignore'
[4.359s] Level 1:colcon.colcon_core.package_identification:_identify(pid_logs) by extension 'ignore_ament_install'
[4.359s] Level 1:colcon.colcon_core.package_identification:_identify(pid_logs) by extensions ['colcon_pkg']
[4.359s] Level 1:colcon.colcon_core.package_identification:_identify(pid_logs) by extension 'colcon_pkg'
[4.359s] Level 1:colcon.colcon_core.package_identification:_identify(pid_logs) by extensions ['colcon_meta']
[4.359s] Level 1:colcon.colcon_core.package_identification:_identify(pid_logs) by extension 'colcon_meta'
[4.359s] Level 1:colcon.colcon_core.package_identification:_identify(pid_logs) by extensions ['ros']
[4.359s] Level 1:colcon.colcon_core.package_identification:_identify(pid_logs) by extension 'ros'
[4.359s] Level 1:colcon.colcon_core.package_identification:_identify(pid_logs) by extensions ['cmake', 'python']
[4.359s] Level 1:colcon.colcon_core.package_identification:_identify(pid_logs) by extension 'cmake'
[4.359s] Level 1:colcon.colcon_core.package_identification:_identify(pid_logs) by extension 'python'
[4.360s] Level 1:colcon.colcon_core.package_identification:_identify(pid_logs) by extensions ['python_setup_py']
[4.360s] Level 1:colcon.colcon_core.package_identification:_identify(pid_logs) by extension 'python_setup_py'
[4.360s] Level 1:colcon.colcon_core.package_identification:_identify(pid_logs/old video) by extensions ['ignore', 'ignore_ament_install']
[4.360s] Level 1:colcon.colcon_core.package_identification:_identify(pid_logs/old video) by extension 'ignore'
[4.360s] Level 1:colcon.colcon_core.package_identification:_identify(pid_logs/old video) by extension 'ignore_ament_install'
[4.360s] Level 1:colcon.colcon_core.package_identification:_identify(pid_logs/old video) by extensions ['colcon_pkg']
[4.360s] Level 1:colcon.colcon_core.package_identification:_identify(pid_logs/old video) by extension 'colcon_pkg'
[4.360s] Level 1:colcon.colcon_core.package_identification:_identify(pid_logs/old video) by extensions ['colcon_meta']
[4.360s] Level 1:colcon.colcon_core.package_identification:_identify(pid_logs/old video) by extension 'colcon_meta'
[4.360s] Level 1:colcon.colcon_core.package_identification:_identify(pid_logs/old video) by extensions ['ros']
[4.360s] Level 1:colcon.colcon_core.package_identification:_identify(pid_logs/old video) by extension 'ros'
[4.360s] Level 1:colcon.colcon_core.package_identification:_identify(pid_logs/old video) by extensions ['cmake', 'python']
[4.360s] Level 1:colcon.colcon_core.package_identification:_identify(pid_logs/old video) by extension 'cmake'
[4.360s] Level 1:colcon.colcon_core.package_identification:_identify(pid_logs/old video) by extension 'python'
[4.360s] Level 1:colcon.colcon_core.package_identification:_identify(pid_logs/old video) by extensions ['python_setup_py']
[4.360s] Level 1:colcon.colcon_core.package_identification:_identify(pid_logs/old video) by extension 'python_setup_py'
[4.361s] Level 1:colcon.colcon_core.package_identification:_identify(policy) by extensions ['ignore', 'ignore_ament_install']
[4.361s] Level 1:colcon.colcon_core.package_identification:_identify(policy) by extension 'ignore'
[4.361s] Level 1:colcon.colcon_core.package_identification:_identify(policy) by extension 'ignore_ament_install'
[4.361s] Level 1:colcon.colcon_core.package_identification:_identify(policy) by extensions ['colcon_pkg']
[4.361s] Level 1:colcon.colcon_core.package_identification:_identify(policy) by extension 'colcon_pkg'
[4.361s] Level 1:colcon.colcon_core.package_identification:_identify(policy) by extensions ['colcon_meta']
[4.361s] Level 1:colcon.colcon_core.package_identification:_identify(policy) by extension 'colcon_meta'
[4.361s] Level 1:colcon.colcon_core.package_identification:_identify(policy) by extensions ['ros']
[4.361s] Level 1:colcon.colcon_core.package_identification:_identify(policy) by extension 'ros'
[4.361s] Level 1:colcon.colcon_core.package_identification:_identify(policy) by extensions ['cmake', 'python']
[4.361s] Level 1:colcon.colcon_core.package_identification:_identify(policy) by extension 'cmake'
[4.361s] Level 1:colcon.colcon_core.package_identification:_identify(policy) by extension 'python'
[4.361s] Level 1:colcon.colcon_core.package_identification:_identify(policy) by extensions ['python_setup_py']
[4.361s] Level 1:colcon.colcon_core.package_identification:_identify(policy) by extension 'python_setup_py'
[4.362s] Level 1:colcon.colcon_core.package_identification:_identify(policy/replay) by extensions ['ignore', 'ignore_ament_install']
[4.362s] Level 1:colcon.colcon_core.package_identification:_identify(policy/replay) by extension 'ignore'
[4.362s] Level 1:colcon.colcon_core.package_identification:_identify(policy/replay) by extension 'ignore_ament_install'
[4.362s] Level 1:colcon.colcon_core.package_identification:_identify(policy/replay) by extensions ['colcon_pkg']
[4.362s] Level 1:colcon.colcon_core.package_identification:_identify(policy/replay) by extension 'colcon_pkg'
[4.362s] Level 1:colcon.colcon_core.package_identification:_identify(policy/replay) by extensions ['colcon_meta']
[4.362s] Level 1:colcon.colcon_core.package_identification:_identify(policy/replay) by extension 'colcon_meta'
[4.362s] Level 1:colcon.colcon_core.package_identification:_identify(policy/replay) by extensions ['ros']
[4.362s] Level 1:colcon.colcon_core.package_identification:_identify(policy/replay) by extension 'ros'
[4.363s] Level 1:colcon.colcon_core.package_identification:_identify(policy/replay) by extensions ['cmake', 'python']
[4.363s] Level 1:colcon.colcon_core.package_identification:_identify(policy/replay) by extension 'cmake'
[4.363s] Level 1:colcon.colcon_core.package_identification:_identify(policy/replay) by extension 'python'
[4.363s] Level 1:colcon.colcon_core.package_identification:_identify(policy/replay) by extensions ['python_setup_py']
[4.363s] Level 1:colcon.colcon_core.package_identification:_identify(policy/replay) by extension 'python_setup_py'
[4.363s] Level 1:colcon.colcon_core.package_identification:_identify(src) by extensions ['ignore', 'ignore_ament_install']
[4.363s] Level 1:colcon.colcon_core.package_identification:_identify(src) by extension 'ignore'
[4.363s] Level 1:colcon.colcon_core.package_identification:_identify(src) by extension 'ignore_ament_install'
[4.363s] Level 1:colcon.colcon_core.package_identification:_identify(src) by extensions ['colcon_pkg']
[4.363s] Level 1:colcon.colcon_core.package_identification:_identify(src) by extension 'colcon_pkg'
[4.364s] Level 1:colcon.colcon_core.package_identification:_identify(src) by extensions ['colcon_meta']
[4.364s] Level 1:colcon.colcon_core.package_identification:_identify(src) by extension 'colcon_meta'
[4.364s] Level 1:colcon.colcon_core.package_identification:_identify(src) by extensions ['ros']
[4.364s] Level 1:colcon.colcon_core.package_identification:_identify(src) by extension 'ros'
[4.364s] Level 1:colcon.colcon_core.package_identification:_identify(src) by extensions ['cmake', 'python']
[4.364s] Level 1:colcon.colcon_core.package_identification:_identify(src) by extension 'cmake'
[4.364s] Level 1:colcon.colcon_core.package_identification:_identify(src) by extension 'python'
[4.364s] Level 1:colcon.colcon_core.package_identification:_identify(src) by extensions ['python_setup_py']
[4.364s] Level 1:colcon.colcon_core.package_identification:_identify(src) by extension 'python_setup_py'
[4.364s] Level 1:colcon.colcon_core.package_identification:_identify(src/droplet_camera) by extensions ['ignore', 'ignore_ament_install']
[4.365s] Level 1:colcon.colcon_core.package_identification:_identify(src/droplet_camera) by extension 'ignore'
[4.365s] Level 1:colcon.colcon_core.package_identification:_identify(src/droplet_camera) by extension 'ignore_ament_install'
[4.365s] Level 1:colcon.colcon_core.package_identification:_identify(src/droplet_camera) by extensions ['colcon_pkg']
[4.365s] Level 1:colcon.colcon_core.package_identification:_identify(src/droplet_camera) by extension 'colcon_pkg'
[4.365s] Level 1:colcon.colcon_core.package_identification:_identify(src/droplet_camera) by extensions ['colcon_meta']
[4.365s] Level 1:colcon.colcon_core.package_identification:_identify(src/droplet_camera) by extension 'colcon_meta'
[4.365s] Level 1:colcon.colcon_core.package_identification:_identify(src/droplet_camera) by extensions ['ros']
[4.365s] Level 1:colcon.colcon_core.package_identification:_identify(src/droplet_camera) by extension 'ros'
[4.402s] DEBUG:colcon.colcon_core.package_identification:Package 'src/droplet_camera' with type 'ros.ament_python' and name 'droplet_camera'
[4.402s] Level 1:colcon.colcon_core.package_identification:_identify(src/droplet_motor) by extensions ['ignore', 'ignore_ament_install']
[4.402s] Level 1:colcon.colcon_core.package_identification:_identify(src/droplet_motor) by extension 'ignore'
[4.402s] Level 1:colcon.colcon_core.package_identification:_identify(src/droplet_motor) by extension 'ignore_ament_install'
[4.402s] Level 1:colcon.colcon_core.package_identification:_identify(src/droplet_motor) by extensions ['colcon_pkg']
[4.402s] Level 1:colcon.colcon_core.package_identification:_identify(src/droplet_motor) by extension 'colcon_pkg'
[4.402s] Level 1:colcon.colcon_core.package_identification:_identify(src/droplet_motor) by extensions ['colcon_meta']
[4.402s] Level 1:colcon.colcon_core.package_identification:_identify(src/droplet_motor) by extension 'colcon_meta'
[4.402s] Level 1:colcon.colcon_core.package_identification:_identify(src/droplet_motor) by extensions ['ros']
[4.402s] Level 1:colcon.colcon_core.package_identification:_identify(src/droplet_motor) by extension 'ros'
[4.413s] DEBUG:colcon.colcon_core.package_identification:Package 'src/droplet_motor' with type 'ros.ament_python' and name 'droplet_motor'
[4.413s] Level 1:colcon.colcon_core.package_identification:_identify(src/droplet_state) by extensions ['ignore', 'ignore_ament_install']
[4.413s] Level 1:colcon.colcon_core.package_identification:_identify(src/droplet_state) by extension 'ignore'
[4.413s] Level 1:colcon.colcon_core.package_identification:_identify(src/droplet_state) by extension 'ignore_ament_install'
[4.413s] Level 1:colcon.colcon_core.package_identification:_identify(src/droplet_state) by extensions ['colcon_pkg']
[4.413s] Level 1:colcon.colcon_core.package_identification:_identify(src/droplet_state) by extension 'colcon_pkg'
[4.413s] Level 1:colcon.colcon_core.package_identification:_identify(src/droplet_state) by extensions ['colcon_meta']
[4.413s] Level 1:colcon.colcon_core.package_identification:_identify(src/droplet_state) by extension 'colcon_meta'
[4.413s] Level 1:colcon.colcon_core.package_identification:_identify(src/droplet_state) by extensions ['ros']
[4.413s] Level 1:colcon.colcon_core.package_identification:_identify(src/droplet_state) by extension 'ros'
[4.427s] DEBUG:colcon.colcon_core.package_identification:Package 'src/droplet_state' with type 'ros.ament_python' and name 'droplet_state'
[4.427s] Level 1:colcon.colcon_core.package_identification:_identify(vidoes) by extensions ['ignore', 'ignore_ament_install']
[4.428s] Level 1:colcon.colcon_core.package_identification:_identify(vidoes) by extension 'ignore'
[4.428s] Level 1:colcon.colcon_core.package_identification:_identify(vidoes) by extension 'ignore_ament_install'
[4.428s] Level 1:colcon.colcon_core.package_identification:_identify(vidoes) by extensions ['colcon_pkg']
[4.428s] Level 1:colcon.colcon_core.package_identification:_identify(vidoes) by extension 'colcon_pkg'
[4.428s] Level 1:colcon.colcon_core.package_identification:_identify(vidoes) by extensions ['colcon_meta']
[4.428s] Level 1:colcon.colcon_core.package_identification:_identify(vidoes) by extension 'colcon_meta'
[4.428s] Level 1:colcon.colcon_core.package_identification:_identify(vidoes) by extensions ['ros']
[4.428s] Level 1:colcon.colcon_core.package_identification:_identify(vidoes) by extension 'ros'
[4.428s] Level 1:colcon.colcon_core.package_identification:_identify(vidoes) by extensions ['cmake', 'python']
[4.428s] Level 1:colcon.colcon_core.package_identification:_identify(vidoes) by extension 'cmake'
[4.428s] Level 1:colcon.colcon_core.package_identification:_identify(vidoes) by extension 'python'
[4.429s] Level 1:colcon.colcon_core.package_identification:_identify(vidoes) by extensions ['python_setup_py']
[4.429s] Level 1:colcon.colcon_core.package_identification:_identify(vidoes) by extension 'python_setup_py'
[4.429s] Level 1:colcon.colcon_core.package_identification:_identify(vidoes/L shape) by extensions ['ignore', 'ignore_ament_install']
[4.429s] Level 1:colcon.colcon_core.package_identification:_identify(vidoes/L shape) by extension 'ignore'
[4.429s] Level 1:colcon.colcon_core.package_identification:_identify(vidoes/L shape) by extension 'ignore_ament_install'
[4.429s] Level 1:colcon.colcon_core.package_identification:_identify(vidoes/L shape) by extensions ['colcon_pkg']
[4.429s] Level 1:colcon.colcon_core.package_identification:_identify(vidoes/L shape) by extension 'colcon_pkg'
[4.429s] Level 1:colcon.colcon_core.package_identification:_identify(vidoes/L shape) by extensions ['colcon_meta']
[4.429s] Level 1:colcon.colcon_core.package_identification:_identify(vidoes/L shape) by extension 'colcon_meta'
[4.429s] Level 1:colcon.colcon_core.package_identification:_identify(vidoes/L shape) by extensions ['ros']
[4.429s] Level 1:colcon.colcon_core.package_identification:_identify(vidoes/L shape) by extension 'ros'
[4.430s] Level 1:colcon.colcon_core.package_identification:_identify(vidoes/L shape) by extensions ['cmake', 'python']
[4.430s] Level 1:colcon.colcon_core.package_identification:_identify(vidoes/L shape) by extension 'cmake'
[4.430s] Level 1:colcon.colcon_core.package_identification:_identify(vidoes/L shape) by extension 'python'
[4.430s] Level 1:colcon.colcon_core.package_identification:_identify(vidoes/L shape) by extensions ['python_setup_py']
[4.430s] Level 1:colcon.colcon_core.package_identification:_identify(vidoes/L shape) by extension 'python_setup_py'
[4.430s] Level 1:colcon.colcon_core.package_discovery:discover_packages(recursive) using defaults
[4.430s] Level 1:colcon.colcon_core.package_discovery:discover_packages(ignore) discover
[4.430s] Level 1:colcon.colcon_core.package_discovery:discover_packages(ignore) using defaults
[4.430s] Level 1:colcon.colcon_core.package_discovery:discover_packages(path) discover
[4.430s] Level 1:colcon.colcon_core.package_discovery:discover_packages(path) using defaults
[4.562s] Level 1:colcon.colcon_core.package_discovery:discover_packages(prefix_path) check parameters
[4.562s] Level 1:colcon.colcon_core.package_discovery:discover_packages(prefix_path) discover
[4.576s] DEBUG:colcon.colcon_installed_package_information.package_discovery:Found 3 installed packages in /home/rajneesh/droplet_runner_ws/install
[4.578s] DEBUG:colcon.colcon_installed_package_information.package_discovery:Found 284 installed packages in /opt/ros/humble
[4.580s] Level 1:colcon.colcon_core.package_discovery:discover_packages(prefix_path) using defaults
[4.673s] Level 5:colcon.colcon_core.verb:set package 'droplet_camera' build argument 'cmake_args' from command line to 'None'
[4.673s] Level 5:colcon.colcon_core.verb:set package 'droplet_camera' build argument 'cmake_target' from command line to 'None'
[4.673s] Level 5:colcon.colcon_core.verb:set package 'droplet_camera' build argument 'cmake_target_skip_unavailable' from command line to 'False'
[4.673s] Level 5:colcon.colcon_core.verb:set package 'droplet_camera' build argument 'cmake_clean_cache' from command line to 'False'
[4.673s] Level 5:colcon.colcon_core.verb:set package 'droplet_camera' build argument 'cmake_clean_first' from command line to 'False'
[4.673s] Level 5:colcon.colcon_core.verb:set package 'droplet_camera' build argument 'cmake_force_configure' from command line to 'False'
[4.673s] Level 5:colcon.colcon_core.verb:set package 'droplet_camera' build argument 'ament_cmake_args' from command line to 'None'
[4.674s] Level 5:colcon.colcon_core.verb:set package 'droplet_camera' build argument 'catkin_cmake_args' from command line to 'None'
[4.674s] Level 5:colcon.colcon_core.verb:set package 'droplet_camera' build argument 'catkin_skip_building_tests' from command line to 'False'
[4.674s] DEBUG:colcon.colcon_core.verb:Building package 'droplet_camera' with the following arguments: {'ament_cmake_args': None, 'build_base': '/home/rajneesh/droplet_runner_ws/build/droplet_camera', 'catkin_cmake_args': None, 'catkin_skip_building_tests': False, 'cmake_args': None, 'cmake_clean_cache': False, 'cmake_clean_first': False, 'cmake_force_configure': False, 'cmake_target': None, 'cmake_target_skip_unavailable': False, 'install_base': '/home/rajneesh/droplet_runner_ws/install/droplet_camera', 'merge_install': False, 'path': '/home/rajneesh/droplet_runner_ws/src/droplet_camera', 'symlink_install': False, 'test_result_base': None}
[4.674s] Level 5:colcon.colcon_core.verb:set package 'droplet_motor' build argument 'cmake_args' from command line to 'None'
[4.674s] Level 5:colcon.colcon_core.verb:set package 'droplet_motor' build argument 'cmake_target' from command line to 'None'
[4.674s] Level 5:colcon.colcon_core.verb:set package 'droplet_motor' build argument 'cmake_target_skip_unavailable' from command line to 'False'
[4.675s] Level 5:colcon.colcon_core.verb:set package 'droplet_motor' build argument 'cmake_clean_cache' from command line to 'False'
[4.675s] Level 5:colcon.colcon_core.verb:set package 'droplet_motor' build argument 'cmake_clean_first' from command line to 'False'
[4.675s] Level 5:colcon.colcon_core.verb:set package 'droplet_motor' build argument 'cmake_force_configure' from command line to 'False'
[4.675s] Level 5:colcon.colcon_core.verb:set package 'droplet_motor' build argument 'ament_cmake_args' from command line to 'None'
[4.675s] Level 5:colcon.colcon_core.verb:set package 'droplet_motor' build argument 'catkin_cmake_args' from command line to 'None'
[4.675s] Level 5:colcon.colcon_core.verb:set package 'droplet_motor' build argument 'catkin_skip_building_tests' from command line to 'False'
[4.675s] DEBUG:colcon.colcon_core.verb:Building package 'droplet_motor' with the following arguments: {'ament_cmake_args': None, 'build_base': '/home/rajneesh/droplet_runner_ws/build/droplet_motor', 'catkin_cmake_args': None, 'catkin_skip_building_tests': False, 'cmake_args': None, 'cmake_clean_cache': False, 'cmake_clean_first': False, 'cmake_force_configure': False, 'cmake_target': None, 'cmake_target_skip_unavailable': False, 'install_base': '/home/rajneesh/droplet_runner_ws/install/droplet_motor', 'merge_install': False, 'path': '/home/rajneesh/droplet_runner_ws/src/droplet_motor', 'symlink_install': False, 'test_result_base': None}
[4.676s] Level 5:colcon.colcon_core.verb:set package 'droplet_state' build argument 'cmake_args' from command line to 'None'
[4.676s] Level 5:colcon.colcon_core.verb:set package 'droplet_state' build argument 'cmake_target' from command line to 'None'
[4.676s] Level 5:colcon.colcon_core.verb:set package 'droplet_state' build argument 'cmake_target_skip_unavailable' from command line to 'False'
[4.676s] Level 5:colcon.colcon_core.verb:set package 'droplet_state' build argument 'cmake_clean_cache' from command line to 'False'
[4.676s] Level 5:colcon.colcon_core.verb:set package 'droplet_state' build argument 'cmake_clean_first' from command line to 'False'
[4.676s] Level 5:colcon.colcon_core.verb:set package 'droplet_state' build argument 'cmake_force_configure' from command line to 'False'
[4.676s] Level 5:colcon.colcon_core.verb:set package 'droplet_state' build argument 'ament_cmake_args' from command line to 'None'
[4.676s] Level 5:colcon.colcon_core.verb:set package 'droplet_state' build argument 'catkin_cmake_args' from command line to 'None'
[4.676s] Level 5:colcon.colcon_core.verb:set package 'droplet_state' build argument 'catkin_skip_building_tests' from command line to 'False'
[4.676s] DEBUG:colcon.colcon_core.verb:Building package 'droplet_state' with the following arguments: {'ament_cmake_args': None, 'build_base': '/home/rajneesh/droplet_runner_ws/build/droplet_state', 'catkin_cmake_args': None, 'catkin_skip_building_tests': False, 'cmake_args': None, 'cmake_clean_cache': False, 'cmake_clean_first': False, 'cmake_force_configure': False, 'cmake_target': None, 'cmake_target_skip_unavailable': False, 'install_base': '/home/rajneesh/droplet_runner_ws/install/droplet_state', 'merge_install': False, 'path': '/home/rajneesh/droplet_runner_ws/src/droplet_state', 'symlink_install': False, 'test_result_base': None}
[4.676s] INFO:colcon.colcon_core.executor:Executing jobs using 'parallel' executor
[4.678s] DEBUG:colcon.colcon_parallel_executor.executor.parallel:run_until_complete
[4.678s] INFO:colcon.colcon_ros.task.ament_python.build:Building ROS package in '/home/rajneesh/droplet_runner_ws/src/droplet_camera' with build type 'ament_python'
[4.679s] Level 1:colcon.colcon_core.shell:create_environment_hook('droplet_camera', 'ament_prefix_path')
[4.705s] INFO:colcon.colcon_core.plugin_system:Skipping extension 'colcon_core.shell.bat': Not used on non-Windows systems
[4.706s] INFO:colcon.colcon_core.shell:Creating environment hook '/home/rajneesh/droplet_runner_ws/install/droplet_camera/share/droplet_camera/hook/ament_prefix_path.ps1'
[4.708s] INFO:colcon.colcon_core.shell:Creating environment descriptor '/home/rajneesh/droplet_runner_ws/install/droplet_camera/share/droplet_camera/hook/ament_prefix_path.dsv'
[4.723s] INFO:colcon.colcon_core.shell:Creating environment hook '/home/rajneesh/droplet_runner_ws/install/droplet_camera/share/droplet_camera/hook/ament_prefix_path.sh'
[4.724s] INFO:colcon.colcon_core.shell:Skip shell extension 'powershell' for command environment: Not usable outside of PowerShell
[4.724s] DEBUG:colcon.colcon_core.shell:Skip shell extension 'dsv' for command environment
[4.730s] INFO:colcon.colcon_ros.task.ament_python.build:Building ROS package in '/home/rajneesh/droplet_runner_ws/src/droplet_motor' with build type 'ament_python'
[4.730s] Level 1:colcon.colcon_core.shell:create_environment_hook('droplet_motor', 'ament_prefix_path')
[4.731s] INFO:colcon.colcon_core.shell:Creating environment hook '/home/rajneesh/droplet_runner_ws/install/droplet_motor/share/droplet_motor/hook/ament_prefix_path.ps1'
[4.731s] INFO:colcon.colcon_core.shell:Creating environment descriptor '/home/rajneesh/droplet_runner_ws/install/droplet_motor/share/droplet_motor/hook/ament_prefix_path.dsv'
[4.732s] INFO:colcon.colcon_core.shell:Creating environment hook '/home/rajneesh/droplet_runner_ws/install/droplet_motor/share/droplet_motor/hook/ament_prefix_path.sh'
[4.732s] INFO:colcon.colcon_core.shell:Skip shell extension 'powershell' for command environment: Not usable outside of PowerShell
[4.732s] DEBUG:colcon.colcon_core.shell:Skip shell extension 'dsv' for command environment
[4.736s] INFO:colcon.colcon_ros.task.ament_python.build:Building ROS package in '/home/rajneesh/droplet_runner_ws/src/droplet_state' with build type 'ament_python'
[4.736s] Level 1:colcon.colcon_core.shell:create_environment_hook('droplet_state', 'ament_prefix_path')
[4.736s] INFO:colcon.colcon_core.shell:Creating environment hook '/home/rajneesh/droplet_runner_ws/install/droplet_state/share/droplet_state/hook/ament_prefix_path.ps1'
[4.737s] INFO:colcon.colcon_core.shell:Creating environment descriptor '/home/rajneesh/droplet_runner_ws/install/droplet_state/share/droplet_state/hook/ament_prefix_path.dsv'
[4.737s] INFO:colcon.colcon_core.shell:Creating environment hook '/home/rajneesh/droplet_runner_ws/install/droplet_state/share/droplet_state/hook/ament_prefix_path.sh'
[4.738s] INFO:colcon.colcon_core.shell:Skip shell extension 'powershell' for command environment: Not usable outside of PowerShell
[4.738s] DEBUG:colcon.colcon_core.shell:Skip shell extension 'dsv' for command environment
[5.082s] INFO:colcon.colcon_core.task.python.build:Building Python package in '/home/rajneesh/droplet_runner_ws/src/droplet_camera'
[5.082s] INFO:colcon.colcon_core.shell:Skip shell extension 'powershell' for command environment: Not usable outside of PowerShell
[5.082s] DEBUG:colcon.colcon_core.shell:Skip shell extension 'dsv' for command environment
[5.416s] INFO:colcon.colcon_core.task.python.build:Building Python package in '/home/rajneesh/droplet_runner_ws/src/droplet_motor'
[5.417s] INFO:colcon.colcon_core.shell:Skip shell extension 'powershell' for command environment: Not usable outside of PowerShell
[5.417s] DEBUG:colcon.colcon_core.shell:Skip shell extension 'dsv' for command environment
[5.873s] INFO:colcon.colcon_core.task.python.build:Building Python package in '/home/rajneesh/droplet_runner_ws/src/droplet_state'
[5.874s] INFO:colcon.colcon_core.shell:Skip shell extension 'powershell' for command environment: Not usable outside of PowerShell
[5.874s] DEBUG:colcon.colcon_core.shell:Skip shell extension 'dsv' for command environment
[7.215s] DEBUG:colcon.colcon_core.event_handler.log_command:Invoking command in '/home/rajneesh/droplet_runner_ws/src/droplet_camera': CONDA_PROMPT_MODIFIER=(base) PYTHONPATH=/home/rajneesh/droplet_runner_ws/build/droplet_camera/prefix_override:/usr/lib/python3/dist-packages/colcon_core/task/python/colcon_distutils_commands:/home/rajneesh/droplet_runner_ws/install/droplet_camera/lib/python3.10/site-packages:${PYTHONPATH} /usr/bin/python3 -W ignore:setup.py install is deprecated -W ignore:easy_install command is deprecated setup.py egg_info --egg-base ../../build/droplet_camera build --build-base /home/rajneesh/droplet_runner_ws/build/droplet_camera/build install --record /home/rajneesh/droplet_runner_ws/build/droplet_camera/install.log --single-version-externally-managed install_data
[7.246s] DEBUG:colcon.colcon_core.event_handler.log_command:Invoking command in '/home/rajneesh/droplet_runner_ws/src/droplet_state': CONDA_PROMPT_MODIFIER=(base) PYTHONPATH=/home/rajneesh/droplet_runner_ws/build/droplet_state/prefix_override:/usr/lib/python3/dist-packages/colcon_core/task/python/colcon_distutils_commands:/home/rajneesh/droplet_runner_ws/install/droplet_state/lib/python3.10/site-packages:${PYTHONPATH} /usr/bin/python3 -W ignore:setup.py install is deprecated -W ignore:easy_install command is deprecated setup.py egg_info --egg-base ../../build/droplet_state build --build-base /home/rajneesh/droplet_runner_ws/build/droplet_state/build install --record /home/rajneesh/droplet_runner_ws/build/droplet_state/install.log --single-version-externally-managed install_data
[7.252s] DEBUG:colcon.colcon_core.event_handler.log_command:Invoking command in '/home/rajneesh/droplet_runner_ws/src/droplet_motor': CONDA_PROMPT_MODIFIER=(base) PYTHONPATH=/home/rajneesh/droplet_runner_ws/build/droplet_motor/prefix_override:/usr/lib/python3/dist-packages/colcon_core/task/python/colcon_distutils_commands:/home/rajneesh/droplet_runner_ws/install/droplet_motor/lib/python3.10/site-packages:${PYTHONPATH} /usr/bin/python3 -W ignore:setup.py install is deprecated -W ignore:easy_install command is deprecated setup.py egg_info --egg-base ../../build/droplet_motor build --build-base /home/rajneesh/droplet_runner_ws/build/droplet_motor/build install --record /home/rajneesh/droplet_runner_ws/build/droplet_motor/install.log --single-version-externally-managed install_data
[7.816s] DEBUG:colcon.colcon_core.event_handler.log_command:Invoked command in '/home/rajneesh/droplet_runner_ws/src/droplet_state' returned '0': CONDA_PROMPT_MODIFIER=(base) PYTHONPATH=/home/rajneesh/droplet_runner_ws/build/droplet_state/prefix_override:/usr/lib/python3/dist-packages/colcon_core/task/python/colcon_distutils_commands:/home/rajneesh/droplet_runner_ws/install/droplet_state/lib/python3.10/site-packages:${PYTHONPATH} /usr/bin/python3 -W ignore:setup.py install is deprecated -W ignore:easy_install command is deprecated setup.py egg_info --egg-base ../../build/droplet_state build --build-base /home/rajneesh/droplet_runner_ws/build/droplet_state/build install --record /home/rajneesh/droplet_runner_ws/build/droplet_state/install.log --single-version-externally-managed install_data
[7.883s] Level 1:colcon.colcon_core.environment:checking '/home/rajneesh/droplet_runner_ws/install/droplet_state' for CMake module files
[7.884s] Level 1:colcon.colcon_core.environment:checking '/home/rajneesh/droplet_runner_ws/install/droplet_state' for CMake config files
[7.886s] Level 1:colcon.colcon_core.environment:checking '/home/rajneesh/droplet_runner_ws/install/droplet_state/lib'
[7.886s] Level 1:colcon.colcon_core.environment:checking '/home/rajneesh/droplet_runner_ws/install/droplet_state/bin'
[7.886s] Level 1:colcon.colcon_core.environment:checking '/home/rajneesh/droplet_runner_ws/install/droplet_state/lib/pkgconfig/droplet_state.pc'
[7.887s] Level 1:colcon.colcon_core.environment:checking '/home/rajneesh/droplet_runner_ws/install/droplet_state/lib/python3.10/site-packages'
[7.887s] Level 1:colcon.colcon_core.shell:create_environment_hook('droplet_state', 'pythonpath')
[7.887s] INFO:colcon.colcon_core.shell:Creating environment hook '/home/rajneesh/droplet_runner_ws/install/droplet_state/share/droplet_state/hook/pythonpath.ps1'
[7.888s] INFO:colcon.colcon_core.shell:Creating environment descriptor '/home/rajneesh/droplet_runner_ws/install/droplet_state/share/droplet_state/hook/pythonpath.dsv'
[7.889s] INFO:colcon.colcon_core.shell:Creating environment hook '/home/rajneesh/droplet_runner_ws/install/droplet_state/share/droplet_state/hook/pythonpath.sh'
[7.890s] Level 1:colcon.colcon_core.environment:checking '/home/rajneesh/droplet_runner_ws/install/droplet_state/bin'
[7.890s] Level 1:colcon.colcon_core.environment:create_environment_scripts_only(droplet_state)
[7.890s] INFO:colcon.colcon_core.shell:Creating package script '/home/rajneesh/droplet_runner_ws/install/droplet_state/share/droplet_state/package.ps1'
[7.891s] INFO:colcon.colcon_core.shell:Creating package descriptor '/home/rajneesh/droplet_runner_ws/install/droplet_state/share/droplet_state/package.dsv'
[7.892s] INFO:colcon.colcon_core.shell:Creating package script '/home/rajneesh/droplet_runner_ws/install/droplet_state/share/droplet_state/package.sh'
[7.893s] INFO:colcon.colcon_core.shell:Creating package script '/home/rajneesh/droplet_runner_ws/install/droplet_state/share/droplet_state/package.bash'
[7.895s] INFO:colcon.colcon_core.shell:Creating package script '/home/rajneesh/droplet_runner_ws/install/droplet_state/share/droplet_state/package.zsh'
[7.896s] Level 1:colcon.colcon_core.environment:create_file_with_runtime_dependencies(/home/rajneesh/droplet_runner_ws/install/droplet_state/share/colcon-core/packages/droplet_state)
[7.897s] Level 1:colcon.colcon_core.environment:checking '/home/rajneesh/droplet_runner_ws/install/droplet_motor' for CMake module files
[7.898s] DEBUG:colcon.colcon_core.event_handler.log_command:Invoked command in '/home/rajneesh/droplet_runner_ws/src/droplet_motor' returned '0': CONDA_PROMPT_MODIFIER=(base) PYTHONPATH=/home/rajneesh/droplet_runner_ws/build/droplet_motor/prefix_override:/usr/lib/python3/dist-packages/colcon_core/task/python/colcon_distutils_commands:/home/rajneesh/droplet_runner_ws/install/droplet_motor/lib/python3.10/site-packages:${PYTHONPATH} /usr/bin/python3 -W ignore:setup.py install is deprecated -W ignore:easy_install command is deprecated setup.py egg_info --egg-base ../../build/droplet_motor build --build-base /home/rajneesh/droplet_runner_ws/build/droplet_motor/build install --record /home/rajneesh/droplet_runner_ws/build/droplet_motor/install.log --single-version-externally-managed install_data
[7.898s] Level 1:colcon.colcon_core.environment:checking '/home/rajneesh/droplet_runner_ws/install/droplet_motor' for CMake config files
[7.899s] Level 1:colcon.colcon_core.environment:checking '/home/rajneesh/droplet_runner_ws/install/droplet_motor/lib'
[7.899s] Level 1:colcon.colcon_core.environment:checking '/home/rajneesh/droplet_runner_ws/install/droplet_motor/bin'
[7.899s] Level 1:colcon.colcon_core.environment:checking '/home/rajneesh/droplet_runner_ws/install/droplet_motor/lib/pkgconfig/droplet_motor.pc'
[7.899s] Level 1:colcon.colcon_core.environment:checking '/home/rajneesh/droplet_runner_ws/install/droplet_motor/lib/python3.10/site-packages'
[7.899s] Level 1:colcon.colcon_core.shell:create_environment_hook('droplet_motor', 'pythonpath')
[7.900s] INFO:colcon.colcon_core.shell:Creating environment hook '/home/rajneesh/droplet_runner_ws/install/droplet_motor/share/droplet_motor/hook/pythonpath.ps1'
[7.900s] INFO:colcon.colcon_core.shell:Creating environment descriptor '/home/rajneesh/droplet_runner_ws/install/droplet_motor/share/droplet_motor/hook/pythonpath.dsv'
[7.901s] INFO:colcon.colcon_core.shell:Creating environment hook '/home/rajneesh/droplet_runner_ws/install/droplet_motor/share/droplet_motor/hook/pythonpath.sh'
[7.901s] Level 1:colcon.colcon_core.environment:checking '/home/rajneesh/droplet_runner_ws/install/droplet_motor/bin'
[7.901s] Level 1:colcon.colcon_core.environment:create_environment_scripts_only(droplet_motor)
[7.902s] INFO:colcon.colcon_core.shell:Creating package script '/home/rajneesh/droplet_runner_ws/install/droplet_motor/share/droplet_motor/package.ps1'
[7.902s] INFO:colcon.colcon_core.shell:Creating package descriptor '/home/rajneesh/droplet_runner_ws/install/droplet_motor/share/droplet_motor/package.dsv'
[7.903s] INFO:colcon.colcon_core.shell:Creating package script '/home/rajneesh/droplet_runner_ws/install/droplet_motor/share/droplet_motor/package.sh'
[7.903s] INFO:colcon.colcon_core.shell:Creating package script '/home/rajneesh/droplet_runner_ws/install/droplet_motor/share/droplet_motor/package.bash'
[7.903s] INFO:colcon.colcon_core.shell:Creating package script '/home/rajneesh/droplet_runner_ws/install/droplet_motor/share/droplet_motor/package.zsh'
[7.904s] Level 1:colcon.colcon_core.environment:create_file_with_runtime_dependencies(/home/rajneesh/droplet_runner_ws/install/droplet_motor/share/colcon-core/packages/droplet_motor)
[7.905s] Level 1:colcon.colcon_core.environment:checking '/home/rajneesh/droplet_runner_ws/install/droplet_camera' for CMake module files
[7.906s] DEBUG:colcon.colcon_core.event_handler.log_command:Invoked command in '/home/rajneesh/droplet_runner_ws/src/droplet_camera' returned '0': CONDA_PROMPT_MODIFIER=(base) PYTHONPATH=/home/rajneesh/droplet_runner_ws/build/droplet_camera/prefix_override:/usr/lib/python3/dist-packages/colcon_core/task/python/colcon_distutils_commands:/home/rajneesh/droplet_runner_ws/install/droplet_camera/lib/python3.10/site-packages:${PYTHONPATH} /usr/bin/python3 -W ignore:setup.py install is deprecated -W ignore:easy_install command is deprecated setup.py egg_info --egg-base ../../build/droplet_camera build --build-base /home/rajneesh/droplet_runner_ws/build/droplet_camera/build install --record /home/rajneesh/droplet_runner_ws/build/droplet_camera/install.log --single-version-externally-managed install_data
[7.906s] Level 1:colcon.colcon_core.environment:checking '/home/rajneesh/droplet_runner_ws/install/droplet_camera' for CMake config files
[7.907s] Level 1:colcon.colcon_core.environment:checking '/home/rajneesh/droplet_runner_ws/install/droplet_camera/lib'
[7.907s] Level 1:colcon.colcon_core.environment:checking '/home/rajneesh/droplet_runner_ws/install/droplet_camera/bin'
[7.907s] Level 1:colcon.colcon_core.environment:checking '/home/rajneesh/droplet_runner_ws/install/droplet_camera/lib/pkgconfig/droplet_camera.pc'
[7.907s] Level 1:colcon.colcon_core.environment:checking '/home/rajneesh/droplet_runner_ws/install/droplet_camera/lib/python3.10/site-packages'
[7.907s] Level 1:colcon.colcon_core.shell:create_environment_hook('droplet_camera', 'pythonpath')
[7.907s] INFO:colcon.colcon_core.shell:Creating environment hook '/home/rajneesh/droplet_runner_ws/install/droplet_camera/share/droplet_camera/hook/pythonpath.ps1'
[7.908s] INFO:colcon.colcon_core.shell:Creating environment descriptor '/home/rajneesh/droplet_runner_ws/install/droplet_camera/share/droplet_camera/hook/pythonpath.dsv'
[7.908s] INFO:colcon.colcon_core.shell:Creating environment hook '/home/rajneesh/droplet_runner_ws/install/droplet_camera/share/droplet_camera/hook/pythonpath.sh'
[7.909s] Level 1:colcon.colcon_core.environment:checking '/home/rajneesh/droplet_runner_ws/install/droplet_camera/bin'
[7.909s] Level 1:colcon.colcon_core.environment:create_environment_scripts_only(droplet_camera)
[7.910s] INFO:colcon.colcon_core.shell:Creating package script '/home/rajneesh/droplet_runner_ws/install/droplet_camera/share/droplet_camera/package.ps1'
[7.910s] INFO:colcon.colcon_core.shell:Creating package descriptor '/home/rajneesh/droplet_runner_ws/install/droplet_camera/share/droplet_camera/package.dsv'
[7.911s] INFO:colcon.colcon_core.shell:Creating package script '/home/rajneesh/droplet_runner_ws/install/droplet_camera/share/droplet_camera/package.sh'
[7.912s] INFO:colcon.colcon_core.shell:Creating package script '/home/rajneesh/droplet_runner_ws/install/droplet_camera/share/droplet_camera/package.bash'
[7.913s] INFO:colcon.colcon_core.shell:Creating package script '/home/rajneesh/droplet_runner_ws/install/droplet_camera/share/droplet_camera/package.zsh'
[7.913s] Level 1:colcon.colcon_core.environment:create_file_with_runtime_dependencies(/home/rajneesh/droplet_runner_ws/install/droplet_camera/share/colcon-core/packages/droplet_camera)
[7.913s] DEBUG:colcon.colcon_parallel_executor.executor.parallel:closing loop
[7.914s] DEBUG:colcon.colcon_parallel_executor.executor.parallel:loop closed
[7.914s] DEBUG:colcon.colcon_parallel_executor.executor.parallel:run_until_complete finished with '0'
[7.914s] DEBUG:colcon.colcon_core.event_reactor:joining thread
[7.924s] INFO:colcon.colcon_core.plugin_system:Skipping extension 'colcon_notification.desktop_notification.terminal_notifier': Not used on non-Darwin systems
[7.924s] INFO:colcon.colcon_core.plugin_system:Skipping extension 'colcon_notification.desktop_notification.win32': Not used on non-Windows systems
[7.924s] INFO:colcon.colcon_notification.desktop_notification:Sending desktop notification using 'notify2'
[8.496s] DEBUG:colcon.colcon_core.event_reactor:joined thread
[8.497s] INFO:colcon.colcon_core.shell:Creating prefix script '/home/rajneesh/droplet_runner_ws/install/local_setup.ps1'
[8.498s] INFO:colcon.colcon_core.shell:Creating prefix util module '/home/rajneesh/droplet_runner_ws/install/_local_setup_util_ps1.py'
[8.500s] INFO:colcon.colcon_core.shell:Creating prefix chain script '/home/rajneesh/droplet_runner_ws/install/setup.ps1'
[8.501s] INFO:colcon.colcon_core.shell:Creating prefix script '/home/rajneesh/droplet_runner_ws/install/local_setup.sh'
[8.504s] INFO:colcon.colcon_core.shell:Creating prefix util module '/home/rajneesh/droplet_runner_ws/install/_local_setup_util_sh.py'
[8.505s] INFO:colcon.colcon_core.shell:Creating prefix chain script '/home/rajneesh/droplet_runner_ws/install/setup.sh'
[8.507s] INFO:colcon.colcon_core.shell:Creating prefix script '/home/rajneesh/droplet_runner_ws/install/local_setup.bash'
[8.509s] INFO:colcon.colcon_core.shell:Creating prefix chain script '/home/rajneesh/droplet_runner_ws/install/setup.bash'
[8.510s] INFO:colcon.colcon_core.shell:Creating prefix script '/home/rajneesh/droplet_runner_ws/install/local_setup.zsh'
[8.511s] INFO:colcon.colcon_core.shell:Creating prefix chain script '/home/rajneesh/droplet_runner_ws/install/setup.zsh'
