[3.327s] Invoking command in '/home/rajneesh/droplet_runner_ws/build/droplet_state': CONDA_PROMPT_MODIFIER=(base) PYTHONPATH=/home/rajneesh/droplet_runner_ws/build/droplet_state/prefix_override:/usr/lib/python3/dist-packages/colcon_core/task/python/colcon_distutils_commands:/home/rajneesh/droplet_runner_ws/install/droplet_state/lib/python3.10/site-packages:${PYTHONPATH} /usr/bin/python3 -W ignore:setup.py install is deprecated -W ignore:easy_install command is deprecated setup.py develop --editable --build-directory /home/rajneesh/droplet_runner_ws/build/droplet_state/build --no-deps symlink_data
[4.380s] running develop
[5.078s] running egg_info
[5.079s] writing droplet_state.egg-info/PKG-INFO
[5.079s] writing dependency_links to droplet_state.egg-info/dependency_links.txt
[5.080s] writing entry points to droplet_state.egg-info/entry_points.txt
[5.080s] writing requirements to droplet_state.egg-info/requires.txt
[5.080s] writing top-level names to droplet_state.egg-info/top_level.txt
[5.083s] reading manifest file 'droplet_state.egg-info/SOURCES.txt'
[5.085s] writing manifest file 'droplet_state.egg-info/SOURCES.txt'
[5.087s] running build_ext
[5.087s] Creating /home/rajneesh/droplet_runner_ws/install/droplet_state/lib/python3.10/site-packages/droplet-state.egg-link (link to .)
[5.088s] Installing data_collector script to /home/rajneesh/droplet_runner_ws/install/droplet_state/lib/droplet_state
[5.088s] Installing estimator script to /home/rajneesh/droplet_runner_ws/install/droplet_state/lib/droplet_state
[5.088s] Installing policy_runner script to /home/rajneesh/droplet_runner_ws/install/droplet_state/lib/droplet_state
[5.089s] 
[5.089s] Installed /home/rajneesh/droplet_runner_ws/build/droplet_state
[5.089s] running symlink_data
[5.089s] error: can't copy '/home/rajneesh/droplet_runner_ws/build/droplet_state/config/path_waypoints.json': doesn't exist or not a regular file
[5.130s] Invoked command in '/home/rajneesh/droplet_runner_ws/build/droplet_state' returned '1': CONDA_PROMPT_MODIFIER=(base) PYTHONPATH=/home/rajneesh/droplet_runner_ws/build/droplet_state/prefix_override:/usr/lib/python3/dist-packages/colcon_core/task/python/colcon_distutils_commands:/home/rajneesh/droplet_runner_ws/install/droplet_state/lib/python3.10/site-packages:${PYTHONPATH} /usr/bin/python3 -W ignore:setup.py install is deprecated -W ignore:easy_install command is deprecated setup.py develop --editable --build-directory /home/rajneesh/droplet_runner_ws/build/droplet_state/build --no-deps symlink_data
