[2.571s] Invoking command in '/home/rajneesh/droplet_runner_ws/src/droplet_state': CONDA_PROMPT_MODIFIER=(base) PYTHONPATH=/home/rajneesh/droplet_runner_ws/build/droplet_state/prefix_override:/usr/lib/python3/dist-packages/colcon_core/task/python/colcon_distutils_commands:/home/rajneesh/droplet_runner_ws/install/droplet_state/lib/python3.10/site-packages:${PYTHONPATH} /usr/bin/python3 -W ignore:setup.py install is deprecated -W ignore:easy_install command is deprecated setup.py egg_info --egg-base ../../build/droplet_state build --build-base /home/rajneesh/droplet_runner_ws/build/droplet_state/build install --record /home/rajneesh/droplet_runner_ws/build/droplet_state/install.log --single-version-externally-managed install_data
[3.050s] running egg_info
[3.051s] writing ../../build/droplet_state/droplet_state.egg-info/PKG-INFO
[3.051s] writing dependency_links to ../../build/droplet_state/droplet_state.egg-info/dependency_links.txt
[3.051s] writing entry points to ../../build/droplet_state/droplet_state.egg-info/entry_points.txt
[3.051s] writing requirements to ../../build/droplet_state/droplet_state.egg-info/requires.txt
[3.052s] writing top-level names to ../../build/droplet_state/droplet_state.egg-info/top_level.txt
[3.054s] reading manifest file '../../build/droplet_state/droplet_state.egg-info/SOURCES.txt'
[3.084s] writing manifest file '../../build/droplet_state/droplet_state.egg-info/SOURCES.txt'
[3.084s] running build
[3.084s] running build_py
[3.084s] copying droplet_state/path_tracker.py -> /home/rajneesh/droplet_runner_ws/build/droplet_state/build/lib/droplet_state
[3.085s] running install
[3.085s] running install_lib
[3.088s] copying /home/rajneesh/droplet_runner_ws/build/droplet_state/build/lib/droplet_state/path_tracker.py -> /home/rajneesh/droplet_runner_ws/install/droplet_state/lib/python3.10/site-packages/droplet_state
[3.089s] byte-compiling /home/rajneesh/droplet_runner_ws/install/droplet_state/lib/python3.10/site-packages/droplet_state/path_tracker.py to path_tracker.cpython-310.pyc
[3.093s] running install_data
[3.096s] running install_egg_info
[3.102s] removing '/home/rajneesh/droplet_runner_ws/install/droplet_state/lib/python3.10/site-packages/droplet_state-0.0.0-py3.10.egg-info' (and everything under it)
[3.103s] Copying ../../build/droplet_state/droplet_state.egg-info to /home/rajneesh/droplet_runner_ws/install/droplet_state/lib/python3.10/site-packages/droplet_state-0.0.0-py3.10.egg-info
[3.132s] running install_scripts
[3.167s] Installing data_collector script to /home/rajneesh/droplet_runner_ws/install/droplet_state/lib/droplet_state
[3.167s] Installing estimator script to /home/rajneesh/droplet_runner_ws/install/droplet_state/lib/droplet_state
[3.167s] Installing pid_controller script to /home/rajneesh/droplet_runner_ws/install/droplet_state/lib/droplet_state
[3.167s] Installing policy_runner script to /home/rajneesh/droplet_runner_ws/install/droplet_state/lib/droplet_state
[3.169s] writing list of installed files to '/home/rajneesh/droplet_runner_ws/build/droplet_state/install.log'
[3.206s] Invoked command in '/home/rajneesh/droplet_runner_ws/src/droplet_state' returned '0': CONDA_PROMPT_MODIFIER=(base) PYTHONPATH=/home/rajneesh/droplet_runner_ws/build/droplet_state/prefix_override:/usr/lib/python3/dist-packages/colcon_core/task/python/colcon_distutils_commands:/home/rajneesh/droplet_runner_ws/install/droplet_state/lib/python3.10/site-packages:${PYTHONPATH} /usr/bin/python3 -W ignore:setup.py install is deprecated -W ignore:easy_install command is deprecated setup.py egg_info --egg-base ../../build/droplet_state build --build-base /home/rajneesh/droplet_runner_ws/build/droplet_state/build install --record /home/rajneesh/droplet_runner_ws/build/droplet_state/install.log --single-version-externally-managed install_data
