[1.429s] Invoking command in '/home/rajneesh/droplet_runner_ws/build/droplet_state': CONDA_PROMPT_MODIFIER=(base) PYTHONPATH=/home/rajneesh/droplet_runner_ws/build/droplet_state/prefix_override:/usr/lib/python3/dist-packages/colcon_core/task/python/colcon_distutils_commands:/home/rajneesh/droplet_runner_ws/install/droplet_state/lib/python3.10/site-packages:${PYTHONPATH} /usr/bin/python3 -W ignore:setup.py install is deprecated -W ignore:easy_install command is deprecated setup.py develop --editable --build-directory /home/rajneesh/droplet_runner_ws/build/droplet_state/build --no-deps symlink_data
[2.033s] running develop
[2.417s] running egg_info
[2.417s] writing droplet_state.egg-info/PKG-INFO
[2.418s] writing dependency_links to droplet_state.egg-info/dependency_links.txt
[2.418s] writing entry points to droplet_state.egg-info/entry_points.txt
[2.418s] writing requirements to droplet_state.egg-info/requires.txt
[2.418s] writing top-level names to droplet_state.egg-info/top_level.txt
[2.422s] reading manifest file 'droplet_state.egg-info/SOURCES.txt'
[2.423s] writing manifest file 'droplet_state.egg-info/SOURCES.txt'
[2.425s] running build_ext
[2.426s] Creating /home/rajneesh/droplet_runner_ws/install/droplet_state/lib/python3.10/site-packages/droplet-state.egg-link (link to .)
[2.427s] Installing data_collector script to /home/rajneesh/droplet_runner_ws/install/droplet_state/lib/droplet_state
[2.427s] Installing estimator script to /home/rajneesh/droplet_runner_ws/install/droplet_state/lib/droplet_state
[2.427s] Installing policy_runner script to /home/rajneesh/droplet_runner_ws/install/droplet_state/lib/droplet_state
[2.428s] 
[2.428s] Installed /home/rajneesh/droplet_runner_ws/build/droplet_state
[2.428s] running symlink_data
[2.429s] symbolically linking /home/rajneesh/droplet_runner_ws/build/droplet_state/config/path_waypoints_mm_Sshape.json -> /home/rajneesh/droplet_runner_ws/install/droplet_state/share/droplet_state/config
[2.473s] Invoked command in '/home/rajneesh/droplet_runner_ws/build/droplet_state' returned '0': CONDA_PROMPT_MODIFIER=(base) PYTHONPATH=/home/rajneesh/droplet_runner_ws/build/droplet_state/prefix_override:/usr/lib/python3/dist-packages/colcon_core/task/python/colcon_distutils_commands:/home/rajneesh/droplet_runner_ws/install/droplet_state/lib/python3.10/site-packages:${PYTHONPATH} /usr/bin/python3 -W ignore:setup.py install is deprecated -W ignore:easy_install command is deprecated setup.py develop --editable --build-directory /home/rajneesh/droplet_runner_ws/build/droplet_state/build --no-deps symlink_data
