/home/rajneesh/droplet_runner_ws/install/droplet_state/lib/python3.10/site-packages/droplet_state/policy_runner.py
/home/rajneesh/droplet_runner_ws/install/droplet_state/lib/python3.10/site-packages/droplet_state/droplet_detector.py
/home/rajneesh/droplet_runner_ws/install/droplet_state/lib/python3.10/site-packages/droplet_state/marker_detector.py
/home/rajneesh/droplet_runner_ws/install/droplet_state/lib/python3.10/site-packages/droplet_state/path_tracker.py
/home/rajneesh/droplet_runner_ws/install/droplet_state/lib/python3.10/site-packages/droplet_state/estimator.py
/home/rajneesh/droplet_runner_ws/install/droplet_state/lib/python3.10/site-packages/droplet_state/__init__.py
/home/rajneesh/droplet_runner_ws/install/droplet_state/lib/python3.10/site-packages/droplet_state/camera_model.py
/home/rajneesh/droplet_runner_ws/install/droplet_state/lib/python3.10/site-packages/droplet_state/data_collector.py
/home/rajneesh/droplet_runner_ws/install/droplet_state/lib/python3.10/site-packages/droplet_state/open_loop_replay.py
/home/rajneesh/droplet_runner_ws/install/droplet_state/lib/python3.10/site-packages/droplet_state/pid_controller.py
/home/rajneesh/droplet_runner_ws/install/droplet_state/lib/python3.10/site-packages/droplet_state/__pycache__/policy_runner.cpython-310.pyc
/home/rajneesh/droplet_runner_ws/install/droplet_state/lib/python3.10/site-packages/droplet_state/__pycache__/droplet_detector.cpython-310.pyc
/home/rajneesh/droplet_runner_ws/install/droplet_state/lib/python3.10/site-packages/droplet_state/__pycache__/marker_detector.cpython-310.pyc
/home/rajneesh/droplet_runner_ws/install/droplet_state/lib/python3.10/site-packages/droplet_state/__pycache__/path_tracker.cpython-310.pyc
/home/rajneesh/droplet_runner_ws/install/droplet_state/lib/python3.10/site-packages/droplet_state/__pycache__/estimator.cpython-310.pyc
/home/rajneesh/droplet_runner_ws/install/droplet_state/lib/python3.10/site-packages/droplet_state/__pycache__/__init__.cpython-310.pyc
/home/rajneesh/droplet_runner_ws/install/droplet_state/lib/python3.10/site-packages/droplet_state/__pycache__/camera_model.cpython-310.pyc
/home/rajneesh/droplet_runner_ws/install/droplet_state/lib/python3.10/site-packages/droplet_state/__pycache__/data_collector.cpython-310.pyc
/home/rajneesh/droplet_runner_ws/install/droplet_state/lib/python3.10/site-packages/droplet_state/__pycache__/open_loop_replay.cpython-310.pyc
/home/rajneesh/droplet_runner_ws/install/droplet_state/lib/python3.10/site-packages/droplet_state/__pycache__/pid_controller.cpython-310.pyc
/home/rajneesh/droplet_runner_ws/install/droplet_state/share/ament_index/resource_index/packages/droplet_state
/home/rajneesh/droplet_runner_ws/install/droplet_state/share/droplet_state/package.xml
/home/rajneesh/droplet_runner_ws/install/droplet_state/share/droplet_state/config/path_waypoints.json
/home/rajneesh/droplet_runner_ws/install/droplet_state/share/droplet_state/config/path_waypoints_mm_ARC.json
/home/rajneesh/droplet_runner_ws/install/droplet_state/share/droplet_state/config/path_waypoints_mm_Lshape.json
/home/rajneesh/droplet_runner_ws/install/droplet_state/share/droplet_state/config/path_waypoints_mm_Lshape_outside.json
/home/rajneesh/droplet_runner_ws/install/droplet_state/share/droplet_state/config/path_waypoints_Ishape.json
/home/rajneesh/droplet_runner_ws/install/droplet_state/share/droplet_state/config/path_waypoints_mm.json
/home/rajneesh/droplet_runner_ws/install/droplet_state/share/droplet_state/config/path_waypoints_mm_Ishape.json
/home/rajneesh/droplet_runner_ws/install/droplet_state/share/droplet_state/config/corner_markers.json
/home/rajneesh/droplet_runner_ws/install/droplet_state/share/droplet_state/config/path_waypoints_mm_Sshape.json
/home/rajneesh/droplet_runner_ws/install/droplet_state/share/droplet_state/calib/calib_results.txt
/home/rajneesh/droplet_runner_ws/install/droplet_state/lib/python3.10/site-packages/droplet_state-0.0.0-py3.10.egg-info/SOURCES.txt
/home/rajneesh/droplet_runner_ws/install/droplet_state/lib/python3.10/site-packages/droplet_state-0.0.0-py3.10.egg-info/top_level.txt
/home/rajneesh/droplet_runner_ws/install/droplet_state/lib/python3.10/site-packages/droplet_state-0.0.0-py3.10.egg-info/entry_points.txt
/home/rajneesh/droplet_runner_ws/install/droplet_state/lib/python3.10/site-packages/droplet_state-0.0.0-py3.10.egg-info/requires.txt
/home/rajneesh/droplet_runner_ws/install/droplet_state/lib/python3.10/site-packages/droplet_state-0.0.0-py3.10.egg-info/zip-safe
/home/rajneesh/droplet_runner_ws/install/droplet_state/lib/python3.10/site-packages/droplet_state-0.0.0-py3.10.egg-info/dependency_links.txt
/home/rajneesh/droplet_runner_ws/install/droplet_state/lib/python3.10/site-packages/droplet_state-0.0.0-py3.10.egg-info/PKG-INFO
/home/rajneesh/droplet_runner_ws/install/droplet_state/lib/droplet_state/data_collector
/home/rajneesh/droplet_runner_ws/install/droplet_state/lib/droplet_state/estimator
/home/rajneesh/droplet_runner_ws/install/droplet_state/lib/droplet_state/open_loop_replay
/home/rajneesh/droplet_runner_ws/install/droplet_state/lib/droplet_state/pid_controller
/home/rajneesh/droplet_runner_ws/install/droplet_state/lib/droplet_state/policy_runner
