[6.732s] Invoking command in '/home/rajneesh/droplet_runner_ws/build/droplet_motor': CONDA_PROMPT_MODIFIER=(base) PYTHONPATH=/home/rajneesh/droplet_runner_ws/build/droplet_motor/prefix_override:/usr/lib/python3/dist-packages/colcon_core/task/python/colcon_distutils_commands:/home/rajneesh/droplet_runner_ws/install/droplet_motor/lib/python3.10/site-packages:${PYTHONPATH} /usr/bin/python3 -W ignore:setup.py install is deprecated -W ignore:easy_install command is deprecated setup.py develop --uninstall --editable --build-directory /home/rajneesh/droplet_runner_ws/build/droplet_motor/build
[7.800s] running develop
[8.711s] Removing /home/rajneesh/droplet_runner_ws/install/droplet_motor/lib/python3.10/site-packages/droplet-motor.egg-link (link to .)
[8.799s] Invoked command in '/home/rajneesh/droplet_runner_ws/build/droplet_motor' returned '0': CONDA_PROMPT_MODIFIER=(base) PYTHONPATH=/home/rajneesh/droplet_runner_ws/build/droplet_motor/prefix_override:/usr/lib/python3/dist-packages/colcon_core/task/python/colcon_distutils_commands:/home/rajneesh/droplet_runner_ws/install/droplet_motor/lib/python3.10/site-packages:${PYTHONPATH} /usr/bin/python3 -W ignore:setup.py install is deprecated -W ignore:easy_install command is deprecated setup.py develop --uninstall --editable --build-directory /home/rajneesh/droplet_runner_ws/build/droplet_motor/build
[8.803s] Invoking command in '/home/rajneesh/droplet_runner_ws/src/droplet_motor': CONDA_PROMPT_MODIFIER=(base) PYTHONPATH=/home/rajneesh/droplet_runner_ws/build/droplet_motor/prefix_override:/usr/lib/python3/dist-packages/colcon_core/task/python/colcon_distutils_commands:/home/rajneesh/droplet_runner_ws/install/droplet_motor/lib/python3.10/site-packages:${PYTHONPATH} /usr/bin/python3 -W ignore:setup.py install is deprecated -W ignore:easy_install command is deprecated setup.py egg_info --egg-base ../../build/droplet_motor build --build-base /home/rajneesh/droplet_runner_ws/build/droplet_motor/build install --record /home/rajneesh/droplet_runner_ws/build/droplet_motor/install.log --single-version-externally-managed install_data --force
[9.593s] running egg_info
[9.595s] writing ../../build/droplet_motor/droplet_motor.egg-info/PKG-INFO
[9.597s] writing dependency_links to ../../build/droplet_motor/droplet_motor.egg-info/dependency_links.txt
[9.597s] writing entry points to ../../build/droplet_motor/droplet_motor.egg-info/entry_points.txt
[9.598s] writing requirements to ../../build/droplet_motor/droplet_motor.egg-info/requires.txt
[9.598s] writing top-level names to ../../build/droplet_motor/droplet_motor.egg-info/top_level.txt
[9.602s] reading manifest file '../../build/droplet_motor/droplet_motor.egg-info/SOURCES.txt'
[9.740s] writing manifest file '../../build/droplet_motor/droplet_motor.egg-info/SOURCES.txt'
[9.743s] running build
[9.743s] running build_py
[9.744s] creating /home/rajneesh/droplet_runner_ws/build/droplet_motor/build
[9.744s] creating /home/rajneesh/droplet_runner_ws/build/droplet_motor/build/lib
[9.744s] creating /home/rajneesh/droplet_runner_ws/build/droplet_motor/build/lib/droplet_motor
[9.745s] copying droplet_motor/motor_driver.py -> /home/rajneesh/droplet_runner_ws/build/droplet_motor/build/lib/droplet_motor
[9.745s] copying droplet_motor/__init__.py -> /home/rajneesh/droplet_runner_ws/build/droplet_motor/build/lib/droplet_motor
[9.745s] running install
[9.746s] running install_lib
[9.748s] creating /home/rajneesh/droplet_runner_ws/install/droplet_motor/lib/python3.10/site-packages/droplet_motor
[9.748s] copying /home/rajneesh/droplet_runner_ws/build/droplet_motor/build/lib/droplet_motor/motor_driver.py -> /home/rajneesh/droplet_runner_ws/install/droplet_motor/lib/python3.10/site-packages/droplet_motor
[9.749s] copying /home/rajneesh/droplet_runner_ws/build/droplet_motor/build/lib/droplet_motor/__init__.py -> /home/rajneesh/droplet_runner_ws/install/droplet_motor/lib/python3.10/site-packages/droplet_motor
[9.751s] byte-compiling /home/rajneesh/droplet_runner_ws/install/droplet_motor/lib/python3.10/site-packages/droplet_motor/motor_driver.py to motor_driver.cpython-310.pyc
[9.959s] byte-compiling /home/rajneesh/droplet_runner_ws/install/droplet_motor/lib/python3.10/site-packages/droplet_motor/__init__.py to __init__.cpython-310.pyc
[9.959s] running install_data
[9.960s] copying resource/droplet_motor -> /home/rajneesh/droplet_runner_ws/install/droplet_motor/share/ament_index/resource_index/packages
[9.960s] copying package.xml -> /home/rajneesh/droplet_runner_ws/install/droplet_motor/share/droplet_motor
[9.961s] running install_egg_info
[9.965s] Copying ../../build/droplet_motor/droplet_motor.egg-info to /home/rajneesh/droplet_runner_ws/install/droplet_motor/lib/python3.10/site-packages/droplet_motor-0.0.0-py3.10.egg-info
[10.007s] running install_scripts
[10.070s] Installing motor_driver script to /home/rajneesh/droplet_runner_ws/install/droplet_motor/lib/droplet_motor
[10.071s] writing list of installed files to '/home/rajneesh/droplet_runner_ws/build/droplet_motor/install.log'
[10.149s] Invoked command in '/home/rajneesh/droplet_runner_ws/src/droplet_motor' returned '0': CONDA_PROMPT_MODIFIER=(base) PYTHONPATH=/home/rajneesh/droplet_runner_ws/build/droplet_motor/prefix_override:/usr/lib/python3/dist-packages/colcon_core/task/python/colcon_distutils_commands:/home/rajneesh/droplet_runner_ws/install/droplet_motor/lib/python3.10/site-packages:${PYTHONPATH} /usr/bin/python3 -W ignore:setup.py install is deprecated -W ignore:easy_install command is deprecated setup.py egg_info --egg-base ../../build/droplet_motor build --build-base /home/rajneesh/droplet_runner_ws/build/droplet_motor/build install --record /home/rajneesh/droplet_runner_ws/build/droplet_motor/install.log --single-version-externally-managed install_data --force
