[4.889s] Invoking command in '/home/rajneesh/droplet_runner_ws/build/droplet_state': CONDA_PROMPT_MODIFIER=(base) PYTHONPATH=/home/rajneesh/droplet_runner_ws/build/droplet_state/prefix_override:/usr/lib/python3/dist-packages/colcon_core/task/python/colcon_distutils_commands:/home/rajneesh/droplet_runner_ws/install/droplet_state/lib/python3.10/site-packages:${PYTHONPATH} /usr/bin/python3 -W ignore:setup.py install is deprecated -W ignore:easy_install command is deprecated setup.py develop --editable --build-directory /home/rajneesh/droplet_runner_ws/build/droplet_state/build --no-deps symlink_data --force
[5.704s] running develop
[6.272s] running egg_info
[6.273s] writing droplet_state.egg-info/PKG-INFO
[6.278s] writing dependency_links to droplet_state.egg-info/dependency_links.txt
[6.278s] writing entry points to droplet_state.egg-info/entry_points.txt
[6.279s] writing requirements to droplet_state.egg-info/requires.txt
[6.280s] writing top-level names to droplet_state.egg-info/top_level.txt
[6.287s] reading manifest file 'droplet_state.egg-info/SOURCES.txt'
[6.288s] writing manifest file 'droplet_state.egg-info/SOURCES.txt'
[6.296s] running build_ext
[6.297s] Creating /home/rajneesh/droplet_runner_ws/install/droplet_state/lib/python3.10/site-packages/droplet-state.egg-link (link to .)
[6.307s] Installing data_collector script to /home/rajneesh/droplet_runner_ws/install/droplet_state/lib/droplet_state
[6.308s] Installing estimator script to /home/rajneesh/droplet_runner_ws/install/droplet_state/lib/droplet_state
[6.308s] Installing policy_runner script to /home/rajneesh/droplet_runner_ws/install/droplet_state/lib/droplet_state
[6.308s] 
[6.308s] Installed /home/rajneesh/droplet_runner_ws/build/droplet_state
[6.309s] running symlink_data
[6.309s] symbolically linking /home/rajneesh/droplet_runner_ws/build/droplet_state/resource/droplet_state -> /home/rajneesh/droplet_runner_ws/install/droplet_state/share/ament_index/resource_index/packages
[6.309s] symbolically linking /home/rajneesh/droplet_runner_ws/build/droplet_state/package.xml -> /home/rajneesh/droplet_runner_ws/install/droplet_state/share/droplet_state
[6.313s] symbolically linking /home/rajneesh/droplet_runner_ws/build/droplet_state/config/path_waypoints.json -> /home/rajneesh/droplet_runner_ws/install/droplet_state/share/droplet_state/config
[6.314s] symbolically linking /home/rajneesh/droplet_runner_ws/build/droplet_state/config/path_waypoints_mm.json -> /home/rajneesh/droplet_runner_ws/install/droplet_state/share/droplet_state/config
[6.315s] symbolically linking /home/rajneesh/droplet_runner_ws/build/droplet_state/config/corner_markers.json -> /home/rajneesh/droplet_runner_ws/install/droplet_state/share/droplet_state/config
[6.316s] symbolically linking /home/rajneesh/droplet_runner_ws/build/droplet_state/calib/calib_results.txt -> /home/rajneesh/droplet_runner_ws/install/droplet_state/share/droplet_state/calib
[6.422s] Invoked command in '/home/rajneesh/droplet_runner_ws/build/droplet_state' returned '0': CONDA_PROMPT_MODIFIER=(base) PYTHONPATH=/home/rajneesh/droplet_runner_ws/build/droplet_state/prefix_override:/usr/lib/python3/dist-packages/colcon_core/task/python/colcon_distutils_commands:/home/rajneesh/droplet_runner_ws/install/droplet_state/lib/python3.10/site-packages:${PYTHONPATH} /usr/bin/python3 -W ignore:setup.py install is deprecated -W ignore:easy_install command is deprecated setup.py develop --editable --build-directory /home/rajneesh/droplet_runner_ws/build/droplet_state/build --no-deps symlink_data --force
