[1.736s] Invoking command in '/home/rajneesh/droplet_runner_ws/src/droplet_state': CONDA_PROMPT_MODIFIER=(base) PYTHONPATH=/home/rajneesh/droplet_runner_ws/build/droplet_state/prefix_override:/usr/lib/python3/dist-packages/colcon_core/task/python/colcon_distutils_commands:/home/rajneesh/droplet_runner_ws/install/droplet_state/lib/python3.10/site-packages:${PYTHONPATH} /usr/bin/python3 -W ignore:setup.py install is deprecated -W ignore:easy_install command is deprecated setup.py egg_info --egg-base ../../build/droplet_state build --build-base /home/rajneesh/droplet_runner_ws/build/droplet_state/build install --record /home/rajneesh/droplet_runner_ws/build/droplet_state/install.log --single-version-externally-managed install_data
[2.097s] running egg_info
[2.098s] writing ../../build/droplet_state/droplet_state.egg-info/PKG-INFO
[2.100s] writing dependency_links to ../../build/droplet_state/droplet_state.egg-info/dependency_links.txt
[2.101s] writing entry points to ../../build/droplet_state/droplet_state.egg-info/entry_points.txt
[2.101s] writing requirements to ../../build/droplet_state/droplet_state.egg-info/requires.txt
[2.101s] writing top-level names to ../../build/droplet_state/droplet_state.egg-info/top_level.txt
[2.105s] reading manifest file '../../build/droplet_state/droplet_state.egg-info/SOURCES.txt'
[2.113s] writing manifest file '../../build/droplet_state/droplet_state.egg-info/SOURCES.txt'
[2.113s] running build
[2.114s] running build_py
[2.115s] copying droplet_state/policy_runner.py -> /home/rajneesh/droplet_runner_ws/build/droplet_state/build/lib/droplet_state
[2.160s] running install
[2.160s] running install_lib
[2.161s] copying /home/rajneesh/droplet_runner_ws/build/droplet_state/build/lib/droplet_state/policy_runner.py -> /home/rajneesh/droplet_runner_ws/install/droplet_state/lib/python3.10/site-packages/droplet_state
[2.163s] byte-compiling /home/rajneesh/droplet_runner_ws/install/droplet_state/lib/python3.10/site-packages/droplet_state/policy_runner.py to policy_runner.cpython-310.pyc
[2.167s] running install_data
[2.167s] running install_egg_info
[2.178s] removing '/home/rajneesh/droplet_runner_ws/install/droplet_state/lib/python3.10/site-packages/droplet_state-0.0.0-py3.10.egg-info' (and everything under it)
[2.193s] Copying ../../build/droplet_state/droplet_state.egg-info to /home/rajneesh/droplet_runner_ws/install/droplet_state/lib/python3.10/site-packages/droplet_state-0.0.0-py3.10.egg-info
[2.223s] running install_scripts
[2.261s] Installing data_collector script to /home/rajneesh/droplet_runner_ws/install/droplet_state/lib/droplet_state
[2.276s] Installing estimator script to /home/rajneesh/droplet_runner_ws/install/droplet_state/lib/droplet_state
[2.276s] Installing pid_controller script to /home/rajneesh/droplet_runner_ws/install/droplet_state/lib/droplet_state
[2.276s] Installing policy_runner script to /home/rajneesh/droplet_runner_ws/install/droplet_state/lib/droplet_state
[2.277s] writing list of installed files to '/home/rajneesh/droplet_runner_ws/build/droplet_state/install.log'
[2.317s] Invoked command in '/home/rajneesh/droplet_runner_ws/src/droplet_state' returned '0': CONDA_PROMPT_MODIFIER=(base) PYTHONPATH=/home/rajneesh/droplet_runner_ws/build/droplet_state/prefix_override:/usr/lib/python3/dist-packages/colcon_core/task/python/colcon_distutils_commands:/home/rajneesh/droplet_runner_ws/install/droplet_state/lib/python3.10/site-packages:${PYTHONPATH} /usr/bin/python3 -W ignore:setup.py install is deprecated -W ignore:easy_install command is deprecated setup.py egg_info --egg-base ../../build/droplet_state build --build-base /home/rajneesh/droplet_runner_ws/build/droplet_state/build install --record /home/rajneesh/droplet_runner_ws/build/droplet_state/install.log --single-version-externally-managed install_data
