running egg_info
writing ../../build/droplet_state/droplet_state.egg-info/PKG-INFO
writing dependency_links to ../../build/droplet_state/droplet_state.egg-info/dependency_links.txt
writing entry points to ../../build/droplet_state/droplet_state.egg-info/entry_points.txt
writing requirements to ../../build/droplet_state/droplet_state.egg-info/requires.txt
writing top-level names to ../../build/droplet_state/droplet_state.egg-info/top_level.txt
reading manifest file '../../build/droplet_state/droplet_state.egg-info/SOURCES.txt'
writing manifest file '../../build/droplet_state/droplet_state.egg-info/SOURCES.txt'
running build
running build_py
copying droplet_state/pid_controller.py -> /home/rajneesh/droplet_runner_ws/build/droplet_state/build/lib/droplet_state
running install
running install_lib
copying /home/rajneesh/droplet_runner_ws/build/droplet_state/build/lib/droplet_state/pid_controller.py -> /home/rajneesh/droplet_runner_ws/install/droplet_state/lib/python3.10/site-packages/droplet_state
byte-compiling /home/rajneesh/droplet_runner_ws/install/droplet_state/lib/python3.10/site-packages/droplet_state/pid_controller.py to pid_controller.cpython-310.pyc
running install_data
running install_egg_info
removing '/home/rajneesh/droplet_runner_ws/install/droplet_state/lib/python3.10/site-packages/droplet_state-0.0.0-py3.10.egg-info' (and everything under it)
Copying ../../build/droplet_state/droplet_state.egg-info to /home/rajneesh/droplet_runner_ws/install/droplet_state/lib/python3.10/site-packages/droplet_state-0.0.0-py3.10.egg-info
running install_scripts
Installing data_collector script to /home/rajneesh/droplet_runner_ws/install/droplet_state/lib/droplet_state
Installing estimator script to /home/rajneesh/droplet_runner_ws/install/droplet_state/lib/droplet_state
Installing pid_controller script to /home/rajneesh/droplet_runner_ws/install/droplet_state/lib/droplet_state
Installing policy_runner script to /home/rajneesh/droplet_runner_ws/install/droplet_state/lib/droplet_state
writing list of installed files to '/home/rajneesh/droplet_runner_ws/build/droplet_state/install.log'
