[0.295s] DEBUG:colcon:Command line arguments: ['/usr/bin/colcon', 'build', '--packages-select', 'droplet_state']
[0.296s] DEBUG:colcon:Parsed command line arguments: Namespace(log_base=None, log_level=None, verb_name='build', build_base='build', install_base='install', merge_install=False, symlink_install=False, test_result_base=None, continue_on_error=False, executor='parallel', parallel_workers=8, event_handlers=None, ignore_user_meta=False, metas=['./colcon.meta'], base_paths=['.'], packages_ignore=None, packages_ignore_regex=None, paths=None, packages_up_to=None, packages_up_to_regex=None, packages_above=None, packages_above_and_dependencies=None, packages_above_depth=None, packages_select_by_dep=None, packages_skip_by_dep=None, packages_skip_up_to=None, packages_select_build_failed=False, packages_skip_build_finished=False, packages_select_test_failures=False, packages_skip_test_passed=False, packages_select=['droplet_state'], packages_skip=None, packages_select_regex=None, packages_skip_regex=None, packages_start=None, packages_end=None, allow_overriding=[], cmake_args=None, cmake_target=None, cmake_target_skip_unavailable=False, cmake_clean_cache=False, cmake_clean_first=False, cmake_force_configure=False, ament_cmake_args=None, catkin_cmake_args=None, catkin_skip_building_tests=False, mixin_files=None, mixin=None, verb_parser=<colcon_mixin.mixin.mixin_argument.MixinArgumentDecorator object at 0x7aa0d86533d0>, verb_extension=<colcon_core.verb.build.BuildVerb object at 0x7aa0d86089a0>, main=<bound method BuildVerb.main of <colcon_core.verb.build.BuildVerb object at 0x7aa0d86089a0>>, mixin_verb=('build',))
[0.748s] Level 1:colcon.colcon_core.package_discovery:discover_packages(colcon_meta) check parameters
[0.748s] Level 1:colcon.colcon_core.package_discovery:discover_packages(recursive) check parameters
[0.748s] Level 1:colcon.colcon_core.package_discovery:discover_packages(ignore) check parameters
[0.748s] Level 1:colcon.colcon_core.package_discovery:discover_packages(path) check parameters
[0.749s] Level 1:colcon.colcon_core.package_discovery:discover_packages(colcon_meta) discover
[0.749s] Level 1:colcon.colcon_core.package_discovery:discover_packages(recursive) discover
[0.749s] INFO:colcon.colcon_core.package_discovery:Crawling recursively for packages in '/home/rajneesh/droplet_runner_ws'
[0.749s] Level 1:colcon.colcon_core.package_identification:_identify(.) by extensions ['ignore', 'ignore_ament_install']
[0.750s] Level 1:colcon.colcon_core.package_identification:_identify(.) by extension 'ignore'
[0.750s] Level 1:colcon.colcon_core.package_identification:_identify(.) by extension 'ignore_ament_install'
[0.750s] Level 1:colcon.colcon_core.package_identification:_identify(.) by extensions ['colcon_pkg']
[0.750s] Level 1:colcon.colcon_core.package_identification:_identify(.) by extension 'colcon_pkg'
[0.750s] Level 1:colcon.colcon_core.package_identification:_identify(.) by extensions ['colcon_meta']
[0.750s] Level 1:colcon.colcon_core.package_identification:_identify(.) by extension 'colcon_meta'
[0.751s] Level 1:colcon.colcon_core.package_identification:_identify(.) by extensions ['ros']
[0.751s] Level 1:colcon.colcon_core.package_identification:_identify(.) by extension 'ros'
[0.778s] Level 1:colcon.colcon_core.package_identification:_identify(.) by extensions ['cmake', 'python']
[0.778s] Level 1:colcon.colcon_core.package_identification:_identify(.) by extension 'cmake'
[0.778s] Level 1:colcon.colcon_core.package_identification:_identify(.) by extension 'python'
[0.778s] Level 1:colcon.colcon_core.package_identification:_identify(.) by extensions ['python_setup_py']
[0.778s] Level 1:colcon.colcon_core.package_identification:_identify(.) by extension 'python_setup_py'
[0.779s] Level 1:colcon.colcon_core.package_identification:_identify(build) by extensions ['ignore', 'ignore_ament_install']
[0.779s] Level 1:colcon.colcon_core.package_identification:_identify(build) by extension 'ignore'
[0.779s] Level 1:colcon.colcon_core.package_identification:_identify(build) ignored
[0.779s] Level 1:colcon.colcon_core.package_identification:_identify(episodes) by extensions ['ignore', 'ignore_ament_install']
[0.779s] Level 1:colcon.colcon_core.package_identification:_identify(episodes) by extension 'ignore'
[0.779s] Level 1:colcon.colcon_core.package_identification:_identify(episodes) by extension 'ignore_ament_install'
[0.780s] Level 1:colcon.colcon_core.package_identification:_identify(episodes) by extensions ['colcon_pkg']
[0.780s] Level 1:colcon.colcon_core.package_identification:_identify(episodes) by extension 'colcon_pkg'
[0.780s] Level 1:colcon.colcon_core.package_identification:_identify(episodes) by extensions ['colcon_meta']
[0.780s] Level 1:colcon.colcon_core.package_identification:_identify(episodes) by extension 'colcon_meta'
[0.780s] Level 1:colcon.colcon_core.package_identification:_identify(episodes) by extensions ['ros']
[0.780s] Level 1:colcon.colcon_core.package_identification:_identify(episodes) by extension 'ros'
[0.780s] Level 1:colcon.colcon_core.package_identification:_identify(episodes) by extensions ['cmake', 'python']
[0.780s] Level 1:colcon.colcon_core.package_identification:_identify(episodes) by extension 'cmake'
[0.781s] Level 1:colcon.colcon_core.package_identification:_identify(episodes) by extension 'python'
[0.781s] Level 1:colcon.colcon_core.package_identification:_identify(episodes) by extensions ['python_setup_py']
[0.781s] Level 1:colcon.colcon_core.package_identification:_identify(episodes) by extension 'python_setup_py'
[0.781s] Level 1:colcon.colcon_core.package_identification:_identify(install) by extensions ['ignore', 'ignore_ament_install']
[0.781s] Level 1:colcon.colcon_core.package_identification:_identify(install) by extension 'ignore'
[0.782s] Level 1:colcon.colcon_core.package_identification:_identify(install) ignored
[0.782s] Level 1:colcon.colcon_core.package_identification:_identify(log) by extensions ['ignore', 'ignore_ament_install']
[0.782s] Level 1:colcon.colcon_core.package_identification:_identify(log) by extension 'ignore'
[0.782s] Level 1:colcon.colcon_core.package_identification:_identify(log) ignored
[0.782s] Level 1:colcon.colcon_core.package_identification:_identify(policy) by extensions ['ignore', 'ignore_ament_install']
[0.783s] Level 1:colcon.colcon_core.package_identification:_identify(policy) by extension 'ignore'
[0.783s] Level 1:colcon.colcon_core.package_identification:_identify(policy) by extension 'ignore_ament_install'
[0.783s] Level 1:colcon.colcon_core.package_identification:_identify(policy) by extensions ['colcon_pkg']
[0.783s] Level 1:colcon.colcon_core.package_identification:_identify(policy) by extension 'colcon_pkg'
[0.783s] Level 1:colcon.colcon_core.package_identification:_identify(policy) by extensions ['colcon_meta']
[0.783s] Level 1:colcon.colcon_core.package_identification:_identify(policy) by extension 'colcon_meta'
[0.783s] Level 1:colcon.colcon_core.package_identification:_identify(policy) by extensions ['ros']
[0.783s] Level 1:colcon.colcon_core.package_identification:_identify(policy) by extension 'ros'
[0.784s] Level 1:colcon.colcon_core.package_identification:_identify(policy) by extensions ['cmake', 'python']
[0.784s] Level 1:colcon.colcon_core.package_identification:_identify(policy) by extension 'cmake'
[0.784s] Level 1:colcon.colcon_core.package_identification:_identify(policy) by extension 'python'
[0.784s] Level 1:colcon.colcon_core.package_identification:_identify(policy) by extensions ['python_setup_py']
[0.784s] Level 1:colcon.colcon_core.package_identification:_identify(policy) by extension 'python_setup_py'
[0.784s] Level 1:colcon.colcon_core.package_identification:_identify(src) by extensions ['ignore', 'ignore_ament_install']
[0.785s] Level 1:colcon.colcon_core.package_identification:_identify(src) by extension 'ignore'
[0.785s] Level 1:colcon.colcon_core.package_identification:_identify(src) by extension 'ignore_ament_install'
[0.785s] Level 1:colcon.colcon_core.package_identification:_identify(src) by extensions ['colcon_pkg']
[0.785s] Level 1:colcon.colcon_core.package_identification:_identify(src) by extension 'colcon_pkg'
[0.786s] Level 1:colcon.colcon_core.package_identification:_identify(src) by extensions ['colcon_meta']
[0.786s] Level 1:colcon.colcon_core.package_identification:_identify(src) by extension 'colcon_meta'
[0.786s] Level 1:colcon.colcon_core.package_identification:_identify(src) by extensions ['ros']
[0.786s] Level 1:colcon.colcon_core.package_identification:_identify(src) by extension 'ros'
[0.787s] Level 1:colcon.colcon_core.package_identification:_identify(src) by extensions ['cmake', 'python']
[0.787s] Level 1:colcon.colcon_core.package_identification:_identify(src) by extension 'cmake'
[0.787s] Level 1:colcon.colcon_core.package_identification:_identify(src) by extension 'python'
[0.787s] Level 1:colcon.colcon_core.package_identification:_identify(src) by extensions ['python_setup_py']
[0.788s] Level 1:colcon.colcon_core.package_identification:_identify(src) by extension 'python_setup_py'
[0.788s] Level 1:colcon.colcon_core.package_identification:_identify(src/droplet_camera) by extensions ['ignore', 'ignore_ament_install']
[0.788s] Level 1:colcon.colcon_core.package_identification:_identify(src/droplet_camera) by extension 'ignore'
[0.789s] Level 1:colcon.colcon_core.package_identification:_identify(src/droplet_camera) by extension 'ignore_ament_install'
[0.789s] Level 1:colcon.colcon_core.package_identification:_identify(src/droplet_camera) by extensions ['colcon_pkg']
[0.789s] Level 1:colcon.colcon_core.package_identification:_identify(src/droplet_camera) by extension 'colcon_pkg'
[0.789s] Level 1:colcon.colcon_core.package_identification:_identify(src/droplet_camera) by extensions ['colcon_meta']
[0.789s] Level 1:colcon.colcon_core.package_identification:_identify(src/droplet_camera) by extension 'colcon_meta'
[0.790s] Level 1:colcon.colcon_core.package_identification:_identify(src/droplet_camera) by extensions ['ros']
[0.790s] Level 1:colcon.colcon_core.package_identification:_identify(src/droplet_camera) by extension 'ros'
[0.795s] DEBUG:colcon.colcon_core.package_identification:Package 'src/droplet_camera' with type 'ros.ament_python' and name 'droplet_camera'
[0.795s] Level 1:colcon.colcon_core.package_identification:_identify(src/droplet_motor) by extensions ['ignore', 'ignore_ament_install']
[0.795s] Level 1:colcon.colcon_core.package_identification:_identify(src/droplet_motor) by extension 'ignore'
[0.795s] Level 1:colcon.colcon_core.package_identification:_identify(src/droplet_motor) by extension 'ignore_ament_install'
[0.795s] Level 1:colcon.colcon_core.package_identification:_identify(src/droplet_motor) by extensions ['colcon_pkg']
[0.795s] Level 1:colcon.colcon_core.package_identification:_identify(src/droplet_motor) by extension 'colcon_pkg'
[0.796s] Level 1:colcon.colcon_core.package_identification:_identify(src/droplet_motor) by extensions ['colcon_meta']
[0.796s] Level 1:colcon.colcon_core.package_identification:_identify(src/droplet_motor) by extension 'colcon_meta'
[0.796s] Level 1:colcon.colcon_core.package_identification:_identify(src/droplet_motor) by extensions ['ros']
[0.796s] Level 1:colcon.colcon_core.package_identification:_identify(src/droplet_motor) by extension 'ros'
[0.798s] DEBUG:colcon.colcon_core.package_identification:Package 'src/droplet_motor' with type 'ros.ament_python' and name 'droplet_motor'
[0.798s] Level 1:colcon.colcon_core.package_identification:_identify(src/droplet_state) by extensions ['ignore', 'ignore_ament_install']
[0.798s] Level 1:colcon.colcon_core.package_identification:_identify(src/droplet_state) by extension 'ignore'
[0.798s] Level 1:colcon.colcon_core.package_identification:_identify(src/droplet_state) by extension 'ignore_ament_install'
[0.798s] Level 1:colcon.colcon_core.package_identification:_identify(src/droplet_state) by extensions ['colcon_pkg']
[0.798s] Level 1:colcon.colcon_core.package_identification:_identify(src/droplet_state) by extension 'colcon_pkg'
[0.798s] Level 1:colcon.colcon_core.package_identification:_identify(src/droplet_state) by extensions ['colcon_meta']
[0.799s] Level 1:colcon.colcon_core.package_identification:_identify(src/droplet_state) by extension 'colcon_meta'
[0.799s] Level 1:colcon.colcon_core.package_identification:_identify(src/droplet_state) by extensions ['ros']
[0.799s] Level 1:colcon.colcon_core.package_identification:_identify(src/droplet_state) by extension 'ros'
[0.800s] DEBUG:colcon.colcon_core.package_identification:Package 'src/droplet_state' with type 'ros.ament_python' and name 'droplet_state'
[0.800s] Level 1:colcon.colcon_core.package_discovery:discover_packages(recursive) using defaults
[0.800s] Level 1:colcon.colcon_core.package_discovery:discover_packages(ignore) discover
[0.801s] Level 1:colcon.colcon_core.package_discovery:discover_packages(ignore) using defaults
[0.801s] Level 1:colcon.colcon_core.package_discovery:discover_packages(path) discover
[0.801s] Level 1:colcon.colcon_core.package_discovery:discover_packages(path) using defaults
[0.892s] INFO:colcon.colcon_core.package_selection:Skipping not selected package 'droplet_camera' in 'src/droplet_camera'
[0.893s] INFO:colcon.colcon_core.package_selection:Skipping not selected package 'droplet_motor' in 'src/droplet_motor'
[0.894s] Level 1:colcon.colcon_core.package_discovery:discover_packages(prefix_path) check parameters
[0.894s] Level 1:colcon.colcon_core.package_discovery:discover_packages(prefix_path) discover
[0.899s] DEBUG:colcon.colcon_installed_package_information.package_discovery:Found 3 installed packages in /home/rajneesh/droplet_runner_ws/install
[0.903s] DEBUG:colcon.colcon_installed_package_information.package_discovery:Found 284 installed packages in /opt/ros/humble
[0.907s] Level 1:colcon.colcon_core.package_discovery:discover_packages(prefix_path) using defaults
[1.015s] Level 5:colcon.colcon_core.verb:set package 'droplet_state' build argument 'cmake_args' from command line to 'None'
[1.015s] Level 5:colcon.colcon_core.verb:set package 'droplet_state' build argument 'cmake_target' from command line to 'None'
[1.016s] Level 5:colcon.colcon_core.verb:set package 'droplet_state' build argument 'cmake_target_skip_unavailable' from command line to 'False'
[1.016s] Level 5:colcon.colcon_core.verb:set package 'droplet_state' build argument 'cmake_clean_cache' from command line to 'False'
[1.016s] Level 5:colcon.colcon_core.verb:set package 'droplet_state' build argument 'cmake_clean_first' from command line to 'False'
[1.016s] Level 5:colcon.colcon_core.verb:set package 'droplet_state' build argument 'cmake_force_configure' from command line to 'False'
[1.016s] Level 5:colcon.colcon_core.verb:set package 'droplet_state' build argument 'ament_cmake_args' from command line to 'None'
[1.016s] Level 5:colcon.colcon_core.verb:set package 'droplet_state' build argument 'catkin_cmake_args' from command line to 'None'
[1.016s] Level 5:colcon.colcon_core.verb:set package 'droplet_state' build argument 'catkin_skip_building_tests' from command line to 'False'
[1.017s] DEBUG:colcon.colcon_core.verb:Building package 'droplet_state' with the following arguments: {'ament_cmake_args': None, 'build_base': '/home/rajneesh/droplet_runner_ws/build/droplet_state', 'catkin_cmake_args': None, 'catkin_skip_building_tests': False, 'cmake_args': None, 'cmake_clean_cache': False, 'cmake_clean_first': False, 'cmake_force_configure': False, 'cmake_target': None, 'cmake_target_skip_unavailable': False, 'install_base': '/home/rajneesh/droplet_runner_ws/install/droplet_state', 'merge_install': False, 'path': '/home/rajneesh/droplet_runner_ws/src/droplet_state', 'symlink_install': False, 'test_result_base': None}
[1.017s] INFO:colcon.colcon_core.executor:Executing jobs using 'parallel' executor
[1.019s] DEBUG:colcon.colcon_parallel_executor.executor.parallel:run_until_complete
[1.019s] INFO:colcon.colcon_ros.task.ament_python.build:Building ROS package in '/home/rajneesh/droplet_runner_ws/src/droplet_state' with build type 'ament_python'
[1.019s] Level 1:colcon.colcon_core.shell:create_environment_hook('droplet_state', 'ament_prefix_path')
[1.025s] INFO:colcon.colcon_core.plugin_system:Skipping extension 'colcon_core.shell.bat': Not used on non-Windows systems
[1.026s] INFO:colcon.colcon_core.shell:Creating environment hook '/home/rajneesh/droplet_runner_ws/install/droplet_state/share/droplet_state/hook/ament_prefix_path.ps1'
[1.028s] INFO:colcon.colcon_core.shell:Creating environment descriptor '/home/rajneesh/droplet_runner_ws/install/droplet_state/share/droplet_state/hook/ament_prefix_path.dsv'
[1.028s] INFO:colcon.colcon_core.shell:Creating environment hook '/home/rajneesh/droplet_runner_ws/install/droplet_state/share/droplet_state/hook/ament_prefix_path.sh'
[1.030s] INFO:colcon.colcon_core.shell:Skip shell extension 'powershell' for command environment: Not usable outside of PowerShell
[1.030s] DEBUG:colcon.colcon_core.shell:Skip shell extension 'dsv' for command environment
[2.006s] INFO:colcon.colcon_core.task.python.build:Building Python package in '/home/rajneesh/droplet_runner_ws/src/droplet_state'
[2.007s] INFO:colcon.colcon_core.shell:Skip shell extension 'powershell' for command environment: Not usable outside of PowerShell
[2.007s] DEBUG:colcon.colcon_core.shell:Skip shell extension 'dsv' for command environment
[3.100s] DEBUG:colcon.colcon_core.event_handler.log_command:Invoking command in '/home/rajneesh/droplet_runner_ws/src/droplet_state': CONDA_PROMPT_MODIFIER=(base) PYTHONPATH=/home/rajneesh/droplet_runner_ws/build/droplet_state/prefix_override:/usr/lib/python3/dist-packages/colcon_core/task/python/colcon_distutils_commands:/home/rajneesh/droplet_runner_ws/install/droplet_state/lib/python3.10/site-packages:${PYTHONPATH} /usr/bin/python3 -W ignore:setup.py install is deprecated -W ignore:easy_install command is deprecated setup.py egg_info --egg-base ../../build/droplet_state build --build-base /home/rajneesh/droplet_runner_ws/build/droplet_state/build install --record /home/rajneesh/droplet_runner_ws/build/droplet_state/install.log --single-version-externally-managed install_data
[4.247s] DEBUG:colcon.colcon_core.event_handler.log_command:Invoked command in '/home/rajneesh/droplet_runner_ws/src/droplet_state' returned '0': CONDA_PROMPT_MODIFIER=(base) PYTHONPATH=/home/rajneesh/droplet_runner_ws/build/droplet_state/prefix_override:/usr/lib/python3/dist-packages/colcon_core/task/python/colcon_distutils_commands:/home/rajneesh/droplet_runner_ws/install/droplet_state/lib/python3.10/site-packages:${PYTHONPATH} /usr/bin/python3 -W ignore:setup.py install is deprecated -W ignore:easy_install command is deprecated setup.py egg_info --egg-base ../../build/droplet_state build --build-base /home/rajneesh/droplet_runner_ws/build/droplet_state/build install --record /home/rajneesh/droplet_runner_ws/build/droplet_state/install.log --single-version-externally-managed install_data
[4.255s] Level 1:colcon.colcon_core.environment:checking '/home/rajneesh/droplet_runner_ws/install/droplet_state' for CMake module files
[4.256s] Level 1:colcon.colcon_core.environment:checking '/home/rajneesh/droplet_runner_ws/install/droplet_state' for CMake config files
[4.262s] Level 1:colcon.colcon_core.environment:checking '/home/rajneesh/droplet_runner_ws/install/droplet_state/lib'
[4.262s] Level 1:colcon.colcon_core.environment:checking '/home/rajneesh/droplet_runner_ws/install/droplet_state/bin'
[4.262s] Level 1:colcon.colcon_core.environment:checking '/home/rajneesh/droplet_runner_ws/install/droplet_state/lib/pkgconfig/droplet_state.pc'
[4.263s] Level 1:colcon.colcon_core.environment:checking '/home/rajneesh/droplet_runner_ws/install/droplet_state/lib/python3.10/site-packages'
[4.264s] Level 1:colcon.colcon_core.shell:create_environment_hook('droplet_state', 'pythonpath')
[4.264s] INFO:colcon.colcon_core.shell:Creating environment hook '/home/rajneesh/droplet_runner_ws/install/droplet_state/share/droplet_state/hook/pythonpath.ps1'
[4.269s] INFO:colcon.colcon_core.shell:Creating environment descriptor '/home/rajneesh/droplet_runner_ws/install/droplet_state/share/droplet_state/hook/pythonpath.dsv'
[4.270s] INFO:colcon.colcon_core.shell:Creating environment hook '/home/rajneesh/droplet_runner_ws/install/droplet_state/share/droplet_state/hook/pythonpath.sh'
[4.280s] Level 1:colcon.colcon_core.environment:checking '/home/rajneesh/droplet_runner_ws/install/droplet_state/bin'
[4.280s] Level 1:colcon.colcon_core.environment:create_environment_scripts_only(droplet_state)
[4.282s] INFO:colcon.colcon_core.shell:Creating package script '/home/rajneesh/droplet_runner_ws/install/droplet_state/share/droplet_state/package.ps1'
[4.286s] INFO:colcon.colcon_core.shell:Creating package descriptor '/home/rajneesh/droplet_runner_ws/install/droplet_state/share/droplet_state/package.dsv'
[4.289s] INFO:colcon.colcon_core.shell:Creating package script '/home/rajneesh/droplet_runner_ws/install/droplet_state/share/droplet_state/package.sh'
[4.291s] INFO:colcon.colcon_core.shell:Creating package script '/home/rajneesh/droplet_runner_ws/install/droplet_state/share/droplet_state/package.bash'
[4.293s] INFO:colcon.colcon_core.shell:Creating package script '/home/rajneesh/droplet_runner_ws/install/droplet_state/share/droplet_state/package.zsh'
[4.296s] Level 1:colcon.colcon_core.environment:create_file_with_runtime_dependencies(/home/rajneesh/droplet_runner_ws/install/droplet_state/share/colcon-core/packages/droplet_state)
[4.299s] DEBUG:colcon.colcon_parallel_executor.executor.parallel:closing loop
[4.299s] DEBUG:colcon.colcon_parallel_executor.executor.parallel:loop closed
[4.299s] DEBUG:colcon.colcon_parallel_executor.executor.parallel:run_until_complete finished with '0'
[4.300s] DEBUG:colcon.colcon_core.event_reactor:joining thread
[4.320s] INFO:colcon.colcon_core.plugin_system:Skipping extension 'colcon_notification.desktop_notification.terminal_notifier': Not used on non-Darwin systems
[4.321s] INFO:colcon.colcon_core.plugin_system:Skipping extension 'colcon_notification.desktop_notification.win32': Not used on non-Windows systems
[4.321s] INFO:colcon.colcon_notification.desktop_notification:Sending desktop notification using 'notify2'
[4.365s] DEBUG:colcon.colcon_core.event_reactor:joined thread
[4.366s] INFO:colcon.colcon_core.shell:Creating prefix script '/home/rajneesh/droplet_runner_ws/install/local_setup.ps1'
[4.369s] INFO:colcon.colcon_core.shell:Creating prefix util module '/home/rajneesh/droplet_runner_ws/install/_local_setup_util_ps1.py'
[4.373s] INFO:colcon.colcon_core.shell:Creating prefix chain script '/home/rajneesh/droplet_runner_ws/install/setup.ps1'
[4.377s] INFO:colcon.colcon_core.shell:Creating prefix script '/home/rajneesh/droplet_runner_ws/install/local_setup.sh'
[4.379s] INFO:colcon.colcon_core.shell:Creating prefix util module '/home/rajneesh/droplet_runner_ws/install/_local_setup_util_sh.py'
[4.383s] INFO:colcon.colcon_core.shell:Creating prefix chain script '/home/rajneesh/droplet_runner_ws/install/setup.sh'
[4.390s] INFO:colcon.colcon_core.shell:Creating prefix script '/home/rajneesh/droplet_runner_ws/install/local_setup.bash'
[4.394s] INFO:colcon.colcon_core.shell:Creating prefix chain script '/home/rajneesh/droplet_runner_ws/install/setup.bash'
[4.399s] INFO:colcon.colcon_core.shell:Creating prefix script '/home/rajneesh/droplet_runner_ws/install/local_setup.zsh'
[4.401s] INFO:colcon.colcon_core.shell:Creating prefix chain script '/home/rajneesh/droplet_runner_ws/install/setup.zsh'
