[2.521s] Invoking command in '/home/rajneesh/droplet_runner_ws/src/droplet_motor': CONDA_PROMPT_MODIFIER=(base) PYTHONPATH=/home/rajneesh/droplet_runner_ws/build/droplet_motor/prefix_override:/usr/lib/python3/dist-packages/colcon_core/task/python/colcon_distutils_commands:/home/rajneesh/droplet_runner_ws/install/droplet_motor/lib/python3.10/site-packages:${PYTHONPATH} /usr/bin/python3 -W ignore:setup.py install is deprecated -W ignore:easy_install command is deprecated setup.py egg_info --egg-base ../../build/droplet_motor build --build-base /home/rajneesh/droplet_runner_ws/build/droplet_motor/build install --record /home/rajneesh/droplet_runner_ws/build/droplet_motor/install.log --single-version-externally-managed install_data
[3.001s] running egg_info
[3.002s] writing ../../build/droplet_motor/droplet_motor.egg-info/PKG-INFO
[3.002s] writing dependency_links to ../../build/droplet_motor/droplet_motor.egg-info/dependency_links.txt
[3.002s] writing entry points to ../../build/droplet_motor/droplet_motor.egg-info/entry_points.txt
[3.003s] writing requirements to ../../build/droplet_motor/droplet_motor.egg-info/requires.txt
[3.003s] writing top-level names to ../../build/droplet_motor/droplet_motor.egg-info/top_level.txt
[3.009s] reading manifest file '../../build/droplet_motor/droplet_motor.egg-info/SOURCES.txt'
[3.030s] writing manifest file '../../build/droplet_motor/droplet_motor.egg-info/SOURCES.txt'
[3.045s] running build
[3.045s] running build_py
[3.045s] running install
[3.045s] running install_lib
[3.047s] running install_data
[3.047s] running install_egg_info
[3.049s] removing '/home/rajneesh/droplet_runner_ws/install/droplet_motor/lib/python3.10/site-packages/droplet_motor-0.0.0-py3.10.egg-info' (and everything under it)
[3.049s] Copying ../../build/droplet_motor/droplet_motor.egg-info to /home/rajneesh/droplet_runner_ws/install/droplet_motor/lib/python3.10/site-packages/droplet_motor-0.0.0-py3.10.egg-info
[3.095s] running install_scripts
[3.118s] Installing motor_driver script to /home/rajneesh/droplet_runner_ws/install/droplet_motor/lib/droplet_motor
[3.119s] writing list of installed files to '/home/rajneesh/droplet_runner_ws/build/droplet_motor/install.log'
[3.168s] Invoked command in '/home/rajneesh/droplet_runner_ws/src/droplet_motor' returned '0': CONDA_PROMPT_MODIFIER=(base) PYTHONPATH=/home/rajneesh/droplet_runner_ws/build/droplet_motor/prefix_override:/usr/lib/python3/dist-packages/colcon_core/task/python/colcon_distutils_commands:/home/rajneesh/droplet_runner_ws/install/droplet_motor/lib/python3.10/site-packages:${PYTHONPATH} /usr/bin/python3 -W ignore:setup.py install is deprecated -W ignore:easy_install command is deprecated setup.py egg_info --egg-base ../../build/droplet_motor build --build-base /home/rajneesh/droplet_runner_ws/build/droplet_motor/build install --record /home/rajneesh/droplet_runner_ws/build/droplet_motor/install.log --single-version-externally-managed install_data
