[0.661s] Invoking command in '/home/rajneesh/droplet_runner_ws/src/droplet_state': CONDA_PROMPT_MODIFIER=(base) PYTHONPATH=/home/rajneesh/droplet_runner_ws/build/droplet_state/prefix_override:/usr/lib/python3/dist-packages/colcon_core/task/python/colcon_distutils_commands:/home/rajneesh/droplet_runner_ws/install/droplet_state/lib/python3.10/site-packages:${PYTHONPATH} /usr/bin/python3 -W ignore:setup.py install is deprecated -W ignore:easy_install command is deprecated setup.py egg_info --egg-base ../../build/droplet_state build --build-base /home/rajneesh/droplet_runner_ws/build/droplet_state/build install --record /home/rajneesh/droplet_runner_ws/build/droplet_state/install.log --single-version-externally-managed install_data
[0.914s] running egg_info
[0.915s] writing ../../build/droplet_state/droplet_state.egg-info/PKG-INFO
[0.915s] writing dependency_links to ../../build/droplet_state/droplet_state.egg-info/dependency_links.txt
[0.915s] writing entry points to ../../build/droplet_state/droplet_state.egg-info/entry_points.txt
[0.915s] writing requirements to ../../build/droplet_state/droplet_state.egg-info/requires.txt
[0.915s] writing top-level names to ../../build/droplet_state/droplet_state.egg-info/top_level.txt
[0.917s] reading manifest file '../../build/droplet_state/droplet_state.egg-info/SOURCES.txt'
[0.918s] writing manifest file '../../build/droplet_state/droplet_state.egg-info/SOURCES.txt'
[0.918s] running build
[0.918s] running build_py
[0.918s] copying droplet_state/camera_model.py -> /home/rajneesh/droplet_runner_ws/build/droplet_state/build/lib/droplet_state
[0.919s] running install
[0.919s] running install_lib
[0.920s] copying /home/rajneesh/droplet_runner_ws/build/droplet_state/build/lib/droplet_state/camera_model.py -> /home/rajneesh/droplet_runner_ws/install/droplet_state/lib/python3.10/site-packages/droplet_state
[0.920s] byte-compiling /home/rajneesh/droplet_runner_ws/install/droplet_state/lib/python3.10/site-packages/droplet_state/camera_model.py to camera_model.cpython-310.pyc
[0.922s] running install_data
[0.922s] creating /home/rajneesh/droplet_runner_ws/install/droplet_state/share/droplet_state/calib
[0.922s] copying calib/calib_results.txt -> /home/rajneesh/droplet_runner_ws/install/droplet_state/share/droplet_state/calib
[0.944s] running install_egg_info
[0.947s] removing '/home/rajneesh/droplet_runner_ws/install/droplet_state/lib/python3.10/site-packages/droplet_state-0.0.0-py3.10.egg-info' (and everything under it)
[0.947s] Copying ../../build/droplet_state/droplet_state.egg-info to /home/rajneesh/droplet_runner_ws/install/droplet_state/lib/python3.10/site-packages/droplet_state-0.0.0-py3.10.egg-info
[0.948s] running install_scripts
[0.971s] Installing data_collector script to /home/rajneesh/droplet_runner_ws/install/droplet_state/lib/droplet_state
[0.971s] Installing estimator script to /home/rajneesh/droplet_runner_ws/install/droplet_state/lib/droplet_state
[0.972s] writing list of installed files to '/home/rajneesh/droplet_runner_ws/build/droplet_state/install.log'
[1.003s] Invoked command in '/home/rajneesh/droplet_runner_ws/src/droplet_state' returned '0': CONDA_PROMPT_MODIFIER=(base) PYTHONPATH=/home/rajneesh/droplet_runner_ws/build/droplet_state/prefix_override:/usr/lib/python3/dist-packages/colcon_core/task/python/colcon_distutils_commands:/home/rajneesh/droplet_runner_ws/install/droplet_state/lib/python3.10/site-packages:${PYTHONPATH} /usr/bin/python3 -W ignore:setup.py install is deprecated -W ignore:easy_install command is deprecated setup.py egg_info --egg-base ../../build/droplet_state build --build-base /home/rajneesh/droplet_runner_ws/build/droplet_state/build install --record /home/rajneesh/droplet_runner_ws/build/droplet_state/install.log --single-version-externally-managed install_data
