[1.041s] Invoking command in '/home/rajneesh/droplet_runner_ws/src/droplet_state': CONDA_PROMPT_MODIFIER=(base) PYTHONPATH=/home/rajneesh/droplet_runner_ws/build/droplet_state/prefix_override:/usr/lib/python3/dist-packages/colcon_core/task/python/colcon_distutils_commands:/home/rajneesh/droplet_runner_ws/install/droplet_state/lib/python3.10/site-packages:${PYTHONPATH} /usr/bin/python3 -W ignore:setup.py install is deprecated -W ignore:easy_install command is deprecated setup.py egg_info --egg-base ../../build/droplet_state build --build-base /home/rajneesh/droplet_runner_ws/build/droplet_state/build install --record /home/rajneesh/droplet_runner_ws/build/droplet_state/install.log --single-version-externally-managed install_data
[1.357s] running egg_info
[1.359s] writing ../../build/droplet_state/droplet_state.egg-info/PKG-INFO
[1.359s] writing dependency_links to ../../build/droplet_state/droplet_state.egg-info/dependency_links.txt
[1.359s] writing entry points to ../../build/droplet_state/droplet_state.egg-info/entry_points.txt
[1.359s] writing requirements to ../../build/droplet_state/droplet_state.egg-info/requires.txt
[1.360s] writing top-level names to ../../build/droplet_state/droplet_state.egg-info/top_level.txt
[1.362s] reading manifest file '../../build/droplet_state/droplet_state.egg-info/SOURCES.txt'
[1.398s] writing manifest file '../../build/droplet_state/droplet_state.egg-info/SOURCES.txt'
[1.398s] running build
[1.398s] running build_py
[1.400s] running install
[1.402s] running install_lib
[1.413s] running install_data
[1.413s] running install_egg_info
[1.415s] removing '/home/rajneesh/droplet_runner_ws/install/droplet_state/lib/python3.10/site-packages/droplet_state-0.0.0-py3.10.egg-info' (and everything under it)
[1.436s] Copying ../../build/droplet_state/droplet_state.egg-info to /home/rajneesh/droplet_runner_ws/install/droplet_state/lib/python3.10/site-packages/droplet_state-0.0.0-py3.10.egg-info
[1.451s] running install_scripts
[1.476s] Installing data_collector script to /home/rajneesh/droplet_runner_ws/install/droplet_state/lib/droplet_state
[1.476s] Installing estimator script to /home/rajneesh/droplet_runner_ws/install/droplet_state/lib/droplet_state
[1.476s] Installing pid_controller script to /home/rajneesh/droplet_runner_ws/install/droplet_state/lib/droplet_state
[1.477s] Installing policy_runner script to /home/rajneesh/droplet_runner_ws/install/droplet_state/lib/droplet_state
[1.477s] writing list of installed files to '/home/rajneesh/droplet_runner_ws/build/droplet_state/install.log'
[1.501s] Invoked command in '/home/rajneesh/droplet_runner_ws/src/droplet_state' returned '0': CONDA_PROMPT_MODIFIER=(base) PYTHONPATH=/home/rajneesh/droplet_runner_ws/build/droplet_state/prefix_override:/usr/lib/python3/dist-packages/colcon_core/task/python/colcon_distutils_commands:/home/rajneesh/droplet_runner_ws/install/droplet_state/lib/python3.10/site-packages:${PYTHONPATH} /usr/bin/python3 -W ignore:setup.py install is deprecated -W ignore:easy_install command is deprecated setup.py egg_info --egg-base ../../build/droplet_state build --build-base /home/rajneesh/droplet_runner_ws/build/droplet_state/build install --record /home/rajneesh/droplet_runner_ws/build/droplet_state/install.log --single-version-externally-managed install_data
