[4.517s] DEBUG:colcon:Command line arguments: ['/usr/bin/colcon', 'build', '--packages-select', 'droplet_camera', '--symlink-install']
[4.518s] DEBUG:colcon:Parsed command line arguments: Namespace(log_base=None, log_level=None, verb_name='build', build_base='build', install_base='install', merge_install=False, symlink_install=True, test_result_base=None, continue_on_error=False, executor='parallel', parallel_workers=8, event_handlers=None, ignore_user_meta=False, metas=['./colcon.meta'], base_paths=['.'], packages_ignore=None, packages_ignore_regex=None, paths=None, packages_up_to=None, packages_up_to_regex=None, packages_above=None, packages_above_and_dependencies=None, packages_above_depth=None, packages_select_by_dep=None, packages_skip_by_dep=None, packages_skip_up_to=None, packages_select_build_failed=False, packages_skip_build_finished=False, packages_select_test_failures=False, packages_skip_test_passed=False, packages_select=['droplet_camera'], packages_skip=None, packages_select_regex=None, packages_skip_regex=None, packages_start=None, packages_end=None, allow_overriding=[], cmake_args=None, cmake_target=None, cmake_target_skip_unavailable=False, cmake_clean_cache=False, cmake_clean_first=False, cmake_force_configure=False, ament_cmake_args=None, catkin_cmake_args=None, catkin_skip_building_tests=False, mixin_files=None, mixin=None, verb_parser=<colcon_mixin.mixin.mixin_argument.MixinArgumentDecorator object at 0x70e2bd859d20>, verb_extension=<colcon_core.verb.build.BuildVerb object at 0x70e2bd9df220>, main=<bound method BuildVerb.main of <colcon_core.verb.build.BuildVerb object at 0x70e2bd9df220>>, mixin_verb=('build',))
[9.571s] Level 1:colcon.colcon_core.package_discovery:discover_packages(colcon_meta) check parameters
[9.572s] Level 1:colcon.colcon_core.package_discovery:discover_packages(recursive) check parameters
[9.572s] Level 1:colcon.colcon_core.package_discovery:discover_packages(ignore) check parameters
[9.572s] Level 1:colcon.colcon_core.package_discovery:discover_packages(path) check parameters
[9.572s] Level 1:colcon.colcon_core.package_discovery:discover_packages(colcon_meta) discover
[9.572s] Level 1:colcon.colcon_core.package_discovery:discover_packages(recursive) discover
[9.572s] INFO:colcon.colcon_core.package_discovery:Crawling recursively for packages in '/home/rajneesh/droplet_runner_ws'
[9.572s] Level 1:colcon.colcon_core.package_identification:_identify(.) by extensions ['ignore', 'ignore_ament_install']
[9.573s] Level 1:colcon.colcon_core.package_identification:_identify(.) by extension 'ignore'
[9.573s] Level 1:colcon.colcon_core.package_identification:_identify(.) by extension 'ignore_ament_install'
[9.573s] Level 1:colcon.colcon_core.package_identification:_identify(.) by extensions ['colcon_pkg']
[9.573s] Level 1:colcon.colcon_core.package_identification:_identify(.) by extension 'colcon_pkg'
[9.573s] Level 1:colcon.colcon_core.package_identification:_identify(.) by extensions ['colcon_meta']
[9.573s] Level 1:colcon.colcon_core.package_identification:_identify(.) by extension 'colcon_meta'
[9.573s] Level 1:colcon.colcon_core.package_identification:_identify(.) by extensions ['ros']
[9.573s] Level 1:colcon.colcon_core.package_identification:_identify(.) by extension 'ros'
[9.647s] Level 1:colcon.colcon_core.package_identification:_identify(.) by extensions ['cmake', 'python']
[9.647s] Level 1:colcon.colcon_core.package_identification:_identify(.) by extension 'cmake'
[9.648s] Level 1:colcon.colcon_core.package_identification:_identify(.) by extension 'python'
[9.648s] Level 1:colcon.colcon_core.package_identification:_identify(.) by extensions ['python_setup_py']
[9.648s] Level 1:colcon.colcon_core.package_identification:_identify(.) by extension 'python_setup_py'
[9.649s] Level 1:colcon.colcon_core.package_identification:_identify(build) by extensions ['ignore', 'ignore_ament_install']
[9.649s] Level 1:colcon.colcon_core.package_identification:_identify(build) by extension 'ignore'
[9.650s] Level 1:colcon.colcon_core.package_identification:_identify(build) ignored
[9.651s] Level 1:colcon.colcon_core.package_identification:_identify(install) by extensions ['ignore', 'ignore_ament_install']
[9.651s] Level 1:colcon.colcon_core.package_identification:_identify(install) by extension 'ignore'
[9.652s] Level 1:colcon.colcon_core.package_identification:_identify(install) ignored
[9.652s] Level 1:colcon.colcon_core.package_identification:_identify(log) by extensions ['ignore', 'ignore_ament_install']
[9.653s] Level 1:colcon.colcon_core.package_identification:_identify(log) by extension 'ignore'
[9.653s] Level 1:colcon.colcon_core.package_identification:_identify(log) ignored
[9.653s] Level 1:colcon.colcon_core.package_identification:_identify(src) by extensions ['ignore', 'ignore_ament_install']
[9.653s] Level 1:colcon.colcon_core.package_identification:_identify(src) by extension 'ignore'
[9.654s] Level 1:colcon.colcon_core.package_identification:_identify(src) by extension 'ignore_ament_install'
[9.654s] Level 1:colcon.colcon_core.package_identification:_identify(src) by extensions ['colcon_pkg']
[9.654s] Level 1:colcon.colcon_core.package_identification:_identify(src) by extension 'colcon_pkg'
[9.654s] Level 1:colcon.colcon_core.package_identification:_identify(src) by extensions ['colcon_meta']
[9.654s] Level 1:colcon.colcon_core.package_identification:_identify(src) by extension 'colcon_meta'
[9.655s] Level 1:colcon.colcon_core.package_identification:_identify(src) by extensions ['ros']
[9.655s] Level 1:colcon.colcon_core.package_identification:_identify(src) by extension 'ros'
[9.655s] Level 1:colcon.colcon_core.package_identification:_identify(src) by extensions ['cmake', 'python']
[9.656s] Level 1:colcon.colcon_core.package_identification:_identify(src) by extension 'cmake'
[9.656s] Level 1:colcon.colcon_core.package_identification:_identify(src) by extension 'python'
[9.656s] Level 1:colcon.colcon_core.package_identification:_identify(src) by extensions ['python_setup_py']
[9.656s] Level 1:colcon.colcon_core.package_identification:_identify(src) by extension 'python_setup_py'
[9.657s] Level 1:colcon.colcon_core.package_identification:_identify(src/droplet_camera) by extensions ['ignore', 'ignore_ament_install']
[9.657s] Level 1:colcon.colcon_core.package_identification:_identify(src/droplet_camera) by extension 'ignore'
[9.657s] Level 1:colcon.colcon_core.package_identification:_identify(src/droplet_camera) by extension 'ignore_ament_install'
[9.658s] Level 1:colcon.colcon_core.package_identification:_identify(src/droplet_camera) by extensions ['colcon_pkg']
[9.658s] Level 1:colcon.colcon_core.package_identification:_identify(src/droplet_camera) by extension 'colcon_pkg'
[9.658s] Level 1:colcon.colcon_core.package_identification:_identify(src/droplet_camera) by extensions ['colcon_meta']
[9.658s] Level 1:colcon.colcon_core.package_identification:_identify(src/droplet_camera) by extension 'colcon_meta'
[9.658s] Level 1:colcon.colcon_core.package_identification:_identify(src/droplet_camera) by extensions ['ros']
[9.658s] Level 1:colcon.colcon_core.package_identification:_identify(src/droplet_camera) by extension 'ros'
[9.824s] DEBUG:colcon.colcon_core.package_identification:Package 'src/droplet_camera' with type 'ros.ament_python' and name 'droplet_camera'
[9.824s] Level 1:colcon.colcon_core.package_discovery:discover_packages(recursive) using defaults
[9.824s] Level 1:colcon.colcon_core.package_discovery:discover_packages(ignore) discover
[9.824s] Level 1:colcon.colcon_core.package_discovery:discover_packages(ignore) using defaults
[9.824s] Level 1:colcon.colcon_core.package_discovery:discover_packages(path) discover
[9.824s] Level 1:colcon.colcon_core.package_discovery:discover_packages(path) using defaults
[10.078s] Level 1:colcon.colcon_core.package_discovery:discover_packages(prefix_path) check parameters
[10.078s] Level 1:colcon.colcon_core.package_discovery:discover_packages(prefix_path) discover
[10.102s] DEBUG:colcon.colcon_installed_package_information.package_discovery:Found 284 installed packages in /opt/ros/humble
[10.105s] Level 1:colcon.colcon_core.package_discovery:discover_packages(prefix_path) using defaults
[10.233s] Level 5:colcon.colcon_core.verb:set package 'droplet_camera' build argument 'cmake_args' from command line to 'None'
[10.233s] Level 5:colcon.colcon_core.verb:set package 'droplet_camera' build argument 'cmake_target' from command line to 'None'
[10.233s] Level 5:colcon.colcon_core.verb:set package 'droplet_camera' build argument 'cmake_target_skip_unavailable' from command line to 'False'
[10.233s] Level 5:colcon.colcon_core.verb:set package 'droplet_camera' build argument 'cmake_clean_cache' from command line to 'False'
[10.233s] Level 5:colcon.colcon_core.verb:set package 'droplet_camera' build argument 'cmake_clean_first' from command line to 'False'
[10.233s] Level 5:colcon.colcon_core.verb:set package 'droplet_camera' build argument 'cmake_force_configure' from command line to 'False'
[10.233s] Level 5:colcon.colcon_core.verb:set package 'droplet_camera' build argument 'ament_cmake_args' from command line to 'None'
[10.233s] Level 5:colcon.colcon_core.verb:set package 'droplet_camera' build argument 'catkin_cmake_args' from command line to 'None'
[10.233s] Level 5:colcon.colcon_core.verb:set package 'droplet_camera' build argument 'catkin_skip_building_tests' from command line to 'False'
[10.233s] DEBUG:colcon.colcon_core.verb:Building package 'droplet_camera' with the following arguments: {'ament_cmake_args': None, 'build_base': '/home/rajneesh/droplet_runner_ws/build/droplet_camera', 'catkin_cmake_args': None, 'catkin_skip_building_tests': False, 'cmake_args': None, 'cmake_clean_cache': False, 'cmake_clean_first': False, 'cmake_force_configure': False, 'cmake_target': None, 'cmake_target_skip_unavailable': False, 'install_base': '/home/rajneesh/droplet_runner_ws/install/droplet_camera', 'merge_install': False, 'path': '/home/rajneesh/droplet_runner_ws/src/droplet_camera', 'symlink_install': True, 'test_result_base': None}
[10.234s] INFO:colcon.colcon_core.executor:Executing jobs using 'parallel' executor
[10.236s] DEBUG:colcon.colcon_parallel_executor.executor.parallel:run_until_complete
[10.236s] INFO:colcon.colcon_ros.task.ament_python.build:Building ROS package in '/home/rajneesh/droplet_runner_ws/src/droplet_camera' with build type 'ament_python'
[10.236s] Level 1:colcon.colcon_core.shell:create_environment_hook('droplet_camera', 'ament_prefix_path')
[10.261s] INFO:colcon.colcon_core.plugin_system:Skipping extension 'colcon_core.shell.bat': Not used on non-Windows systems
[10.261s] INFO:colcon.colcon_core.shell:Creating environment hook '/home/rajneesh/droplet_runner_ws/install/droplet_camera/share/droplet_camera/hook/ament_prefix_path.ps1'
[10.264s] INFO:colcon.colcon_core.shell:Creating environment descriptor '/home/rajneesh/droplet_runner_ws/install/droplet_camera/share/droplet_camera/hook/ament_prefix_path.dsv'
[10.269s] INFO:colcon.colcon_core.shell:Creating environment hook '/home/rajneesh/droplet_runner_ws/install/droplet_camera/share/droplet_camera/hook/ament_prefix_path.sh'
[10.276s] INFO:colcon.colcon_core.shell:Skip shell extension 'powershell' for command environment: Not usable outside of PowerShell
[10.276s] DEBUG:colcon.colcon_core.shell:Skip shell extension 'dsv' for command environment
[11.569s] INFO:colcon.colcon_core.task.python.build:Building Python package in '/home/rajneesh/droplet_runner_ws/src/droplet_camera'
[11.570s] INFO:colcon.colcon_core.shell:Skip shell extension 'powershell' for command environment: Not usable outside of PowerShell
[11.570s] DEBUG:colcon.colcon_core.shell:Skip shell extension 'dsv' for command environment
[12.873s] DEBUG:colcon.colcon_core.event_handler.log_command:Invoking command in '/home/rajneesh/droplet_runner_ws/build/droplet_camera': CONDA_PROMPT_MODIFIER=(base) PYTHONPATH=/home/rajneesh/droplet_runner_ws/build/droplet_camera/prefix_override:/usr/lib/python3/dist-packages/colcon_core/task/python/colcon_distutils_commands:/home/rajneesh/droplet_runner_ws/install/droplet_camera/lib/python3.10/site-packages:${PYTHONPATH} /usr/bin/python3 -W ignore:setup.py install is deprecated -W ignore:easy_install command is deprecated setup.py develop --editable --build-directory /home/rajneesh/droplet_runner_ws/build/droplet_camera/build --no-deps symlink_data
[14.388s] Level 1:colcon.colcon_core.shell:create_environment_hook('droplet_camera', 'pythonpath_develop')
[14.389s] INFO:colcon.colcon_core.shell:Creating environment hook '/home/rajneesh/droplet_runner_ws/build/droplet_camera/share/droplet_camera/hook/pythonpath_develop.ps1'
[14.391s] DEBUG:colcon.colcon_core.event_handler.log_command:Invoked command in '/home/rajneesh/droplet_runner_ws/build/droplet_camera' returned '0': CONDA_PROMPT_MODIFIER=(base) PYTHONPATH=/home/rajneesh/droplet_runner_ws/build/droplet_camera/prefix_override:/usr/lib/python3/dist-packages/colcon_core/task/python/colcon_distutils_commands:/home/rajneesh/droplet_runner_ws/install/droplet_camera/lib/python3.10/site-packages:${PYTHONPATH} /usr/bin/python3 -W ignore:setup.py install is deprecated -W ignore:easy_install command is deprecated setup.py develop --editable --build-directory /home/rajneesh/droplet_runner_ws/build/droplet_camera/build --no-deps symlink_data
[14.395s] INFO:colcon.colcon_core.shell:Creating environment descriptor '/home/rajneesh/droplet_runner_ws/build/droplet_camera/share/droplet_camera/hook/pythonpath_develop.dsv'
[14.397s] INFO:colcon.colcon_core.shell:Creating environment hook '/home/rajneesh/droplet_runner_ws/build/droplet_camera/share/droplet_camera/hook/pythonpath_develop.sh'
[14.751s] Level 1:colcon.colcon_core.environment:checking '/home/rajneesh/droplet_runner_ws/install/droplet_camera' for CMake module files
[14.752s] Level 1:colcon.colcon_core.environment:checking '/home/rajneesh/droplet_runner_ws/install/droplet_camera' for CMake config files
[14.754s] Level 1:colcon.colcon_core.environment:checking '/home/rajneesh/droplet_runner_ws/install/droplet_camera/lib'
[14.755s] Level 1:colcon.colcon_core.environment:checking '/home/rajneesh/droplet_runner_ws/install/droplet_camera/bin'
[14.755s] Level 1:colcon.colcon_core.environment:checking '/home/rajneesh/droplet_runner_ws/install/droplet_camera/lib/pkgconfig/droplet_camera.pc'
[14.756s] Level 1:colcon.colcon_core.environment:checking '/home/rajneesh/droplet_runner_ws/install/droplet_camera/lib/python3.10/site-packages'
[14.757s] Level 1:colcon.colcon_core.shell:create_environment_hook('droplet_camera', 'pythonpath')
[14.757s] INFO:colcon.colcon_core.shell:Creating environment hook '/home/rajneesh/droplet_runner_ws/install/droplet_camera/share/droplet_camera/hook/pythonpath.ps1'
[14.759s] INFO:colcon.colcon_core.shell:Creating environment descriptor '/home/rajneesh/droplet_runner_ws/install/droplet_camera/share/droplet_camera/hook/pythonpath.dsv'
[14.760s] INFO:colcon.colcon_core.shell:Creating environment hook '/home/rajneesh/droplet_runner_ws/install/droplet_camera/share/droplet_camera/hook/pythonpath.sh'
[14.762s] Level 1:colcon.colcon_core.environment:checking '/home/rajneesh/droplet_runner_ws/install/droplet_camera/bin'
[14.763s] Level 1:colcon.colcon_core.environment:create_environment_scripts_only(droplet_camera)
[14.764s] INFO:colcon.colcon_core.shell:Creating package script '/home/rajneesh/droplet_runner_ws/install/droplet_camera/share/droplet_camera/package.ps1'
[14.768s] INFO:colcon.colcon_core.shell:Creating package descriptor '/home/rajneesh/droplet_runner_ws/install/droplet_camera/share/droplet_camera/package.dsv'
[14.771s] INFO:colcon.colcon_core.shell:Creating package script '/home/rajneesh/droplet_runner_ws/install/droplet_camera/share/droplet_camera/package.sh'
[14.774s] INFO:colcon.colcon_core.shell:Creating package script '/home/rajneesh/droplet_runner_ws/install/droplet_camera/share/droplet_camera/package.bash'
[14.788s] INFO:colcon.colcon_core.shell:Creating package script '/home/rajneesh/droplet_runner_ws/install/droplet_camera/share/droplet_camera/package.zsh'
[14.793s] Level 1:colcon.colcon_core.environment:create_file_with_runtime_dependencies(/home/rajneesh/droplet_runner_ws/install/droplet_camera/share/colcon-core/packages/droplet_camera)
[14.794s] DEBUG:colcon.colcon_parallel_executor.executor.parallel:closing loop
[14.795s] DEBUG:colcon.colcon_parallel_executor.executor.parallel:loop closed
[14.796s] DEBUG:colcon.colcon_parallel_executor.executor.parallel:run_until_complete finished with '0'
[14.796s] DEBUG:colcon.colcon_core.event_reactor:joining thread
[14.826s] INFO:colcon.colcon_core.plugin_system:Skipping extension 'colcon_notification.desktop_notification.terminal_notifier': Not used on non-Darwin systems
[14.827s] INFO:colcon.colcon_core.plugin_system:Skipping extension 'colcon_notification.desktop_notification.win32': Not used on non-Windows systems
[14.827s] INFO:colcon.colcon_notification.desktop_notification:Sending desktop notification using 'notify2'
[15.725s] DEBUG:colcon.colcon_core.event_reactor:joined thread
[15.727s] INFO:colcon.colcon_core.shell:Creating prefix script '/home/rajneesh/droplet_runner_ws/install/local_setup.ps1'
[15.732s] INFO:colcon.colcon_core.shell:Creating prefix util module '/home/rajneesh/droplet_runner_ws/install/_local_setup_util_ps1.py'
[15.742s] INFO:colcon.colcon_core.shell:Creating prefix chain script '/home/rajneesh/droplet_runner_ws/install/setup.ps1'
[15.747s] INFO:colcon.colcon_core.shell:Creating prefix script '/home/rajneesh/droplet_runner_ws/install/local_setup.sh'
[15.750s] INFO:colcon.colcon_core.shell:Creating prefix util module '/home/rajneesh/droplet_runner_ws/install/_local_setup_util_sh.py'
[15.753s] INFO:colcon.colcon_core.shell:Creating prefix chain script '/home/rajneesh/droplet_runner_ws/install/setup.sh'
[15.758s] INFO:colcon.colcon_core.shell:Creating prefix script '/home/rajneesh/droplet_runner_ws/install/local_setup.bash'
[15.761s] INFO:colcon.colcon_core.shell:Creating prefix chain script '/home/rajneesh/droplet_runner_ws/install/setup.bash'
[15.765s] INFO:colcon.colcon_core.shell:Creating prefix script '/home/rajneesh/droplet_runner_ws/install/local_setup.zsh'
[15.768s] INFO:colcon.colcon_core.shell:Creating prefix chain script '/home/rajneesh/droplet_runner_ws/install/setup.zsh'
