[2.536s] Invoking command in '/home/rajneesh/droplet_runner_ws/src/droplet_camera': CONDA_PROMPT_MODIFIER=(base) PYTHONPATH=/home/rajneesh/droplet_runner_ws/build/droplet_camera/prefix_override:/usr/lib/python3/dist-packages/colcon_core/task/python/colcon_distutils_commands:/home/rajneesh/droplet_runner_ws/install/droplet_camera/lib/python3.10/site-packages:${PYTHONPATH} /usr/bin/python3 -W ignore:setup.py install is deprecated -W ignore:easy_install command is deprecated setup.py egg_info --egg-base ../../build/droplet_camera build --build-base /home/rajneesh/droplet_runner_ws/build/droplet_camera/build install --record /home/rajneesh/droplet_runner_ws/build/droplet_camera/install.log --single-version-externally-managed install_data
[3.030s] running egg_info
[3.031s] writing ../../build/droplet_camera/droplet_camera.egg-info/PKG-INFO
[3.031s] writing dependency_links to ../../build/droplet_camera/droplet_camera.egg-info/dependency_links.txt
[3.032s] writing entry points to ../../build/droplet_camera/droplet_camera.egg-info/entry_points.txt
[3.032s] writing requirements to ../../build/droplet_camera/droplet_camera.egg-info/requires.txt
[3.032s] writing top-level names to ../../build/droplet_camera/droplet_camera.egg-info/top_level.txt
[3.035s] reading manifest file '../../build/droplet_camera/droplet_camera.egg-info/SOURCES.txt'
[3.056s] writing manifest file '../../build/droplet_camera/droplet_camera.egg-info/SOURCES.txt'
[3.057s] running build
[3.057s] running build_py
[3.057s] running install
[3.058s] running install_lib
[3.059s] running install_data
[3.059s] running install_egg_info
[3.061s] removing '/home/rajneesh/droplet_runner_ws/install/droplet_camera/lib/python3.10/site-packages/droplet_camera-0.0.0-py3.10.egg-info' (and everything under it)
[3.121s] Copying ../../build/droplet_camera/droplet_camera.egg-info to /home/rajneesh/droplet_runner_ws/install/droplet_camera/lib/python3.10/site-packages/droplet_camera-0.0.0-py3.10.egg-info
[3.156s] running install_scripts
[3.185s] Installing cam_publisher script to /home/rajneesh/droplet_runner_ws/install/droplet_camera/lib/droplet_camera
[3.185s] writing list of installed files to '/home/rajneesh/droplet_runner_ws/build/droplet_camera/install.log'
[3.226s] Invoked command in '/home/rajneesh/droplet_runner_ws/src/droplet_camera' returned '0': CONDA_PROMPT_MODIFIER=(base) PYTHONPATH=/home/rajneesh/droplet_runner_ws/build/droplet_camera/prefix_override:/usr/lib/python3/dist-packages/colcon_core/task/python/colcon_distutils_commands:/home/rajneesh/droplet_runner_ws/install/droplet_camera/lib/python3.10/site-packages:${PYTHONPATH} /usr/bin/python3 -W ignore:setup.py install is deprecated -W ignore:easy_install command is deprecated setup.py egg_info --egg-base ../../build/droplet_camera build --build-base /home/rajneesh/droplet_runner_ws/build/droplet_camera/build install --record /home/rajneesh/droplet_runner_ws/build/droplet_camera/install.log --single-version-externally-managed install_data
