running develop
Removing /home/rajneesh/droplet_runner_ws/install/droplet_camera/lib/python3.10/site-packages/droplet-camera.egg-link (link to .)
running egg_info
writing ../../build/droplet_camera/droplet_camera.egg-info/PKG-INFO
writing dependency_links to ../../build/droplet_camera/droplet_camera.egg-info/dependency_links.txt
writing entry points to ../../build/droplet_camera/droplet_camera.egg-info/entry_points.txt
writing requirements to ../../build/droplet_camera/droplet_camera.egg-info/requires.txt
writing top-level names to ../../build/droplet_camera/droplet_camera.egg-info/top_level.txt
reading manifest file '../../build/droplet_camera/droplet_camera.egg-info/SOURCES.txt'
writing manifest file '../../build/droplet_camera/droplet_camera.egg-info/SOURCES.txt'
running build
running build_py
copying droplet_camera/cam_publisher.py -> /home/rajneesh/droplet_runner_ws/build/droplet_camera/build/lib/droplet_camera
running install
running install_lib
creating /home/rajneesh/droplet_runner_ws/install/droplet_camera/lib/python3.10/site-packages/droplet_camera
copying /home/rajneesh/droplet_runner_ws/build/droplet_camera/build/lib/droplet_camera/cam_publisher.py -> /home/rajneesh/droplet_runner_ws/install/droplet_camera/lib/python3.10/site-packages/droplet_camera
copying /home/rajneesh/droplet_runner_ws/build/droplet_camera/build/lib/droplet_camera/__init__.py -> /home/rajneesh/droplet_runner_ws/install/droplet_camera/lib/python3.10/site-packages/droplet_camera
byte-compiling /home/rajneesh/droplet_runner_ws/install/droplet_camera/lib/python3.10/site-packages/droplet_camera/cam_publisher.py to cam_publisher.cpython-310.pyc
byte-compiling /home/rajneesh/droplet_runner_ws/install/droplet_camera/lib/python3.10/site-packages/droplet_camera/__init__.py to __init__.cpython-310.pyc
running install_data
copying resource/droplet_camera -> /home/rajneesh/droplet_runner_ws/install/droplet_camera/share/ament_index/resource_index/packages
copying package.xml -> /home/rajneesh/droplet_runner_ws/install/droplet_camera/share/droplet_camera
running install_egg_info
Copying ../../build/droplet_camera/droplet_camera.egg-info to /home/rajneesh/droplet_runner_ws/install/droplet_camera/lib/python3.10/site-packages/droplet_camera-0.0.0-py3.10.egg-info
running install_scripts
Installing cam_publisher script to /home/rajneesh/droplet_runner_ws/install/droplet_camera/lib/droplet_camera
writing list of installed files to '/home/rajneesh/droplet_runner_ws/build/droplet_camera/install.log'
