[1.554s] Invoking command in '/home/rajneesh/droplet_runner_ws/build/droplet_camera': CONDA_PROMPT_MODIFIER=(base) PYTHONPATH=/home/rajneesh/droplet_runner_ws/build/droplet_camera/prefix_override:/usr/lib/python3/dist-packages/colcon_core/task/python/colcon_distutils_commands:/home/rajneesh/droplet_runner_ws/install/droplet_camera/lib/python3.10/site-packages:${PYTHONPATH} /usr/bin/python3 -W ignore:setup.py install is deprecated -W ignore:easy_install command is deprecated setup.py develop --uninstall --editable --build-directory /home/rajneesh/droplet_runner_ws/build/droplet_camera/build
[1.954s] running develop
[2.268s] Removing /home/rajneesh/droplet_runner_ws/install/droplet_camera/lib/python3.10/site-packages/droplet-camera.egg-link (link to .)
[2.330s] Invoked command in '/home/rajneesh/droplet_runner_ws/build/droplet_camera' returned '0': CONDA_PROMPT_MODIFIER=(base) PYTHONPATH=/home/rajneesh/droplet_runner_ws/build/droplet_camera/prefix_override:/usr/lib/python3/dist-packages/colcon_core/task/python/colcon_distutils_commands:/home/rajneesh/droplet_runner_ws/install/droplet_camera/lib/python3.10/site-packages:${PYTHONPATH} /usr/bin/python3 -W ignore:setup.py install is deprecated -W ignore:easy_install command is deprecated setup.py develop --uninstall --editable --build-directory /home/rajneesh/droplet_runner_ws/build/droplet_camera/build
[2.333s] Invoking command in '/home/rajneesh/droplet_runner_ws/src/droplet_camera': CONDA_PROMPT_MODIFIER=(base) PYTHONPATH=/home/rajneesh/droplet_runner_ws/build/droplet_camera/prefix_override:/usr/lib/python3/dist-packages/colcon_core/task/python/colcon_distutils_commands:/home/rajneesh/droplet_runner_ws/install/droplet_camera/lib/python3.10/site-packages:${PYTHONPATH} /usr/bin/python3 -W ignore:setup.py install is deprecated -W ignore:easy_install command is deprecated setup.py egg_info --egg-base ../../build/droplet_camera build --build-base /home/rajneesh/droplet_runner_ws/build/droplet_camera/build install --record /home/rajneesh/droplet_runner_ws/build/droplet_camera/install.log --single-version-externally-managed install_data --force
[2.703s] running egg_info
[2.704s] writing ../../build/droplet_camera/droplet_camera.egg-info/PKG-INFO
[2.704s] writing dependency_links to ../../build/droplet_camera/droplet_camera.egg-info/dependency_links.txt
[2.704s] writing entry points to ../../build/droplet_camera/droplet_camera.egg-info/entry_points.txt
[2.705s] writing requirements to ../../build/droplet_camera/droplet_camera.egg-info/requires.txt
[2.705s] writing top-level names to ../../build/droplet_camera/droplet_camera.egg-info/top_level.txt
[2.707s] reading manifest file '../../build/droplet_camera/droplet_camera.egg-info/SOURCES.txt'
[2.734s] writing manifest file '../../build/droplet_camera/droplet_camera.egg-info/SOURCES.txt'
[2.734s] running build
[2.735s] running build_py
[2.735s] copying droplet_camera/cam_publisher.py -> /home/rajneesh/droplet_runner_ws/build/droplet_camera/build/lib/droplet_camera
[2.747s] running install
[2.747s] running install_lib
[2.747s] creating /home/rajneesh/droplet_runner_ws/install/droplet_camera/lib/python3.10/site-packages/droplet_camera
[2.747s] copying /home/rajneesh/droplet_runner_ws/build/droplet_camera/build/lib/droplet_camera/cam_publisher.py -> /home/rajneesh/droplet_runner_ws/install/droplet_camera/lib/python3.10/site-packages/droplet_camera
[2.748s] copying /home/rajneesh/droplet_runner_ws/build/droplet_camera/build/lib/droplet_camera/__init__.py -> /home/rajneesh/droplet_runner_ws/install/droplet_camera/lib/python3.10/site-packages/droplet_camera
[2.750s] byte-compiling /home/rajneesh/droplet_runner_ws/install/droplet_camera/lib/python3.10/site-packages/droplet_camera/cam_publisher.py to cam_publisher.cpython-310.pyc
[2.750s] byte-compiling /home/rajneesh/droplet_runner_ws/install/droplet_camera/lib/python3.10/site-packages/droplet_camera/__init__.py to __init__.cpython-310.pyc
[2.751s] running install_data
[2.751s] copying resource/droplet_camera -> /home/rajneesh/droplet_runner_ws/install/droplet_camera/share/ament_index/resource_index/packages
[2.751s] copying package.xml -> /home/rajneesh/droplet_runner_ws/install/droplet_camera/share/droplet_camera
[2.751s] running install_egg_info
[2.754s] Copying ../../build/droplet_camera/droplet_camera.egg-info to /home/rajneesh/droplet_runner_ws/install/droplet_camera/lib/python3.10/site-packages/droplet_camera-0.0.0-py3.10.egg-info
[2.774s] running install_scripts
[2.805s] Installing cam_publisher script to /home/rajneesh/droplet_runner_ws/install/droplet_camera/lib/droplet_camera
[2.818s] writing list of installed files to '/home/rajneesh/droplet_runner_ws/build/droplet_camera/install.log'
[2.864s] Invoked command in '/home/rajneesh/droplet_runner_ws/src/droplet_camera' returned '0': CONDA_PROMPT_MODIFIER=(base) PYTHONPATH=/home/rajneesh/droplet_runner_ws/build/droplet_camera/prefix_override:/usr/lib/python3/dist-packages/colcon_core/task/python/colcon_distutils_commands:/home/rajneesh/droplet_runner_ws/install/droplet_camera/lib/python3.10/site-packages:${PYTHONPATH} /usr/bin/python3 -W ignore:setup.py install is deprecated -W ignore:easy_install command is deprecated setup.py egg_info --egg-base ../../build/droplet_camera build --build-base /home/rajneesh/droplet_runner_ws/build/droplet_camera/build install --record /home/rajneesh/droplet_runner_ws/build/droplet_camera/install.log --single-version-externally-managed install_data --force
