[6.830s] Invoking command in '/home/rajneesh/droplet_runner_ws/src/droplet_camera': CONDA_PROMPT_MODIFIER=(base) PYTHONPATH=/home/rajneesh/droplet_runner_ws/build/droplet_camera/prefix_override:/usr/lib/python3/dist-packages/colcon_core/task/python/colcon_distutils_commands:/home/rajneesh/droplet_runner_ws/install/droplet_camera/lib/python3.10/site-packages:${PYTHONPATH} /usr/bin/python3 -W ignore:setup.py install is deprecated -W ignore:easy_install command is deprecated setup.py egg_info --egg-base ../../build/droplet_camera build --build-base /home/rajneesh/droplet_runner_ws/build/droplet_camera/build install --record /home/rajneesh/droplet_runner_ws/build/droplet_camera/install.log --single-version-externally-managed install_data
[7.876s] running egg_info
[7.878s] writing ../../build/droplet_camera/droplet_camera.egg-info/PKG-INFO
[7.879s] writing dependency_links to ../../build/droplet_camera/droplet_camera.egg-info/dependency_links.txt
[7.880s] writing entry points to ../../build/droplet_camera/droplet_camera.egg-info/entry_points.txt
[7.880s] writing requirements to ../../build/droplet_camera/droplet_camera.egg-info/requires.txt
[7.880s] writing top-level names to ../../build/droplet_camera/droplet_camera.egg-info/top_level.txt
[7.884s] reading manifest file '../../build/droplet_camera/droplet_camera.egg-info/SOURCES.txt'
[7.887s] writing manifest file '../../build/droplet_camera/droplet_camera.egg-info/SOURCES.txt'
[7.888s] running build
[7.888s] running build_py
[7.889s] running install
[7.891s] running install_lib
[7.895s] running install_data
[7.895s] running install_egg_info
[7.902s] removing '/home/rajneesh/droplet_runner_ws/install/droplet_camera/lib/python3.10/site-packages/droplet_camera-0.0.0-py3.10.egg-info' (and everything under it)
[7.903s] Copying ../../build/droplet_camera/droplet_camera.egg-info to /home/rajneesh/droplet_runner_ws/install/droplet_camera/lib/python3.10/site-packages/droplet_camera-0.0.0-py3.10.egg-info
[8.023s] running install_scripts
[8.077s] Installing cam_publisher script to /home/rajneesh/droplet_runner_ws/install/droplet_camera/lib/droplet_camera
[8.077s] writing list of installed files to '/home/rajneesh/droplet_runner_ws/build/droplet_camera/install.log'
[8.137s] Invoked command in '/home/rajneesh/droplet_runner_ws/src/droplet_camera' returned '0': CONDA_PROMPT_MODIFIER=(base) PYTHONPATH=/home/rajneesh/droplet_runner_ws/build/droplet_camera/prefix_override:/usr/lib/python3/dist-packages/colcon_core/task/python/colcon_distutils_commands:/home/rajneesh/droplet_runner_ws/install/droplet_camera/lib/python3.10/site-packages:${PYTHONPATH} /usr/bin/python3 -W ignore:setup.py install is deprecated -W ignore:easy_install command is deprecated setup.py egg_info --egg-base ../../build/droplet_camera build --build-base /home/rajneesh/droplet_runner_ws/build/droplet_camera/build install --record /home/rajneesh/droplet_runner_ws/build/droplet_camera/install.log --single-version-externally-managed install_data
