[1.949s] Invoking command in '/home/rajneesh/droplet_runner_ws/src/droplet_state': CONDA_PROMPT_MODIFIER=(base) PYTHONPATH=/home/rajneesh/droplet_runner_ws/build/droplet_state/prefix_override:/usr/lib/python3/dist-packages/colcon_core/task/python/colcon_distutils_commands:/home/rajneesh/droplet_runner_ws/install/droplet_state/lib/python3.10/site-packages:${PYTHONPATH} /usr/bin/python3 -W ignore:setup.py install is deprecated -W ignore:easy_install command is deprecated setup.py egg_info --egg-base ../../build/droplet_state build --build-base /home/rajneesh/droplet_runner_ws/build/droplet_state/build install --record /home/rajneesh/droplet_runner_ws/build/droplet_state/install.log --single-version-externally-managed install_data
[2.513s] running egg_info
[2.513s] writing ../../build/droplet_state/droplet_state.egg-info/PKG-INFO
[2.514s] writing dependency_links to ../../build/droplet_state/droplet_state.egg-info/dependency_links.txt
[2.514s] writing entry points to ../../build/droplet_state/droplet_state.egg-info/entry_points.txt
[2.515s] writing requirements to ../../build/droplet_state/droplet_state.egg-info/requires.txt
[2.523s] writing top-level names to ../../build/droplet_state/droplet_state.egg-info/top_level.txt
[2.523s] reading manifest file '../../build/droplet_state/droplet_state.egg-info/SOURCES.txt'
[2.525s] writing manifest file '../../build/droplet_state/droplet_state.egg-info/SOURCES.txt'
[2.525s] running build
[2.525s] running build_py
[2.526s] copying droplet_state/open_loop_replay.py -> /home/rajneesh/droplet_runner_ws/build/droplet_state/build/lib/droplet_state
[2.527s] running install
[2.527s] running install_lib
[2.530s] copying /home/rajneesh/droplet_runner_ws/build/droplet_state/build/lib/droplet_state/open_loop_replay.py -> /home/rajneesh/droplet_runner_ws/install/droplet_state/lib/python3.10/site-packages/droplet_state
[2.531s] byte-compiling /home/rajneesh/droplet_runner_ws/install/droplet_state/lib/python3.10/site-packages/droplet_state/open_loop_replay.py to open_loop_replay.cpython-310.pyc
[2.534s] running install_data
[2.535s] running install_egg_info
[2.538s] removing '/home/rajneesh/droplet_runner_ws/install/droplet_state/lib/python3.10/site-packages/droplet_state-0.0.0-py3.10.egg-info' (and everything under it)
[2.540s] Copying ../../build/droplet_state/droplet_state.egg-info to /home/rajneesh/droplet_runner_ws/install/droplet_state/lib/python3.10/site-packages/droplet_state-0.0.0-py3.10.egg-info
[2.540s] running install_scripts
[2.589s] Installing data_collector script to /home/rajneesh/droplet_runner_ws/install/droplet_state/lib/droplet_state
[2.590s] Installing estimator script to /home/rajneesh/droplet_runner_ws/install/droplet_state/lib/droplet_state
[2.590s] Installing open_loop_replay script to /home/rajneesh/droplet_runner_ws/install/droplet_state/lib/droplet_state
[2.590s] Installing pid_controller script to /home/rajneesh/droplet_runner_ws/install/droplet_state/lib/droplet_state
[2.590s] Installing policy_runner script to /home/rajneesh/droplet_runner_ws/install/droplet_state/lib/droplet_state
[2.592s] writing list of installed files to '/home/rajneesh/droplet_runner_ws/build/droplet_state/install.log'
[2.665s] Invoked command in '/home/rajneesh/droplet_runner_ws/src/droplet_state' returned '0': CONDA_PROMPT_MODIFIER=(base) PYTHONPATH=/home/rajneesh/droplet_runner_ws/build/droplet_state/prefix_override:/usr/lib/python3/dist-packages/colcon_core/task/python/colcon_distutils_commands:/home/rajneesh/droplet_runner_ws/install/droplet_state/lib/python3.10/site-packages:${PYTHONPATH} /usr/bin/python3 -W ignore:setup.py install is deprecated -W ignore:easy_install command is deprecated setup.py egg_info --egg-base ../../build/droplet_state build --build-base /home/rajneesh/droplet_runner_ws/build/droplet_state/build install --record /home/rajneesh/droplet_runner_ws/build/droplet_state/install.log --single-version-externally-managed install_data
