[0.927s] Invoking command in '/home/rajneesh/droplet_runner_ws/src/droplet_state': CONDA_PROMPT_MODIFIER=(base) PYTHONPATH=/home/rajneesh/droplet_runner_ws/build/droplet_state/prefix_override:/usr/lib/python3/dist-packages/colcon_core/task/python/colcon_distutils_commands:/home/rajneesh/droplet_runner_ws/install/droplet_state/lib/python3.10/site-packages:${PYTHONPATH} /usr/bin/python3 -W ignore:setup.py install is deprecated -W ignore:easy_install command is deprecated setup.py egg_info --egg-base ../../build/droplet_state build --build-base /home/rajneesh/droplet_runner_ws/build/droplet_state/build install --record /home/rajneesh/droplet_runner_ws/build/droplet_state/install.log --single-version-externally-managed install_data
[1.305s] running egg_info
[1.305s] writing ../../build/droplet_state/droplet_state.egg-info/PKG-INFO
[1.306s] writing dependency_links to ../../build/droplet_state/droplet_state.egg-info/dependency_links.txt
[1.306s] writing entry points to ../../build/droplet_state/droplet_state.egg-info/entry_points.txt
[1.306s] writing requirements to ../../build/droplet_state/droplet_state.egg-info/requires.txt
[1.307s] writing top-level names to ../../build/droplet_state/droplet_state.egg-info/top_level.txt
[1.312s] reading manifest file '../../build/droplet_state/droplet_state.egg-info/SOURCES.txt'
[1.316s] writing manifest file '../../build/droplet_state/droplet_state.egg-info/SOURCES.txt'
[1.316s] running build
[1.316s] running build_py
[1.317s] copying droplet_state/pid_controller.py -> /home/rajneesh/droplet_runner_ws/build/droplet_state/build/lib/droplet_state
[1.317s] running install
[1.317s] running install_lib
[1.318s] copying /home/rajneesh/droplet_runner_ws/build/droplet_state/build/lib/droplet_state/pid_controller.py -> /home/rajneesh/droplet_runner_ws/install/droplet_state/lib/python3.10/site-packages/droplet_state
[1.319s] byte-compiling /home/rajneesh/droplet_runner_ws/install/droplet_state/lib/python3.10/site-packages/droplet_state/pid_controller.py to pid_controller.cpython-310.pyc
[1.322s] running install_data
[1.322s] running install_egg_info
[1.324s] removing '/home/rajneesh/droplet_runner_ws/install/droplet_state/lib/python3.10/site-packages/droplet_state-0.0.0-py3.10.egg-info' (and everything under it)
[1.324s] Copying ../../build/droplet_state/droplet_state.egg-info to /home/rajneesh/droplet_runner_ws/install/droplet_state/lib/python3.10/site-packages/droplet_state-0.0.0-py3.10.egg-info
[1.325s] running install_scripts
[1.350s] Installing data_collector script to /home/rajneesh/droplet_runner_ws/install/droplet_state/lib/droplet_state
[1.350s] Installing estimator script to /home/rajneesh/droplet_runner_ws/install/droplet_state/lib/droplet_state
[1.350s] Installing pid_controller script to /home/rajneesh/droplet_runner_ws/install/droplet_state/lib/droplet_state
[1.351s] Installing policy_runner script to /home/rajneesh/droplet_runner_ws/install/droplet_state/lib/droplet_state
[1.351s] writing list of installed files to '/home/rajneesh/droplet_runner_ws/build/droplet_state/install.log'
[1.395s] Invoked command in '/home/rajneesh/droplet_runner_ws/src/droplet_state' returned '0': CONDA_PROMPT_MODIFIER=(base) PYTHONPATH=/home/rajneesh/droplet_runner_ws/build/droplet_state/prefix_override:/usr/lib/python3/dist-packages/colcon_core/task/python/colcon_distutils_commands:/home/rajneesh/droplet_runner_ws/install/droplet_state/lib/python3.10/site-packages:${PYTHONPATH} /usr/bin/python3 -W ignore:setup.py install is deprecated -W ignore:easy_install command is deprecated setup.py egg_info --egg-base ../../build/droplet_state build --build-base /home/rajneesh/droplet_runner_ws/build/droplet_state/build install --record /home/rajneesh/droplet_runner_ws/build/droplet_state/install.log --single-version-externally-managed install_data
