[1.843s] Invoking command in '/home/rajneesh/droplet_runner_ws/src/droplet_state': CONDA_PROMPT_MODIFIER=(base) PYTHONPATH=/home/rajneesh/droplet_runner_ws/build/droplet_state/prefix_override:/usr/lib/python3/dist-packages/colcon_core/task/python/colcon_distutils_commands:/home/rajneesh/droplet_runner_ws/install/droplet_state/lib/python3.10/site-packages:${PYTHONPATH} /usr/bin/python3 -W ignore:setup.py install is deprecated -W ignore:easy_install command is deprecated setup.py egg_info --egg-base ../../build/droplet_state build --build-base /home/rajneesh/droplet_runner_ws/build/droplet_state/build install --record /home/rajneesh/droplet_runner_ws/build/droplet_state/install.log --single-version-externally-managed install_data
[2.483s] running egg_info
[2.485s] writing ../../build/droplet_state/droplet_state.egg-info/PKG-INFO
[2.485s] writing dependency_links to ../../build/droplet_state/droplet_state.egg-info/dependency_links.txt
[2.485s] writing entry points to ../../build/droplet_state/droplet_state.egg-info/entry_points.txt
[2.485s] writing requirements to ../../build/droplet_state/droplet_state.egg-info/requires.txt
[2.486s] writing top-level names to ../../build/droplet_state/droplet_state.egg-info/top_level.txt
[2.489s] reading manifest file '../../build/droplet_state/droplet_state.egg-info/SOURCES.txt'
[2.492s] writing manifest file '../../build/droplet_state/droplet_state.egg-info/SOURCES.txt'
[2.493s] running build
[2.493s] running build_py
[2.493s] copying droplet_state/data_collector.py -> /home/rajneesh/droplet_runner_ws/build/droplet_state/build/lib/droplet_state
[2.594s] running install
[2.594s] running install_lib
[2.599s] copying /home/rajneesh/droplet_runner_ws/build/droplet_state/build/lib/droplet_state/data_collector.py -> /home/rajneesh/droplet_runner_ws/install/droplet_state/lib/python3.10/site-packages/droplet_state
[2.604s] byte-compiling /home/rajneesh/droplet_runner_ws/install/droplet_state/lib/python3.10/site-packages/droplet_state/data_collector.py to data_collector.cpython-310.pyc
[2.613s] running install_data
[2.614s] running install_egg_info
[2.620s] removing '/home/rajneesh/droplet_runner_ws/install/droplet_state/lib/python3.10/site-packages/droplet_state-0.0.0-py3.10.egg-info' (and everything under it)
[2.620s] Copying ../../build/droplet_state/droplet_state.egg-info to /home/rajneesh/droplet_runner_ws/install/droplet_state/lib/python3.10/site-packages/droplet_state-0.0.0-py3.10.egg-info
[2.623s] running install_scripts
[2.673s] Installing data_collector script to /home/rajneesh/droplet_runner_ws/install/droplet_state/lib/droplet_state
[2.674s] Installing estimator script to /home/rajneesh/droplet_runner_ws/install/droplet_state/lib/droplet_state
[2.674s] Installing policy_runner script to /home/rajneesh/droplet_runner_ws/install/droplet_state/lib/droplet_state
[2.675s] writing list of installed files to '/home/rajneesh/droplet_runner_ws/build/droplet_state/install.log'
[2.787s] Invoked command in '/home/rajneesh/droplet_runner_ws/src/droplet_state' returned '0': CONDA_PROMPT_MODIFIER=(base) PYTHONPATH=/home/rajneesh/droplet_runner_ws/build/droplet_state/prefix_override:/usr/lib/python3/dist-packages/colcon_core/task/python/colcon_distutils_commands:/home/rajneesh/droplet_runner_ws/install/droplet_state/lib/python3.10/site-packages:${PYTHONPATH} /usr/bin/python3 -W ignore:setup.py install is deprecated -W ignore:easy_install command is deprecated setup.py egg_info --egg-base ../../build/droplet_state build --build-base /home/rajneesh/droplet_runner_ws/build/droplet_state/build install --record /home/rajneesh/droplet_runner_ws/build/droplet_state/install.log --single-version-externally-managed install_data
