[1.206s] Invoking command in '/home/rajneesh/droplet_runner_ws/build/droplet_state': CONDA_PROMPT_MODIFIER=(base) PYTHONPATH=/home/rajneesh/droplet_runner_ws/build/droplet_state/prefix_override:/usr/lib/python3/dist-packages/colcon_core/task/python/colcon_distutils_commands:/home/rajneesh/droplet_runner_ws/install/droplet_state/lib/python3.10/site-packages:${PYTHONPATH} /usr/bin/python3 -W ignore:setup.py install is deprecated -W ignore:easy_install command is deprecated setup.py develop --editable --build-directory /home/rajneesh/droplet_runner_ws/build/droplet_state/build --no-deps symlink_data
[1.476s] running develop
[1.671s] running egg_info
[1.671s] writing droplet_state.egg-info/PKG-INFO
[1.671s] writing dependency_links to droplet_state.egg-info/dependency_links.txt
[1.672s] writing entry points to droplet_state.egg-info/entry_points.txt
[1.672s] writing requirements to droplet_state.egg-info/requires.txt
[1.672s] writing top-level names to droplet_state.egg-info/top_level.txt
[1.675s] reading manifest file 'droplet_state.egg-info/SOURCES.txt'
[1.679s] writing manifest file 'droplet_state.egg-info/SOURCES.txt'
[1.681s] running build_ext
[1.681s] Creating /home/rajneesh/droplet_runner_ws/install/droplet_state/lib/python3.10/site-packages/droplet-state.egg-link (link to .)
[1.682s] Installing data_collector script to /home/rajneesh/droplet_runner_ws/install/droplet_state/lib/droplet_state
[1.682s] Installing estimator script to /home/rajneesh/droplet_runner_ws/install/droplet_state/lib/droplet_state
[1.682s] 
[1.683s] Installed /home/rajneesh/droplet_runner_ws/build/droplet_state
[1.683s] running symlink_data
[1.683s] creating /home/rajneesh/droplet_runner_ws/install/droplet_state/share/droplet_state/config
[1.683s] symbolically linking /home/rajneesh/droplet_runner_ws/build/droplet_state/config/path_waypoints.json -> /home/rajneesh/droplet_runner_ws/install/droplet_state/share/droplet_state/config
[1.683s] symbolically linking /home/rajneesh/droplet_runner_ws/build/droplet_state/config/path_waypoints_mm.json -> /home/rajneesh/droplet_runner_ws/install/droplet_state/share/droplet_state/config
[1.683s] symbolically linking /home/rajneesh/droplet_runner_ws/build/droplet_state/config/corner_markers.json -> /home/rajneesh/droplet_runner_ws/install/droplet_state/share/droplet_state/config
[1.714s] Invoked command in '/home/rajneesh/droplet_runner_ws/build/droplet_state' returned '0': CONDA_PROMPT_MODIFIER=(base) PYTHONPATH=/home/rajneesh/droplet_runner_ws/build/droplet_state/prefix_override:/usr/lib/python3/dist-packages/colcon_core/task/python/colcon_distutils_commands:/home/rajneesh/droplet_runner_ws/install/droplet_state/lib/python3.10/site-packages:${PYTHONPATH} /usr/bin/python3 -W ignore:setup.py install is deprecated -W ignore:easy_install command is deprecated setup.py develop --editable --build-directory /home/rajneesh/droplet_runner_ws/build/droplet_state/build --no-deps symlink_data
