[0.816s] DEBUG:colcon:Command line arguments: ['/usr/bin/colcon', 'build', '--packages-select', 'droplet_state']
[0.816s] DEBUG:colcon:Parsed command line arguments: Namespace(log_base=None, log_level=None, verb_name='build', build_base='build', install_base='install', merge_install=False, symlink_install=False, test_result_base=None, continue_on_error=False, executor='parallel', parallel_workers=8, event_handlers=None, ignore_user_meta=False, metas=['./colcon.meta'], base_paths=['.'], packages_ignore=None, packages_ignore_regex=None, paths=None, packages_up_to=None, packages_up_to_regex=None, packages_above=None, packages_above_and_dependencies=None, packages_above_depth=None, packages_select_by_dep=None, packages_skip_by_dep=None, packages_skip_up_to=None, packages_select_build_failed=False, packages_skip_build_finished=False, packages_select_test_failures=False, packages_skip_test_passed=False, packages_select=['droplet_state'], packages_skip=None, packages_select_regex=None, packages_skip_regex=None, packages_start=None, packages_end=None, allow_overriding=[], cmake_args=None, cmake_target=None, cmake_target_skip_unavailable=False, cmake_clean_cache=False, cmake_clean_first=False, cmake_force_configure=False, ament_cmake_args=None, catkin_cmake_args=None, catkin_skip_building_tests=False, mixin_files=None, mixin=None, verb_parser=<colcon_mixin.mixin.mixin_argument.MixinArgumentDecorator object at 0x77bab0fcf5b0>, verb_extension=<colcon_core.verb.build.BuildVerb object at 0x77bab0f80af0>, main=<bound method BuildVerb.main of <colcon_core.verb.build.BuildVerb object at 0x77bab0f80af0>>, mixin_verb=('build',))
[8.371s] Level 1:colcon.colcon_core.package_discovery:discover_packages(colcon_meta) check parameters
[8.371s] Level 1:colcon.colcon_core.package_discovery:discover_packages(recursive) check parameters
[8.372s] Level 1:colcon.colcon_core.package_discovery:discover_packages(ignore) check parameters
[8.372s] Level 1:colcon.colcon_core.package_discovery:discover_packages(path) check parameters
[8.372s] Level 1:colcon.colcon_core.package_discovery:discover_packages(colcon_meta) discover
[8.372s] Level 1:colcon.colcon_core.package_discovery:discover_packages(recursive) discover
[8.372s] INFO:colcon.colcon_core.package_discovery:Crawling recursively for packages in '/home/rajneesh/droplet_runner_ws'
[8.372s] Level 1:colcon.colcon_core.package_identification:_identify(.) by extensions ['ignore', 'ignore_ament_install']
[8.372s] Level 1:colcon.colcon_core.package_identification:_identify(.) by extension 'ignore'
[8.372s] Level 1:colcon.colcon_core.package_identification:_identify(.) by extension 'ignore_ament_install'
[8.373s] Level 1:colcon.colcon_core.package_identification:_identify(.) by extensions ['colcon_pkg']
[8.373s] Level 1:colcon.colcon_core.package_identification:_identify(.) by extension 'colcon_pkg'
[8.373s] Level 1:colcon.colcon_core.package_identification:_identify(.) by extensions ['colcon_meta']
[8.373s] Level 1:colcon.colcon_core.package_identification:_identify(.) by extension 'colcon_meta'
[8.373s] Level 1:colcon.colcon_core.package_identification:_identify(.) by extensions ['ros']
[8.373s] Level 1:colcon.colcon_core.package_identification:_identify(.) by extension 'ros'
[8.457s] Level 1:colcon.colcon_core.package_identification:_identify(.) by extensions ['cmake', 'python']
[8.458s] Level 1:colcon.colcon_core.package_identification:_identify(.) by extension 'cmake'
[8.458s] Level 1:colcon.colcon_core.package_identification:_identify(.) by extension 'python'
[8.458s] Level 1:colcon.colcon_core.package_identification:_identify(.) by extensions ['python_setup_py']
[8.458s] Level 1:colcon.colcon_core.package_identification:_identify(.) by extension 'python_setup_py'
[8.459s] Level 1:colcon.colcon_core.package_identification:_identify(action_logs) by extensions ['ignore', 'ignore_ament_install']
[8.459s] Level 1:colcon.colcon_core.package_identification:_identify(action_logs) by extension 'ignore'
[8.459s] Level 1:colcon.colcon_core.package_identification:_identify(action_logs) by extension 'ignore_ament_install'
[8.459s] Level 1:colcon.colcon_core.package_identification:_identify(action_logs) by extensions ['colcon_pkg']
[8.460s] Level 1:colcon.colcon_core.package_identification:_identify(action_logs) by extension 'colcon_pkg'
[8.460s] Level 1:colcon.colcon_core.package_identification:_identify(action_logs) by extensions ['colcon_meta']
[8.460s] Level 1:colcon.colcon_core.package_identification:_identify(action_logs) by extension 'colcon_meta'
[8.460s] Level 1:colcon.colcon_core.package_identification:_identify(action_logs) by extensions ['ros']
[8.460s] Level 1:colcon.colcon_core.package_identification:_identify(action_logs) by extension 'ros'
[8.460s] Level 1:colcon.colcon_core.package_identification:_identify(action_logs) by extensions ['cmake', 'python']
[8.461s] Level 1:colcon.colcon_core.package_identification:_identify(action_logs) by extension 'cmake'
[8.461s] Level 1:colcon.colcon_core.package_identification:_identify(action_logs) by extension 'python'
[8.461s] Level 1:colcon.colcon_core.package_identification:_identify(action_logs) by extensions ['python_setup_py']
[8.461s] Level 1:colcon.colcon_core.package_identification:_identify(action_logs) by extension 'python_setup_py'
[8.461s] Level 1:colcon.colcon_core.package_identification:_identify(build) by extensions ['ignore', 'ignore_ament_install']
[8.462s] Level 1:colcon.colcon_core.package_identification:_identify(build) by extension 'ignore'
[8.462s] Level 1:colcon.colcon_core.package_identification:_identify(build) ignored
[8.463s] Level 1:colcon.colcon_core.package_identification:_identify(episodes) by extensions ['ignore', 'ignore_ament_install']
[8.463s] Level 1:colcon.colcon_core.package_identification:_identify(episodes) by extension 'ignore'
[8.463s] Level 1:colcon.colcon_core.package_identification:_identify(episodes) by extension 'ignore_ament_install'
[8.463s] Level 1:colcon.colcon_core.package_identification:_identify(episodes) by extensions ['colcon_pkg']
[8.464s] Level 1:colcon.colcon_core.package_identification:_identify(episodes) by extension 'colcon_pkg'
[8.464s] Level 1:colcon.colcon_core.package_identification:_identify(episodes) by extensions ['colcon_meta']
[8.464s] Level 1:colcon.colcon_core.package_identification:_identify(episodes) by extension 'colcon_meta'
[8.464s] Level 1:colcon.colcon_core.package_identification:_identify(episodes) by extensions ['ros']
[8.464s] Level 1:colcon.colcon_core.package_identification:_identify(episodes) by extension 'ros'
[8.464s] Level 1:colcon.colcon_core.package_identification:_identify(episodes) by extensions ['cmake', 'python']
[8.465s] Level 1:colcon.colcon_core.package_identification:_identify(episodes) by extension 'cmake'
[8.465s] Level 1:colcon.colcon_core.package_identification:_identify(episodes) by extension 'python'
[8.465s] Level 1:colcon.colcon_core.package_identification:_identify(episodes) by extensions ['python_setup_py']
[8.465s] Level 1:colcon.colcon_core.package_identification:_identify(episodes) by extension 'python_setup_py'
[8.465s] Level 1:colcon.colcon_core.package_identification:_identify(episodes_Ishape) by extensions ['ignore', 'ignore_ament_install']
[8.466s] Level 1:colcon.colcon_core.package_identification:_identify(episodes_Ishape) by extension 'ignore'
[8.466s] Level 1:colcon.colcon_core.package_identification:_identify(episodes_Ishape) by extension 'ignore_ament_install'
[8.466s] Level 1:colcon.colcon_core.package_identification:_identify(episodes_Ishape) by extensions ['colcon_pkg']
[8.466s] Level 1:colcon.colcon_core.package_identification:_identify(episodes_Ishape) by extension 'colcon_pkg'
[8.466s] Level 1:colcon.colcon_core.package_identification:_identify(episodes_Ishape) by extensions ['colcon_meta']
[8.467s] Level 1:colcon.colcon_core.package_identification:_identify(episodes_Ishape) by extension 'colcon_meta'
[8.467s] Level 1:colcon.colcon_core.package_identification:_identify(episodes_Ishape) by extensions ['ros']
[8.467s] Level 1:colcon.colcon_core.package_identification:_identify(episodes_Ishape) by extension 'ros'
[8.468s] Level 1:colcon.colcon_core.package_identification:_identify(episodes_Ishape) by extensions ['cmake', 'python']
[8.468s] Level 1:colcon.colcon_core.package_identification:_identify(episodes_Ishape) by extension 'cmake'
[8.468s] Level 1:colcon.colcon_core.package_identification:_identify(episodes_Ishape) by extension 'python'
[8.468s] Level 1:colcon.colcon_core.package_identification:_identify(episodes_Ishape) by extensions ['python_setup_py']
[8.469s] Level 1:colcon.colcon_core.package_identification:_identify(episodes_Ishape) by extension 'python_setup_py'
[8.470s] Level 1:colcon.colcon_core.package_identification:_identify(episodes_Lshape) by extensions ['ignore', 'ignore_ament_install']
[8.472s] Level 1:colcon.colcon_core.package_identification:_identify(episodes_Lshape) by extension 'ignore'
[8.472s] Level 1:colcon.colcon_core.package_identification:_identify(episodes_Lshape) by extension 'ignore_ament_install'
[8.473s] Level 1:colcon.colcon_core.package_identification:_identify(episodes_Lshape) by extensions ['colcon_pkg']
[8.473s] Level 1:colcon.colcon_core.package_identification:_identify(episodes_Lshape) by extension 'colcon_pkg'
[8.473s] Level 1:colcon.colcon_core.package_identification:_identify(episodes_Lshape) by extensions ['colcon_meta']
[8.474s] Level 1:colcon.colcon_core.package_identification:_identify(episodes_Lshape) by extension 'colcon_meta'
[8.474s] Level 1:colcon.colcon_core.package_identification:_identify(episodes_Lshape) by extensions ['ros']
[8.474s] Level 1:colcon.colcon_core.package_identification:_identify(episodes_Lshape) by extension 'ros'
[8.475s] Level 1:colcon.colcon_core.package_identification:_identify(episodes_Lshape) by extensions ['cmake', 'python']
[8.475s] Level 1:colcon.colcon_core.package_identification:_identify(episodes_Lshape) by extension 'cmake'
[8.475s] Level 1:colcon.colcon_core.package_identification:_identify(episodes_Lshape) by extension 'python'
[8.476s] Level 1:colcon.colcon_core.package_identification:_identify(episodes_Lshape) by extensions ['python_setup_py']
[8.476s] Level 1:colcon.colcon_core.package_identification:_identify(episodes_Lshape) by extension 'python_setup_py'
[8.477s] Level 1:colcon.colcon_core.package_identification:_identify(install) by extensions ['ignore', 'ignore_ament_install']
[8.478s] Level 1:colcon.colcon_core.package_identification:_identify(install) by extension 'ignore'
[8.478s] Level 1:colcon.colcon_core.package_identification:_identify(install) ignored
[8.479s] Level 1:colcon.colcon_core.package_identification:_identify(log) by extensions ['ignore', 'ignore_ament_install']
[8.480s] Level 1:colcon.colcon_core.package_identification:_identify(log) by extension 'ignore'
[8.480s] Level 1:colcon.colcon_core.package_identification:_identify(log) ignored
[8.480s] Level 1:colcon.colcon_core.package_identification:_identify(mbrl_lshape_data) by extensions ['ignore', 'ignore_ament_install']
[8.481s] Level 1:colcon.colcon_core.package_identification:_identify(mbrl_lshape_data) by extension 'ignore'
[8.481s] Level 1:colcon.colcon_core.package_identification:_identify(mbrl_lshape_data) by extension 'ignore_ament_install'
[8.481s] Level 1:colcon.colcon_core.package_identification:_identify(mbrl_lshape_data) by extensions ['colcon_pkg']
[8.482s] Level 1:colcon.colcon_core.package_identification:_identify(mbrl_lshape_data) by extension 'colcon_pkg'
[8.482s] Level 1:colcon.colcon_core.package_identification:_identify(mbrl_lshape_data) by extensions ['colcon_meta']
[8.482s] Level 1:colcon.colcon_core.package_identification:_identify(mbrl_lshape_data) by extension 'colcon_meta'
[8.483s] Level 1:colcon.colcon_core.package_identification:_identify(mbrl_lshape_data) by extensions ['ros']
[8.483s] Level 1:colcon.colcon_core.package_identification:_identify(mbrl_lshape_data) by extension 'ros'
[8.483s] Level 1:colcon.colcon_core.package_identification:_identify(mbrl_lshape_data) by extensions ['cmake', 'python']
[8.483s] Level 1:colcon.colcon_core.package_identification:_identify(mbrl_lshape_data) by extension 'cmake'
[8.484s] Level 1:colcon.colcon_core.package_identification:_identify(mbrl_lshape_data) by extension 'python'
[8.484s] Level 1:colcon.colcon_core.package_identification:_identify(mbrl_lshape_data) by extensions ['python_setup_py']
[8.485s] Level 1:colcon.colcon_core.package_identification:_identify(mbrl_lshape_data) by extension 'python_setup_py'
[8.486s] Level 1:colcon.colcon_core.package_identification:_identify(pid_logs) by extensions ['ignore', 'ignore_ament_install']
[8.486s] Level 1:colcon.colcon_core.package_identification:_identify(pid_logs) by extension 'ignore'
[8.487s] Level 1:colcon.colcon_core.package_identification:_identify(pid_logs) by extension 'ignore_ament_install'
[8.487s] Level 1:colcon.colcon_core.package_identification:_identify(pid_logs) by extensions ['colcon_pkg']
[8.487s] Level 1:colcon.colcon_core.package_identification:_identify(pid_logs) by extension 'colcon_pkg'
[8.488s] Level 1:colcon.colcon_core.package_identification:_identify(pid_logs) by extensions ['colcon_meta']
[8.488s] Level 1:colcon.colcon_core.package_identification:_identify(pid_logs) by extension 'colcon_meta'
[8.488s] Level 1:colcon.colcon_core.package_identification:_identify(pid_logs) by extensions ['ros']
[8.488s] Level 1:colcon.colcon_core.package_identification:_identify(pid_logs) by extension 'ros'
[8.489s] Level 1:colcon.colcon_core.package_identification:_identify(pid_logs) by extensions ['cmake', 'python']
[8.489s] Level 1:colcon.colcon_core.package_identification:_identify(pid_logs) by extension 'cmake'
[8.490s] Level 1:colcon.colcon_core.package_identification:_identify(pid_logs) by extension 'python'
[8.490s] Level 1:colcon.colcon_core.package_identification:_identify(pid_logs) by extensions ['python_setup_py']
[8.490s] Level 1:colcon.colcon_core.package_identification:_identify(pid_logs) by extension 'python_setup_py'
[8.491s] Level 1:colcon.colcon_core.package_identification:_identify(policy) by extensions ['ignore', 'ignore_ament_install']
[8.492s] Level 1:colcon.colcon_core.package_identification:_identify(policy) by extension 'ignore'
[8.492s] Level 1:colcon.colcon_core.package_identification:_identify(policy) by extension 'ignore_ament_install'
[8.492s] Level 1:colcon.colcon_core.package_identification:_identify(policy) by extensions ['colcon_pkg']
[8.492s] Level 1:colcon.colcon_core.package_identification:_identify(policy) by extension 'colcon_pkg'
[8.492s] Level 1:colcon.colcon_core.package_identification:_identify(policy) by extensions ['colcon_meta']
[8.493s] Level 1:colcon.colcon_core.package_identification:_identify(policy) by extension 'colcon_meta'
[8.493s] Level 1:colcon.colcon_core.package_identification:_identify(policy) by extensions ['ros']
[8.493s] Level 1:colcon.colcon_core.package_identification:_identify(policy) by extension 'ros'
[8.493s] Level 1:colcon.colcon_core.package_identification:_identify(policy) by extensions ['cmake', 'python']
[8.493s] Level 1:colcon.colcon_core.package_identification:_identify(policy) by extension 'cmake'
[8.494s] Level 1:colcon.colcon_core.package_identification:_identify(policy) by extension 'python'
[8.494s] Level 1:colcon.colcon_core.package_identification:_identify(policy) by extensions ['python_setup_py']
[8.494s] Level 1:colcon.colcon_core.package_identification:_identify(policy) by extension 'python_setup_py'
[8.494s] Level 1:colcon.colcon_core.package_identification:_identify(policy/replay) by extensions ['ignore', 'ignore_ament_install']
[8.495s] Level 1:colcon.colcon_core.package_identification:_identify(policy/replay) by extension 'ignore'
[8.495s] Level 1:colcon.colcon_core.package_identification:_identify(policy/replay) by extension 'ignore_ament_install'
[8.496s] Level 1:colcon.colcon_core.package_identification:_identify(policy/replay) by extensions ['colcon_pkg']
[8.496s] Level 1:colcon.colcon_core.package_identification:_identify(policy/replay) by extension 'colcon_pkg'
[8.496s] Level 1:colcon.colcon_core.package_identification:_identify(policy/replay) by extensions ['colcon_meta']
[8.496s] Level 1:colcon.colcon_core.package_identification:_identify(policy/replay) by extension 'colcon_meta'
[8.497s] Level 1:colcon.colcon_core.package_identification:_identify(policy/replay) by extensions ['ros']
[8.497s] Level 1:colcon.colcon_core.package_identification:_identify(policy/replay) by extension 'ros'
[8.497s] Level 1:colcon.colcon_core.package_identification:_identify(policy/replay) by extensions ['cmake', 'python']
[8.497s] Level 1:colcon.colcon_core.package_identification:_identify(policy/replay) by extension 'cmake'
[8.498s] Level 1:colcon.colcon_core.package_identification:_identify(policy/replay) by extension 'python'
[8.498s] Level 1:colcon.colcon_core.package_identification:_identify(policy/replay) by extensions ['python_setup_py']
[8.498s] Level 1:colcon.colcon_core.package_identification:_identify(policy/replay) by extension 'python_setup_py'
[8.499s] Level 1:colcon.colcon_core.package_identification:_identify(src) by extensions ['ignore', 'ignore_ament_install']
[8.499s] Level 1:colcon.colcon_core.package_identification:_identify(src) by extension 'ignore'
[8.500s] Level 1:colcon.colcon_core.package_identification:_identify(src) by extension 'ignore_ament_install'
[8.500s] Level 1:colcon.colcon_core.package_identification:_identify(src) by extensions ['colcon_pkg']
[8.500s] Level 1:colcon.colcon_core.package_identification:_identify(src) by extension 'colcon_pkg'
[8.501s] Level 1:colcon.colcon_core.package_identification:_identify(src) by extensions ['colcon_meta']
[8.501s] Level 1:colcon.colcon_core.package_identification:_identify(src) by extension 'colcon_meta'
[8.501s] Level 1:colcon.colcon_core.package_identification:_identify(src) by extensions ['ros']
[8.502s] Level 1:colcon.colcon_core.package_identification:_identify(src) by extension 'ros'
[8.502s] Level 1:colcon.colcon_core.package_identification:_identify(src) by extensions ['cmake', 'python']
[8.502s] Level 1:colcon.colcon_core.package_identification:_identify(src) by extension 'cmake'
[8.503s] Level 1:colcon.colcon_core.package_identification:_identify(src) by extension 'python'
[8.503s] Level 1:colcon.colcon_core.package_identification:_identify(src) by extensions ['python_setup_py']
[8.503s] Level 1:colcon.colcon_core.package_identification:_identify(src) by extension 'python_setup_py'
[8.504s] Level 1:colcon.colcon_core.package_identification:_identify(src/droplet_camera) by extensions ['ignore', 'ignore_ament_install']
[8.504s] Level 1:colcon.colcon_core.package_identification:_identify(src/droplet_camera) by extension 'ignore'
[8.505s] Level 1:colcon.colcon_core.package_identification:_identify(src/droplet_camera) by extension 'ignore_ament_install'
[8.505s] Level 1:colcon.colcon_core.package_identification:_identify(src/droplet_camera) by extensions ['colcon_pkg']
[8.505s] Level 1:colcon.colcon_core.package_identification:_identify(src/droplet_camera) by extension 'colcon_pkg'
[8.506s] Level 1:colcon.colcon_core.package_identification:_identify(src/droplet_camera) by extensions ['colcon_meta']
[8.506s] Level 1:colcon.colcon_core.package_identification:_identify(src/droplet_camera) by extension 'colcon_meta'
[8.506s] Level 1:colcon.colcon_core.package_identification:_identify(src/droplet_camera) by extensions ['ros']
[8.506s] Level 1:colcon.colcon_core.package_identification:_identify(src/droplet_camera) by extension 'ros'
[8.533s] DEBUG:colcon.colcon_core.package_identification:Package 'src/droplet_camera' with type 'ros.ament_python' and name 'droplet_camera'
[8.534s] Level 1:colcon.colcon_core.package_identification:_identify(src/droplet_motor) by extensions ['ignore', 'ignore_ament_install']
[8.534s] Level 1:colcon.colcon_core.package_identification:_identify(src/droplet_motor) by extension 'ignore'
[8.535s] Level 1:colcon.colcon_core.package_identification:_identify(src/droplet_motor) by extension 'ignore_ament_install'
[8.535s] Level 1:colcon.colcon_core.package_identification:_identify(src/droplet_motor) by extensions ['colcon_pkg']
[8.535s] Level 1:colcon.colcon_core.package_identification:_identify(src/droplet_motor) by extension 'colcon_pkg'
[8.535s] Level 1:colcon.colcon_core.package_identification:_identify(src/droplet_motor) by extensions ['colcon_meta']
[8.535s] Level 1:colcon.colcon_core.package_identification:_identify(src/droplet_motor) by extension 'colcon_meta'
[8.536s] Level 1:colcon.colcon_core.package_identification:_identify(src/droplet_motor) by extensions ['ros']
[8.536s] Level 1:colcon.colcon_core.package_identification:_identify(src/droplet_motor) by extension 'ros'
[8.546s] DEBUG:colcon.colcon_core.package_identification:Package 'src/droplet_motor' with type 'ros.ament_python' and name 'droplet_motor'
[8.546s] Level 1:colcon.colcon_core.package_identification:_identify(src/droplet_state) by extensions ['ignore', 'ignore_ament_install']
[8.547s] Level 1:colcon.colcon_core.package_identification:_identify(src/droplet_state) by extension 'ignore'
[8.547s] Level 1:colcon.colcon_core.package_identification:_identify(src/droplet_state) by extension 'ignore_ament_install'
[8.547s] Level 1:colcon.colcon_core.package_identification:_identify(src/droplet_state) by extensions ['colcon_pkg']
[8.547s] Level 1:colcon.colcon_core.package_identification:_identify(src/droplet_state) by extension 'colcon_pkg'
[8.547s] Level 1:colcon.colcon_core.package_identification:_identify(src/droplet_state) by extensions ['colcon_meta']
[8.548s] Level 1:colcon.colcon_core.package_identification:_identify(src/droplet_state) by extension 'colcon_meta'
[8.548s] Level 1:colcon.colcon_core.package_identification:_identify(src/droplet_state) by extensions ['ros']
[8.548s] Level 1:colcon.colcon_core.package_identification:_identify(src/droplet_state) by extension 'ros'
[8.561s] DEBUG:colcon.colcon_core.package_identification:Package 'src/droplet_state' with type 'ros.ament_python' and name 'droplet_state'
[8.561s] Level 1:colcon.colcon_core.package_identification:_identify(vidoes) by extensions ['ignore', 'ignore_ament_install']
[8.561s] Level 1:colcon.colcon_core.package_identification:_identify(vidoes) by extension 'ignore'
[8.561s] Level 1:colcon.colcon_core.package_identification:_identify(vidoes) by extension 'ignore_ament_install'
[8.562s] Level 1:colcon.colcon_core.package_identification:_identify(vidoes) by extensions ['colcon_pkg']
[8.562s] Level 1:colcon.colcon_core.package_identification:_identify(vidoes) by extension 'colcon_pkg'
[8.562s] Level 1:colcon.colcon_core.package_identification:_identify(vidoes) by extensions ['colcon_meta']
[8.562s] Level 1:colcon.colcon_core.package_identification:_identify(vidoes) by extension 'colcon_meta'
[8.562s] Level 1:colcon.colcon_core.package_identification:_identify(vidoes) by extensions ['ros']
[8.562s] Level 1:colcon.colcon_core.package_identification:_identify(vidoes) by extension 'ros'
[8.562s] Level 1:colcon.colcon_core.package_identification:_identify(vidoes) by extensions ['cmake', 'python']
[8.562s] Level 1:colcon.colcon_core.package_identification:_identify(vidoes) by extension 'cmake'
[8.562s] Level 1:colcon.colcon_core.package_identification:_identify(vidoes) by extension 'python'
[8.562s] Level 1:colcon.colcon_core.package_identification:_identify(vidoes) by extensions ['python_setup_py']
[8.562s] Level 1:colcon.colcon_core.package_identification:_identify(vidoes) by extension 'python_setup_py'
[8.562s] Level 1:colcon.colcon_core.package_identification:_identify(vidoes/L shape) by extensions ['ignore', 'ignore_ament_install']
[8.562s] Level 1:colcon.colcon_core.package_identification:_identify(vidoes/L shape) by extension 'ignore'
[8.562s] Level 1:colcon.colcon_core.package_identification:_identify(vidoes/L shape) by extension 'ignore_ament_install'
[8.562s] Level 1:colcon.colcon_core.package_identification:_identify(vidoes/L shape) by extensions ['colcon_pkg']
[8.562s] Level 1:colcon.colcon_core.package_identification:_identify(vidoes/L shape) by extension 'colcon_pkg'
[8.562s] Level 1:colcon.colcon_core.package_identification:_identify(vidoes/L shape) by extensions ['colcon_meta']
[8.562s] Level 1:colcon.colcon_core.package_identification:_identify(vidoes/L shape) by extension 'colcon_meta'
[8.562s] Level 1:colcon.colcon_core.package_identification:_identify(vidoes/L shape) by extensions ['ros']
[8.563s] Level 1:colcon.colcon_core.package_identification:_identify(vidoes/L shape) by extension 'ros'
[8.563s] Level 1:colcon.colcon_core.package_identification:_identify(vidoes/L shape) by extensions ['cmake', 'python']
[8.563s] Level 1:colcon.colcon_core.package_identification:_identify(vidoes/L shape) by extension 'cmake'
[8.563s] Level 1:colcon.colcon_core.package_identification:_identify(vidoes/L shape) by extension 'python'
[8.563s] Level 1:colcon.colcon_core.package_identification:_identify(vidoes/L shape) by extensions ['python_setup_py']
[8.563s] Level 1:colcon.colcon_core.package_identification:_identify(vidoes/L shape) by extension 'python_setup_py'
[8.563s] Level 1:colcon.colcon_core.package_discovery:discover_packages(recursive) using defaults
[8.563s] Level 1:colcon.colcon_core.package_discovery:discover_packages(ignore) discover
[8.563s] Level 1:colcon.colcon_core.package_discovery:discover_packages(ignore) using defaults
[8.563s] Level 1:colcon.colcon_core.package_discovery:discover_packages(path) discover
[8.563s] Level 1:colcon.colcon_core.package_discovery:discover_packages(path) using defaults
[8.745s] INFO:colcon.colcon_core.package_selection:Skipping not selected package 'droplet_camera' in 'src/droplet_camera'
[8.745s] INFO:colcon.colcon_core.package_selection:Skipping not selected package 'droplet_motor' in 'src/droplet_motor'
[8.748s] Level 1:colcon.colcon_core.package_discovery:discover_packages(prefix_path) check parameters
[8.748s] Level 1:colcon.colcon_core.package_discovery:discover_packages(prefix_path) discover
[8.774s] DEBUG:colcon.colcon_installed_package_information.package_discovery:Found 3 installed packages in /home/rajneesh/droplet_runner_ws/install
[8.781s] DEBUG:colcon.colcon_installed_package_information.package_discovery:Found 284 installed packages in /opt/ros/humble
[8.787s] Level 1:colcon.colcon_core.package_discovery:discover_packages(prefix_path) using defaults
[8.922s] Level 5:colcon.colcon_core.verb:set package 'droplet_state' build argument 'cmake_args' from command line to 'None'
[8.922s] Level 5:colcon.colcon_core.verb:set package 'droplet_state' build argument 'cmake_target' from command line to 'None'
[8.922s] Level 5:colcon.colcon_core.verb:set package 'droplet_state' build argument 'cmake_target_skip_unavailable' from command line to 'False'
[8.922s] Level 5:colcon.colcon_core.verb:set package 'droplet_state' build argument 'cmake_clean_cache' from command line to 'False'
[8.922s] Level 5:colcon.colcon_core.verb:set package 'droplet_state' build argument 'cmake_clean_first' from command line to 'False'
[8.922s] Level 5:colcon.colcon_core.verb:set package 'droplet_state' build argument 'cmake_force_configure' from command line to 'False'
[8.922s] Level 5:colcon.colcon_core.verb:set package 'droplet_state' build argument 'ament_cmake_args' from command line to 'None'
[8.922s] Level 5:colcon.colcon_core.verb:set package 'droplet_state' build argument 'catkin_cmake_args' from command line to 'None'
[8.922s] Level 5:colcon.colcon_core.verb:set package 'droplet_state' build argument 'catkin_skip_building_tests' from command line to 'False'
[8.922s] DEBUG:colcon.colcon_core.verb:Building package 'droplet_state' with the following arguments: {'ament_cmake_args': None, 'build_base': '/home/rajneesh/droplet_runner_ws/build/droplet_state', 'catkin_cmake_args': None, 'catkin_skip_building_tests': False, 'cmake_args': None, 'cmake_clean_cache': False, 'cmake_clean_first': False, 'cmake_force_configure': False, 'cmake_target': None, 'cmake_target_skip_unavailable': False, 'install_base': '/home/rajneesh/droplet_runner_ws/install/droplet_state', 'merge_install': False, 'path': '/home/rajneesh/droplet_runner_ws/src/droplet_state', 'symlink_install': False, 'test_result_base': None}
[8.923s] INFO:colcon.colcon_core.executor:Executing jobs using 'parallel' executor
[8.924s] DEBUG:colcon.colcon_parallel_executor.executor.parallel:run_until_complete
[8.924s] INFO:colcon.colcon_ros.task.ament_python.build:Building ROS package in '/home/rajneesh/droplet_runner_ws/src/droplet_state' with build type 'ament_python'
[8.924s] Level 1:colcon.colcon_core.shell:create_environment_hook('droplet_state', 'ament_prefix_path')
[9.026s] INFO:colcon.colcon_core.plugin_system:Skipping extension 'colcon_core.shell.bat': Not used on non-Windows systems
[9.027s] INFO:colcon.colcon_core.shell:Creating environment hook '/home/rajneesh/droplet_runner_ws/install/droplet_state/share/droplet_state/hook/ament_prefix_path.ps1'
[9.028s] INFO:colcon.colcon_core.shell:Creating environment descriptor '/home/rajneesh/droplet_runner_ws/install/droplet_state/share/droplet_state/hook/ament_prefix_path.dsv'
[9.082s] INFO:colcon.colcon_core.shell:Creating environment hook '/home/rajneesh/droplet_runner_ws/install/droplet_state/share/droplet_state/hook/ament_prefix_path.sh'
[9.085s] INFO:colcon.colcon_core.shell:Skip shell extension 'powershell' for command environment: Not usable outside of PowerShell
[9.085s] DEBUG:colcon.colcon_core.shell:Skip shell extension 'dsv' for command environment
[9.705s] INFO:colcon.colcon_core.task.python.build:Building Python package in '/home/rajneesh/droplet_runner_ws/src/droplet_state'
[9.706s] INFO:colcon.colcon_core.shell:Skip shell extension 'powershell' for command environment: Not usable outside of PowerShell
[9.706s] DEBUG:colcon.colcon_core.shell:Skip shell extension 'dsv' for command environment
[10.621s] DEBUG:colcon.colcon_core.event_handler.log_command:Invoking command in '/home/rajneesh/droplet_runner_ws/src/droplet_state': CONDA_PROMPT_MODIFIER=(base) PYTHONPATH=/home/rajneesh/droplet_runner_ws/build/droplet_state/prefix_override:/usr/lib/python3/dist-packages/colcon_core/task/python/colcon_distutils_commands:/home/rajneesh/droplet_runner_ws/install/droplet_state/lib/python3.10/site-packages:${PYTHONPATH} /usr/bin/python3 -W ignore:setup.py install is deprecated -W ignore:easy_install command is deprecated setup.py egg_info --egg-base ../../build/droplet_state build --build-base /home/rajneesh/droplet_runner_ws/build/droplet_state/build install --record /home/rajneesh/droplet_runner_ws/build/droplet_state/install.log --single-version-externally-managed install_data
[11.152s] DEBUG:colcon.colcon_core.event_handler.log_command:Invoked command in '/home/rajneesh/droplet_runner_ws/src/droplet_state' returned '0': CONDA_PROMPT_MODIFIER=(base) PYTHONPATH=/home/rajneesh/droplet_runner_ws/build/droplet_state/prefix_override:/usr/lib/python3/dist-packages/colcon_core/task/python/colcon_distutils_commands:/home/rajneesh/droplet_runner_ws/install/droplet_state/lib/python3.10/site-packages:${PYTHONPATH} /usr/bin/python3 -W ignore:setup.py install is deprecated -W ignore:easy_install command is deprecated setup.py egg_info --egg-base ../../build/droplet_state build --build-base /home/rajneesh/droplet_runner_ws/build/droplet_state/build install --record /home/rajneesh/droplet_runner_ws/build/droplet_state/install.log --single-version-externally-managed install_data
[11.234s] Level 1:colcon.colcon_core.environment:checking '/home/rajneesh/droplet_runner_ws/install/droplet_state' for CMake module files
[11.235s] Level 1:colcon.colcon_core.environment:checking '/home/rajneesh/droplet_runner_ws/install/droplet_state' for CMake config files
[11.235s] Level 1:colcon.colcon_core.environment:checking '/home/rajneesh/droplet_runner_ws/install/droplet_state/lib'
[11.236s] Level 1:colcon.colcon_core.environment:checking '/home/rajneesh/droplet_runner_ws/install/droplet_state/bin'
[11.236s] Level 1:colcon.colcon_core.environment:checking '/home/rajneesh/droplet_runner_ws/install/droplet_state/lib/pkgconfig/droplet_state.pc'
[11.236s] Level 1:colcon.colcon_core.environment:checking '/home/rajneesh/droplet_runner_ws/install/droplet_state/lib/python3.10/site-packages'
[11.236s] Level 1:colcon.colcon_core.shell:create_environment_hook('droplet_state', 'pythonpath')
[11.236s] INFO:colcon.colcon_core.shell:Creating environment hook '/home/rajneesh/droplet_runner_ws/install/droplet_state/share/droplet_state/hook/pythonpath.ps1'
[11.237s] INFO:colcon.colcon_core.shell:Creating environment descriptor '/home/rajneesh/droplet_runner_ws/install/droplet_state/share/droplet_state/hook/pythonpath.dsv'
[11.237s] INFO:colcon.colcon_core.shell:Creating environment hook '/home/rajneesh/droplet_runner_ws/install/droplet_state/share/droplet_state/hook/pythonpath.sh'
[11.238s] Level 1:colcon.colcon_core.environment:checking '/home/rajneesh/droplet_runner_ws/install/droplet_state/bin'
[11.238s] Level 1:colcon.colcon_core.environment:create_environment_scripts_only(droplet_state)
[11.238s] INFO:colcon.colcon_core.shell:Creating package script '/home/rajneesh/droplet_runner_ws/install/droplet_state/share/droplet_state/package.ps1'
[11.239s] INFO:colcon.colcon_core.shell:Creating package descriptor '/home/rajneesh/droplet_runner_ws/install/droplet_state/share/droplet_state/package.dsv'
[11.251s] INFO:colcon.colcon_core.shell:Creating package script '/home/rajneesh/droplet_runner_ws/install/droplet_state/share/droplet_state/package.sh'
[11.253s] INFO:colcon.colcon_core.shell:Creating package script '/home/rajneesh/droplet_runner_ws/install/droplet_state/share/droplet_state/package.bash'
[11.254s] INFO:colcon.colcon_core.shell:Creating package script '/home/rajneesh/droplet_runner_ws/install/droplet_state/share/droplet_state/package.zsh'
[11.255s] Level 1:colcon.colcon_core.environment:create_file_with_runtime_dependencies(/home/rajneesh/droplet_runner_ws/install/droplet_state/share/colcon-core/packages/droplet_state)
[11.255s] DEBUG:colcon.colcon_parallel_executor.executor.parallel:closing loop
[11.256s] DEBUG:colcon.colcon_parallel_executor.executor.parallel:loop closed
[11.256s] DEBUG:colcon.colcon_parallel_executor.executor.parallel:run_until_complete finished with '0'
[11.256s] DEBUG:colcon.colcon_core.event_reactor:joining thread
[11.327s] INFO:colcon.colcon_core.plugin_system:Skipping extension 'colcon_notification.desktop_notification.terminal_notifier': Not used on non-Darwin systems
[11.327s] INFO:colcon.colcon_core.plugin_system:Skipping extension 'colcon_notification.desktop_notification.win32': Not used on non-Windows systems
[11.327s] INFO:colcon.colcon_notification.desktop_notification:Sending desktop notification using 'notify2'
[12.379s] DEBUG:colcon.colcon_core.event_reactor:joined thread
[12.381s] INFO:colcon.colcon_core.shell:Creating prefix script '/home/rajneesh/droplet_runner_ws/install/local_setup.ps1'
[12.386s] INFO:colcon.colcon_core.shell:Creating prefix util module '/home/rajneesh/droplet_runner_ws/install/_local_setup_util_ps1.py'
[12.395s] INFO:colcon.colcon_core.shell:Creating prefix chain script '/home/rajneesh/droplet_runner_ws/install/setup.ps1'
[12.399s] INFO:colcon.colcon_core.shell:Creating prefix script '/home/rajneesh/droplet_runner_ws/install/local_setup.sh'
[12.407s] INFO:colcon.colcon_core.shell:Creating prefix util module '/home/rajneesh/droplet_runner_ws/install/_local_setup_util_sh.py'
[12.411s] INFO:colcon.colcon_core.shell:Creating prefix chain script '/home/rajneesh/droplet_runner_ws/install/setup.sh'
[12.422s] INFO:colcon.colcon_core.shell:Creating prefix script '/home/rajneesh/droplet_runner_ws/install/local_setup.bash'
[12.426s] INFO:colcon.colcon_core.shell:Creating prefix chain script '/home/rajneesh/droplet_runner_ws/install/setup.bash'
[12.432s] INFO:colcon.colcon_core.shell:Creating prefix script '/home/rajneesh/droplet_runner_ws/install/local_setup.zsh'
[12.435s] INFO:colcon.colcon_core.shell:Creating prefix chain script '/home/rajneesh/droplet_runner_ws/install/setup.zsh'
