[1.610s] Invoking command in '/home/rajneesh/droplet_runner_ws/build/droplet_state': CONDA_PROMPT_MODIFIER=(base) PYTHONPATH=/home/rajneesh/droplet_runner_ws/build/droplet_state/prefix_override:/usr/lib/python3/dist-packages/colcon_core/task/python/colcon_distutils_commands:/home/rajneesh/droplet_runner_ws/install/droplet_state/lib/python3.10/site-packages:${PYTHONPATH} /usr/bin/python3 -W ignore:setup.py install is deprecated -W ignore:easy_install command is deprecated setup.py develop --editable --build-directory /home/rajneesh/droplet_runner_ws/build/droplet_state/build --no-deps symlink_data --force
[1.994s] running develop
[2.207s] running egg_info
[2.207s] writing droplet_state.egg-info/PKG-INFO
[2.207s] writing dependency_links to droplet_state.egg-info/dependency_links.txt
[2.207s] writing entry points to droplet_state.egg-info/entry_points.txt
[2.208s] writing requirements to droplet_state.egg-info/requires.txt
[2.209s] writing top-level names to droplet_state.egg-info/top_level.txt
[2.211s] reading manifest file 'droplet_state.egg-info/SOURCES.txt'
[2.214s] writing manifest file 'droplet_state.egg-info/SOURCES.txt'
[2.215s] running build_ext
[2.216s] Creating /home/rajneesh/droplet_runner_ws/install/droplet_state/lib/python3.10/site-packages/droplet-state.egg-link (link to .)
[2.217s] Installing data_collector script to /home/rajneesh/droplet_runner_ws/install/droplet_state/lib/droplet_state
[2.217s] Installing estimator script to /home/rajneesh/droplet_runner_ws/install/droplet_state/lib/droplet_state
[2.217s] 
[2.217s] Installed /home/rajneesh/droplet_runner_ws/build/droplet_state
[2.217s] running symlink_data
[2.218s] symbolically linking /home/rajneesh/droplet_runner_ws/build/droplet_state/resource/droplet_state -> /home/rajneesh/droplet_runner_ws/install/droplet_state/share/ament_index/resource_index/packages
[2.218s] symbolically linking /home/rajneesh/droplet_runner_ws/build/droplet_state/package.xml -> /home/rajneesh/droplet_runner_ws/install/droplet_state/share/droplet_state
[2.218s] symbolically linking /home/rajneesh/droplet_runner_ws/build/droplet_state/config/path_waypoints.json -> /home/rajneesh/droplet_runner_ws/install/droplet_state/share/droplet_state/config
[2.218s] symbolically linking /home/rajneesh/droplet_runner_ws/build/droplet_state/config/path_waypoints_mm.json -> /home/rajneesh/droplet_runner_ws/install/droplet_state/share/droplet_state/config
[2.218s] symbolically linking /home/rajneesh/droplet_runner_ws/build/droplet_state/config/corner_markers.json -> /home/rajneesh/droplet_runner_ws/install/droplet_state/share/droplet_state/config
[2.218s] symbolically linking /home/rajneesh/droplet_runner_ws/build/droplet_state/calib/calib_results.txt -> /home/rajneesh/droplet_runner_ws/install/droplet_state/share/droplet_state/calib
[2.274s] Invoked command in '/home/rajneesh/droplet_runner_ws/build/droplet_state' returned '0': CONDA_PROMPT_MODIFIER=(base) PYTHONPATH=/home/rajneesh/droplet_runner_ws/build/droplet_state/prefix_override:/usr/lib/python3/dist-packages/colcon_core/task/python/colcon_distutils_commands:/home/rajneesh/droplet_runner_ws/install/droplet_state/lib/python3.10/site-packages:${PYTHONPATH} /usr/bin/python3 -W ignore:setup.py install is deprecated -W ignore:easy_install command is deprecated setup.py develop --editable --build-directory /home/rajneesh/droplet_runner_ws/build/droplet_state/build --no-deps symlink_data --force
