[0.402s] DEBUG:colcon:Command line arguments: ['/usr/bin/colcon', 'build', '--packages-select', 'droplet_state']
[0.402s] DEBUG:colcon:Parsed command line arguments: Namespace(log_base=None, log_level=None, verb_name='build', build_base='build', install_base='install', merge_install=False, symlink_install=False, test_result_base=None, continue_on_error=False, executor='parallel', parallel_workers=8, event_handlers=None, ignore_user_meta=False, metas=['./colcon.meta'], base_paths=['.'], packages_ignore=None, packages_ignore_regex=None, paths=None, packages_up_to=None, packages_up_to_regex=None, packages_above=None, packages_above_and_dependencies=None, packages_above_depth=None, packages_select_by_dep=None, packages_skip_by_dep=None, packages_skip_up_to=None, packages_select_build_failed=False, packages_skip_build_finished=False, packages_select_test_failures=False, packages_skip_test_passed=False, packages_select=['droplet_state'], packages_skip=None, packages_select_regex=None, packages_skip_regex=None, packages_start=None, packages_end=None, allow_overriding=[], cmake_args=None, cmake_target=None, cmake_target_skip_unavailable=False, cmake_clean_cache=False, cmake_clean_first=False, cmake_force_configure=False, ament_cmake_args=None, catkin_cmake_args=None, catkin_skip_building_tests=False, mixin_files=None, mixin=None, verb_parser=<colcon_mixin.mixin.mixin_argument.MixinArgumentDecorator object at 0x7a8bf4ccaec0>, verb_extension=<colcon_core.verb.build.BuildVerb object at 0x7a8bf4e43d00>, main=<bound method BuildVerb.main of <colcon_core.verb.build.BuildVerb object at 0x7a8bf4e43d00>>, mixin_verb=('build',))
[1.187s] Level 1:colcon.colcon_core.package_discovery:discover_packages(colcon_meta) check parameters
[1.188s] Level 1:colcon.colcon_core.package_discovery:discover_packages(recursive) check parameters
[1.188s] Level 1:colcon.colcon_core.package_discovery:discover_packages(ignore) check parameters
[1.188s] Level 1:colcon.colcon_core.package_discovery:discover_packages(path) check parameters
[1.188s] Level 1:colcon.colcon_core.package_discovery:discover_packages(colcon_meta) discover
[1.189s] Level 1:colcon.colcon_core.package_discovery:discover_packages(recursive) discover
[1.189s] INFO:colcon.colcon_core.package_discovery:Crawling recursively for packages in '/home/rajneesh/droplet_runner_ws'
[1.190s] Level 1:colcon.colcon_core.package_identification:_identify(.) by extensions ['ignore', 'ignore_ament_install']
[1.191s] Level 1:colcon.colcon_core.package_identification:_identify(.) by extension 'ignore'
[1.193s] Level 1:colcon.colcon_core.package_identification:_identify(.) by extension 'ignore_ament_install'
[1.193s] Level 1:colcon.colcon_core.package_identification:_identify(.) by extensions ['colcon_pkg']
[1.193s] Level 1:colcon.colcon_core.package_identification:_identify(.) by extension 'colcon_pkg'
[1.194s] Level 1:colcon.colcon_core.package_identification:_identify(.) by extensions ['colcon_meta']
[1.194s] Level 1:colcon.colcon_core.package_identification:_identify(.) by extension 'colcon_meta'
[1.194s] Level 1:colcon.colcon_core.package_identification:_identify(.) by extensions ['ros']
[1.195s] Level 1:colcon.colcon_core.package_identification:_identify(.) by extension 'ros'
[1.250s] Level 1:colcon.colcon_core.package_identification:_identify(.) by extensions ['cmake', 'python']
[1.251s] Level 1:colcon.colcon_core.package_identification:_identify(.) by extension 'cmake'
[1.251s] Level 1:colcon.colcon_core.package_identification:_identify(.) by extension 'python'
[1.252s] Level 1:colcon.colcon_core.package_identification:_identify(.) by extensions ['python_setup_py']
[1.252s] Level 1:colcon.colcon_core.package_identification:_identify(.) by extension 'python_setup_py'
[1.253s] Level 1:colcon.colcon_core.package_identification:_identify(action_logs) by extensions ['ignore', 'ignore_ament_install']
[1.253s] Level 1:colcon.colcon_core.package_identification:_identify(action_logs) by extension 'ignore'
[1.254s] Level 1:colcon.colcon_core.package_identification:_identify(action_logs) by extension 'ignore_ament_install'
[1.254s] Level 1:colcon.colcon_core.package_identification:_identify(action_logs) by extensions ['colcon_pkg']
[1.255s] Level 1:colcon.colcon_core.package_identification:_identify(action_logs) by extension 'colcon_pkg'
[1.255s] Level 1:colcon.colcon_core.package_identification:_identify(action_logs) by extensions ['colcon_meta']
[1.256s] Level 1:colcon.colcon_core.package_identification:_identify(action_logs) by extension 'colcon_meta'
[1.256s] Level 1:colcon.colcon_core.package_identification:_identify(action_logs) by extensions ['ros']
[1.256s] Level 1:colcon.colcon_core.package_identification:_identify(action_logs) by extension 'ros'
[1.257s] Level 1:colcon.colcon_core.package_identification:_identify(action_logs) by extensions ['cmake', 'python']
[1.257s] Level 1:colcon.colcon_core.package_identification:_identify(action_logs) by extension 'cmake'
[1.257s] Level 1:colcon.colcon_core.package_identification:_identify(action_logs) by extension 'python'
[1.258s] Level 1:colcon.colcon_core.package_identification:_identify(action_logs) by extensions ['python_setup_py']
[1.258s] Level 1:colcon.colcon_core.package_identification:_identify(action_logs) by extension 'python_setup_py'
[1.259s] Level 1:colcon.colcon_core.package_identification:_identify(build) by extensions ['ignore', 'ignore_ament_install']
[1.260s] Level 1:colcon.colcon_core.package_identification:_identify(build) by extension 'ignore'
[1.260s] Level 1:colcon.colcon_core.package_identification:_identify(build) ignored
[1.261s] Level 1:colcon.colcon_core.package_identification:_identify(episodes) by extensions ['ignore', 'ignore_ament_install']
[1.262s] Level 1:colcon.colcon_core.package_identification:_identify(episodes) by extension 'ignore'
[1.262s] Level 1:colcon.colcon_core.package_identification:_identify(episodes) by extension 'ignore_ament_install'
[1.263s] Level 1:colcon.colcon_core.package_identification:_identify(episodes) by extensions ['colcon_pkg']
[1.263s] Level 1:colcon.colcon_core.package_identification:_identify(episodes) by extension 'colcon_pkg'
[1.263s] Level 1:colcon.colcon_core.package_identification:_identify(episodes) by extensions ['colcon_meta']
[1.264s] Level 1:colcon.colcon_core.package_identification:_identify(episodes) by extension 'colcon_meta'
[1.264s] Level 1:colcon.colcon_core.package_identification:_identify(episodes) by extensions ['ros']
[1.264s] Level 1:colcon.colcon_core.package_identification:_identify(episodes) by extension 'ros'
[1.265s] Level 1:colcon.colcon_core.package_identification:_identify(episodes) by extensions ['cmake', 'python']
[1.265s] Level 1:colcon.colcon_core.package_identification:_identify(episodes) by extension 'cmake'
[1.265s] Level 1:colcon.colcon_core.package_identification:_identify(episodes) by extension 'python'
[1.266s] Level 1:colcon.colcon_core.package_identification:_identify(episodes) by extensions ['python_setup_py']
[1.266s] Level 1:colcon.colcon_core.package_identification:_identify(episodes) by extension 'python_setup_py'
[1.267s] Level 1:colcon.colcon_core.package_identification:_identify(episodes_Ishape) by extensions ['ignore', 'ignore_ament_install']
[1.267s] Level 1:colcon.colcon_core.package_identification:_identify(episodes_Ishape) by extension 'ignore'
[1.268s] Level 1:colcon.colcon_core.package_identification:_identify(episodes_Ishape) by extension 'ignore_ament_install'
[1.268s] Level 1:colcon.colcon_core.package_identification:_identify(episodes_Ishape) by extensions ['colcon_pkg']
[1.268s] Level 1:colcon.colcon_core.package_identification:_identify(episodes_Ishape) by extension 'colcon_pkg'
[1.268s] Level 1:colcon.colcon_core.package_identification:_identify(episodes_Ishape) by extensions ['colcon_meta']
[1.268s] Level 1:colcon.colcon_core.package_identification:_identify(episodes_Ishape) by extension 'colcon_meta'
[1.269s] Level 1:colcon.colcon_core.package_identification:_identify(episodes_Ishape) by extensions ['ros']
[1.269s] Level 1:colcon.colcon_core.package_identification:_identify(episodes_Ishape) by extension 'ros'
[1.269s] Level 1:colcon.colcon_core.package_identification:_identify(episodes_Ishape) by extensions ['cmake', 'python']
[1.269s] Level 1:colcon.colcon_core.package_identification:_identify(episodes_Ishape) by extension 'cmake'
[1.269s] Level 1:colcon.colcon_core.package_identification:_identify(episodes_Ishape) by extension 'python'
[1.270s] Level 1:colcon.colcon_core.package_identification:_identify(episodes_Ishape) by extensions ['python_setup_py']
[1.270s] Level 1:colcon.colcon_core.package_identification:_identify(episodes_Ishape) by extension 'python_setup_py'
[1.271s] Level 1:colcon.colcon_core.package_identification:_identify(episodes_Lshape) by extensions ['ignore', 'ignore_ament_install']
[1.272s] Level 1:colcon.colcon_core.package_identification:_identify(episodes_Lshape) by extension 'ignore'
[1.273s] Level 1:colcon.colcon_core.package_identification:_identify(episodes_Lshape) by extension 'ignore_ament_install'
[1.274s] Level 1:colcon.colcon_core.package_identification:_identify(episodes_Lshape) by extensions ['colcon_pkg']
[1.274s] Level 1:colcon.colcon_core.package_identification:_identify(episodes_Lshape) by extension 'colcon_pkg'
[1.274s] Level 1:colcon.colcon_core.package_identification:_identify(episodes_Lshape) by extensions ['colcon_meta']
[1.275s] Level 1:colcon.colcon_core.package_identification:_identify(episodes_Lshape) by extension 'colcon_meta'
[1.275s] Level 1:colcon.colcon_core.package_identification:_identify(episodes_Lshape) by extensions ['ros']
[1.275s] Level 1:colcon.colcon_core.package_identification:_identify(episodes_Lshape) by extension 'ros'
[1.276s] Level 1:colcon.colcon_core.package_identification:_identify(episodes_Lshape) by extensions ['cmake', 'python']
[1.276s] Level 1:colcon.colcon_core.package_identification:_identify(episodes_Lshape) by extension 'cmake'
[1.276s] Level 1:colcon.colcon_core.package_identification:_identify(episodes_Lshape) by extension 'python'
[1.277s] Level 1:colcon.colcon_core.package_identification:_identify(episodes_Lshape) by extensions ['python_setup_py']
[1.277s] Level 1:colcon.colcon_core.package_identification:_identify(episodes_Lshape) by extension 'python_setup_py'
[1.277s] Level 1:colcon.colcon_core.package_identification:_identify(install) by extensions ['ignore', 'ignore_ament_install']
[1.278s] Level 1:colcon.colcon_core.package_identification:_identify(install) by extension 'ignore'
[1.278s] Level 1:colcon.colcon_core.package_identification:_identify(install) ignored
[1.278s] Level 1:colcon.colcon_core.package_identification:_identify(log) by extensions ['ignore', 'ignore_ament_install']
[1.279s] Level 1:colcon.colcon_core.package_identification:_identify(log) by extension 'ignore'
[1.279s] Level 1:colcon.colcon_core.package_identification:_identify(log) ignored
[1.279s] Level 1:colcon.colcon_core.package_identification:_identify(mbrl_lshape_data) by extensions ['ignore', 'ignore_ament_install']
[1.279s] Level 1:colcon.colcon_core.package_identification:_identify(mbrl_lshape_data) by extension 'ignore'
[1.280s] Level 1:colcon.colcon_core.package_identification:_identify(mbrl_lshape_data) by extension 'ignore_ament_install'
[1.280s] Level 1:colcon.colcon_core.package_identification:_identify(mbrl_lshape_data) by extensions ['colcon_pkg']
[1.280s] Level 1:colcon.colcon_core.package_identification:_identify(mbrl_lshape_data) by extension 'colcon_pkg'
[1.280s] Level 1:colcon.colcon_core.package_identification:_identify(mbrl_lshape_data) by extensions ['colcon_meta']
[1.280s] Level 1:colcon.colcon_core.package_identification:_identify(mbrl_lshape_data) by extension 'colcon_meta'
[1.281s] Level 1:colcon.colcon_core.package_identification:_identify(mbrl_lshape_data) by extensions ['ros']
[1.281s] Level 1:colcon.colcon_core.package_identification:_identify(mbrl_lshape_data) by extension 'ros'
[1.281s] Level 1:colcon.colcon_core.package_identification:_identify(mbrl_lshape_data) by extensions ['cmake', 'python']
[1.281s] Level 1:colcon.colcon_core.package_identification:_identify(mbrl_lshape_data) by extension 'cmake'
[1.281s] Level 1:colcon.colcon_core.package_identification:_identify(mbrl_lshape_data) by extension 'python'
[1.281s] Level 1:colcon.colcon_core.package_identification:_identify(mbrl_lshape_data) by extensions ['python_setup_py']
[1.282s] Level 1:colcon.colcon_core.package_identification:_identify(mbrl_lshape_data) by extension 'python_setup_py'
[1.282s] Level 1:colcon.colcon_core.package_identification:_identify(pid_logs) by extensions ['ignore', 'ignore_ament_install']
[1.282s] Level 1:colcon.colcon_core.package_identification:_identify(pid_logs) by extension 'ignore'
[1.282s] Level 1:colcon.colcon_core.package_identification:_identify(pid_logs) by extension 'ignore_ament_install'
[1.283s] Level 1:colcon.colcon_core.package_identification:_identify(pid_logs) by extensions ['colcon_pkg']
[1.283s] Level 1:colcon.colcon_core.package_identification:_identify(pid_logs) by extension 'colcon_pkg'
[1.283s] Level 1:colcon.colcon_core.package_identification:_identify(pid_logs) by extensions ['colcon_meta']
[1.283s] Level 1:colcon.colcon_core.package_identification:_identify(pid_logs) by extension 'colcon_meta'
[1.283s] Level 1:colcon.colcon_core.package_identification:_identify(pid_logs) by extensions ['ros']
[1.283s] Level 1:colcon.colcon_core.package_identification:_identify(pid_logs) by extension 'ros'
[1.284s] Level 1:colcon.colcon_core.package_identification:_identify(pid_logs) by extensions ['cmake', 'python']
[1.284s] Level 1:colcon.colcon_core.package_identification:_identify(pid_logs) by extension 'cmake'
[1.284s] Level 1:colcon.colcon_core.package_identification:_identify(pid_logs) by extension 'python'
[1.284s] Level 1:colcon.colcon_core.package_identification:_identify(pid_logs) by extensions ['python_setup_py']
[1.285s] Level 1:colcon.colcon_core.package_identification:_identify(pid_logs) by extension 'python_setup_py'
[1.285s] Level 1:colcon.colcon_core.package_identification:_identify(policy) by extensions ['ignore', 'ignore_ament_install']
[1.285s] Level 1:colcon.colcon_core.package_identification:_identify(policy) by extension 'ignore'
[1.285s] Level 1:colcon.colcon_core.package_identification:_identify(policy) by extension 'ignore_ament_install'
[1.285s] Level 1:colcon.colcon_core.package_identification:_identify(policy) by extensions ['colcon_pkg']
[1.286s] Level 1:colcon.colcon_core.package_identification:_identify(policy) by extension 'colcon_pkg'
[1.286s] Level 1:colcon.colcon_core.package_identification:_identify(policy) by extensions ['colcon_meta']
[1.286s] Level 1:colcon.colcon_core.package_identification:_identify(policy) by extension 'colcon_meta'
[1.286s] Level 1:colcon.colcon_core.package_identification:_identify(policy) by extensions ['ros']
[1.286s] Level 1:colcon.colcon_core.package_identification:_identify(policy) by extension 'ros'
[1.287s] Level 1:colcon.colcon_core.package_identification:_identify(policy) by extensions ['cmake', 'python']
[1.287s] Level 1:colcon.colcon_core.package_identification:_identify(policy) by extension 'cmake'
[1.287s] Level 1:colcon.colcon_core.package_identification:_identify(policy) by extension 'python'
[1.287s] Level 1:colcon.colcon_core.package_identification:_identify(policy) by extensions ['python_setup_py']
[1.287s] Level 1:colcon.colcon_core.package_identification:_identify(policy) by extension 'python_setup_py'
[1.288s] Level 1:colcon.colcon_core.package_identification:_identify(policy/replay) by extensions ['ignore', 'ignore_ament_install']
[1.288s] Level 1:colcon.colcon_core.package_identification:_identify(policy/replay) by extension 'ignore'
[1.289s] Level 1:colcon.colcon_core.package_identification:_identify(policy/replay) by extension 'ignore_ament_install'
[1.289s] Level 1:colcon.colcon_core.package_identification:_identify(policy/replay) by extensions ['colcon_pkg']
[1.289s] Level 1:colcon.colcon_core.package_identification:_identify(policy/replay) by extension 'colcon_pkg'
[1.289s] Level 1:colcon.colcon_core.package_identification:_identify(policy/replay) by extensions ['colcon_meta']
[1.289s] Level 1:colcon.colcon_core.package_identification:_identify(policy/replay) by extension 'colcon_meta'
[1.290s] Level 1:colcon.colcon_core.package_identification:_identify(policy/replay) by extensions ['ros']
[1.290s] Level 1:colcon.colcon_core.package_identification:_identify(policy/replay) by extension 'ros'
[1.290s] Level 1:colcon.colcon_core.package_identification:_identify(policy/replay) by extensions ['cmake', 'python']
[1.290s] Level 1:colcon.colcon_core.package_identification:_identify(policy/replay) by extension 'cmake'
[1.291s] Level 1:colcon.colcon_core.package_identification:_identify(policy/replay) by extension 'python'
[1.291s] Level 1:colcon.colcon_core.package_identification:_identify(policy/replay) by extensions ['python_setup_py']
[1.291s] Level 1:colcon.colcon_core.package_identification:_identify(policy/replay) by extension 'python_setup_py'
[1.291s] Level 1:colcon.colcon_core.package_identification:_identify(src) by extensions ['ignore', 'ignore_ament_install']
[1.291s] Level 1:colcon.colcon_core.package_identification:_identify(src) by extension 'ignore'
[1.292s] Level 1:colcon.colcon_core.package_identification:_identify(src) by extension 'ignore_ament_install'
[1.292s] Level 1:colcon.colcon_core.package_identification:_identify(src) by extensions ['colcon_pkg']
[1.292s] Level 1:colcon.colcon_core.package_identification:_identify(src) by extension 'colcon_pkg'
[1.292s] Level 1:colcon.colcon_core.package_identification:_identify(src) by extensions ['colcon_meta']
[1.292s] Level 1:colcon.colcon_core.package_identification:_identify(src) by extension 'colcon_meta'
[1.292s] Level 1:colcon.colcon_core.package_identification:_identify(src) by extensions ['ros']
[1.292s] Level 1:colcon.colcon_core.package_identification:_identify(src) by extension 'ros'
[1.293s] Level 1:colcon.colcon_core.package_identification:_identify(src) by extensions ['cmake', 'python']
[1.293s] Level 1:colcon.colcon_core.package_identification:_identify(src) by extension 'cmake'
[1.293s] Level 1:colcon.colcon_core.package_identification:_identify(src) by extension 'python'
[1.293s] Level 1:colcon.colcon_core.package_identification:_identify(src) by extensions ['python_setup_py']
[1.293s] Level 1:colcon.colcon_core.package_identification:_identify(src) by extension 'python_setup_py'
[1.294s] Level 1:colcon.colcon_core.package_identification:_identify(src/droplet_camera) by extensions ['ignore', 'ignore_ament_install']
[1.294s] Level 1:colcon.colcon_core.package_identification:_identify(src/droplet_camera) by extension 'ignore'
[1.294s] Level 1:colcon.colcon_core.package_identification:_identify(src/droplet_camera) by extension 'ignore_ament_install'
[1.295s] Level 1:colcon.colcon_core.package_identification:_identify(src/droplet_camera) by extensions ['colcon_pkg']
[1.295s] Level 1:colcon.colcon_core.package_identification:_identify(src/droplet_camera) by extension 'colcon_pkg'
[1.295s] Level 1:colcon.colcon_core.package_identification:_identify(src/droplet_camera) by extensions ['colcon_meta']
[1.295s] Level 1:colcon.colcon_core.package_identification:_identify(src/droplet_camera) by extension 'colcon_meta'
[1.295s] Level 1:colcon.colcon_core.package_identification:_identify(src/droplet_camera) by extensions ['ros']
[1.296s] Level 1:colcon.colcon_core.package_identification:_identify(src/droplet_camera) by extension 'ros'
[1.306s] DEBUG:colcon.colcon_core.package_identification:Package 'src/droplet_camera' with type 'ros.ament_python' and name 'droplet_camera'
[1.306s] Level 1:colcon.colcon_core.package_identification:_identify(src/droplet_motor) by extensions ['ignore', 'ignore_ament_install']
[1.307s] Level 1:colcon.colcon_core.package_identification:_identify(src/droplet_motor) by extension 'ignore'
[1.307s] Level 1:colcon.colcon_core.package_identification:_identify(src/droplet_motor) by extension 'ignore_ament_install'
[1.307s] Level 1:colcon.colcon_core.package_identification:_identify(src/droplet_motor) by extensions ['colcon_pkg']
[1.307s] Level 1:colcon.colcon_core.package_identification:_identify(src/droplet_motor) by extension 'colcon_pkg'
[1.307s] Level 1:colcon.colcon_core.package_identification:_identify(src/droplet_motor) by extensions ['colcon_meta']
[1.307s] Level 1:colcon.colcon_core.package_identification:_identify(src/droplet_motor) by extension 'colcon_meta'
[1.308s] Level 1:colcon.colcon_core.package_identification:_identify(src/droplet_motor) by extensions ['ros']
[1.308s] Level 1:colcon.colcon_core.package_identification:_identify(src/droplet_motor) by extension 'ros'
[1.310s] DEBUG:colcon.colcon_core.package_identification:Package 'src/droplet_motor' with type 'ros.ament_python' and name 'droplet_motor'
[1.311s] Level 1:colcon.colcon_core.package_identification:_identify(src/droplet_state) by extensions ['ignore', 'ignore_ament_install']
[1.311s] Level 1:colcon.colcon_core.package_identification:_identify(src/droplet_state) by extension 'ignore'
[1.312s] Level 1:colcon.colcon_core.package_identification:_identify(src/droplet_state) by extension 'ignore_ament_install'
[1.312s] Level 1:colcon.colcon_core.package_identification:_identify(src/droplet_state) by extensions ['colcon_pkg']
[1.312s] Level 1:colcon.colcon_core.package_identification:_identify(src/droplet_state) by extension 'colcon_pkg'
[1.312s] Level 1:colcon.colcon_core.package_identification:_identify(src/droplet_state) by extensions ['colcon_meta']
[1.312s] Level 1:colcon.colcon_core.package_identification:_identify(src/droplet_state) by extension 'colcon_meta'
[1.313s] Level 1:colcon.colcon_core.package_identification:_identify(src/droplet_state) by extensions ['ros']
[1.313s] Level 1:colcon.colcon_core.package_identification:_identify(src/droplet_state) by extension 'ros'
[1.317s] DEBUG:colcon.colcon_core.package_identification:Package 'src/droplet_state' with type 'ros.ament_python' and name 'droplet_state'
[1.317s] Level 1:colcon.colcon_core.package_identification:_identify(vidoes) by extensions ['ignore', 'ignore_ament_install']
[1.318s] Level 1:colcon.colcon_core.package_identification:_identify(vidoes) by extension 'ignore'
[1.318s] Level 1:colcon.colcon_core.package_identification:_identify(vidoes) by extension 'ignore_ament_install'
[1.318s] Level 1:colcon.colcon_core.package_identification:_identify(vidoes) by extensions ['colcon_pkg']
[1.319s] Level 1:colcon.colcon_core.package_identification:_identify(vidoes) by extension 'colcon_pkg'
[1.319s] Level 1:colcon.colcon_core.package_identification:_identify(vidoes) by extensions ['colcon_meta']
[1.319s] Level 1:colcon.colcon_core.package_identification:_identify(vidoes) by extension 'colcon_meta'
[1.319s] Level 1:colcon.colcon_core.package_identification:_identify(vidoes) by extensions ['ros']
[1.319s] Level 1:colcon.colcon_core.package_identification:_identify(vidoes) by extension 'ros'
[1.320s] Level 1:colcon.colcon_core.package_identification:_identify(vidoes) by extensions ['cmake', 'python']
[1.320s] Level 1:colcon.colcon_core.package_identification:_identify(vidoes) by extension 'cmake'
[1.320s] Level 1:colcon.colcon_core.package_identification:_identify(vidoes) by extension 'python'
[1.320s] Level 1:colcon.colcon_core.package_identification:_identify(vidoes) by extensions ['python_setup_py']
[1.320s] Level 1:colcon.colcon_core.package_identification:_identify(vidoes) by extension 'python_setup_py'
[1.321s] Level 1:colcon.colcon_core.package_identification:_identify(vidoes/L shape) by extensions ['ignore', 'ignore_ament_install']
[1.321s] Level 1:colcon.colcon_core.package_identification:_identify(vidoes/L shape) by extension 'ignore'
[1.322s] Level 1:colcon.colcon_core.package_identification:_identify(vidoes/L shape) by extension 'ignore_ament_install'
[1.322s] Level 1:colcon.colcon_core.package_identification:_identify(vidoes/L shape) by extensions ['colcon_pkg']
[1.322s] Level 1:colcon.colcon_core.package_identification:_identify(vidoes/L shape) by extension 'colcon_pkg'
[1.323s] Level 1:colcon.colcon_core.package_identification:_identify(vidoes/L shape) by extensions ['colcon_meta']
[1.323s] Level 1:colcon.colcon_core.package_identification:_identify(vidoes/L shape) by extension 'colcon_meta'
[1.323s] Level 1:colcon.colcon_core.package_identification:_identify(vidoes/L shape) by extensions ['ros']
[1.323s] Level 1:colcon.colcon_core.package_identification:_identify(vidoes/L shape) by extension 'ros'
[1.324s] Level 1:colcon.colcon_core.package_identification:_identify(vidoes/L shape) by extensions ['cmake', 'python']
[1.324s] Level 1:colcon.colcon_core.package_identification:_identify(vidoes/L shape) by extension 'cmake'
[1.324s] Level 1:colcon.colcon_core.package_identification:_identify(vidoes/L shape) by extension 'python'
[1.324s] Level 1:colcon.colcon_core.package_identification:_identify(vidoes/L shape) by extensions ['python_setup_py']
[1.325s] Level 1:colcon.colcon_core.package_identification:_identify(vidoes/L shape) by extension 'python_setup_py'
[1.325s] Level 1:colcon.colcon_core.package_discovery:discover_packages(recursive) using defaults
[1.325s] Level 1:colcon.colcon_core.package_discovery:discover_packages(ignore) discover
[1.325s] Level 1:colcon.colcon_core.package_discovery:discover_packages(ignore) using defaults
[1.325s] Level 1:colcon.colcon_core.package_discovery:discover_packages(path) discover
[1.326s] Level 1:colcon.colcon_core.package_discovery:discover_packages(path) using defaults
[1.455s] INFO:colcon.colcon_core.package_selection:Skipping not selected package 'droplet_camera' in 'src/droplet_camera'
[1.456s] INFO:colcon.colcon_core.package_selection:Skipping not selected package 'droplet_motor' in 'src/droplet_motor'
[1.459s] Level 1:colcon.colcon_core.package_discovery:discover_packages(prefix_path) check parameters
[1.459s] Level 1:colcon.colcon_core.package_discovery:discover_packages(prefix_path) discover
[1.469s] DEBUG:colcon.colcon_installed_package_information.package_discovery:Found 3 installed packages in /home/rajneesh/droplet_runner_ws/install
[1.476s] DEBUG:colcon.colcon_installed_package_information.package_discovery:Found 284 installed packages in /opt/ros/humble
[1.483s] Level 1:colcon.colcon_core.package_discovery:discover_packages(prefix_path) using defaults
[1.651s] Level 5:colcon.colcon_core.verb:set package 'droplet_state' build argument 'cmake_args' from command line to 'None'
[1.651s] Level 5:colcon.colcon_core.verb:set package 'droplet_state' build argument 'cmake_target' from command line to 'None'
[1.651s] Level 5:colcon.colcon_core.verb:set package 'droplet_state' build argument 'cmake_target_skip_unavailable' from command line to 'False'
[1.652s] Level 5:colcon.colcon_core.verb:set package 'droplet_state' build argument 'cmake_clean_cache' from command line to 'False'
[1.652s] Level 5:colcon.colcon_core.verb:set package 'droplet_state' build argument 'cmake_clean_first' from command line to 'False'
[1.652s] Level 5:colcon.colcon_core.verb:set package 'droplet_state' build argument 'cmake_force_configure' from command line to 'False'
[1.652s] Level 5:colcon.colcon_core.verb:set package 'droplet_state' build argument 'ament_cmake_args' from command line to 'None'
[1.652s] Level 5:colcon.colcon_core.verb:set package 'droplet_state' build argument 'catkin_cmake_args' from command line to 'None'
[1.652s] Level 5:colcon.colcon_core.verb:set package 'droplet_state' build argument 'catkin_skip_building_tests' from command line to 'False'
[1.652s] DEBUG:colcon.colcon_core.verb:Building package 'droplet_state' with the following arguments: {'ament_cmake_args': None, 'build_base': '/home/rajneesh/droplet_runner_ws/build/droplet_state', 'catkin_cmake_args': None, 'catkin_skip_building_tests': False, 'cmake_args': None, 'cmake_clean_cache': False, 'cmake_clean_first': False, 'cmake_force_configure': False, 'cmake_target': None, 'cmake_target_skip_unavailable': False, 'install_base': '/home/rajneesh/droplet_runner_ws/install/droplet_state', 'merge_install': False, 'path': '/home/rajneesh/droplet_runner_ws/src/droplet_state', 'symlink_install': False, 'test_result_base': None}
[1.653s] INFO:colcon.colcon_core.executor:Executing jobs using 'parallel' executor
[1.657s] DEBUG:colcon.colcon_parallel_executor.executor.parallel:run_until_complete
[1.658s] INFO:colcon.colcon_ros.task.ament_python.build:Building ROS package in '/home/rajneesh/droplet_runner_ws/src/droplet_state' with build type 'ament_python'
[1.658s] Level 1:colcon.colcon_core.shell:create_environment_hook('droplet_state', 'ament_prefix_path')
[1.664s] INFO:colcon.colcon_core.plugin_system:Skipping extension 'colcon_core.shell.bat': Not used on non-Windows systems
[1.664s] INFO:colcon.colcon_core.shell:Creating environment hook '/home/rajneesh/droplet_runner_ws/install/droplet_state/share/droplet_state/hook/ament_prefix_path.ps1'
[1.667s] INFO:colcon.colcon_core.shell:Creating environment descriptor '/home/rajneesh/droplet_runner_ws/install/droplet_state/share/droplet_state/hook/ament_prefix_path.dsv'
[1.668s] INFO:colcon.colcon_core.shell:Creating environment hook '/home/rajneesh/droplet_runner_ws/install/droplet_state/share/droplet_state/hook/ament_prefix_path.sh'
[1.670s] INFO:colcon.colcon_core.shell:Skip shell extension 'powershell' for command environment: Not usable outside of PowerShell
[1.671s] DEBUG:colcon.colcon_core.shell:Skip shell extension 'dsv' for command environment
[2.835s] INFO:colcon.colcon_core.task.python.build:Building Python package in '/home/rajneesh/droplet_runner_ws/src/droplet_state'
[2.836s] INFO:colcon.colcon_core.shell:Skip shell extension 'powershell' for command environment: Not usable outside of PowerShell
[2.836s] DEBUG:colcon.colcon_core.shell:Skip shell extension 'dsv' for command environment
[4.216s] DEBUG:colcon.colcon_core.event_handler.log_command:Invoking command in '/home/rajneesh/droplet_runner_ws/src/droplet_state': CONDA_PROMPT_MODIFIER=(base) PYTHONPATH=/home/rajneesh/droplet_runner_ws/build/droplet_state/prefix_override:/usr/lib/python3/dist-packages/colcon_core/task/python/colcon_distutils_commands:/home/rajneesh/droplet_runner_ws/install/droplet_state/lib/python3.10/site-packages:${PYTHONPATH} /usr/bin/python3 -W ignore:setup.py install is deprecated -W ignore:easy_install command is deprecated setup.py egg_info --egg-base ../../build/droplet_state build --build-base /home/rajneesh/droplet_runner_ws/build/droplet_state/build install --record /home/rajneesh/droplet_runner_ws/build/droplet_state/install.log --single-version-externally-managed install_data
[5.615s] DEBUG:colcon.colcon_core.event_handler.log_command:Invoked command in '/home/rajneesh/droplet_runner_ws/src/droplet_state' returned '0': CONDA_PROMPT_MODIFIER=(base) PYTHONPATH=/home/rajneesh/droplet_runner_ws/build/droplet_state/prefix_override:/usr/lib/python3/dist-packages/colcon_core/task/python/colcon_distutils_commands:/home/rajneesh/droplet_runner_ws/install/droplet_state/lib/python3.10/site-packages:${PYTHONPATH} /usr/bin/python3 -W ignore:setup.py install is deprecated -W ignore:easy_install command is deprecated setup.py egg_info --egg-base ../../build/droplet_state build --build-base /home/rajneesh/droplet_runner_ws/build/droplet_state/build install --record /home/rajneesh/droplet_runner_ws/build/droplet_state/install.log --single-version-externally-managed install_data
[5.623s] Level 1:colcon.colcon_core.environment:checking '/home/rajneesh/droplet_runner_ws/install/droplet_state' for CMake module files
[5.626s] Level 1:colcon.colcon_core.environment:checking '/home/rajneesh/droplet_runner_ws/install/droplet_state' for CMake config files
[5.629s] Level 1:colcon.colcon_core.environment:checking '/home/rajneesh/droplet_runner_ws/install/droplet_state/lib'
[5.633s] Level 1:colcon.colcon_core.environment:checking '/home/rajneesh/droplet_runner_ws/install/droplet_state/bin'
[5.634s] Level 1:colcon.colcon_core.environment:checking '/home/rajneesh/droplet_runner_ws/install/droplet_state/lib/pkgconfig/droplet_state.pc'
[5.635s] Level 1:colcon.colcon_core.environment:checking '/home/rajneesh/droplet_runner_ws/install/droplet_state/lib/python3.10/site-packages'
[5.640s] Level 1:colcon.colcon_core.shell:create_environment_hook('droplet_state', 'pythonpath')
[5.643s] INFO:colcon.colcon_core.shell:Creating environment hook '/home/rajneesh/droplet_runner_ws/install/droplet_state/share/droplet_state/hook/pythonpath.ps1'
[5.644s] INFO:colcon.colcon_core.shell:Creating environment descriptor '/home/rajneesh/droplet_runner_ws/install/droplet_state/share/droplet_state/hook/pythonpath.dsv'
[5.650s] INFO:colcon.colcon_core.shell:Creating environment hook '/home/rajneesh/droplet_runner_ws/install/droplet_state/share/droplet_state/hook/pythonpath.sh'
[5.654s] Level 1:colcon.colcon_core.environment:checking '/home/rajneesh/droplet_runner_ws/install/droplet_state/bin'
[5.654s] Level 1:colcon.colcon_core.environment:create_environment_scripts_only(droplet_state)
[5.656s] INFO:colcon.colcon_core.shell:Creating package script '/home/rajneesh/droplet_runner_ws/install/droplet_state/share/droplet_state/package.ps1'
[5.661s] INFO:colcon.colcon_core.shell:Creating package descriptor '/home/rajneesh/droplet_runner_ws/install/droplet_state/share/droplet_state/package.dsv'
[5.663s] INFO:colcon.colcon_core.shell:Creating package script '/home/rajneesh/droplet_runner_ws/install/droplet_state/share/droplet_state/package.sh'
[5.670s] INFO:colcon.colcon_core.shell:Creating package script '/home/rajneesh/droplet_runner_ws/install/droplet_state/share/droplet_state/package.bash'
[5.675s] INFO:colcon.colcon_core.shell:Creating package script '/home/rajneesh/droplet_runner_ws/install/droplet_state/share/droplet_state/package.zsh'
[5.679s] Level 1:colcon.colcon_core.environment:create_file_with_runtime_dependencies(/home/rajneesh/droplet_runner_ws/install/droplet_state/share/colcon-core/packages/droplet_state)
[5.682s] DEBUG:colcon.colcon_parallel_executor.executor.parallel:closing loop
[5.683s] DEBUG:colcon.colcon_parallel_executor.executor.parallel:loop closed
[5.683s] DEBUG:colcon.colcon_parallel_executor.executor.parallel:run_until_complete finished with '0'
[5.684s] DEBUG:colcon.colcon_core.event_reactor:joining thread
[5.705s] INFO:colcon.colcon_core.plugin_system:Skipping extension 'colcon_notification.desktop_notification.terminal_notifier': Not used on non-Darwin systems
[5.705s] INFO:colcon.colcon_core.plugin_system:Skipping extension 'colcon_notification.desktop_notification.win32': Not used on non-Windows systems
[5.706s] INFO:colcon.colcon_notification.desktop_notification:Sending desktop notification using 'notify2'
[5.757s] DEBUG:colcon.colcon_core.event_reactor:joined thread
[5.757s] INFO:colcon.colcon_core.shell:Creating prefix script '/home/rajneesh/droplet_runner_ws/install/local_setup.ps1'
[5.761s] INFO:colcon.colcon_core.shell:Creating prefix util module '/home/rajneesh/droplet_runner_ws/install/_local_setup_util_ps1.py'
[5.767s] INFO:colcon.colcon_core.shell:Creating prefix chain script '/home/rajneesh/droplet_runner_ws/install/setup.ps1'
[5.772s] INFO:colcon.colcon_core.shell:Creating prefix script '/home/rajneesh/droplet_runner_ws/install/local_setup.sh'
[5.774s] INFO:colcon.colcon_core.shell:Creating prefix util module '/home/rajneesh/droplet_runner_ws/install/_local_setup_util_sh.py'
[5.776s] INFO:colcon.colcon_core.shell:Creating prefix chain script '/home/rajneesh/droplet_runner_ws/install/setup.sh'
[5.779s] INFO:colcon.colcon_core.shell:Creating prefix script '/home/rajneesh/droplet_runner_ws/install/local_setup.bash'
[5.781s] INFO:colcon.colcon_core.shell:Creating prefix chain script '/home/rajneesh/droplet_runner_ws/install/setup.bash'
[5.787s] INFO:colcon.colcon_core.shell:Creating prefix script '/home/rajneesh/droplet_runner_ws/install/local_setup.zsh'
[5.788s] INFO:colcon.colcon_core.shell:Creating prefix chain script '/home/rajneesh/droplet_runner_ws/install/setup.zsh'
