[1.250s] Invoking command in '/home/rajneesh/droplet_runner_ws/src/droplet_state': CONDA_PROMPT_MODIFIER=(base) PYTHONPATH=/home/rajneesh/droplet_runner_ws/build/droplet_state/prefix_override:/usr/lib/python3/dist-packages/colcon_core/task/python/colcon_distutils_commands:/home/rajneesh/droplet_runner_ws/install/droplet_state/lib/python3.10/site-packages:${PYTHONPATH} /usr/bin/python3 -W ignore:setup.py install is deprecated -W ignore:easy_install command is deprecated setup.py egg_info --egg-base ../../build/droplet_state build --build-base /home/rajneesh/droplet_runner_ws/build/droplet_state/build install --record /home/rajneesh/droplet_runner_ws/build/droplet_state/install.log --single-version-externally-managed install_data
[1.560s] running egg_info
[1.561s] writing ../../build/droplet_state/droplet_state.egg-info/PKG-INFO
[1.561s] writing dependency_links to ../../build/droplet_state/droplet_state.egg-info/dependency_links.txt
[1.562s] writing entry points to ../../build/droplet_state/droplet_state.egg-info/entry_points.txt
[1.562s] writing requirements to ../../build/droplet_state/droplet_state.egg-info/requires.txt
[1.562s] writing top-level names to ../../build/droplet_state/droplet_state.egg-info/top_level.txt
[1.564s] reading manifest file '../../build/droplet_state/droplet_state.egg-info/SOURCES.txt'
[1.585s] writing manifest file '../../build/droplet_state/droplet_state.egg-info/SOURCES.txt'
[1.586s] running build
[1.586s] running build_py
[1.586s] copying droplet_state/policy_runner.py -> /home/rajneesh/droplet_runner_ws/build/droplet_state/build/lib/droplet_state
[1.586s] running install
[1.587s] running install_lib
[1.587s] copying /home/rajneesh/droplet_runner_ws/build/droplet_state/build/lib/droplet_state/policy_runner.py -> /home/rajneesh/droplet_runner_ws/install/droplet_state/lib/python3.10/site-packages/droplet_state
[1.588s] byte-compiling /home/rajneesh/droplet_runner_ws/install/droplet_state/lib/python3.10/site-packages/droplet_state/policy_runner.py to policy_runner.cpython-310.pyc
[1.591s] running install_data
[1.591s] running install_egg_info
[1.593s] removing '/home/rajneesh/droplet_runner_ws/install/droplet_state/lib/python3.10/site-packages/droplet_state-0.0.0-py3.10.egg-info' (and everything under it)
[1.593s] Copying ../../build/droplet_state/droplet_state.egg-info to /home/rajneesh/droplet_runner_ws/install/droplet_state/lib/python3.10/site-packages/droplet_state-0.0.0-py3.10.egg-info
[1.621s] running install_scripts
[1.644s] Installing data_collector script to /home/rajneesh/droplet_runner_ws/install/droplet_state/lib/droplet_state
[1.670s] Installing estimator script to /home/rajneesh/droplet_runner_ws/install/droplet_state/lib/droplet_state
[1.670s] Installing pid_controller script to /home/rajneesh/droplet_runner_ws/install/droplet_state/lib/droplet_state
[1.670s] Installing policy_runner script to /home/rajneesh/droplet_runner_ws/install/droplet_state/lib/droplet_state
[1.670s] writing list of installed files to '/home/rajneesh/droplet_runner_ws/build/droplet_state/install.log'
[1.703s] Invoked command in '/home/rajneesh/droplet_runner_ws/src/droplet_state' returned '0': CONDA_PROMPT_MODIFIER=(base) PYTHONPATH=/home/rajneesh/droplet_runner_ws/build/droplet_state/prefix_override:/usr/lib/python3/dist-packages/colcon_core/task/python/colcon_distutils_commands:/home/rajneesh/droplet_runner_ws/install/droplet_state/lib/python3.10/site-packages:${PYTHONPATH} /usr/bin/python3 -W ignore:setup.py install is deprecated -W ignore:easy_install command is deprecated setup.py egg_info --egg-base ../../build/droplet_state build --build-base /home/rajneesh/droplet_runner_ws/build/droplet_state/build install --record /home/rajneesh/droplet_runner_ws/build/droplet_state/install.log --single-version-externally-managed install_data
