[1.209s] DEBUG:colcon:Command line arguments: ['/usr/bin/colcon', 'build']
[1.209s] DEBUG:colcon:Parsed command line arguments: Namespace(log_base=None, log_level=None, verb_name='build', build_base='build', install_base='install', merge_install=False, symlink_install=False, test_result_base=None, continue_on_error=False, executor='parallel', parallel_workers=8, event_handlers=None, ignore_user_meta=False, metas=['./colcon.meta'], base_paths=['.'], packages_ignore=None, packages_ignore_regex=None, paths=None, packages_up_to=None, packages_up_to_regex=None, packages_above=None, packages_above_and_dependencies=None, packages_above_depth=None, packages_select_by_dep=None, packages_skip_by_dep=None, packages_skip_up_to=None, packages_select_build_failed=False, packages_skip_build_finished=False, packages_select_test_failures=False, packages_skip_test_passed=False, packages_select=None, packages_skip=None, packages_select_regex=None, packages_skip_regex=None, packages_start=None, packages_end=None, allow_overriding=[], cmake_args=None, cmake_target=None, cmake_target_skip_unavailable=False, cmake_clean_cache=False, cmake_clean_first=False, cmake_force_configure=False, ament_cmake_args=None, catkin_cmake_args=None, catkin_skip_building_tests=False, mixin_files=None, mixin=None, verb_parser=<colcon_mixin.mixin.mixin_argument.MixinArgumentDecorator object at 0x7b364693ab90>, verb_extension=<colcon_core.verb.build.BuildVerb object at 0x7b3646a53b80>, main=<bound method BuildVerb.main of <colcon_core.verb.build.BuildVerb object at 0x7b3646a53b80>>, mixin_verb=('build',))
[4.990s] Level 1:colcon.colcon_core.package_discovery:discover_packages(colcon_meta) check parameters
[4.991s] Level 1:colcon.colcon_core.package_discovery:discover_packages(recursive) check parameters
[4.991s] Level 1:colcon.colcon_core.package_discovery:discover_packages(ignore) check parameters
[4.991s] Level 1:colcon.colcon_core.package_discovery:discover_packages(path) check parameters
[4.991s] Level 1:colcon.colcon_core.package_discovery:discover_packages(colcon_meta) discover
[4.991s] Level 1:colcon.colcon_core.package_discovery:discover_packages(recursive) discover
[4.991s] INFO:colcon.colcon_core.package_discovery:Crawling recursively for packages in '/home/rajneesh/droplet_runner_ws'
[4.992s] Level 1:colcon.colcon_core.package_identification:_identify(.) by extensions ['ignore', 'ignore_ament_install']
[4.992s] Level 1:colcon.colcon_core.package_identification:_identify(.) by extension 'ignore'
[4.992s] Level 1:colcon.colcon_core.package_identification:_identify(.) by extension 'ignore_ament_install'
[4.993s] Level 1:colcon.colcon_core.package_identification:_identify(.) by extensions ['colcon_pkg']
[4.993s] Level 1:colcon.colcon_core.package_identification:_identify(.) by extension 'colcon_pkg'
[4.993s] Level 1:colcon.colcon_core.package_identification:_identify(.) by extensions ['colcon_meta']
[4.993s] Level 1:colcon.colcon_core.package_identification:_identify(.) by extension 'colcon_meta'
[4.994s] Level 1:colcon.colcon_core.package_identification:_identify(.) by extensions ['ros']
[4.994s] Level 1:colcon.colcon_core.package_identification:_identify(.) by extension 'ros'
[5.042s] Level 1:colcon.colcon_core.package_identification:_identify(.) by extensions ['cmake', 'python']
[5.043s] Level 1:colcon.colcon_core.package_identification:_identify(.) by extension 'cmake'
[5.043s] Level 1:colcon.colcon_core.package_identification:_identify(.) by extension 'python'
[5.043s] Level 1:colcon.colcon_core.package_identification:_identify(.) by extensions ['python_setup_py']
[5.043s] Level 1:colcon.colcon_core.package_identification:_identify(.) by extension 'python_setup_py'
[5.044s] Level 1:colcon.colcon_core.package_identification:_identify(action_logs) by extensions ['ignore', 'ignore_ament_install']
[5.044s] Level 1:colcon.colcon_core.package_identification:_identify(action_logs) by extension 'ignore'
[5.044s] Level 1:colcon.colcon_core.package_identification:_identify(action_logs) by extension 'ignore_ament_install'
[5.044s] Level 1:colcon.colcon_core.package_identification:_identify(action_logs) by extensions ['colcon_pkg']
[5.044s] Level 1:colcon.colcon_core.package_identification:_identify(action_logs) by extension 'colcon_pkg'
[5.045s] Level 1:colcon.colcon_core.package_identification:_identify(action_logs) by extensions ['colcon_meta']
[5.045s] Level 1:colcon.colcon_core.package_identification:_identify(action_logs) by extension 'colcon_meta'
[5.045s] Level 1:colcon.colcon_core.package_identification:_identify(action_logs) by extensions ['ros']
[5.045s] Level 1:colcon.colcon_core.package_identification:_identify(action_logs) by extension 'ros'
[5.045s] Level 1:colcon.colcon_core.package_identification:_identify(action_logs) by extensions ['cmake', 'python']
[5.046s] Level 1:colcon.colcon_core.package_identification:_identify(action_logs) by extension 'cmake'
[5.046s] Level 1:colcon.colcon_core.package_identification:_identify(action_logs) by extension 'python'
[5.046s] Level 1:colcon.colcon_core.package_identification:_identify(action_logs) by extensions ['python_setup_py']
[5.046s] Level 1:colcon.colcon_core.package_identification:_identify(action_logs) by extension 'python_setup_py'
[5.046s] Level 1:colcon.colcon_core.package_identification:_identify(action_logs/old videos) by extensions ['ignore', 'ignore_ament_install']
[5.047s] Level 1:colcon.colcon_core.package_identification:_identify(action_logs/old videos) by extension 'ignore'
[5.047s] Level 1:colcon.colcon_core.package_identification:_identify(action_logs/old videos) by extension 'ignore_ament_install'
[5.047s] Level 1:colcon.colcon_core.package_identification:_identify(action_logs/old videos) by extensions ['colcon_pkg']
[5.047s] Level 1:colcon.colcon_core.package_identification:_identify(action_logs/old videos) by extension 'colcon_pkg'
[5.047s] Level 1:colcon.colcon_core.package_identification:_identify(action_logs/old videos) by extensions ['colcon_meta']
[5.048s] Level 1:colcon.colcon_core.package_identification:_identify(action_logs/old videos) by extension 'colcon_meta'
[5.048s] Level 1:colcon.colcon_core.package_identification:_identify(action_logs/old videos) by extensions ['ros']
[5.048s] Level 1:colcon.colcon_core.package_identification:_identify(action_logs/old videos) by extension 'ros'
[5.048s] Level 1:colcon.colcon_core.package_identification:_identify(action_logs/old videos) by extensions ['cmake', 'python']
[5.048s] Level 1:colcon.colcon_core.package_identification:_identify(action_logs/old videos) by extension 'cmake'
[5.049s] Level 1:colcon.colcon_core.package_identification:_identify(action_logs/old videos) by extension 'python'
[5.049s] Level 1:colcon.colcon_core.package_identification:_identify(action_logs/old videos) by extensions ['python_setup_py']
[5.049s] Level 1:colcon.colcon_core.package_identification:_identify(action_logs/old videos) by extension 'python_setup_py'
[5.049s] Level 1:colcon.colcon_core.package_identification:_identify(build) by extensions ['ignore', 'ignore_ament_install']
[5.050s] Level 1:colcon.colcon_core.package_identification:_identify(build) by extension 'ignore'
[5.050s] Level 1:colcon.colcon_core.package_identification:_identify(build) ignored
[5.050s] Level 1:colcon.colcon_core.package_identification:_identify(episode for outL) by extensions ['ignore', 'ignore_ament_install']
[5.050s] Level 1:colcon.colcon_core.package_identification:_identify(episode for outL) by extension 'ignore'
[5.050s] Level 1:colcon.colcon_core.package_identification:_identify(episode for outL) by extension 'ignore_ament_install'
[5.051s] Level 1:colcon.colcon_core.package_identification:_identify(episode for outL) by extensions ['colcon_pkg']
[5.051s] Level 1:colcon.colcon_core.package_identification:_identify(episode for outL) by extension 'colcon_pkg'
[5.051s] Level 1:colcon.colcon_core.package_identification:_identify(episode for outL) by extensions ['colcon_meta']
[5.051s] Level 1:colcon.colcon_core.package_identification:_identify(episode for outL) by extension 'colcon_meta'
[5.051s] Level 1:colcon.colcon_core.package_identification:_identify(episode for outL) by extensions ['ros']
[5.051s] Level 1:colcon.colcon_core.package_identification:_identify(episode for outL) by extension 'ros'
[5.051s] Level 1:colcon.colcon_core.package_identification:_identify(episode for outL) by extensions ['cmake', 'python']
[5.051s] Level 1:colcon.colcon_core.package_identification:_identify(episode for outL) by extension 'cmake'
[5.052s] Level 1:colcon.colcon_core.package_identification:_identify(episode for outL) by extension 'python'
[5.052s] Level 1:colcon.colcon_core.package_identification:_identify(episode for outL) by extensions ['python_setup_py']
[5.052s] Level 1:colcon.colcon_core.package_identification:_identify(episode for outL) by extension 'python_setup_py'
[5.052s] Level 1:colcon.colcon_core.package_identification:_identify(episode for outL/episodes after 100) by extensions ['ignore', 'ignore_ament_install']
[5.052s] Level 1:colcon.colcon_core.package_identification:_identify(episode for outL/episodes after 100) by extension 'ignore'
[5.052s] Level 1:colcon.colcon_core.package_identification:_identify(episode for outL/episodes after 100) by extension 'ignore_ament_install'
[5.053s] Level 1:colcon.colcon_core.package_identification:_identify(episode for outL/episodes after 100) by extensions ['colcon_pkg']
[5.053s] Level 1:colcon.colcon_core.package_identification:_identify(episode for outL/episodes after 100) by extension 'colcon_pkg'
[5.053s] Level 1:colcon.colcon_core.package_identification:_identify(episode for outL/episodes after 100) by extensions ['colcon_meta']
[5.053s] Level 1:colcon.colcon_core.package_identification:_identify(episode for outL/episodes after 100) by extension 'colcon_meta'
[5.053s] Level 1:colcon.colcon_core.package_identification:_identify(episode for outL/episodes after 100) by extensions ['ros']
[5.053s] Level 1:colcon.colcon_core.package_identification:_identify(episode for outL/episodes after 100) by extension 'ros'
[5.054s] Level 1:colcon.colcon_core.package_identification:_identify(episode for outL/episodes after 100) by extensions ['cmake', 'python']
[5.054s] Level 1:colcon.colcon_core.package_identification:_identify(episode for outL/episodes after 100) by extension 'cmake'
[5.054s] Level 1:colcon.colcon_core.package_identification:_identify(episode for outL/episodes after 100) by extension 'python'
[5.054s] Level 1:colcon.colcon_core.package_identification:_identify(episode for outL/episodes after 100) by extensions ['python_setup_py']
[5.054s] Level 1:colcon.colcon_core.package_identification:_identify(episode for outL/episodes after 100) by extension 'python_setup_py'
[5.055s] Level 1:colcon.colcon_core.package_identification:_identify(episode for outL/episodes after 50) by extensions ['ignore', 'ignore_ament_install']
[5.055s] Level 1:colcon.colcon_core.package_identification:_identify(episode for outL/episodes after 50) by extension 'ignore'
[5.055s] Level 1:colcon.colcon_core.package_identification:_identify(episode for outL/episodes after 50) by extension 'ignore_ament_install'
[5.055s] Level 1:colcon.colcon_core.package_identification:_identify(episode for outL/episodes after 50) by extensions ['colcon_pkg']
[5.056s] Level 1:colcon.colcon_core.package_identification:_identify(episode for outL/episodes after 50) by extension 'colcon_pkg'
[5.056s] Level 1:colcon.colcon_core.package_identification:_identify(episode for outL/episodes after 50) by extensions ['colcon_meta']
[5.056s] Level 1:colcon.colcon_core.package_identification:_identify(episode for outL/episodes after 50) by extension 'colcon_meta'
[5.056s] Level 1:colcon.colcon_core.package_identification:_identify(episode for outL/episodes after 50) by extensions ['ros']
[5.056s] Level 1:colcon.colcon_core.package_identification:_identify(episode for outL/episodes after 50) by extension 'ros'
[5.056s] Level 1:colcon.colcon_core.package_identification:_identify(episode for outL/episodes after 50) by extensions ['cmake', 'python']
[5.056s] Level 1:colcon.colcon_core.package_identification:_identify(episode for outL/episodes after 50) by extension 'cmake'
[5.057s] Level 1:colcon.colcon_core.package_identification:_identify(episode for outL/episodes after 50) by extension 'python'
[5.057s] Level 1:colcon.colcon_core.package_identification:_identify(episode for outL/episodes after 50) by extensions ['python_setup_py']
[5.057s] Level 1:colcon.colcon_core.package_identification:_identify(episode for outL/episodes after 50) by extension 'python_setup_py'
[5.057s] Level 1:colcon.colcon_core.package_identification:_identify(episodes) by extensions ['ignore', 'ignore_ament_install']
[5.058s] Level 1:colcon.colcon_core.package_identification:_identify(episodes) by extension 'ignore'
[5.058s] Level 1:colcon.colcon_core.package_identification:_identify(episodes) by extension 'ignore_ament_install'
[5.058s] Level 1:colcon.colcon_core.package_identification:_identify(episodes) by extensions ['colcon_pkg']
[5.058s] Level 1:colcon.colcon_core.package_identification:_identify(episodes) by extension 'colcon_pkg'
[5.058s] Level 1:colcon.colcon_core.package_identification:_identify(episodes) by extensions ['colcon_meta']
[5.059s] Level 1:colcon.colcon_core.package_identification:_identify(episodes) by extension 'colcon_meta'
[5.059s] Level 1:colcon.colcon_core.package_identification:_identify(episodes) by extensions ['ros']
[5.059s] Level 1:colcon.colcon_core.package_identification:_identify(episodes) by extension 'ros'
[5.060s] Level 1:colcon.colcon_core.package_identification:_identify(episodes) by extensions ['cmake', 'python']
[5.060s] Level 1:colcon.colcon_core.package_identification:_identify(episodes) by extension 'cmake'
[5.060s] Level 1:colcon.colcon_core.package_identification:_identify(episodes) by extension 'python'
[5.060s] Level 1:colcon.colcon_core.package_identification:_identify(episodes) by extensions ['python_setup_py']
[5.061s] Level 1:colcon.colcon_core.package_identification:_identify(episodes) by extension 'python_setup_py'
[5.061s] Level 1:colcon.colcon_core.package_identification:_identify(episodes_Ishape) by extensions ['ignore', 'ignore_ament_install']
[5.062s] Level 1:colcon.colcon_core.package_identification:_identify(episodes_Ishape) by extension 'ignore'
[5.062s] Level 1:colcon.colcon_core.package_identification:_identify(episodes_Ishape) by extension 'ignore_ament_install'
[5.062s] Level 1:colcon.colcon_core.package_identification:_identify(episodes_Ishape) by extensions ['colcon_pkg']
[5.062s] Level 1:colcon.colcon_core.package_identification:_identify(episodes_Ishape) by extension 'colcon_pkg'
[5.063s] Level 1:colcon.colcon_core.package_identification:_identify(episodes_Ishape) by extensions ['colcon_meta']
[5.063s] Level 1:colcon.colcon_core.package_identification:_identify(episodes_Ishape) by extension 'colcon_meta'
[5.063s] Level 1:colcon.colcon_core.package_identification:_identify(episodes_Ishape) by extensions ['ros']
[5.063s] Level 1:colcon.colcon_core.package_identification:_identify(episodes_Ishape) by extension 'ros'
[5.063s] Level 1:colcon.colcon_core.package_identification:_identify(episodes_Ishape) by extensions ['cmake', 'python']
[5.063s] Level 1:colcon.colcon_core.package_identification:_identify(episodes_Ishape) by extension 'cmake'
[5.064s] Level 1:colcon.colcon_core.package_identification:_identify(episodes_Ishape) by extension 'python'
[5.064s] Level 1:colcon.colcon_core.package_identification:_identify(episodes_Ishape) by extensions ['python_setup_py']
[5.064s] Level 1:colcon.colcon_core.package_identification:_identify(episodes_Ishape) by extension 'python_setup_py'
[5.065s] Level 1:colcon.colcon_core.package_identification:_identify(episodes_Lshape) by extensions ['ignore', 'ignore_ament_install']
[5.065s] Level 1:colcon.colcon_core.package_identification:_identify(episodes_Lshape) by extension 'ignore'
[5.065s] Level 1:colcon.colcon_core.package_identification:_identify(episodes_Lshape) by extension 'ignore_ament_install'
[5.066s] Level 1:colcon.colcon_core.package_identification:_identify(episodes_Lshape) by extensions ['colcon_pkg']
[5.066s] Level 1:colcon.colcon_core.package_identification:_identify(episodes_Lshape) by extension 'colcon_pkg'
[5.066s] Level 1:colcon.colcon_core.package_identification:_identify(episodes_Lshape) by extensions ['colcon_meta']
[5.066s] Level 1:colcon.colcon_core.package_identification:_identify(episodes_Lshape) by extension 'colcon_meta'
[5.066s] Level 1:colcon.colcon_core.package_identification:_identify(episodes_Lshape) by extensions ['ros']
[5.066s] Level 1:colcon.colcon_core.package_identification:_identify(episodes_Lshape) by extension 'ros'
[5.067s] Level 1:colcon.colcon_core.package_identification:_identify(episodes_Lshape) by extensions ['cmake', 'python']
[5.067s] Level 1:colcon.colcon_core.package_identification:_identify(episodes_Lshape) by extension 'cmake'
[5.068s] Level 1:colcon.colcon_core.package_identification:_identify(episodes_Lshape) by extension 'python'
[5.068s] Level 1:colcon.colcon_core.package_identification:_identify(episodes_Lshape) by extensions ['python_setup_py']
[5.068s] Level 1:colcon.colcon_core.package_identification:_identify(episodes_Lshape) by extension 'python_setup_py'
[5.069s] Level 1:colcon.colcon_core.package_identification:_identify(install) by extensions ['ignore', 'ignore_ament_install']
[5.069s] Level 1:colcon.colcon_core.package_identification:_identify(install) by extension 'ignore'
[5.069s] Level 1:colcon.colcon_core.package_identification:_identify(install) ignored
[5.071s] Level 1:colcon.colcon_core.package_identification:_identify(log) by extensions ['ignore', 'ignore_ament_install']
[5.071s] Level 1:colcon.colcon_core.package_identification:_identify(log) by extension 'ignore'
[5.071s] Level 1:colcon.colcon_core.package_identification:_identify(log) ignored
[5.072s] Level 1:colcon.colcon_core.package_identification:_identify(mbrl_lshape_data) by extensions ['ignore', 'ignore_ament_install']
[5.073s] Level 1:colcon.colcon_core.package_identification:_identify(mbrl_lshape_data) by extension 'ignore'
[5.073s] Level 1:colcon.colcon_core.package_identification:_identify(mbrl_lshape_data) by extension 'ignore_ament_install'
[5.074s] Level 1:colcon.colcon_core.package_identification:_identify(mbrl_lshape_data) by extensions ['colcon_pkg']
[5.074s] Level 1:colcon.colcon_core.package_identification:_identify(mbrl_lshape_data) by extension 'colcon_pkg'
[5.074s] Level 1:colcon.colcon_core.package_identification:_identify(mbrl_lshape_data) by extensions ['colcon_meta']
[5.075s] Level 1:colcon.colcon_core.package_identification:_identify(mbrl_lshape_data) by extension 'colcon_meta'
[5.075s] Level 1:colcon.colcon_core.package_identification:_identify(mbrl_lshape_data) by extensions ['ros']
[5.075s] Level 1:colcon.colcon_core.package_identification:_identify(mbrl_lshape_data) by extension 'ros'
[5.075s] Level 1:colcon.colcon_core.package_identification:_identify(mbrl_lshape_data) by extensions ['cmake', 'python']
[5.076s] Level 1:colcon.colcon_core.package_identification:_identify(mbrl_lshape_data) by extension 'cmake'
[5.076s] Level 1:colcon.colcon_core.package_identification:_identify(mbrl_lshape_data) by extension 'python'
[5.076s] Level 1:colcon.colcon_core.package_identification:_identify(mbrl_lshape_data) by extensions ['python_setup_py']
[5.077s] Level 1:colcon.colcon_core.package_identification:_identify(mbrl_lshape_data) by extension 'python_setup_py'
[5.077s] Level 1:colcon.colcon_core.package_identification:_identify(pid_logs) by extensions ['ignore', 'ignore_ament_install']
[5.078s] Level 1:colcon.colcon_core.package_identification:_identify(pid_logs) by extension 'ignore'
[5.078s] Level 1:colcon.colcon_core.package_identification:_identify(pid_logs) by extension 'ignore_ament_install'
[5.078s] Level 1:colcon.colcon_core.package_identification:_identify(pid_logs) by extensions ['colcon_pkg']
[5.078s] Level 1:colcon.colcon_core.package_identification:_identify(pid_logs) by extension 'colcon_pkg'
[5.078s] Level 1:colcon.colcon_core.package_identification:_identify(pid_logs) by extensions ['colcon_meta']
[5.079s] Level 1:colcon.colcon_core.package_identification:_identify(pid_logs) by extension 'colcon_meta'
[5.079s] Level 1:colcon.colcon_core.package_identification:_identify(pid_logs) by extensions ['ros']
[5.079s] Level 1:colcon.colcon_core.package_identification:_identify(pid_logs) by extension 'ros'
[5.079s] Level 1:colcon.colcon_core.package_identification:_identify(pid_logs) by extensions ['cmake', 'python']
[5.080s] Level 1:colcon.colcon_core.package_identification:_identify(pid_logs) by extension 'cmake'
[5.080s] Level 1:colcon.colcon_core.package_identification:_identify(pid_logs) by extension 'python'
[5.080s] Level 1:colcon.colcon_core.package_identification:_identify(pid_logs) by extensions ['python_setup_py']
[5.081s] Level 1:colcon.colcon_core.package_identification:_identify(pid_logs) by extension 'python_setup_py'
[5.081s] Level 1:colcon.colcon_core.package_identification:_identify(pid_logs/old video) by extensions ['ignore', 'ignore_ament_install']
[5.081s] Level 1:colcon.colcon_core.package_identification:_identify(pid_logs/old video) by extension 'ignore'
[5.082s] Level 1:colcon.colcon_core.package_identification:_identify(pid_logs/old video) by extension 'ignore_ament_install'
[5.082s] Level 1:colcon.colcon_core.package_identification:_identify(pid_logs/old video) by extensions ['colcon_pkg']
[5.082s] Level 1:colcon.colcon_core.package_identification:_identify(pid_logs/old video) by extension 'colcon_pkg'
[5.082s] Level 1:colcon.colcon_core.package_identification:_identify(pid_logs/old video) by extensions ['colcon_meta']
[5.082s] Level 1:colcon.colcon_core.package_identification:_identify(pid_logs/old video) by extension 'colcon_meta'
[5.082s] Level 1:colcon.colcon_core.package_identification:_identify(pid_logs/old video) by extensions ['ros']
[5.083s] Level 1:colcon.colcon_core.package_identification:_identify(pid_logs/old video) by extension 'ros'
[5.083s] Level 1:colcon.colcon_core.package_identification:_identify(pid_logs/old video) by extensions ['cmake', 'python']
[5.083s] Level 1:colcon.colcon_core.package_identification:_identify(pid_logs/old video) by extension 'cmake'
[5.083s] Level 1:colcon.colcon_core.package_identification:_identify(pid_logs/old video) by extension 'python'
[5.084s] Level 1:colcon.colcon_core.package_identification:_identify(pid_logs/old video) by extensions ['python_setup_py']
[5.084s] Level 1:colcon.colcon_core.package_identification:_identify(pid_logs/old video) by extension 'python_setup_py'
[5.084s] Level 1:colcon.colcon_core.package_identification:_identify(policy) by extensions ['ignore', 'ignore_ament_install']
[5.085s] Level 1:colcon.colcon_core.package_identification:_identify(policy) by extension 'ignore'
[5.085s] Level 1:colcon.colcon_core.package_identification:_identify(policy) by extension 'ignore_ament_install'
[5.086s] Level 1:colcon.colcon_core.package_identification:_identify(policy) by extensions ['colcon_pkg']
[5.086s] Level 1:colcon.colcon_core.package_identification:_identify(policy) by extension 'colcon_pkg'
[5.086s] Level 1:colcon.colcon_core.package_identification:_identify(policy) by extensions ['colcon_meta']
[5.086s] Level 1:colcon.colcon_core.package_identification:_identify(policy) by extension 'colcon_meta'
[5.087s] Level 1:colcon.colcon_core.package_identification:_identify(policy) by extensions ['ros']
[5.087s] Level 1:colcon.colcon_core.package_identification:_identify(policy) by extension 'ros'
[5.088s] Level 1:colcon.colcon_core.package_identification:_identify(policy) by extensions ['cmake', 'python']
[5.088s] Level 1:colcon.colcon_core.package_identification:_identify(policy) by extension 'cmake'
[5.088s] Level 1:colcon.colcon_core.package_identification:_identify(policy) by extension 'python'
[5.089s] Level 1:colcon.colcon_core.package_identification:_identify(policy) by extensions ['python_setup_py']
[5.089s] Level 1:colcon.colcon_core.package_identification:_identify(policy) by extension 'python_setup_py'
[5.089s] Level 1:colcon.colcon_core.package_identification:_identify(policy/replay) by extensions ['ignore', 'ignore_ament_install']
[5.090s] Level 1:colcon.colcon_core.package_identification:_identify(policy/replay) by extension 'ignore'
[5.090s] Level 1:colcon.colcon_core.package_identification:_identify(policy/replay) by extension 'ignore_ament_install'
[5.090s] Level 1:colcon.colcon_core.package_identification:_identify(policy/replay) by extensions ['colcon_pkg']
[5.090s] Level 1:colcon.colcon_core.package_identification:_identify(policy/replay) by extension 'colcon_pkg'
[5.091s] Level 1:colcon.colcon_core.package_identification:_identify(policy/replay) by extensions ['colcon_meta']
[5.091s] Level 1:colcon.colcon_core.package_identification:_identify(policy/replay) by extension 'colcon_meta'
[5.091s] Level 1:colcon.colcon_core.package_identification:_identify(policy/replay) by extensions ['ros']
[5.091s] Level 1:colcon.colcon_core.package_identification:_identify(policy/replay) by extension 'ros'
[5.092s] Level 1:colcon.colcon_core.package_identification:_identify(policy/replay) by extensions ['cmake', 'python']
[5.092s] Level 1:colcon.colcon_core.package_identification:_identify(policy/replay) by extension 'cmake'
[5.093s] Level 1:colcon.colcon_core.package_identification:_identify(policy/replay) by extension 'python'
[5.093s] Level 1:colcon.colcon_core.package_identification:_identify(policy/replay) by extensions ['python_setup_py']
[5.093s] Level 1:colcon.colcon_core.package_identification:_identify(policy/replay) by extension 'python_setup_py'
[5.094s] Level 1:colcon.colcon_core.package_identification:_identify(src) by extensions ['ignore', 'ignore_ament_install']
[5.094s] Level 1:colcon.colcon_core.package_identification:_identify(src) by extension 'ignore'
[5.095s] Level 1:colcon.colcon_core.package_identification:_identify(src) by extension 'ignore_ament_install'
[5.095s] Level 1:colcon.colcon_core.package_identification:_identify(src) by extensions ['colcon_pkg']
[5.095s] Level 1:colcon.colcon_core.package_identification:_identify(src) by extension 'colcon_pkg'
[5.095s] Level 1:colcon.colcon_core.package_identification:_identify(src) by extensions ['colcon_meta']
[5.095s] Level 1:colcon.colcon_core.package_identification:_identify(src) by extension 'colcon_meta'
[5.096s] Level 1:colcon.colcon_core.package_identification:_identify(src) by extensions ['ros']
[5.096s] Level 1:colcon.colcon_core.package_identification:_identify(src) by extension 'ros'
[5.096s] Level 1:colcon.colcon_core.package_identification:_identify(src) by extensions ['cmake', 'python']
[5.096s] Level 1:colcon.colcon_core.package_identification:_identify(src) by extension 'cmake'
[5.097s] Level 1:colcon.colcon_core.package_identification:_identify(src) by extension 'python'
[5.097s] Level 1:colcon.colcon_core.package_identification:_identify(src) by extensions ['python_setup_py']
[5.097s] Level 1:colcon.colcon_core.package_identification:_identify(src) by extension 'python_setup_py'
[5.097s] Level 1:colcon.colcon_core.package_identification:_identify(src/droplet_camera) by extensions ['ignore', 'ignore_ament_install']
[5.098s] Level 1:colcon.colcon_core.package_identification:_identify(src/droplet_camera) by extension 'ignore'
[5.098s] Level 1:colcon.colcon_core.package_identification:_identify(src/droplet_camera) by extension 'ignore_ament_install'
[5.098s] Level 1:colcon.colcon_core.package_identification:_identify(src/droplet_camera) by extensions ['colcon_pkg']
[5.099s] Level 1:colcon.colcon_core.package_identification:_identify(src/droplet_camera) by extension 'colcon_pkg'
[5.099s] Level 1:colcon.colcon_core.package_identification:_identify(src/droplet_camera) by extensions ['colcon_meta']
[5.099s] Level 1:colcon.colcon_core.package_identification:_identify(src/droplet_camera) by extension 'colcon_meta'
[5.099s] Level 1:colcon.colcon_core.package_identification:_identify(src/droplet_camera) by extensions ['ros']
[5.099s] Level 1:colcon.colcon_core.package_identification:_identify(src/droplet_camera) by extension 'ros'
[5.139s] DEBUG:colcon.colcon_core.package_identification:Package 'src/droplet_camera' with type 'ros.ament_python' and name 'droplet_camera'
[5.139s] Level 1:colcon.colcon_core.package_identification:_identify(src/droplet_motor) by extensions ['ignore', 'ignore_ament_install']
[5.140s] Level 1:colcon.colcon_core.package_identification:_identify(src/droplet_motor) by extension 'ignore'
[5.140s] Level 1:colcon.colcon_core.package_identification:_identify(src/droplet_motor) by extension 'ignore_ament_install'
[5.140s] Level 1:colcon.colcon_core.package_identification:_identify(src/droplet_motor) by extensions ['colcon_pkg']
[5.141s] Level 1:colcon.colcon_core.package_identification:_identify(src/droplet_motor) by extension 'colcon_pkg'
[5.141s] Level 1:colcon.colcon_core.package_identification:_identify(src/droplet_motor) by extensions ['colcon_meta']
[5.141s] Level 1:colcon.colcon_core.package_identification:_identify(src/droplet_motor) by extension 'colcon_meta'
[5.141s] Level 1:colcon.colcon_core.package_identification:_identify(src/droplet_motor) by extensions ['ros']
[5.141s] Level 1:colcon.colcon_core.package_identification:_identify(src/droplet_motor) by extension 'ros'
[5.157s] DEBUG:colcon.colcon_core.package_identification:Package 'src/droplet_motor' with type 'ros.ament_python' and name 'droplet_motor'
[5.157s] Level 1:colcon.colcon_core.package_identification:_identify(src/droplet_state) by extensions ['ignore', 'ignore_ament_install']
[5.157s] Level 1:colcon.colcon_core.package_identification:_identify(src/droplet_state) by extension 'ignore'
[5.158s] Level 1:colcon.colcon_core.package_identification:_identify(src/droplet_state) by extension 'ignore_ament_install'
[5.158s] Level 1:colcon.colcon_core.package_identification:_identify(src/droplet_state) by extensions ['colcon_pkg']
[5.158s] Level 1:colcon.colcon_core.package_identification:_identify(src/droplet_state) by extension 'colcon_pkg'
[5.158s] Level 1:colcon.colcon_core.package_identification:_identify(src/droplet_state) by extensions ['colcon_meta']
[5.158s] Level 1:colcon.colcon_core.package_identification:_identify(src/droplet_state) by extension 'colcon_meta'
[5.158s] Level 1:colcon.colcon_core.package_identification:_identify(src/droplet_state) by extensions ['ros']
[5.158s] Level 1:colcon.colcon_core.package_identification:_identify(src/droplet_state) by extension 'ros'
[5.173s] DEBUG:colcon.colcon_core.package_identification:Package 'src/droplet_state' with type 'ros.ament_python' and name 'droplet_state'
[5.173s] Level 1:colcon.colcon_core.package_identification:_identify(vidoes) by extensions ['ignore', 'ignore_ament_install']
[5.173s] Level 1:colcon.colcon_core.package_identification:_identify(vidoes) by extension 'ignore'
[5.173s] Level 1:colcon.colcon_core.package_identification:_identify(vidoes) by extension 'ignore_ament_install'
[5.174s] Level 1:colcon.colcon_core.package_identification:_identify(vidoes) by extensions ['colcon_pkg']
[5.174s] Level 1:colcon.colcon_core.package_identification:_identify(vidoes) by extension 'colcon_pkg'
[5.174s] Level 1:colcon.colcon_core.package_identification:_identify(vidoes) by extensions ['colcon_meta']
[5.174s] Level 1:colcon.colcon_core.package_identification:_identify(vidoes) by extension 'colcon_meta'
[5.174s] Level 1:colcon.colcon_core.package_identification:_identify(vidoes) by extensions ['ros']
[5.174s] Level 1:colcon.colcon_core.package_identification:_identify(vidoes) by extension 'ros'
[5.175s] Level 1:colcon.colcon_core.package_identification:_identify(vidoes) by extensions ['cmake', 'python']
[5.175s] Level 1:colcon.colcon_core.package_identification:_identify(vidoes) by extension 'cmake'
[5.175s] Level 1:colcon.colcon_core.package_identification:_identify(vidoes) by extension 'python'
[5.175s] Level 1:colcon.colcon_core.package_identification:_identify(vidoes) by extensions ['python_setup_py']
[5.175s] Level 1:colcon.colcon_core.package_identification:_identify(vidoes) by extension 'python_setup_py'
[5.175s] Level 1:colcon.colcon_core.package_identification:_identify(vidoes/L shape) by extensions ['ignore', 'ignore_ament_install']
[5.176s] Level 1:colcon.colcon_core.package_identification:_identify(vidoes/L shape) by extension 'ignore'
[5.176s] Level 1:colcon.colcon_core.package_identification:_identify(vidoes/L shape) by extension 'ignore_ament_install'
[5.176s] Level 1:colcon.colcon_core.package_identification:_identify(vidoes/L shape) by extensions ['colcon_pkg']
[5.176s] Level 1:colcon.colcon_core.package_identification:_identify(vidoes/L shape) by extension 'colcon_pkg'
[5.176s] Level 1:colcon.colcon_core.package_identification:_identify(vidoes/L shape) by extensions ['colcon_meta']
[5.176s] Level 1:colcon.colcon_core.package_identification:_identify(vidoes/L shape) by extension 'colcon_meta'
[5.176s] Level 1:colcon.colcon_core.package_identification:_identify(vidoes/L shape) by extensions ['ros']
[5.177s] Level 1:colcon.colcon_core.package_identification:_identify(vidoes/L shape) by extension 'ros'
[5.177s] Level 1:colcon.colcon_core.package_identification:_identify(vidoes/L shape) by extensions ['cmake', 'python']
[5.177s] Level 1:colcon.colcon_core.package_identification:_identify(vidoes/L shape) by extension 'cmake'
[5.177s] Level 1:colcon.colcon_core.package_identification:_identify(vidoes/L shape) by extension 'python'
[5.177s] Level 1:colcon.colcon_core.package_identification:_identify(vidoes/L shape) by extensions ['python_setup_py']
[5.177s] Level 1:colcon.colcon_core.package_identification:_identify(vidoes/L shape) by extension 'python_setup_py'
[5.177s] Level 1:colcon.colcon_core.package_discovery:discover_packages(recursive) using defaults
[5.177s] Level 1:colcon.colcon_core.package_discovery:discover_packages(ignore) discover
[5.177s] Level 1:colcon.colcon_core.package_discovery:discover_packages(ignore) using defaults
[5.177s] Level 1:colcon.colcon_core.package_discovery:discover_packages(path) discover
[5.178s] Level 1:colcon.colcon_core.package_discovery:discover_packages(path) using defaults
[8.031s] Level 1:colcon.colcon_core.package_discovery:discover_packages(prefix_path) check parameters
[8.031s] Level 1:colcon.colcon_core.package_discovery:discover_packages(prefix_path) discover
[8.039s] DEBUG:colcon.colcon_installed_package_information.package_discovery:Found 3 installed packages in /home/rajneesh/droplet_runner_ws/install
[8.043s] DEBUG:colcon.colcon_installed_package_information.package_discovery:Found 284 installed packages in /opt/ros/humble
[8.046s] Level 1:colcon.colcon_core.package_discovery:discover_packages(prefix_path) using defaults
[8.231s] Level 5:colcon.colcon_core.verb:set package 'droplet_camera' build argument 'cmake_args' from command line to 'None'
[8.231s] Level 5:colcon.colcon_core.verb:set package 'droplet_camera' build argument 'cmake_target' from command line to 'None'
[8.232s] Level 5:colcon.colcon_core.verb:set package 'droplet_camera' build argument 'cmake_target_skip_unavailable' from command line to 'False'
[8.232s] Level 5:colcon.colcon_core.verb:set package 'droplet_camera' build argument 'cmake_clean_cache' from command line to 'False'
[8.232s] Level 5:colcon.colcon_core.verb:set package 'droplet_camera' build argument 'cmake_clean_first' from command line to 'False'
[8.232s] Level 5:colcon.colcon_core.verb:set package 'droplet_camera' build argument 'cmake_force_configure' from command line to 'False'
[8.232s] Level 5:colcon.colcon_core.verb:set package 'droplet_camera' build argument 'ament_cmake_args' from command line to 'None'
[8.232s] Level 5:colcon.colcon_core.verb:set package 'droplet_camera' build argument 'catkin_cmake_args' from command line to 'None'
[8.232s] Level 5:colcon.colcon_core.verb:set package 'droplet_camera' build argument 'catkin_skip_building_tests' from command line to 'False'
[8.232s] DEBUG:colcon.colcon_core.verb:Building package 'droplet_camera' with the following arguments: {'ament_cmake_args': None, 'build_base': '/home/rajneesh/droplet_runner_ws/build/droplet_camera', 'catkin_cmake_args': None, 'catkin_skip_building_tests': False, 'cmake_args': None, 'cmake_clean_cache': False, 'cmake_clean_first': False, 'cmake_force_configure': False, 'cmake_target': None, 'cmake_target_skip_unavailable': False, 'install_base': '/home/rajneesh/droplet_runner_ws/install/droplet_camera', 'merge_install': False, 'path': '/home/rajneesh/droplet_runner_ws/src/droplet_camera', 'symlink_install': False, 'test_result_base': None}
[8.234s] Level 5:colcon.colcon_core.verb:set package 'droplet_motor' build argument 'cmake_args' from command line to 'None'
[8.234s] Level 5:colcon.colcon_core.verb:set package 'droplet_motor' build argument 'cmake_target' from command line to 'None'
[8.234s] Level 5:colcon.colcon_core.verb:set package 'droplet_motor' build argument 'cmake_target_skip_unavailable' from command line to 'False'
[8.234s] Level 5:colcon.colcon_core.verb:set package 'droplet_motor' build argument 'cmake_clean_cache' from command line to 'False'
[8.234s] Level 5:colcon.colcon_core.verb:set package 'droplet_motor' build argument 'cmake_clean_first' from command line to 'False'
[8.234s] Level 5:colcon.colcon_core.verb:set package 'droplet_motor' build argument 'cmake_force_configure' from command line to 'False'
[8.235s] Level 5:colcon.colcon_core.verb:set package 'droplet_motor' build argument 'ament_cmake_args' from command line to 'None'
[8.235s] Level 5:colcon.colcon_core.verb:set package 'droplet_motor' build argument 'catkin_cmake_args' from command line to 'None'
[8.235s] Level 5:colcon.colcon_core.verb:set package 'droplet_motor' build argument 'catkin_skip_building_tests' from command line to 'False'
[8.235s] DEBUG:colcon.colcon_core.verb:Building package 'droplet_motor' with the following arguments: {'ament_cmake_args': None, 'build_base': '/home/rajneesh/droplet_runner_ws/build/droplet_motor', 'catkin_cmake_args': None, 'catkin_skip_building_tests': False, 'cmake_args': None, 'cmake_clean_cache': False, 'cmake_clean_first': False, 'cmake_force_configure': False, 'cmake_target': None, 'cmake_target_skip_unavailable': False, 'install_base': '/home/rajneesh/droplet_runner_ws/install/droplet_motor', 'merge_install': False, 'path': '/home/rajneesh/droplet_runner_ws/src/droplet_motor', 'symlink_install': False, 'test_result_base': None}
[8.236s] Level 5:colcon.colcon_core.verb:set package 'droplet_state' build argument 'cmake_args' from command line to 'None'
[8.237s] Level 5:colcon.colcon_core.verb:set package 'droplet_state' build argument 'cmake_target' from command line to 'None'
[8.237s] Level 5:colcon.colcon_core.verb:set package 'droplet_state' build argument 'cmake_target_skip_unavailable' from command line to 'False'
[8.237s] Level 5:colcon.colcon_core.verb:set package 'droplet_state' build argument 'cmake_clean_cache' from command line to 'False'
[8.237s] Level 5:colcon.colcon_core.verb:set package 'droplet_state' build argument 'cmake_clean_first' from command line to 'False'
[8.237s] Level 5:colcon.colcon_core.verb:set package 'droplet_state' build argument 'cmake_force_configure' from command line to 'False'
[8.237s] Level 5:colcon.colcon_core.verb:set package 'droplet_state' build argument 'ament_cmake_args' from command line to 'None'
[8.237s] Level 5:colcon.colcon_core.verb:set package 'droplet_state' build argument 'catkin_cmake_args' from command line to 'None'
[8.237s] Level 5:colcon.colcon_core.verb:set package 'droplet_state' build argument 'catkin_skip_building_tests' from command line to 'False'
[8.238s] DEBUG:colcon.colcon_core.verb:Building package 'droplet_state' with the following arguments: {'ament_cmake_args': None, 'build_base': '/home/rajneesh/droplet_runner_ws/build/droplet_state', 'catkin_cmake_args': None, 'catkin_skip_building_tests': False, 'cmake_args': None, 'cmake_clean_cache': False, 'cmake_clean_first': False, 'cmake_force_configure': False, 'cmake_target': None, 'cmake_target_skip_unavailable': False, 'install_base': '/home/rajneesh/droplet_runner_ws/install/droplet_state', 'merge_install': False, 'path': '/home/rajneesh/droplet_runner_ws/src/droplet_state', 'symlink_install': False, 'test_result_base': None}
[8.238s] INFO:colcon.colcon_core.executor:Executing jobs using 'parallel' executor
[8.241s] DEBUG:colcon.colcon_parallel_executor.executor.parallel:run_until_complete
[8.241s] INFO:colcon.colcon_ros.task.ament_python.build:Building ROS package in '/home/rajneesh/droplet_runner_ws/src/droplet_camera' with build type 'ament_python'
[8.241s] Level 1:colcon.colcon_core.shell:create_environment_hook('droplet_camera', 'ament_prefix_path')
[8.277s] INFO:colcon.colcon_core.plugin_system:Skipping extension 'colcon_core.shell.bat': Not used on non-Windows systems
[8.278s] INFO:colcon.colcon_core.shell:Creating environment hook '/home/rajneesh/droplet_runner_ws/install/droplet_camera/share/droplet_camera/hook/ament_prefix_path.ps1'
[8.309s] INFO:colcon.colcon_core.shell:Creating environment descriptor '/home/rajneesh/droplet_runner_ws/install/droplet_camera/share/droplet_camera/hook/ament_prefix_path.dsv'
[8.311s] INFO:colcon.colcon_core.shell:Creating environment hook '/home/rajneesh/droplet_runner_ws/install/droplet_camera/share/droplet_camera/hook/ament_prefix_path.sh'
[8.313s] INFO:colcon.colcon_core.shell:Skip shell extension 'powershell' for command environment: Not usable outside of PowerShell
[8.313s] DEBUG:colcon.colcon_core.shell:Skip shell extension 'dsv' for command environment
[8.335s] INFO:colcon.colcon_ros.task.ament_python.build:Building ROS package in '/home/rajneesh/droplet_runner_ws/src/droplet_motor' with build type 'ament_python'
[8.336s] Level 1:colcon.colcon_core.shell:create_environment_hook('droplet_motor', 'ament_prefix_path')
[8.337s] INFO:colcon.colcon_core.shell:Creating environment hook '/home/rajneesh/droplet_runner_ws/install/droplet_motor/share/droplet_motor/hook/ament_prefix_path.ps1'
[8.368s] INFO:colcon.colcon_core.shell:Creating environment descriptor '/home/rajneesh/droplet_runner_ws/install/droplet_motor/share/droplet_motor/hook/ament_prefix_path.dsv'
[8.370s] INFO:colcon.colcon_core.shell:Creating environment hook '/home/rajneesh/droplet_runner_ws/install/droplet_motor/share/droplet_motor/hook/ament_prefix_path.sh'
[8.371s] INFO:colcon.colcon_core.shell:Skip shell extension 'powershell' for command environment: Not usable outside of PowerShell
[8.371s] DEBUG:colcon.colcon_core.shell:Skip shell extension 'dsv' for command environment
[8.390s] INFO:colcon.colcon_ros.task.ament_python.build:Building ROS package in '/home/rajneesh/droplet_runner_ws/src/droplet_state' with build type 'ament_python'
[8.391s] Level 1:colcon.colcon_core.shell:create_environment_hook('droplet_state', 'ament_prefix_path')
[8.392s] INFO:colcon.colcon_core.shell:Creating environment hook '/home/rajneesh/droplet_runner_ws/install/droplet_state/share/droplet_state/hook/ament_prefix_path.ps1'
[8.414s] INFO:colcon.colcon_core.shell:Creating environment descriptor '/home/rajneesh/droplet_runner_ws/install/droplet_state/share/droplet_state/hook/ament_prefix_path.dsv'
[8.415s] INFO:colcon.colcon_core.shell:Creating environment hook '/home/rajneesh/droplet_runner_ws/install/droplet_state/share/droplet_state/hook/ament_prefix_path.sh'
[8.418s] INFO:colcon.colcon_core.shell:Skip shell extension 'powershell' for command environment: Not usable outside of PowerShell
[8.419s] DEBUG:colcon.colcon_core.shell:Skip shell extension 'dsv' for command environment
[9.699s] INFO:colcon.colcon_core.task.python.build:Building Python package in '/home/rajneesh/droplet_runner_ws/src/droplet_camera'
[9.700s] INFO:colcon.colcon_core.shell:Skip shell extension 'powershell' for command environment: Not usable outside of PowerShell
[9.700s] DEBUG:colcon.colcon_core.shell:Skip shell extension 'dsv' for command environment
[10.587s] INFO:colcon.colcon_core.task.python.build:Building Python package in '/home/rajneesh/droplet_runner_ws/src/droplet_motor'
[10.588s] INFO:colcon.colcon_core.shell:Skip shell extension 'powershell' for command environment: Not usable outside of PowerShell
[10.588s] DEBUG:colcon.colcon_core.shell:Skip shell extension 'dsv' for command environment
[11.844s] INFO:colcon.colcon_core.task.python.build:Building Python package in '/home/rajneesh/droplet_runner_ws/src/droplet_state'
[11.845s] INFO:colcon.colcon_core.shell:Skip shell extension 'powershell' for command environment: Not usable outside of PowerShell
[11.845s] DEBUG:colcon.colcon_core.shell:Skip shell extension 'dsv' for command environment
[15.022s] DEBUG:colcon.colcon_core.event_handler.log_command:Invoking command in '/home/rajneesh/droplet_runner_ws/src/droplet_state': CONDA_PROMPT_MODIFIER=(base) PYTHONPATH=/home/rajneesh/droplet_runner_ws/build/droplet_state/prefix_override:/usr/lib/python3/dist-packages/colcon_core/task/python/colcon_distutils_commands:/home/rajneesh/droplet_runner_ws/install/droplet_state/lib/python3.10/site-packages:${PYTHONPATH} /usr/bin/python3 -W ignore:setup.py install is deprecated -W ignore:easy_install command is deprecated setup.py egg_info --egg-base ../../build/droplet_state build --build-base /home/rajneesh/droplet_runner_ws/build/droplet_state/build install --record /home/rajneesh/droplet_runner_ws/build/droplet_state/install.log --single-version-externally-managed install_data
[15.071s] DEBUG:colcon.colcon_core.event_handler.log_command:Invoking command in '/home/rajneesh/droplet_runner_ws/build/droplet_motor': CONDA_PROMPT_MODIFIER=(base) PYTHONPATH=/home/rajneesh/droplet_runner_ws/build/droplet_motor/prefix_override:/usr/lib/python3/dist-packages/colcon_core/task/python/colcon_distutils_commands:/home/rajneesh/droplet_runner_ws/install/droplet_motor/lib/python3.10/site-packages:${PYTHONPATH} /usr/bin/python3 -W ignore:setup.py install is deprecated -W ignore:easy_install command is deprecated setup.py develop --uninstall --editable --build-directory /home/rajneesh/droplet_runner_ws/build/droplet_motor/build
[15.073s] DEBUG:colcon.colcon_core.event_handler.log_command:Invoking command in '/home/rajneesh/droplet_runner_ws/src/droplet_camera': CONDA_PROMPT_MODIFIER=(base) PYTHONPATH=/home/rajneesh/droplet_runner_ws/build/droplet_camera/prefix_override:/usr/lib/python3/dist-packages/colcon_core/task/python/colcon_distutils_commands:/home/rajneesh/droplet_runner_ws/install/droplet_camera/lib/python3.10/site-packages:${PYTHONPATH} /usr/bin/python3 -W ignore:setup.py install is deprecated -W ignore:easy_install command is deprecated setup.py egg_info --egg-base ../../build/droplet_camera build --build-base /home/rajneesh/droplet_runner_ws/build/droplet_camera/build install --record /home/rajneesh/droplet_runner_ws/build/droplet_camera/install.log --single-version-externally-managed install_data
[16.380s] DEBUG:colcon.colcon_core.event_handler.log_command:Invoked command in '/home/rajneesh/droplet_runner_ws/src/droplet_camera' returned '0': CONDA_PROMPT_MODIFIER=(base) PYTHONPATH=/home/rajneesh/droplet_runner_ws/build/droplet_camera/prefix_override:/usr/lib/python3/dist-packages/colcon_core/task/python/colcon_distutils_commands:/home/rajneesh/droplet_runner_ws/install/droplet_camera/lib/python3.10/site-packages:${PYTHONPATH} /usr/bin/python3 -W ignore:setup.py install is deprecated -W ignore:easy_install command is deprecated setup.py egg_info --egg-base ../../build/droplet_camera build --build-base /home/rajneesh/droplet_runner_ws/build/droplet_camera/build install --record /home/rajneesh/droplet_runner_ws/build/droplet_camera/install.log --single-version-externally-managed install_data
[16.880s] Level 1:colcon.colcon_core.environment:checking '/home/rajneesh/droplet_runner_ws/install/droplet_camera' for CMake module files
[16.883s] Level 1:colcon.colcon_core.environment:checking '/home/rajneesh/droplet_runner_ws/install/droplet_camera' for CMake config files
[16.886s] Level 1:colcon.colcon_core.environment:checking '/home/rajneesh/droplet_runner_ws/install/droplet_camera/lib'
[16.887s] Level 1:colcon.colcon_core.environment:checking '/home/rajneesh/droplet_runner_ws/install/droplet_camera/bin'
[16.887s] Level 1:colcon.colcon_core.environment:checking '/home/rajneesh/droplet_runner_ws/install/droplet_camera/lib/pkgconfig/droplet_camera.pc'
[16.888s] Level 1:colcon.colcon_core.environment:checking '/home/rajneesh/droplet_runner_ws/install/droplet_camera/lib/python3.10/site-packages'
[16.889s] Level 1:colcon.colcon_core.shell:create_environment_hook('droplet_camera', 'pythonpath')
[16.890s] INFO:colcon.colcon_core.shell:Creating environment hook '/home/rajneesh/droplet_runner_ws/install/droplet_camera/share/droplet_camera/hook/pythonpath.ps1'
[16.892s] INFO:colcon.colcon_core.shell:Creating environment descriptor '/home/rajneesh/droplet_runner_ws/install/droplet_camera/share/droplet_camera/hook/pythonpath.dsv'
[16.895s] INFO:colcon.colcon_core.shell:Creating environment hook '/home/rajneesh/droplet_runner_ws/install/droplet_camera/share/droplet_camera/hook/pythonpath.sh'
[16.901s] Level 1:colcon.colcon_core.environment:checking '/home/rajneesh/droplet_runner_ws/install/droplet_camera/bin'
[16.902s] Level 1:colcon.colcon_core.environment:create_environment_scripts_only(droplet_camera)
[16.905s] INFO:colcon.colcon_core.shell:Creating package script '/home/rajneesh/droplet_runner_ws/install/droplet_camera/share/droplet_camera/package.ps1'
[16.909s] INFO:colcon.colcon_core.shell:Creating package descriptor '/home/rajneesh/droplet_runner_ws/install/droplet_camera/share/droplet_camera/package.dsv'
[16.914s] INFO:colcon.colcon_core.shell:Creating package script '/home/rajneesh/droplet_runner_ws/install/droplet_camera/share/droplet_camera/package.sh'
[16.919s] INFO:colcon.colcon_core.shell:Creating package script '/home/rajneesh/droplet_runner_ws/install/droplet_camera/share/droplet_camera/package.bash'
[16.936s] INFO:colcon.colcon_core.shell:Creating package script '/home/rajneesh/droplet_runner_ws/install/droplet_camera/share/droplet_camera/package.zsh'
[16.947s] Level 1:colcon.colcon_core.environment:create_file_with_runtime_dependencies(/home/rajneesh/droplet_runner_ws/install/droplet_camera/share/colcon-core/packages/droplet_camera)
[16.954s] Level 1:colcon.colcon_core.environment:checking '/home/rajneesh/droplet_runner_ws/install/droplet_state' for CMake module files
[16.959s] Level 1:colcon.colcon_core.environment:checking '/home/rajneesh/droplet_runner_ws/install/droplet_state' for CMake config files
[16.963s] Level 1:colcon.colcon_core.environment:checking '/home/rajneesh/droplet_runner_ws/install/droplet_state/lib'
[16.964s] Level 1:colcon.colcon_core.environment:checking '/home/rajneesh/droplet_runner_ws/install/droplet_state/bin'
[16.964s] Level 1:colcon.colcon_core.environment:checking '/home/rajneesh/droplet_runner_ws/install/droplet_state/lib/pkgconfig/droplet_state.pc'
[16.968s] Level 1:colcon.colcon_core.environment:checking '/home/rajneesh/droplet_runner_ws/install/droplet_state/lib/python3.10/site-packages'
[16.968s] Level 1:colcon.colcon_core.shell:create_environment_hook('droplet_state', 'pythonpath')
[16.969s] INFO:colcon.colcon_core.shell:Creating environment hook '/home/rajneesh/droplet_runner_ws/install/droplet_state/share/droplet_state/hook/pythonpath.ps1'
[16.970s] INFO:colcon.colcon_core.shell:Creating environment descriptor '/home/rajneesh/droplet_runner_ws/install/droplet_state/share/droplet_state/hook/pythonpath.dsv'
[16.973s] INFO:colcon.colcon_core.shell:Creating environment hook '/home/rajneesh/droplet_runner_ws/install/droplet_state/share/droplet_state/hook/pythonpath.sh'
[16.975s] DEBUG:colcon.colcon_core.event_handler.log_command:Invoked command in '/home/rajneesh/droplet_runner_ws/src/droplet_state' returned '0': CONDA_PROMPT_MODIFIER=(base) PYTHONPATH=/home/rajneesh/droplet_runner_ws/build/droplet_state/prefix_override:/usr/lib/python3/dist-packages/colcon_core/task/python/colcon_distutils_commands:/home/rajneesh/droplet_runner_ws/install/droplet_state/lib/python3.10/site-packages:${PYTHONPATH} /usr/bin/python3 -W ignore:setup.py install is deprecated -W ignore:easy_install command is deprecated setup.py egg_info --egg-base ../../build/droplet_state build --build-base /home/rajneesh/droplet_runner_ws/build/droplet_state/build install --record /home/rajneesh/droplet_runner_ws/build/droplet_state/install.log --single-version-externally-managed install_data
[16.978s] Level 1:colcon.colcon_core.environment:checking '/home/rajneesh/droplet_runner_ws/install/droplet_state/bin'
[16.978s] Level 1:colcon.colcon_core.environment:create_environment_scripts_only(droplet_state)
[16.979s] INFO:colcon.colcon_core.shell:Creating package script '/home/rajneesh/droplet_runner_ws/install/droplet_state/share/droplet_state/package.ps1'
[16.981s] INFO:colcon.colcon_core.shell:Creating package descriptor '/home/rajneesh/droplet_runner_ws/install/droplet_state/share/droplet_state/package.dsv'
[16.982s] INFO:colcon.colcon_core.shell:Creating package script '/home/rajneesh/droplet_runner_ws/install/droplet_state/share/droplet_state/package.sh'
[16.984s] INFO:colcon.colcon_core.shell:Creating package script '/home/rajneesh/droplet_runner_ws/install/droplet_state/share/droplet_state/package.bash'
[16.985s] INFO:colcon.colcon_core.shell:Creating package script '/home/rajneesh/droplet_runner_ws/install/droplet_state/share/droplet_state/package.zsh'
[16.986s] Level 1:colcon.colcon_core.environment:create_file_with_runtime_dependencies(/home/rajneesh/droplet_runner_ws/install/droplet_state/share/colcon-core/packages/droplet_state)
[17.137s] DEBUG:colcon.colcon_core.event_handler.log_command:Invoked command in '/home/rajneesh/droplet_runner_ws/build/droplet_motor' returned '0': CONDA_PROMPT_MODIFIER=(base) PYTHONPATH=/home/rajneesh/droplet_runner_ws/build/droplet_motor/prefix_override:/usr/lib/python3/dist-packages/colcon_core/task/python/colcon_distutils_commands:/home/rajneesh/droplet_runner_ws/install/droplet_motor/lib/python3.10/site-packages:${PYTHONPATH} /usr/bin/python3 -W ignore:setup.py install is deprecated -W ignore:easy_install command is deprecated setup.py develop --uninstall --editable --build-directory /home/rajneesh/droplet_runner_ws/build/droplet_motor/build
[17.140s] DEBUG:colcon.colcon_core.event_handler.log_command:Invoking command in '/home/rajneesh/droplet_runner_ws/src/droplet_motor': CONDA_PROMPT_MODIFIER=(base) PYTHONPATH=/home/rajneesh/droplet_runner_ws/build/droplet_motor/prefix_override:/usr/lib/python3/dist-packages/colcon_core/task/python/colcon_distutils_commands:/home/rajneesh/droplet_runner_ws/install/droplet_motor/lib/python3.10/site-packages:${PYTHONPATH} /usr/bin/python3 -W ignore:setup.py install is deprecated -W ignore:easy_install command is deprecated setup.py egg_info --egg-base ../../build/droplet_motor build --build-base /home/rajneesh/droplet_runner_ws/build/droplet_motor/build install --record /home/rajneesh/droplet_runner_ws/build/droplet_motor/install.log --single-version-externally-managed install_data --force
[18.486s] Level 1:colcon.colcon_core.environment:checking '/home/rajneesh/droplet_runner_ws/install/droplet_motor' for CMake module files
[18.488s] DEBUG:colcon.colcon_core.event_handler.log_command:Invoked command in '/home/rajneesh/droplet_runner_ws/src/droplet_motor' returned '0': CONDA_PROMPT_MODIFIER=(base) PYTHONPATH=/home/rajneesh/droplet_runner_ws/build/droplet_motor/prefix_override:/usr/lib/python3/dist-packages/colcon_core/task/python/colcon_distutils_commands:/home/rajneesh/droplet_runner_ws/install/droplet_motor/lib/python3.10/site-packages:${PYTHONPATH} /usr/bin/python3 -W ignore:setup.py install is deprecated -W ignore:easy_install command is deprecated setup.py egg_info --egg-base ../../build/droplet_motor build --build-base /home/rajneesh/droplet_runner_ws/build/droplet_motor/build install --record /home/rajneesh/droplet_runner_ws/build/droplet_motor/install.log --single-version-externally-managed install_data --force
[18.489s] Level 1:colcon.colcon_core.environment:checking '/home/rajneesh/droplet_runner_ws/install/droplet_motor' for CMake config files
[18.491s] Level 1:colcon.colcon_core.environment:checking '/home/rajneesh/droplet_runner_ws/install/droplet_motor/lib'
[18.491s] Level 1:colcon.colcon_core.environment:checking '/home/rajneesh/droplet_runner_ws/install/droplet_motor/bin'
[18.491s] Level 1:colcon.colcon_core.environment:checking '/home/rajneesh/droplet_runner_ws/install/droplet_motor/lib/pkgconfig/droplet_motor.pc'
[18.492s] Level 1:colcon.colcon_core.environment:checking '/home/rajneesh/droplet_runner_ws/install/droplet_motor/lib/python3.10/site-packages'
[18.493s] Level 1:colcon.colcon_core.shell:create_environment_hook('droplet_motor', 'pythonpath')
[18.493s] INFO:colcon.colcon_core.shell:Creating environment hook '/home/rajneesh/droplet_runner_ws/install/droplet_motor/share/droplet_motor/hook/pythonpath.ps1'
[18.510s] INFO:colcon.colcon_core.shell:Creating environment descriptor '/home/rajneesh/droplet_runner_ws/install/droplet_motor/share/droplet_motor/hook/pythonpath.dsv'
[18.511s] INFO:colcon.colcon_core.shell:Creating environment hook '/home/rajneesh/droplet_runner_ws/install/droplet_motor/share/droplet_motor/hook/pythonpath.sh'
[18.514s] Level 1:colcon.colcon_core.environment:checking '/home/rajneesh/droplet_runner_ws/install/droplet_motor/bin'
[18.514s] Level 1:colcon.colcon_core.environment:create_environment_scripts_only(droplet_motor)
[18.515s] INFO:colcon.colcon_core.shell:Creating package script '/home/rajneesh/droplet_runner_ws/install/droplet_motor/share/droplet_motor/package.ps1'
[18.517s] INFO:colcon.colcon_core.shell:Creating package descriptor '/home/rajneesh/droplet_runner_ws/install/droplet_motor/share/droplet_motor/package.dsv'
[18.518s] INFO:colcon.colcon_core.shell:Creating package script '/home/rajneesh/droplet_runner_ws/install/droplet_motor/share/droplet_motor/package.sh'
[18.520s] INFO:colcon.colcon_core.shell:Creating package script '/home/rajneesh/droplet_runner_ws/install/droplet_motor/share/droplet_motor/package.bash'
[18.521s] INFO:colcon.colcon_core.shell:Creating package script '/home/rajneesh/droplet_runner_ws/install/droplet_motor/share/droplet_motor/package.zsh'
[18.522s] Level 1:colcon.colcon_core.environment:create_file_with_runtime_dependencies(/home/rajneesh/droplet_runner_ws/install/droplet_motor/share/colcon-core/packages/droplet_motor)
[18.523s] DEBUG:colcon.colcon_parallel_executor.executor.parallel:closing loop
[18.524s] DEBUG:colcon.colcon_parallel_executor.executor.parallel:loop closed
[18.524s] DEBUG:colcon.colcon_parallel_executor.executor.parallel:run_until_complete finished with '0'
[18.524s] DEBUG:colcon.colcon_core.event_reactor:joining thread
[18.565s] INFO:colcon.colcon_core.plugin_system:Skipping extension 'colcon_notification.desktop_notification.terminal_notifier': Not used on non-Darwin systems
[18.566s] INFO:colcon.colcon_core.plugin_system:Skipping extension 'colcon_notification.desktop_notification.win32': Not used on non-Windows systems
[18.566s] INFO:colcon.colcon_notification.desktop_notification:Sending desktop notification using 'notify2'
[19.720s] DEBUG:colcon.colcon_core.event_reactor:joined thread
[19.721s] INFO:colcon.colcon_core.shell:Creating prefix script '/home/rajneesh/droplet_runner_ws/install/local_setup.ps1'
[19.763s] INFO:colcon.colcon_core.shell:Creating prefix util module '/home/rajneesh/droplet_runner_ws/install/_local_setup_util_ps1.py'
[19.789s] INFO:colcon.colcon_core.shell:Creating prefix chain script '/home/rajneesh/droplet_runner_ws/install/setup.ps1'
[19.809s] INFO:colcon.colcon_core.shell:Creating prefix script '/home/rajneesh/droplet_runner_ws/install/local_setup.sh'
[19.828s] INFO:colcon.colcon_core.shell:Creating prefix util module '/home/rajneesh/droplet_runner_ws/install/_local_setup_util_sh.py'
[19.832s] INFO:colcon.colcon_core.shell:Creating prefix chain script '/home/rajneesh/droplet_runner_ws/install/setup.sh'
[19.851s] INFO:colcon.colcon_core.shell:Creating prefix script '/home/rajneesh/droplet_runner_ws/install/local_setup.bash'
[19.877s] INFO:colcon.colcon_core.shell:Creating prefix chain script '/home/rajneesh/droplet_runner_ws/install/setup.bash'
[19.889s] INFO:colcon.colcon_core.shell:Creating prefix script '/home/rajneesh/droplet_runner_ws/install/local_setup.zsh'
[19.893s] INFO:colcon.colcon_core.shell:Creating prefix chain script '/home/rajneesh/droplet_runner_ws/install/setup.zsh'
